use k-fold index: 0

Done Loading data

number of steps for training data: 221

number of steps for valid data: 67

number of steps for test data: 67

Done initialize tokenizer

trainable params: 39950470 || all params: 652949531 || trainable%: 6.118462163349038

Done initialize model

preparing optimizer is done

number of train steps per epoch: 221

Start training...

Fold 0 Epoch 1 train...
-------------------------------

0 loss: 0.742844  [   16/ 3543]

0 class loss: 0.026852 position_loss:0.742844

30 loss: 0.742443  [  496/ 3543]

30 class loss: 0.111559 position_loss:0.742443

60 loss: 0.728090  [  976/ 3543]

60 class loss: 0.019289 position_loss:0.728090

90 loss: 0.732584  [ 1456/ 3543]

90 class loss: 0.160229 position_loss:0.732584

120 loss: 0.725315  [ 1936/ 3543]

120 class loss: 0.120802 position_loss:0.725315

150 loss: 0.708691  [ 2416/ 3543]

150 class loss: 0.079220 position_loss:0.708691

180 loss: 0.701691  [ 2896/ 3543]

180 class loss: 0.094312 position_loss:0.701691

210 loss: 0.697769  [ 3376/ 3543]

210 class loss: 0.196110 position_loss:0.697769

Epoch 1: train loss: 0.720441

Fold 0 Epoch 1 validation...
-------------------------------

number of test steps per epoch: 67

Epoch 1: valid loss:0.695198

Epoch 1: valid_class_loss:0.059038	valid_position_loss:0.695198

Epoch 1: valid loss 0.6951984113665153 smaller than best loss inf
-------------------------------

Epoch 1: A better checkpoint is saved into /mnt/pixstor/data/yz3qt/MUTargetCLEAN0513/result_0608/2024-06-09__00-04-45/checkpoints/best_model.pth 
-------------------------------

Epoch 1: valid position loss 0.6951984113665153 smaller than best position loss inf
-------------------------------

Epoch 1: A better checkpoint is saved into /mnt/pixstor/data/yz3qt/MUTargetCLEAN0513/result_0608/2024-06-09__00-04-45/checkpoints/best_position_model.pth 
-------------------------------

Fold 0 Epoch 2 train...
-------------------------------

221 loss: 0.684931  [   16/ 3543]

221 class loss: 0.050652 position_loss:0.684931

251 loss: 0.661932  [  496/ 3543]

251 class loss: 0.014680 position_loss:0.661932

281 loss: 0.644316  [  976/ 3543]

281 class loss: 0.151772 position_loss:0.644316

311 loss: 0.615285  [ 1456/ 3543]

311 class loss: 0.129385 position_loss:0.615285

341 loss: 0.601311  [ 1936/ 3543]

341 class loss: 0.079983 position_loss:0.601311

371 loss: 0.537717  [ 2416/ 3543]

371 class loss: 0.077565 position_loss:0.537717

401 loss: 0.514469  [ 2896/ 3543]

401 class loss: 0.043727 position_loss:0.514469

431 loss: 0.461720  [ 3376/ 3543]

431 class loss: 0.061828 position_loss:0.461720

Epoch 2: train loss: 0.585649

Fold 0 Epoch 2 validation...
-------------------------------

number of test steps per epoch: 67

Epoch 2: valid loss:0.465021

Epoch 2: valid_class_loss:0.046177	valid_position_loss:0.465021

Epoch 2: valid loss 0.4650210365987685 smaller than best loss 0.6951984113665153
-------------------------------

Epoch 2: A better checkpoint is saved into /mnt/pixstor/data/yz3qt/MUTargetCLEAN0513/result_0608/2024-06-09__00-04-45/checkpoints/best_model.pth 
-------------------------------

Epoch 2: valid position loss 0.4650210365987685 smaller than best position loss 0.6951984113665153
-------------------------------

Epoch 2: A better checkpoint is saved into /mnt/pixstor/data/yz3qt/MUTargetCLEAN0513/result_0608/2024-06-09__00-04-45/checkpoints/best_position_model.pth 
-------------------------------

Fold 0 Epoch 3 train...
-------------------------------

442 loss: 0.451873  [   16/ 3543]

442 class loss: 0.104859 position_loss:0.451873

472 loss: 0.416005  [  496/ 3543]

472 class loss: 0.058364 position_loss:0.416005

502 loss: 0.374786  [  976/ 3543]

502 class loss: 0.076875 position_loss:0.374786

532 loss: 0.330090  [ 1456/ 3543]

532 class loss: 0.041882 position_loss:0.330090

562 loss: 0.295601  [ 1936/ 3543]

562 class loss: 0.113289 position_loss:0.295601

592 loss: 0.273235  [ 2416/ 3543]

592 class loss: 0.025813 position_loss:0.273235

622 loss: 0.232162  [ 2896/ 3543]

622 class loss: 0.076388 position_loss:0.232162

652 loss: 0.188021  [ 3376/ 3543]

652 class loss: 0.131929 position_loss:0.188021

Epoch 3: train loss: 0.309233

Fold 0 Epoch 3 validation...
-------------------------------

number of test steps per epoch: 67

Epoch 3: valid loss:0.183910

Epoch 3: valid_class_loss:0.036937	valid_position_loss:0.183910

Epoch 3: valid loss 0.18391018571153747 smaller than best loss 0.4650210365987685
-------------------------------

Epoch 3: A better checkpoint is saved into /mnt/pixstor/data/yz3qt/MUTargetCLEAN0513/result_0608/2024-06-09__00-04-45/checkpoints/best_model.pth 
-------------------------------

Epoch 3: valid position loss 0.18391018571153747 smaller than best position loss 0.4650210365987685
-------------------------------

Epoch 3: A better checkpoint is saved into /mnt/pixstor/data/yz3qt/MUTargetCLEAN0513/result_0608/2024-06-09__00-04-45/checkpoints/best_position_model.pth 
-------------------------------

Fold 0 Epoch 4 train...
-------------------------------

663 loss: 0.173771  [   16/ 3543]

663 class loss: 0.080001 position_loss:0.173771

693 loss: 0.196256  [  496/ 3543]

693 class loss: 0.061586 position_loss:0.196256

723 loss: 0.147847  [  976/ 3543]

723 class loss: 0.081806 position_loss:0.147847

753 loss: 0.135489  [ 1456/ 3543]

753 class loss: 0.118818 position_loss:0.135489

783 loss: 0.112255  [ 1936/ 3543]

783 class loss: 0.022858 position_loss:0.112255

813 loss: 0.100856  [ 2416/ 3543]

813 class loss: 0.053006 position_loss:0.100856

843 loss: 0.106780  [ 2896/ 3543]

843 class loss: 0.112181 position_loss:0.106780

873 loss: 0.105902  [ 3376/ 3543]

873 class loss: 0.075791 position_loss:0.105902

Epoch 4: train loss: 0.138766

Fold 0 Epoch 4 validation...
-------------------------------

number of test steps per epoch: 67

Epoch 4: valid loss:0.115751

Epoch 4: valid_class_loss:0.033267	valid_position_loss:0.115751

Epoch 4: valid loss 0.11575103394976327 smaller than best loss 0.18391018571153747
-------------------------------

Epoch 4: A better checkpoint is saved into /mnt/pixstor/data/yz3qt/MUTargetCLEAN0513/result_0608/2024-06-09__00-04-45/checkpoints/best_model.pth 
-------------------------------

Epoch 4: valid position loss 0.11575103394976327 smaller than best position loss 0.18391018571153747
-------------------------------

Epoch 4: A better checkpoint is saved into /mnt/pixstor/data/yz3qt/MUTargetCLEAN0513/result_0608/2024-06-09__00-04-45/checkpoints/best_position_model.pth 
-------------------------------

Fold 0 Epoch 5 train...
-------------------------------

884 loss: 0.116181  [   16/ 3543]

884 class loss: 0.090874 position_loss:0.116181

914 loss: 0.079989  [  496/ 3543]

914 class loss: 0.049924 position_loss:0.079989

944 loss: 0.100124  [  976/ 3543]

944 class loss: 0.068033 position_loss:0.100124

974 loss: 0.095261  [ 1456/ 3543]

974 class loss: 0.038414 position_loss:0.095261

1004 loss: 0.080209  [ 1936/ 3543]

1004 class loss: 0.047068 position_loss:0.080209

1034 loss: 0.112143  [ 2416/ 3543]

1034 class loss: 0.023123 position_loss:0.112143

1064 loss: 0.082860  [ 2896/ 3543]

1064 class loss: 0.097065 position_loss:0.082860

1094 loss: 0.078135  [ 3376/ 3543]

1094 class loss: 0.038465 position_loss:0.078135

Epoch 5: train loss: 0.095075

Fold 0 Epoch 5 validation...
-------------------------------

number of test steps per epoch: 67

Epoch 5: valid loss:0.080855

Epoch 5: valid_class_loss:0.031123	valid_position_loss:0.080855

Epoch 5: valid loss 0.08085470310749163 smaller than best loss 0.11575103394976327
-------------------------------

Epoch 5: A better checkpoint is saved into /mnt/pixstor/data/yz3qt/MUTargetCLEAN0513/result_0608/2024-06-09__00-04-45/checkpoints/best_model.pth 
-------------------------------

Epoch 5: valid position loss 0.08085470310749163 smaller than best position loss 0.11575103394976327
-------------------------------

Epoch 5: A better checkpoint is saved into /mnt/pixstor/data/yz3qt/MUTargetCLEAN0513/result_0608/2024-06-09__00-04-45/checkpoints/best_position_model.pth 
-------------------------------

Fold 0 Epoch 6 train...
-------------------------------

1105 loss: 0.056919  [   16/ 3543]

1105 class loss: 0.088894 position_loss:0.056919

1135 loss: 0.075264  [  496/ 3543]

1135 class loss: 0.059040 position_loss:0.075264

1165 loss: 0.089879  [  976/ 3543]

1165 class loss: 0.007161 position_loss:0.089879

1195 loss: 0.055476  [ 1456/ 3543]

1195 class loss: 0.033076 position_loss:0.055476

1225 loss: 0.047208  [ 1936/ 3543]

1225 class loss: 0.056112 position_loss:0.047208

1255 loss: 0.073964  [ 2416/ 3543]

1255 class loss: 0.092048 position_loss:0.073964

1285 loss: 0.045422  [ 2896/ 3543]

1285 class loss: 0.135091 position_loss:0.045422

1315 loss: 0.064725  [ 3376/ 3543]

1315 class loss: 0.090788 position_loss:0.064725

Epoch 6: train loss: 0.067901

Fold 0 Epoch 6 validation...
-------------------------------

number of test steps per epoch: 67

Epoch 6: valid loss:0.063244

Epoch 6: valid_class_loss:0.039472	valid_position_loss:0.063244

Epoch 6: valid loss 0.06324405335392354 smaller than best loss 0.08085470310749163
-------------------------------

Epoch 6: A better checkpoint is saved into /mnt/pixstor/data/yz3qt/MUTargetCLEAN0513/result_0608/2024-06-09__00-04-45/checkpoints/best_model.pth 
-------------------------------

Epoch 6: valid position loss 0.06324405335392354 smaller than best position loss 0.08085470310749163
-------------------------------

Epoch 6: A better checkpoint is saved into /mnt/pixstor/data/yz3qt/MUTargetCLEAN0513/result_0608/2024-06-09__00-04-45/checkpoints/best_position_model.pth 
-------------------------------

Fold 0 Epoch 7 train...
-------------------------------

1326 loss: 0.052760  [   16/ 3543]

1326 class loss: 0.121041 position_loss:0.052760

1356 loss: 0.069382  [  496/ 3543]

1356 class loss: 0.079122 position_loss:0.069382

1386 loss: 0.043176  [  976/ 3543]

1386 class loss: 0.051148 position_loss:0.043176

1416 loss: 0.036491  [ 1456/ 3543]

1416 class loss: 0.095476 position_loss:0.036491

1446 loss: 0.039375  [ 1936/ 3543]

1446 class loss: 0.054089 position_loss:0.039375

1476 loss: 0.038512  [ 2416/ 3543]

1476 class loss: 0.023867 position_loss:0.038512

1506 loss: 0.031357  [ 2896/ 3543]

1506 class loss: 0.040571 position_loss:0.031357

1536 loss: 0.052841  [ 3376/ 3543]

1536 class loss: 0.033635 position_loss:0.052841

Epoch 7: train loss: 0.050813

Fold 0 Epoch 7 validation...
-------------------------------

number of test steps per epoch: 67

Epoch 7: valid loss:0.049533

Epoch 7: valid_class_loss:0.041949	valid_position_loss:0.049533

Epoch 7: valid loss 0.049532588118468314 smaller than best loss 0.06324405335392354
-------------------------------

Epoch 7: A better checkpoint is saved into /mnt/pixstor/data/yz3qt/MUTargetCLEAN0513/result_0608/2024-06-09__00-04-45/checkpoints/best_model.pth 
-------------------------------

Epoch 7: valid position loss 0.049532588118468314 smaller than best position loss 0.06324405335392354
-------------------------------

Epoch 7: A better checkpoint is saved into /mnt/pixstor/data/yz3qt/MUTargetCLEAN0513/result_0608/2024-06-09__00-04-45/checkpoints/best_position_model.pth 
-------------------------------

Fold 0 Epoch 8 train...
-------------------------------

1547 loss: 0.041242  [   16/ 3543]

1547 class loss: 0.046643 position_loss:0.041242

1577 loss: 0.042029  [  496/ 3543]

1577 class loss: 0.020447 position_loss:0.042029

1607 loss: 0.058553  [  976/ 3543]

1607 class loss: 0.068776 position_loss:0.058553

1637 loss: 0.050761  [ 1456/ 3543]

1637 class loss: 0.084978 position_loss:0.050761

1667 loss: 0.055278  [ 1936/ 3543]

1667 class loss: 0.132593 position_loss:0.055278

1697 loss: 0.043606  [ 2416/ 3543]

1697 class loss: 0.100518 position_loss:0.043606

1727 loss: 0.038072  [ 2896/ 3543]

1727 class loss: 0.073753 position_loss:0.038072

1757 loss: 0.053010  [ 3376/ 3543]

1757 class loss: 0.127753 position_loss:0.053010

Epoch 8: train loss: 0.040984

Fold 0 Epoch 8 validation...
-------------------------------

number of test steps per epoch: 67

Epoch 8: valid loss:0.042770

Epoch 8: valid_class_loss:0.044748	valid_position_loss:0.042770

Epoch 8: valid loss 0.042770104695273765 smaller than best loss 0.049532588118468314
-------------------------------

Epoch 8: A better checkpoint is saved into /mnt/pixstor/data/yz3qt/MUTargetCLEAN0513/result_0608/2024-06-09__00-04-45/checkpoints/best_model.pth 
-------------------------------

Epoch 8: valid position loss 0.042770104695273765 smaller than best position loss 0.049532588118468314
-------------------------------

Epoch 8: A better checkpoint is saved into /mnt/pixstor/data/yz3qt/MUTargetCLEAN0513/result_0608/2024-06-09__00-04-45/checkpoints/best_position_model.pth 
-------------------------------

Fold 0 Epoch 9 train...
-------------------------------

1768 loss: 0.031059  [   16/ 3543]

1768 class loss: 0.112364 position_loss:0.031059

1798 loss: 0.046637  [  496/ 3543]

1798 class loss: 0.017470 position_loss:0.046637

1828 loss: 0.035064  [  976/ 3543]

1828 class loss: 0.156333 position_loss:0.035064

1858 loss: 0.022799  [ 1456/ 3543]

1858 class loss: 0.120268 position_loss:0.022799

1888 loss: 0.044344  [ 1936/ 3543]

1888 class loss: 0.083257 position_loss:0.044344

1918 loss: 0.033533  [ 2416/ 3543]

1918 class loss: 0.090272 position_loss:0.033533

1948 loss: 0.025151  [ 2896/ 3543]

1948 class loss: 0.117210 position_loss:0.025151

1978 loss: 0.044966  [ 3376/ 3543]

1978 class loss: 0.025773 position_loss:0.044966

Epoch 9: train loss: 0.033973

Fold 0 Epoch 9 validation...
-------------------------------

number of test steps per epoch: 67

Epoch 9: valid loss:0.036877

Epoch 9: valid_class_loss:0.043564	valid_position_loss:0.036877

Epoch 9: valid loss 0.03687687569847209 smaller than best loss 0.042770104695273765
-------------------------------

Epoch 9: A better checkpoint is saved into /mnt/pixstor/data/yz3qt/MUTargetCLEAN0513/result_0608/2024-06-09__00-04-45/checkpoints/best_model.pth 
-------------------------------

Epoch 9: valid position loss 0.03687687569847209 smaller than best position loss 0.042770104695273765
-------------------------------

Epoch 9: A better checkpoint is saved into /mnt/pixstor/data/yz3qt/MUTargetCLEAN0513/result_0608/2024-06-09__00-04-45/checkpoints/best_position_model.pth 
-------------------------------

Fold 0 Epoch 10 train...
-------------------------------

1989 loss: 0.023928  [   16/ 3543]

1989 class loss: 0.038304 position_loss:0.023928

2019 loss: 0.041833  [  496/ 3543]

2019 class loss: 0.062429 position_loss:0.041833

2049 loss: 0.042773  [  976/ 3543]

2049 class loss: 0.055326 position_loss:0.042773

2079 loss: 0.018243  [ 1456/ 3543]

2079 class loss: 0.027515 position_loss:0.018243

2109 loss: 0.031256  [ 1936/ 3543]

2109 class loss: 0.125764 position_loss:0.031256

2139 loss: 0.024363  [ 2416/ 3543]

2139 class loss: 0.069545 position_loss:0.024363

2169 loss: 0.024490  [ 2896/ 3543]

2169 class loss: 0.063860 position_loss:0.024490

2199 loss: 0.037811  [ 3376/ 3543]

2199 class loss: 0.067242 position_loss:0.037811

Epoch 10: train loss: 0.029213

Fold 0 Epoch 10 validation...
-------------------------------

number of test steps per epoch: 67

Epoch 10: valid loss:0.031799

Epoch 10: valid_class_loss:0.044960	valid_position_loss:0.031799

Epoch 10: valid loss 0.03179850216889015 smaller than best loss 0.03687687569847209
-------------------------------

Epoch 10: A better checkpoint is saved into /mnt/pixstor/data/yz3qt/MUTargetCLEAN0513/result_0608/2024-06-09__00-04-45/checkpoints/best_model.pth 
-------------------------------

Epoch 10: valid position loss 0.03179850216889015 smaller than best position loss 0.03687687569847209
-------------------------------

Epoch 10: A better checkpoint is saved into /mnt/pixstor/data/yz3qt/MUTargetCLEAN0513/result_0608/2024-06-09__00-04-45/checkpoints/best_position_model.pth 
-------------------------------

Fold 0 Epoch 11 train...
-------------------------------

2210 loss: 0.029530  [   16/ 3543]

2210 class loss: 0.041925 position_loss:0.029530

2240 loss: 0.031524  [  496/ 3543]

2240 class loss: 0.035776 position_loss:0.031524

2270 loss: 0.019327  [  976/ 3543]

2270 class loss: 0.083084 position_loss:0.019327

2300 loss: 0.021668  [ 1456/ 3543]

2300 class loss: 0.035702 position_loss:0.021668

2330 loss: 0.034074  [ 1936/ 3543]

2330 class loss: 0.118884 position_loss:0.034074

2360 loss: 0.050570  [ 2416/ 3543]

2360 class loss: 0.042204 position_loss:0.050570

2390 loss: 0.032341  [ 2896/ 3543]

2390 class loss: 0.144292 position_loss:0.032341

2420 loss: 0.019327  [ 3376/ 3543]

2420 class loss: 0.072677 position_loss:0.019327

Epoch 11: train loss: 0.025233

Fold 0 Epoch 11 validation...
-------------------------------

number of test steps per epoch: 67

Epoch 11: valid loss:0.028942

Epoch 11: valid_class_loss:0.043288	valid_position_loss:0.028942

Epoch 11: valid loss 0.02894240923675393 smaller than best loss 0.03179850216889015
-------------------------------

Epoch 11: A better checkpoint is saved into /mnt/pixstor/data/yz3qt/MUTargetCLEAN0513/result_0608/2024-06-09__00-04-45/checkpoints/best_model.pth 
-------------------------------

Epoch 11: valid position loss 0.02894240923675393 smaller than best position loss 0.03179850216889015
-------------------------------

Epoch 11: A better checkpoint is saved into /mnt/pixstor/data/yz3qt/MUTargetCLEAN0513/result_0608/2024-06-09__00-04-45/checkpoints/best_position_model.pth 
-------------------------------

Fold 0 Epoch 12 train...
-------------------------------

2431 loss: 0.022032  [   16/ 3543]

2431 class loss: 0.017978 position_loss:0.022032

2461 loss: 0.013736  [  496/ 3543]

2461 class loss: 0.014358 position_loss:0.013736

2491 loss: 0.017244  [  976/ 3543]

2491 class loss: 0.022464 position_loss:0.017244

2521 loss: 0.017465  [ 1456/ 3543]

2521 class loss: 0.154374 position_loss:0.017465

2551 loss: 0.014586  [ 1936/ 3543]

2551 class loss: 0.016478 position_loss:0.014586

2581 loss: 0.015613  [ 2416/ 3543]

2581 class loss: 0.073837 position_loss:0.015613

2611 loss: 0.022654  [ 2896/ 3543]

2611 class loss: 0.035102 position_loss:0.022654

2641 loss: 0.013826  [ 3376/ 3543]

2641 class loss: 0.062902 position_loss:0.013826

Epoch 12: train loss: 0.022449

Fold 0 Epoch 12 validation...
-------------------------------

number of test steps per epoch: 67

Epoch 12: valid loss:0.025029

Epoch 12: valid_class_loss:0.042837	valid_position_loss:0.025029

Epoch 12: valid loss 0.02502895808702681 smaller than best loss 0.02894240923675393
-------------------------------

Epoch 12: A better checkpoint is saved into /mnt/pixstor/data/yz3qt/MUTargetCLEAN0513/result_0608/2024-06-09__00-04-45/checkpoints/best_model.pth 
-------------------------------

Epoch 12: valid position loss 0.02502895808702681 smaller than best position loss 0.02894240923675393
-------------------------------

Epoch 12: A better checkpoint is saved into /mnt/pixstor/data/yz3qt/MUTargetCLEAN0513/result_0608/2024-06-09__00-04-45/checkpoints/best_position_model.pth 
-------------------------------

Fold 0 Epoch 13 train...
-------------------------------

2652 loss: 0.020529  [   16/ 3543]

2652 class loss: 0.052600 position_loss:0.020529

2682 loss: 0.022764  [  496/ 3543]

2682 class loss: 0.173091 position_loss:0.022764

2712 loss: 0.015024  [  976/ 3543]

2712 class loss: 0.012208 position_loss:0.015024

2742 loss: 0.017440  [ 1456/ 3543]

2742 class loss: 0.098528 position_loss:0.017440

2772 loss: 0.013513  [ 1936/ 3543]

2772 class loss: 0.047162 position_loss:0.013513

2802 loss: 0.033984  [ 2416/ 3543]

2802 class loss: 0.022789 position_loss:0.033984

2832 loss: 0.013835  [ 2896/ 3543]

2832 class loss: 0.049783 position_loss:0.013835

2862 loss: 0.011004  [ 3376/ 3543]

2862 class loss: 0.030529 position_loss:0.011004

Epoch 13: train loss: 0.020125

Fold 0 Epoch 13 validation...
-------------------------------

number of test steps per epoch: 67

Epoch 13: valid loss:0.022261

Epoch 13: valid_class_loss:0.041278	valid_position_loss:0.022261

Epoch 13: valid loss 0.022261136116186117 smaller than best loss 0.02502895808702681
-------------------------------

Epoch 13: A better checkpoint is saved into /mnt/pixstor/data/yz3qt/MUTargetCLEAN0513/result_0608/2024-06-09__00-04-45/checkpoints/best_model.pth 
-------------------------------

Epoch 13: valid position loss 0.022261136116186117 smaller than best position loss 0.02502895808702681
-------------------------------

Epoch 13: A better checkpoint is saved into /mnt/pixstor/data/yz3qt/MUTargetCLEAN0513/result_0608/2024-06-09__00-04-45/checkpoints/best_position_model.pth 
-------------------------------

Fold 0 Epoch 14 train...
-------------------------------

2873 loss: 0.018180  [   16/ 3543]

2873 class loss: 0.117993 position_loss:0.018180

2903 loss: 0.019566  [  496/ 3543]

2903 class loss: 0.081482 position_loss:0.019566

2933 loss: 0.013738  [  976/ 3543]

2933 class loss: 0.050721 position_loss:0.013738

2963 loss: 0.014712  [ 1456/ 3543]

2963 class loss: 0.168974 position_loss:0.014712

2993 loss: 0.014355  [ 1936/ 3543]

2993 class loss: 0.138035 position_loss:0.014355

3023 loss: 0.014122  [ 2416/ 3543]

3023 class loss: 0.042533 position_loss:0.014122

3053 loss: 0.015294  [ 2896/ 3543]

3053 class loss: 0.053289 position_loss:0.015294

3083 loss: 0.014532  [ 3376/ 3543]

3083 class loss: 0.040600 position_loss:0.014532

Epoch 14: train loss: 0.017992

Fold 0 Epoch 14 validation...
-------------------------------

number of test steps per epoch: 67

Epoch 14: valid loss:0.020199

Epoch 14: valid_class_loss:0.038160	valid_position_loss:0.020199

Epoch 14: valid loss 0.020199497188701 smaller than best loss 0.022261136116186117
-------------------------------

Epoch 14: A better checkpoint is saved into /mnt/pixstor/data/yz3qt/MUTargetCLEAN0513/result_0608/2024-06-09__00-04-45/checkpoints/best_model.pth 
-------------------------------

Epoch 14: valid position loss 0.020199497188701 smaller than best position loss 0.022261136116186117
-------------------------------

Epoch 14: A better checkpoint is saved into /mnt/pixstor/data/yz3qt/MUTargetCLEAN0513/result_0608/2024-06-09__00-04-45/checkpoints/best_position_model.pth 
-------------------------------

Fold 0 Epoch 15 train...
-------------------------------

3094 loss: 0.051887  [   16/ 3543]

3094 class loss: 0.180800 position_loss:0.051887

3124 loss: 0.027455  [  496/ 3543]

3124 class loss: 0.066056 position_loss:0.027455

3154 loss: 0.010952  [  976/ 3543]

3154 class loss: 0.034562 position_loss:0.010952

3184 loss: 0.011221  [ 1456/ 3543]

3184 class loss: 0.076440 position_loss:0.011221

3214 loss: 0.009922  [ 1936/ 3543]

3214 class loss: 0.010435 position_loss:0.009922

3244 loss: 0.022497  [ 2416/ 3543]

3244 class loss: 0.037780 position_loss:0.022497

3274 loss: 0.020598  [ 2896/ 3543]

3274 class loss: 0.029363 position_loss:0.020598

3304 loss: 0.020530  [ 3376/ 3543]

3304 class loss: 0.084991 position_loss:0.020530

Epoch 15: train loss: 0.016707

Fold 0 Epoch 15 validation...
-------------------------------

number of test steps per epoch: 67

Epoch 15: valid loss:0.018589

Epoch 15: valid_class_loss:0.040785	valid_position_loss:0.018589

Epoch 15: valid loss 0.018589462277218582 smaller than best loss 0.020199497188701
-------------------------------

Epoch 15: A better checkpoint is saved into /mnt/pixstor/data/yz3qt/MUTargetCLEAN0513/result_0608/2024-06-09__00-04-45/checkpoints/best_model.pth 
-------------------------------

Epoch 15: valid position loss 0.018589462277218582 smaller than best position loss 0.020199497188701
-------------------------------

Epoch 15: A better checkpoint is saved into /mnt/pixstor/data/yz3qt/MUTargetCLEAN0513/result_0608/2024-06-09__00-04-45/checkpoints/best_position_model.pth 
-------------------------------

Loading checkpoint from /mnt/pixstor/data/yz3qt/MUTargetCLEAN0513/result_0608/2024-06-09__00-04-45/checkpoints/best_position_model.pth

Fold 0 test
-------------------------------

===================Evaluate protein results========================

 optimized cutoffs: 

             Nucleus   ER  Peroxisome  Mitochondrion  Nucleus_export  SIGNAL  \
cutoffs_pro      0.9  0.5         0.5            0.7             0.8     0.9   
cutoffs_aa       0.5  0.1         0.1            0.1             0.1     0.1   

             chloroplast  Thylakoid  
cutoffs_pro          0.6        0.6  
cutoffs_aa           0.1        0.1  
===========================================

 Jaccard Index (protein): 

                       0
Nucleus         0.785085
ER              0.859852
Peroxisome      0.457871
Mitochondrion   0.860443
Nucleus_export  0.632707
SIGNAL          0.949453
chloroplast     0.828512
Thylakoid       0.886577
===========================================

 cs acc: 

                       0
Nucleus         0.039062
ER              0.866667
Peroxisome      0.153846
Mitochondrion   0.556250
Nucleus_export  0.000000
SIGNAL          0.870968
chloroplast     0.513158
Thylakoid       0.800000
===========================================

 Class prediction performance: 

                roc_auc_score  average_precision_score  matthews_corrcoef  \
Nucleus              0.991509                 0.916836           0.852251   
ER                   0.897317                 0.661634           0.679233   
Peroxisome           0.296903                 0.015891           0.059232   
Mitochondrion        0.902331                 0.830726           0.731676   
Nucleus_export       0.979846                 0.485523           0.563990   
SIGNAL               0.930209                 0.923165           0.844435   
chloroplast          0.888819                 0.827033           0.745964   
Thylakoid            0.986394                 0.439617           0.698472   

                recall_score  precision_score  f1_score  
Nucleus             0.890625         0.850746  0.870229  
ER                  0.733333         0.647059  0.687500  
Peroxisome          0.076923         0.066667  0.071429  
Mitochondrion       0.725000         0.816901  0.768212  
Nucleus_export      0.880000         0.379310  0.530120  
SIGNAL              0.947773         0.933434  0.940549  
chloroplast         0.789474         0.740741  0.764331  
Thylakoid           0.800000         0.615385  0.695652  
===================Test protein results constrain: False========================

 optimized cutoffs: 

             Nucleus   ER  Peroxisome  Mitochondrion  Nucleus_export  SIGNAL  \
cutoffs_pro      0.9  0.5         0.5            0.7             0.8     0.9   
cutoffs_aa       0.5  0.1         0.1            0.1             0.1     0.1   

             chloroplast  Thylakoid  
cutoffs_pro          0.6        0.6  
cutoffs_aa           0.1        0.1  
===========================================

 Jaccard Index (protein): 

                       0
Nucleus         0.611180
ER              0.995253
Peroxisome      0.381392
Mitochondrion   0.868146
Nucleus_export  0.343978
SIGNAL          0.961998
chloroplast     0.795753
Thylakoid       0.769892
===========================================

 cs acc: 

                       0
Nucleus         0.016529
ER              0.862069
Peroxisome      0.461538
Mitochondrion   0.477987
Nucleus_export  0.000000
SIGNAL          0.889408
chloroplast     0.383562
Thylakoid       0.777778
===========================================

 Class prediction performance: 

                roc_auc_score  average_precision_score  matthews_corrcoef  \
Nucleus              0.986968                 0.890025           0.834411   
ER                   0.947202                 0.810898           0.829754   
Peroxisome           0.268936                 0.052128           0.101025   
Mitochondrion        0.912447                 0.853364           0.728802   
Nucleus_export       0.953101                 0.281655           0.348724   
SIGNAL               0.924753                 0.914220           0.814273   
chloroplast          0.964960                 0.798235           0.702363   
Thylakoid            0.996077                 0.546150           0.685321   

                recall_score  precision_score  f1_score  
Nucleus             0.909091         0.802920  0.852713  
ER                  0.758621         0.916667  0.830189  
Peroxisome          0.153846         0.086957  0.111111  
Mitochondrion       0.691824         0.846154  0.761246  
Nucleus_export      0.560000         0.245614  0.341463  
SIGNAL              0.920561         0.932177  0.926332  
chloroplast         0.849315         0.620000  0.716763  
Thylakoid           0.888889         0.533333  0.666667  
===================Test protein results constrain: True========================

 optimized cutoffs: 

             Nucleus   ER  Peroxisome  Mitochondrion  Nucleus_export  SIGNAL  \
cutoffs_pro      0.9  0.5         0.5            0.7             0.8     0.9   
cutoffs_aa       0.5  0.1         0.1            0.1             0.1     0.1   

             chloroplast  Thylakoid  
cutoffs_pro          0.6        0.6  
cutoffs_aa           0.1        0.1  
===========================================

 Jaccard Index (protein): 

                       0
Nucleus         0.597996
ER              0.754801
Peroxisome      0.150932
Mitochondrion   0.635115
Nucleus_export  0.286818
SIGNAL          0.892446
chloroplast     0.741813
Thylakoid       0.659212
===========================================

 cs acc: 

                       0
Nucleus         0.018182
ER              0.954545
Peroxisome      1.000000
Mitochondrion   0.563636
Nucleus_export  0.000000
SIGNAL          0.908629
chloroplast     0.435484
Thylakoid       0.750000
===========================================

 Class prediction performance: 

                roc_auc_score  average_precision_score  matthews_corrcoef  \
Nucleus              0.986968                 0.890025           0.834411   
ER                   0.947202                 0.810898           0.829754   
Peroxisome           0.268936                 0.052128           0.101025   
Mitochondrion        0.912447                 0.853364           0.728802   
Nucleus_export       0.953101                 0.281655           0.348724   
SIGNAL               0.924753                 0.914220           0.814273   
chloroplast          0.964960                 0.798235           0.702363   
Thylakoid            0.996077                 0.546150           0.685321   

                recall_score  precision_score  f1_score  
Nucleus             0.909091         0.802920  0.852713  
ER                  0.758621         0.916667  0.830189  
Peroxisome          0.153846         0.086957  0.111111  
Mitochondrion       0.691824         0.846154  0.761246  
Nucleus_export      0.560000         0.245614  0.341463  
SIGNAL              0.920561         0.932177  0.926332  
chloroplast         0.849315         0.620000  0.716763  
Thylakoid           0.888889         0.533333  0.666667  




Comparable Test Data
-------------------------------

===================Test protein results constrain: False========================

 optimized cutoffs: 

             Nucleus   ER  Peroxisome  Mitochondrion  Nucleus_export  SIGNAL  \
cutoffs_pro      0.9  0.5         0.5            0.7             0.8     0.9   
cutoffs_aa       0.5  0.1         0.1            0.1             0.1     0.1   

             chloroplast  Thylakoid  
cutoffs_pro          0.6        0.6  
cutoffs_aa           0.1        0.1  
===========================================

 Jaccard Index (protein): 

                       0
Nucleus         0.912650
ER                   NaN
Peroxisome           NaN
Mitochondrion        NaN
Nucleus_export  0.374637
SIGNAL               NaN
chloroplast          NaN
Thylakoid            NaN
===========================================

 cs acc: 

                  0
Nucleus         0.0
ER              NaN
Peroxisome      NaN
Mitochondrion   NaN
Nucleus_export  0.0
SIGNAL          NaN
chloroplast     NaN
Thylakoid       NaN
===========================================

 Class prediction performance: 

                roc_auc_score  average_precision_score  matthews_corrcoef  \
Nucleus              0.666667                 0.583333                0.0   
ER                        NaN                -0.000000                0.0   
Peroxisome                NaN                -0.000000                0.0   
Mitochondrion             NaN                -0.000000                0.0   
Nucleus_export            NaN                 1.000000                0.0   
SIGNAL                    NaN                -0.000000                0.0   
chloroplast               NaN                -0.000000                0.0   
Thylakoid                 NaN                -0.000000                0.0   

                recall_score  precision_score  f1_score  
Nucleus                  1.0              0.4  0.571429  
ER                       0.0              0.0  0.000000  
Peroxisome               0.0              0.0  0.000000  
Mitochondrion            0.0              0.0  0.000000  
Nucleus_export           0.8              1.0  0.888889  
SIGNAL                   0.0              0.0  0.000000  
chloroplast              0.0              0.0  0.000000  
Thylakoid                0.0              0.0  0.000000  
===================Test protein results constrain: True========================

 optimized cutoffs: 

             Nucleus   ER  Peroxisome  Mitochondrion  Nucleus_export  SIGNAL  \
cutoffs_pro      0.9  0.5         0.5            0.7             0.8     0.9   
cutoffs_aa       0.5  0.1         0.1            0.1             0.1     0.1   

             chloroplast  Thylakoid  
cutoffs_pro          0.6        0.6  
cutoffs_aa           0.1        0.1  
===========================================

 Jaccard Index (protein): 

                       0
Nucleus         0.912650
ER                   NaN
Peroxisome           NaN
Mitochondrion        NaN
Nucleus_export  0.222329
SIGNAL               NaN
chloroplast          NaN
Thylakoid            NaN
===========================================

 cs acc: 

                  0
Nucleus         0.0
ER              NaN
Peroxisome      NaN
Mitochondrion   NaN
Nucleus_export  0.0
SIGNAL          NaN
chloroplast     NaN
Thylakoid       NaN
===========================================

 Class prediction performance: 

                roc_auc_score  average_precision_score  matthews_corrcoef  \
Nucleus              0.666667                 0.583333                0.0   
ER                        NaN                -0.000000                0.0   
Peroxisome                NaN                -0.000000                0.0   
Mitochondrion             NaN                -0.000000                0.0   
Nucleus_export            NaN                 1.000000                0.0   
SIGNAL                    NaN                -0.000000                0.0   
chloroplast               NaN                -0.000000                0.0   
Thylakoid                 NaN                -0.000000                0.0   

                recall_score  precision_score  f1_score  
Nucleus                  1.0              0.4  0.571429  
ER                       0.0              0.0  0.000000  
Peroxisome               0.0              0.0  0.000000  
Mitochondrion            0.0              0.0  0.000000  
Nucleus_export           0.8              1.0  0.888889  
SIGNAL                   0.0              0.0  0.000000  
chloroplast              0.0              0.0  0.000000  
Thylakoid                0.0              0.0  0.000000  
