use k-fold index: 0

Done Loading data

number of steps for training data: 221

number of steps for valid data: 67

number of steps for test data: 67

Done initialize tokenizer

trainable params: 39950542 || all params: 652949603 || trainable%: 6.118472515557989

Done initialize model

preparing optimizer is done

number of train steps per epoch: 221

Start training...

Fold 0 Epoch 1 train...
-------------------------------

0 loss: 0.793691  [   16/ 3543]

0 class loss: 0.048163 position_loss:0.745529

30 loss: 0.786855  [  496/ 3543]

30 class loss: 0.081292 position_loss:0.705563

60 loss: 0.744094  [  976/ 3543]

60 class loss: 0.088749 position_loss:0.655345

90 loss: 0.583066  [ 1456/ 3543]

90 class loss: 0.037729 position_loss:0.545337

120 loss: 0.503956  [ 1936/ 3543]

120 class loss: 0.090081 position_loss:0.413875

150 loss: 0.368242  [ 2416/ 3543]

150 class loss: 0.081649 position_loss:0.286593

180 loss: 0.271478  [ 2896/ 3543]

180 class loss: 0.087586 position_loss:0.183892

210 loss: 0.217539  [ 3376/ 3543]

210 class loss: 0.078031 position_loss:0.139508

Epoch 1: train loss: 0.531306

Fold 0 Epoch 1 validation...
-------------------------------

number of test steps per epoch: 67

Epoch 1: valid loss:0.173482

Epoch 1: valid_class_loss:0.050907	valid_position_loss:0.122575

Epoch 1: valid loss 0.1734824343512456 smaller than best loss inf
-------------------------------

Epoch 1: A better checkpoint is saved into /mnt/pixstor/data/yz3qt/MUTargetCLEAN0513/result_nosupcon/0604_dnn/2024-06-05__14-59-35/checkpoints/best_model.pth 
-------------------------------

Epoch 1: valid position loss 0.12257520406999833 smaller than best position loss inf
-------------------------------

Epoch 1: A better checkpoint is saved into /mnt/pixstor/data/yz3qt/MUTargetCLEAN0513/result_nosupcon/0604_dnn/2024-06-05__14-59-35/checkpoints/best_position_model.pth 
-------------------------------

Fold 0 Epoch 2 train...
-------------------------------

221 loss: 0.190071  [   16/ 3543]

221 class loss: 0.067017 position_loss:0.123054

251 loss: 0.197535  [  496/ 3543]

251 class loss: 0.085285 position_loss:0.112250

281 loss: 0.162669  [  976/ 3543]

281 class loss: 0.074917 position_loss:0.087751

311 loss: 0.121730  [ 1456/ 3543]

311 class loss: 0.042138 position_loss:0.079592

341 loss: 0.188300  [ 1936/ 3543]

341 class loss: 0.109108 position_loss:0.079192

371 loss: 0.139359  [ 2416/ 3543]

371 class loss: 0.062496 position_loss:0.076863

401 loss: 0.178321  [ 2896/ 3543]

401 class loss: 0.116918 position_loss:0.061404

431 loss: 0.111072  [ 3376/ 3543]

431 class loss: 0.072117 position_loss:0.038955

Epoch 2: train loss: 0.153635

Fold 0 Epoch 2 validation...
-------------------------------

number of test steps per epoch: 67

Epoch 2: valid loss:0.092883

Epoch 2: valid_class_loss:0.040456	valid_position_loss:0.052427

Epoch 2: valid loss 0.09288329827017207 smaller than best loss 0.1734824343512456
-------------------------------

Epoch 2: A better checkpoint is saved into /mnt/pixstor/data/yz3qt/MUTargetCLEAN0513/result_nosupcon/0604_dnn/2024-06-05__14-59-35/checkpoints/best_model.pth 
-------------------------------

Epoch 2: valid position loss 0.052427031987348 smaller than best position loss 0.12257520406999833
-------------------------------

Epoch 2: A better checkpoint is saved into /mnt/pixstor/data/yz3qt/MUTargetCLEAN0513/result_nosupcon/0604_dnn/2024-06-05__14-59-35/checkpoints/best_position_model.pth 
-------------------------------

Fold 0 Epoch 3 train...
-------------------------------

442 loss: 0.072250  [   16/ 3543]

442 class loss: 0.022867 position_loss:0.049383

472 loss: 0.040282  [  496/ 3543]

472 class loss: 0.017501 position_loss:0.022781

502 loss: 0.060159  [  976/ 3543]

502 class loss: 0.028666 position_loss:0.031493

532 loss: 0.142368  [ 1456/ 3543]

532 class loss: 0.119123 position_loss:0.023246

562 loss: 0.041107  [ 1936/ 3543]

562 class loss: 0.019078 position_loss:0.022029

592 loss: 0.078615  [ 2416/ 3543]

592 class loss: 0.058101 position_loss:0.020514

622 loss: 0.069439  [ 2896/ 3543]

622 class loss: 0.041829 position_loss:0.027609

652 loss: 0.076938  [ 3376/ 3543]

652 class loss: 0.058241 position_loss:0.018697

Epoch 3: train loss: 0.093126

Fold 0 Epoch 3 validation...
-------------------------------

number of test steps per epoch: 67

Epoch 3: valid loss:0.060679

Epoch 3: valid_class_loss:0.034409	valid_position_loss:0.026270

Epoch 3: valid loss 0.06067870171799154 smaller than best loss 0.09288329827017207
-------------------------------

Epoch 3: A better checkpoint is saved into /mnt/pixstor/data/yz3qt/MUTargetCLEAN0513/result_nosupcon/0604_dnn/2024-06-05__14-59-35/checkpoints/best_model.pth 
-------------------------------

Epoch 3: valid position loss 0.026269677975116715 smaller than best position loss 0.052427031987348
-------------------------------

Epoch 3: A better checkpoint is saved into /mnt/pixstor/data/yz3qt/MUTargetCLEAN0513/result_nosupcon/0604_dnn/2024-06-05__14-59-35/checkpoints/best_position_model.pth 
-------------------------------

Fold 0 Epoch 4 train...
-------------------------------

663 loss: 0.068468  [   16/ 3543]

663 class loss: 0.039093 position_loss:0.029375

693 loss: 0.126368  [  496/ 3543]

693 class loss: 0.081420 position_loss:0.044948

723 loss: 0.030106  [  976/ 3543]

723 class loss: 0.013776 position_loss:0.016330

753 loss: 0.079887  [ 1456/ 3543]

753 class loss: 0.055748 position_loss:0.024139

783 loss: 0.055248  [ 1936/ 3543]

783 class loss: 0.028822 position_loss:0.026426

813 loss: 0.048834  [ 2416/ 3543]

813 class loss: 0.021416 position_loss:0.027418

843 loss: 0.057209  [ 2896/ 3543]

843 class loss: 0.042481 position_loss:0.014728

873 loss: 0.036052  [ 3376/ 3543]

873 class loss: 0.025211 position_loss:0.010841

Epoch 4: train loss: 0.070600

Fold 0 Epoch 4 validation...
-------------------------------

number of test steps per epoch: 67

Epoch 4: valid loss:0.048358

Epoch 4: valid_class_loss:0.027331	valid_position_loss:0.021027

Epoch 4: valid loss 0.04835818477439152 smaller than best loss 0.06067870171799154
-------------------------------

Epoch 4: A better checkpoint is saved into /mnt/pixstor/data/yz3qt/MUTargetCLEAN0513/result_nosupcon/0604_dnn/2024-06-05__14-59-35/checkpoints/best_model.pth 
-------------------------------

Epoch 4: valid position loss 0.021026721228388078 smaller than best position loss 0.026269677975116715
-------------------------------

Epoch 4: A better checkpoint is saved into /mnt/pixstor/data/yz3qt/MUTargetCLEAN0513/result_nosupcon/0604_dnn/2024-06-05__14-59-35/checkpoints/best_position_model.pth 
-------------------------------

Fold 0 Epoch 5 train...
-------------------------------

884 loss: 0.100588  [   16/ 3543]

884 class loss: 0.083611 position_loss:0.016977

914 loss: 0.084069  [  496/ 3543]

914 class loss: 0.062589 position_loss:0.021480

944 loss: 0.055918  [  976/ 3543]

944 class loss: 0.041987 position_loss:0.013930

974 loss: 0.055457  [ 1456/ 3543]

974 class loss: 0.038673 position_loss:0.016785

1004 loss: 0.063095  [ 1936/ 3543]

1004 class loss: 0.049380 position_loss:0.013715

1034 loss: 0.034331  [ 2416/ 3543]

1034 class loss: 0.020307 position_loss:0.014024

1064 loss: 0.046424  [ 2896/ 3543]

1064 class loss: 0.032377 position_loss:0.014047

1094 loss: 0.062752  [ 3376/ 3543]

1094 class loss: 0.020585 position_loss:0.042167

Epoch 5: train loss: 0.054336

Fold 0 Epoch 5 validation...
-------------------------------

number of test steps per epoch: 67

Epoch 5: valid loss:0.041159

Epoch 5: valid_class_loss:0.022569	valid_position_loss:0.018590

Epoch 5: valid loss 0.04115872154290302 smaller than best loss 0.04835818477439152
-------------------------------

Epoch 5: A better checkpoint is saved into /mnt/pixstor/data/yz3qt/MUTargetCLEAN0513/result_nosupcon/0604_dnn/2024-06-05__14-59-35/checkpoints/best_model.pth 
-------------------------------

Epoch 5: valid position loss 0.018589671284083457 smaller than best position loss 0.021026721228388078
-------------------------------

Epoch 5: A better checkpoint is saved into /mnt/pixstor/data/yz3qt/MUTargetCLEAN0513/result_nosupcon/0604_dnn/2024-06-05__14-59-35/checkpoints/best_position_model.pth 
-------------------------------

Fold 0 Epoch 6 train...
-------------------------------

1105 loss: 0.119693  [   16/ 3543]

1105 class loss: 0.075082 position_loss:0.044611

1135 loss: 0.064250  [  496/ 3543]

1135 class loss: 0.040628 position_loss:0.023622

1165 loss: 0.035147  [  976/ 3543]

1165 class loss: 0.023534 position_loss:0.011612

1195 loss: 0.032085  [ 1456/ 3543]

1195 class loss: 0.020131 position_loss:0.011955

1225 loss: 0.014971  [ 1936/ 3543]

1225 class loss: 0.006574 position_loss:0.008397

1255 loss: 0.038718  [ 2416/ 3543]

1255 class loss: 0.016804 position_loss:0.021914

1285 loss: 0.038887  [ 2896/ 3543]

1285 class loss: 0.019871 position_loss:0.019015

1315 loss: 0.029651  [ 3376/ 3543]

1315 class loss: 0.017016 position_loss:0.012635

Epoch 6: train loss: 0.041101

Fold 0 Epoch 6 validation...
-------------------------------

number of test steps per epoch: 67

Epoch 6: valid loss:0.038201

Epoch 6: valid_class_loss:0.019488	valid_position_loss:0.018713

Epoch 6: valid loss 0.038200642385391136 smaller than best loss 0.04115872154290302
-------------------------------

Epoch 6: A better checkpoint is saved into /mnt/pixstor/data/yz3qt/MUTargetCLEAN0513/result_nosupcon/0604_dnn/2024-06-05__14-59-35/checkpoints/best_model.pth 
-------------------------------

Fold 0 Epoch 7 train...
-------------------------------

1326 loss: 0.045063  [   16/ 3543]

1326 class loss: 0.029108 position_loss:0.015955

1356 loss: 0.037189  [  496/ 3543]

1356 class loss: 0.021354 position_loss:0.015835

1386 loss: 0.021412  [  976/ 3543]

1386 class loss: 0.010658 position_loss:0.010754

1416 loss: 0.033214  [ 1456/ 3543]

1416 class loss: 0.018086 position_loss:0.015128

1446 loss: 0.027883  [ 1936/ 3543]

1446 class loss: 0.014657 position_loss:0.013226

1476 loss: 0.015492  [ 2416/ 3543]

1476 class loss: 0.008379 position_loss:0.007114

1506 loss: 0.017119  [ 2896/ 3543]

1506 class loss: 0.008432 position_loss:0.008687

1536 loss: 0.021661  [ 3376/ 3543]

1536 class loss: 0.011265 position_loss:0.010396

Epoch 7: train loss: 0.033600

Fold 0 Epoch 7 validation...
-------------------------------

number of test steps per epoch: 67

Epoch 7: valid loss:0.039410

Epoch 7: valid_class_loss:0.017841	valid_position_loss:0.021570

Fold 0 Epoch 8 train...
-------------------------------

1547 loss: 0.032707  [   16/ 3543]

1547 class loss: 0.016233 position_loss:0.016473

1577 loss: 0.048536  [  496/ 3543]

1577 class loss: 0.028824 position_loss:0.019711

1607 loss: 0.032437  [  976/ 3543]

1607 class loss: 0.020062 position_loss:0.012375

1637 loss: 0.033489  [ 1456/ 3543]

1637 class loss: 0.023059 position_loss:0.010430

1667 loss: 0.027155  [ 1936/ 3543]

1667 class loss: 0.015935 position_loss:0.011220

1697 loss: 0.023081  [ 2416/ 3543]

1697 class loss: 0.014106 position_loss:0.008975

1727 loss: 0.028735  [ 2896/ 3543]

1727 class loss: 0.016940 position_loss:0.011795

1757 loss: 0.012178  [ 3376/ 3543]

1757 class loss: 0.005534 position_loss:0.006644

Epoch 8: train loss: 0.027507

Fold 0 Epoch 8 validation...
-------------------------------

number of test steps per epoch: 67

Epoch 8: valid loss:0.038015

Epoch 8: valid_class_loss:0.017325	valid_position_loss:0.020690

Epoch 8: valid loss 0.03801475346110217 smaller than best loss 0.038200642385391136
-------------------------------

Epoch 8: A better checkpoint is saved into /mnt/pixstor/data/yz3qt/MUTargetCLEAN0513/result_nosupcon/0604_dnn/2024-06-05__14-59-35/checkpoints/best_model.pth 
-------------------------------

Fold 0 Epoch 9 train...
-------------------------------

1768 loss: 0.020100  [   16/ 3543]

1768 class loss: 0.011529 position_loss:0.008571

1798 loss: 0.024115  [  496/ 3543]

1798 class loss: 0.012031 position_loss:0.012084

1828 loss: 0.025768  [  976/ 3543]

1828 class loss: 0.013662 position_loss:0.012106

1858 loss: 0.025878  [ 1456/ 3543]

1858 class loss: 0.013252 position_loss:0.012625

1888 loss: 0.013949  [ 1936/ 3543]

1888 class loss: 0.008260 position_loss:0.005689

1918 loss: 0.027779  [ 2416/ 3543]

1918 class loss: 0.013284 position_loss:0.014496

1948 loss: 0.019535  [ 2896/ 3543]

1948 class loss: 0.009934 position_loss:0.009601

1978 loss: 0.031548  [ 3376/ 3543]

1978 class loss: 0.016516 position_loss:0.015032

Epoch 9: train loss: 0.023542

Fold 0 Epoch 9 validation...
-------------------------------

number of test steps per epoch: 67

Epoch 9: valid loss:0.032776

Epoch 9: valid_class_loss:0.015414	valid_position_loss:0.017362

Epoch 9: valid loss 0.032775750005272615 smaller than best loss 0.03801475346110217
-------------------------------

Epoch 9: A better checkpoint is saved into /mnt/pixstor/data/yz3qt/MUTargetCLEAN0513/result_nosupcon/0604_dnn/2024-06-05__14-59-35/checkpoints/best_model.pth 
-------------------------------

Epoch 9: valid position loss 0.01736204925270398 smaller than best position loss 0.018589671284083457
-------------------------------

Epoch 9: A better checkpoint is saved into /mnt/pixstor/data/yz3qt/MUTargetCLEAN0513/result_nosupcon/0604_dnn/2024-06-05__14-59-35/checkpoints/best_position_model.pth 
-------------------------------

Fold 0 Epoch 10 train...
-------------------------------

1989 loss: 0.028841  [   16/ 3543]

1989 class loss: 0.014761 position_loss:0.014080

2019 loss: 0.046921  [  496/ 3543]

2019 class loss: 0.034413 position_loss:0.012508

2049 loss: 0.024024  [  976/ 3543]

2049 class loss: 0.010754 position_loss:0.013270

2079 loss: 0.023160  [ 1456/ 3543]

2079 class loss: 0.008244 position_loss:0.014916

2109 loss: 0.028616  [ 1936/ 3543]

2109 class loss: 0.017305 position_loss:0.011311

2139 loss: 0.014606  [ 2416/ 3543]

2139 class loss: 0.007018 position_loss:0.007589

2169 loss: 0.020040  [ 2896/ 3543]

2169 class loss: 0.008451 position_loss:0.011588

2199 loss: 0.020076  [ 3376/ 3543]

2199 class loss: 0.010522 position_loss:0.009554

Epoch 10: train loss: 0.020993

Fold 0 Epoch 10 validation...
-------------------------------

number of test steps per epoch: 67

Epoch 10: valid loss:0.036432

Epoch 10: valid_class_loss:0.015750	valid_position_loss:0.020682

Fold 0 Epoch 11 train...
-------------------------------

2210 loss: 0.020437  [   16/ 3543]

2210 class loss: 0.010544 position_loss:0.009893

2240 loss: 0.026803  [  496/ 3543]

2240 class loss: 0.014458 position_loss:0.012345

2270 loss: 0.015510  [  976/ 3543]

2270 class loss: 0.008711 position_loss:0.006799

2300 loss: 0.022354  [ 1456/ 3543]

2300 class loss: 0.011473 position_loss:0.010881

2330 loss: 0.012588  [ 1936/ 3543]

2330 class loss: 0.006304 position_loss:0.006283

2360 loss: 0.016990  [ 2416/ 3543]

2360 class loss: 0.009407 position_loss:0.007583

2390 loss: 0.017085  [ 2896/ 3543]

2390 class loss: 0.009479 position_loss:0.007606

2420 loss: 0.018552  [ 3376/ 3543]

2420 class loss: 0.007984 position_loss:0.010567

Epoch 11: train loss: 0.019070

Fold 0 Epoch 11 validation...
-------------------------------

number of test steps per epoch: 67

Epoch 11: valid loss:0.033958

Epoch 11: valid_class_loss:0.015175	valid_position_loss:0.018783

Fold 0 Epoch 12 train...
-------------------------------

2431 loss: 0.018014  [   16/ 3543]

2431 class loss: 0.008733 position_loss:0.009281

2461 loss: 0.020337  [  496/ 3543]

2461 class loss: 0.010716 position_loss:0.009621

2491 loss: 0.021917  [  976/ 3543]

2491 class loss: 0.013593 position_loss:0.008324

2521 loss: 0.016645  [ 1456/ 3543]

2521 class loss: 0.008791 position_loss:0.007854

2551 loss: 0.016556  [ 1936/ 3543]

2551 class loss: 0.010602 position_loss:0.005954

2581 loss: 0.011181  [ 2416/ 3543]

2581 class loss: 0.004296 position_loss:0.006886

2611 loss: 0.015561  [ 2896/ 3543]

2611 class loss: 0.005917 position_loss:0.009643

2641 loss: 0.008201  [ 3376/ 3543]

2641 class loss: 0.003350 position_loss:0.004851

Epoch 12: train loss: 0.017444

Fold 0 Epoch 12 validation...
-------------------------------

number of test steps per epoch: 67

Epoch 12: valid loss:0.036135

Epoch 12: valid_class_loss:0.016699	valid_position_loss:0.019437

Fold 0 Epoch 13 train...
-------------------------------

2652 loss: 0.026723  [   16/ 3543]

2652 class loss: 0.012557 position_loss:0.014166

2682 loss: 0.019100  [  496/ 3543]

2682 class loss: 0.011821 position_loss:0.007279

2712 loss: 0.036202  [  976/ 3543]

2712 class loss: 0.021622 position_loss:0.014580

2742 loss: 0.013696  [ 1456/ 3543]

2742 class loss: 0.003664 position_loss:0.010032

2772 loss: 0.011072  [ 1936/ 3543]

2772 class loss: 0.004875 position_loss:0.006197

2802 loss: 0.013970  [ 2416/ 3543]

2802 class loss: 0.007582 position_loss:0.006388

2832 loss: 0.019915  [ 2896/ 3543]

2832 class loss: 0.010434 position_loss:0.009481

2862 loss: 0.016064  [ 3376/ 3543]

2862 class loss: 0.009287 position_loss:0.006777

Epoch 13: train loss: 0.016578

Fold 0 Epoch 13 validation...
-------------------------------

number of test steps per epoch: 67

Epoch 13: valid loss:0.037270

Epoch 13: valid_class_loss:0.015389	valid_position_loss:0.021881

Fold 0 Epoch 14 train...
-------------------------------

2873 loss: 0.020441  [   16/ 3543]

2873 class loss: 0.008808 position_loss:0.011632

2903 loss: 0.014467  [  496/ 3543]

2903 class loss: 0.006902 position_loss:0.007565

2933 loss: 0.012387  [  976/ 3543]

2933 class loss: 0.005554 position_loss:0.006833

2963 loss: 0.010471  [ 1456/ 3543]

2963 class loss: 0.004685 position_loss:0.005787

2993 loss: 0.015861  [ 1936/ 3543]

2993 class loss: 0.005116 position_loss:0.010745

3023 loss: 0.021725  [ 2416/ 3543]

3023 class loss: 0.008304 position_loss:0.013421

3053 loss: 0.014836  [ 2896/ 3543]

3053 class loss: 0.007731 position_loss:0.007105

3083 loss: 0.010286  [ 3376/ 3543]

3083 class loss: 0.003536 position_loss:0.006750

Epoch 14: train loss: 0.014227

Fold 0 Epoch 14 validation...
-------------------------------

number of test steps per epoch: 67

Epoch 14: valid loss:0.040945

Epoch 14: valid_class_loss:0.015629	valid_position_loss:0.025316

Fold 0 Epoch 15 train...
-------------------------------

3094 loss: 0.017569  [   16/ 3543]

3094 class loss: 0.010898 position_loss:0.006671

3124 loss: 0.014831  [  496/ 3543]

3124 class loss: 0.005368 position_loss:0.009463

3154 loss: 0.018138  [  976/ 3543]

3154 class loss: 0.008108 position_loss:0.010030

3184 loss: 0.012861  [ 1456/ 3543]

3184 class loss: 0.004474 position_loss:0.008386

3214 loss: 0.009949  [ 1936/ 3543]

3214 class loss: 0.002521 position_loss:0.007427

3244 loss: 0.012176  [ 2416/ 3543]

3244 class loss: 0.003423 position_loss:0.008752

3274 loss: 0.017640  [ 2896/ 3543]

3274 class loss: 0.005285 position_loss:0.012355

3304 loss: 0.011869  [ 3376/ 3543]

3304 class loss: 0.003381 position_loss:0.008488

Epoch 15: train loss: 0.013190

Fold 0 Epoch 15 validation...
-------------------------------

number of test steps per epoch: 67

Epoch 15: valid loss:0.043784

Epoch 15: valid_class_loss:0.017149	valid_position_loss:0.026635

Loading checkpoint from /mnt/pixstor/data/yz3qt/MUTargetCLEAN0513/result_nosupcon/0604_dnn/2024-06-05__14-59-35/checkpoints/best_position_model.pth

Fold 0 test
-------------------------------

===================Evaluate protein results========================

 optimized cutoffs: 

             Nucleus   ER  Peroxisome  Mitochondrion  Nucleus_export  SIGNAL  \
cutoffs_pro      0.4  0.5         0.7            0.3             0.4     0.2   
cutoffs_aa       0.1  0.1         0.1            0.1             0.1     0.1   

             chloroplast  Thylakoid  
cutoffs_pro          0.6        0.9  
cutoffs_aa           0.1        0.1  
===========================================

 Jaccard Index (protein): 

                       0
Nucleus         0.773247
ER              0.893578
Peroxisome      0.305154
Mitochondrion   0.818394
Nucleus_export  0.470273
SIGNAL          0.956257
chloroplast     0.548353
Thylakoid       0.000000
===========================================

 cs acc: 

                       0
Nucleus         0.007812
ER              0.000000
Peroxisome      0.000000
Mitochondrion   0.587500
Nucleus_export  0.000000
SIGNAL          0.837174
chloroplast     0.302632
Thylakoid       0.800000
===========================================

 Class prediction performance: 

                roc_auc_score  average_precision_score  matthews_corrcoef  \
Nucleus              0.944492                 0.861660           0.805909   
ER                   0.905755                 0.644248           0.752736   
Peroxisome           0.443849                 0.168489           0.316762   
Mitochondrion        0.949008                 0.939979           0.921246   
Nucleus_export       0.933552                 0.366759           0.319211   
SIGNAL               0.993159                 0.996048           0.926905   
chloroplast          0.925915                 0.878691           0.889152   
Thylakoid            0.996670                 0.701954           0.731929   

                recall_score  precision_score  f1_score  
Nucleus             0.781250         0.877193  0.826446  
ER                  0.900000         0.642857  0.750000  
Peroxisome          0.153846         0.666667  0.250000  
Mitochondrion       0.875000         0.992908  0.930233  
Nucleus_export      0.400000         0.285714  0.333333  
SIGNAL              0.964670         0.978193  0.971384  
chloroplast         0.802632         1.000000  0.890511  
Thylakoid           0.900000         0.600000  0.720000  
===================Test protein results constrain: False========================

 optimized cutoffs: 

             Nucleus   ER  Peroxisome  Mitochondrion  Nucleus_export  SIGNAL  \
cutoffs_pro      0.4  0.5         0.7            0.3             0.4     0.2   
cutoffs_aa       0.1  0.1         0.1            0.1             0.1     0.1   

             chloroplast  Thylakoid  
cutoffs_pro          0.6        0.9  
cutoffs_aa           0.1        0.1  
===========================================

 Jaccard Index (protein): 

                       0
Nucleus         0.661985
ER              0.961394
Peroxisome      0.688483
Mitochondrion   0.802072
Nucleus_export  0.137386
SIGNAL          0.964224
chloroplast     0.537198
Thylakoid       0.000000
===========================================

 cs acc: 

                       0
Nucleus         0.016529
ER              0.000000
Peroxisome      0.000000
Mitochondrion   0.484277
Nucleus_export  0.000000
SIGNAL          0.872274
chloroplast     0.356164
Thylakoid       0.777778
===========================================

 Class prediction performance: 

                roc_auc_score  average_precision_score  matthews_corrcoef  \
Nucleus              0.977855                 0.821018           0.768379   
ER                   0.997082                 0.792752           0.921299   
Peroxisome           0.999411                 0.944568           0.787130   
Mitochondrion        0.966158                 0.965435           0.947602   
Nucleus_export       0.901163                 0.235636           0.258443   
SIGNAL               0.994182                 0.995797           0.932450   
chloroplast          0.984283                 0.956423           0.932735   
Thylakoid            0.997243                 0.687183           0.799869   

                recall_score  precision_score  f1_score  
Nucleus             0.801653         0.788618  0.795082  
ER                  1.000000         0.852941  0.920635  
Peroxisome          0.692308         0.900000  0.782609  
Mitochondrion       0.911950         1.000000  0.953947  
Nucleus_export      0.320000         0.242424  0.275862  
SIGNAL              0.978193         0.969136  0.973643  
chloroplast         0.917808         0.957143  0.937063  
Thylakoid           1.000000         0.642857  0.782609  
===================Test protein results constrain: True========================

 optimized cutoffs: 

             Nucleus   ER  Peroxisome  Mitochondrion  Nucleus_export  SIGNAL  \
cutoffs_pro      0.4  0.5         0.7            0.3             0.4     0.2   
cutoffs_aa       0.1  0.1         0.1            0.1             0.1     0.1   

             chloroplast  Thylakoid  
cutoffs_pro          0.6        0.9  
cutoffs_aa           0.1        0.1  
===========================================

 Jaccard Index (protein): 

                       0
Nucleus         0.552360
ER              0.961394
Peroxisome      0.535365
Mitochondrion   0.789752
Nucleus_export  0.058010
SIGNAL          0.947763
chloroplast     0.537198
Thylakoid       0.000000
===========================================

 cs acc: 

                       0
Nucleus         0.010309
ER              0.000000
Peroxisome      0.000000
Mitochondrion   0.531034
Nucleus_export  0.000000
SIGNAL          0.882166
chloroplast     0.388060
Thylakoid       0.777778
===========================================

 Class prediction performance: 

                roc_auc_score  average_precision_score  matthews_corrcoef  \
Nucleus              0.977855                 0.821018           0.768379   
ER                   0.997082                 0.792752           0.921299   
Peroxisome           0.999411                 0.944568           0.787130   
Mitochondrion        0.966158                 0.965435           0.947602   
Nucleus_export       0.901163                 0.235636           0.258443   
SIGNAL               0.994182                 0.995797           0.932450   
chloroplast          0.984283                 0.956423           0.932735   
Thylakoid            0.997243                 0.687183           0.799869   

                recall_score  precision_score  f1_score  
Nucleus             0.801653         0.788618  0.795082  
ER                  1.000000         0.852941  0.920635  
Peroxisome          0.692308         0.900000  0.782609  
Mitochondrion       0.911950         1.000000  0.953947  
Nucleus_export      0.320000         0.242424  0.275862  
SIGNAL              0.978193         0.969136  0.973643  
chloroplast         0.917808         0.957143  0.937063  
Thylakoid           1.000000         0.642857  0.782609  




Comparable Test Data
-------------------------------

===================Test protein results constrain: False========================

 optimized cutoffs: 

             Nucleus   ER  Peroxisome  Mitochondrion  Nucleus_export  SIGNAL  \
cutoffs_pro      0.4  0.5         0.7            0.3             0.4     0.2   
cutoffs_aa       0.1  0.1         0.1            0.1             0.1     0.1   

             chloroplast  Thylakoid  
cutoffs_pro          0.6        0.9  
cutoffs_aa           0.1        0.1  
===========================================

 Jaccard Index (protein): 

                       0
Nucleus         0.934945
ER                   NaN
Peroxisome           NaN
Mitochondrion        NaN
Nucleus_export  0.000000
SIGNAL               NaN
chloroplast          NaN
Thylakoid            NaN
===========================================

 cs acc: 

                  0
Nucleus         0.0
ER              NaN
Peroxisome      NaN
Mitochondrion   NaN
Nucleus_export  0.0
SIGNAL          NaN
chloroplast     NaN
Thylakoid       NaN
===========================================

 Class prediction performance: 

                roc_auc_score  average_precision_score  matthews_corrcoef  \
Nucleus              0.833333                 0.833333           0.408248   
ER                        NaN                -0.000000           0.000000   
Peroxisome                NaN                -0.000000           0.000000   
Mitochondrion             NaN                -0.000000           0.000000   
Nucleus_export            NaN                 1.000000           0.000000   
SIGNAL                    NaN                -0.000000           0.000000   
chloroplast               NaN                -0.000000           0.000000   
Thylakoid                 NaN                -0.000000           0.000000   

                recall_score  precision_score  f1_score  
Nucleus                  1.0              0.5  0.666667  
ER                       0.0              0.0  0.000000  
Peroxisome               0.0              0.0  0.000000  
Mitochondrion            0.0              0.0  0.000000  
Nucleus_export           0.4              1.0  0.571429  
SIGNAL                   0.0              0.0  0.000000  
chloroplast              0.0              0.0  0.000000  
Thylakoid                0.0              0.0  0.000000  
===================Test protein results constrain: True========================

 optimized cutoffs: 

             Nucleus   ER  Peroxisome  Mitochondrion  Nucleus_export  SIGNAL  \
cutoffs_pro      0.4  0.5         0.7            0.3             0.4     0.2   
cutoffs_aa       0.1  0.1         0.1            0.1             0.1     0.1   

             chloroplast  Thylakoid  
cutoffs_pro          0.6        0.9  
cutoffs_aa           0.1        0.1  
===========================================

 Jaccard Index (protein): 

                       0
Nucleus         0.934945
ER                   NaN
Peroxisome           NaN
Mitochondrion        NaN
Nucleus_export  0.000000
SIGNAL               NaN
chloroplast          NaN
Thylakoid            NaN
===========================================

 cs acc: 

                  0
Nucleus         0.0
ER              NaN
Peroxisome      NaN
Mitochondrion   NaN
Nucleus_export  0.0
SIGNAL          NaN
chloroplast     NaN
Thylakoid       NaN
===========================================

 Class prediction performance: 

                roc_auc_score  average_precision_score  matthews_corrcoef  \
Nucleus              0.833333                 0.833333           0.408248   
ER                        NaN                -0.000000           0.000000   
Peroxisome                NaN                -0.000000           0.000000   
Mitochondrion             NaN                -0.000000           0.000000   
Nucleus_export            NaN                 1.000000           0.000000   
SIGNAL                    NaN                -0.000000           0.000000   
chloroplast               NaN                -0.000000           0.000000   
Thylakoid                 NaN                -0.000000           0.000000   

                recall_score  precision_score  f1_score  
Nucleus                  1.0              0.5  0.666667  
ER                       0.0              0.0  0.000000  
Peroxisome               0.0              0.0  0.000000  
Mitochondrion            0.0              0.0  0.000000  
Nucleus_export           0.4              1.0  0.571429  
SIGNAL                   0.0              0.0  0.000000  
chloroplast              0.0              0.0  0.000000  
Thylakoid                0.0              0.0  0.000000  
