use k-fold index: 0

Done Loading data

number of steps for training data: 197

number of steps for valid data: 67

number of steps for test data: 67

Done initialize tokenizer

trainable params: 39960718 || all params: 652959779 || trainable%: 6.119935604793201

Done initialize model

preparing optimizer is done

number of train steps per epoch: 197

Start training...

Fold 0 Epoch 1 train...
-------------------------------

0 loss: 0.980083  [   16/ 3165]

0 class loss: 0.064339 position_loss:0.915744

30 loss: 1.006183  [  496/ 3165]

30 class loss: 0.081048 position_loss:0.925134

60 loss: 0.941867  [  976/ 3165]

60 class loss: 0.023768 position_loss:0.918099

90 loss: 0.952268  [ 1456/ 3165]

90 class loss: 0.029677 position_loss:0.922591

120 loss: 0.930488  [ 1936/ 3165]

120 class loss: 0.015999 position_loss:0.914489

150 loss: 1.039868  [ 2416/ 3165]

150 class loss: 0.116972 position_loss:0.922896

180 loss: 0.948040  [ 2896/ 3165]

180 class loss: 0.020740 position_loss:0.927300

Epoch 1: train loss: 0.968275

Fold 0 Epoch 1 validation...
-------------------------------

number of test steps per epoch: 67

Epoch 1: valid loss:0.968871

Epoch 1: valid_class_loss:0.051067	valid_position_loss:0.917804

Epoch 1: valid loss 0.9688707059131173 smaller than best loss inf
-------------------------------

Epoch 1: A better checkpoint is saved into /content/MUTargetCLEAN0513/result_nosupcon/cnnlinear_decoder/cnn2linear_c32_k7_drop0.3/2024-05-17__01-37-23/checkpoints/best_model.pth 
-------------------------------

Fold 0 Epoch 2 train...
-------------------------------

197 loss: 1.012078  [   16/ 3165]

197 class loss: 0.080617 position_loss:0.931461

227 loss: 0.952207  [  496/ 3165]

227 class loss: 0.033587 position_loss:0.918620

257 loss: 0.961037  [  976/ 3165]

257 class loss: 0.039974 position_loss:0.921063

287 loss: 1.034706  [ 1456/ 3165]

287 class loss: 0.109354 position_loss:0.925352

317 loss: 0.948702  [ 1936/ 3165]

317 class loss: 0.029963 position_loss:0.918739

347 loss: 0.971145  [ 2416/ 3165]

347 class loss: 0.040222 position_loss:0.930923

377 loss: 0.940553  [ 2896/ 3165]

377 class loss: 0.027484 position_loss:0.913069

Epoch 2: train loss: 0.968340

Fold 0 Epoch 2 validation...
-------------------------------

number of test steps per epoch: 67

Epoch 2: valid loss:0.968858

Epoch 2: valid_class_loss:0.051069	valid_position_loss:0.917789

Epoch 2: valid loss 0.9688582401021105 smaller than best loss 0.9688707059131173
-------------------------------

Epoch 2: A better checkpoint is saved into /content/MUTargetCLEAN0513/result_nosupcon/cnnlinear_decoder/cnn2linear_c32_k7_drop0.3/2024-05-17__01-37-23/checkpoints/best_model.pth 
-------------------------------

Fold 0 Epoch 3 train...
-------------------------------

394 loss: 0.939113  [   16/ 3165]

394 class loss: 0.020822 position_loss:0.918290

424 loss: 0.938336  [  496/ 3165]

424 class loss: 0.020859 position_loss:0.917477

454 loss: 0.945173  [  976/ 3165]

454 class loss: 0.023625 position_loss:0.921548

484 loss: 0.988954  [ 1456/ 3165]

484 class loss: 0.066159 position_loss:0.922795

514 loss: 0.971657  [ 1936/ 3165]

514 class loss: 0.041750 position_loss:0.929906

544 loss: 0.948466  [ 2416/ 3165]

544 class loss: 0.025613 position_loss:0.922852

574 loss: 0.989709  [ 2896/ 3165]

574 class loss: 0.072017 position_loss:0.917692

Epoch 3: train loss: 0.968342

Fold 0 Epoch 3 validation...
-------------------------------

number of test steps per epoch: 67

Epoch 3: valid loss:0.969285

Epoch 3: valid_class_loss:0.051629	valid_position_loss:0.917656

Fold 0 Epoch 4 train...
-------------------------------

591 loss: 0.946606  [   16/ 3165]

591 class loss: 0.029334 position_loss:0.917272

621 loss: 0.979561  [  496/ 3165]

621 class loss: 0.068341 position_loss:0.911219

651 loss: 0.969550  [  976/ 3165]

651 class loss: 0.042468 position_loss:0.927082

681 loss: 0.994179  [ 1456/ 3165]

681 class loss: 0.071250 position_loss:0.922929

711 loss: 1.021856  [ 1936/ 3165]

711 class loss: 0.100753 position_loss:0.921103

741 loss: 0.952103  [ 2416/ 3165]

741 class loss: 0.034197 position_loss:0.917906

771 loss: 0.985317  [ 2896/ 3165]

771 class loss: 0.054500 position_loss:0.930817

Epoch 4: train loss: 0.968396

Fold 0 Epoch 4 validation...
-------------------------------

number of test steps per epoch: 67

Epoch 4: valid loss:0.970024

Epoch 4: valid_class_loss:0.052249	valid_position_loss:0.917775

Fold 0 Epoch 5 train...
-------------------------------

788 loss: 0.948755  [   16/ 3165]

788 class loss: 0.027633 position_loss:0.921123

818 loss: 0.957136  [  496/ 3165]

818 class loss: 0.034978 position_loss:0.922158

848 loss: 0.971174  [  976/ 3165]

848 class loss: 0.037438 position_loss:0.933735

878 loss: 0.963029  [ 1456/ 3165]

878 class loss: 0.046978 position_loss:0.916051

908 loss: 0.942878  [ 1936/ 3165]

908 class loss: 0.025089 position_loss:0.917789

938 loss: 0.963971  [ 2416/ 3165]

938 class loss: 0.029057 position_loss:0.934914

968 loss: 0.995980  [ 2896/ 3165]

968 class loss: 0.080106 position_loss:0.915874

Epoch 5: train loss: 0.968176

Fold 0 Epoch 5 validation...
-------------------------------

number of test steps per epoch: 67

Epoch 5: valid loss:0.968792

Epoch 5: valid_class_loss:0.050999	valid_position_loss:0.917793

Epoch 5: valid loss 0.9687923639538497 smaller than best loss 0.9688582401021105
-------------------------------

Epoch 5: A better checkpoint is saved into /content/MUTargetCLEAN0513/result_nosupcon/cnnlinear_decoder/cnn2linear_c32_k7_drop0.3/2024-05-17__01-37-23/checkpoints/best_model.pth 
-------------------------------

Fold 0 Epoch 6 train...
-------------------------------

985 loss: 0.943391  [   16/ 3165]

985 class loss: 0.025702 position_loss:0.917689

1015 loss: 0.949532  [  496/ 3165]

1015 class loss: 0.025727 position_loss:0.923804

1045 loss: 0.956994  [  976/ 3165]

1045 class loss: 0.031340 position_loss:0.925654

1075 loss: 0.952120  [ 1456/ 3165]

1075 class loss: 0.033846 position_loss:0.918275

1105 loss: 0.965392  [ 1936/ 3165]

1105 class loss: 0.034845 position_loss:0.930548

1135 loss: 0.934658  [ 2416/ 3165]

1135 class loss: 0.022745 position_loss:0.911913

1165 loss: 0.969866  [ 2896/ 3165]

1165 class loss: 0.042890 position_loss:0.926975

Epoch 6: train loss: 0.968024

Fold 0 Epoch 6 validation...
-------------------------------

number of test steps per epoch: 67

Epoch 6: valid loss:0.968983

Epoch 6: valid_class_loss:0.051117	valid_position_loss:0.917866

Fold 0 Epoch 7 train...
-------------------------------

1182 loss: 0.974458  [   16/ 3165]

1182 class loss: 0.056944 position_loss:0.917514

1212 loss: 1.017390  [  496/ 3165]

1212 class loss: 0.098091 position_loss:0.919299

1242 loss: 0.983454  [  976/ 3165]

1242 class loss: 0.063999 position_loss:0.919455

1272 loss: 0.961930  [ 1456/ 3165]

1272 class loss: 0.041842 position_loss:0.920088

1302 loss: 0.939243  [ 1936/ 3165]

1302 class loss: 0.020348 position_loss:0.918896

1332 loss: 0.949888  [ 2416/ 3165]

1332 class loss: 0.018971 position_loss:0.930917

1362 loss: 0.931522  [ 2896/ 3165]

1362 class loss: 0.019879 position_loss:0.911642

Epoch 7: train loss: 0.968401

Fold 0 Epoch 7 validation...
-------------------------------

number of test steps per epoch: 67

Epoch 7: valid loss:0.969145

Epoch 7: valid_class_loss:0.051381	valid_position_loss:0.917764

Fold 0 Epoch 8 train...
-------------------------------

1379 loss: 1.006822  [   16/ 3165]

1379 class loss: 0.083761 position_loss:0.923061

1409 loss: 0.969189  [  496/ 3165]

1409 class loss: 0.051641 position_loss:0.917548

1439 loss: 0.963472  [  976/ 3165]

1439 class loss: 0.029454 position_loss:0.934018

1469 loss: 0.975681  [ 1456/ 3165]

1469 class loss: 0.060073 position_loss:0.915608

1499 loss: 0.947287  [ 1936/ 3165]

1499 class loss: 0.027071 position_loss:0.920216

1529 loss: 0.958240  [ 2416/ 3165]

1529 class loss: 0.034939 position_loss:0.923301

1559 loss: 0.951561  [ 2896/ 3165]

1559 class loss: 0.038512 position_loss:0.913049

Epoch 8: train loss: 0.968376

Fold 0 Epoch 8 validation...
-------------------------------

number of test steps per epoch: 67

Epoch 8: valid loss:0.969837

Epoch 8: valid_class_loss:0.052000	valid_position_loss:0.917836

Fold 0 Epoch 9 train...
-------------------------------

1576 loss: 0.961147  [   16/ 3165]

1576 class loss: 0.035504 position_loss:0.925643

1606 loss: 1.014367  [  496/ 3165]

1606 class loss: 0.087704 position_loss:0.926663

1636 loss: 0.983495  [  976/ 3165]

1636 class loss: 0.066795 position_loss:0.916700

1666 loss: 0.984114  [ 1456/ 3165]

1666 class loss: 0.065305 position_loss:0.918809

1696 loss: 0.950874  [ 1936/ 3165]

1696 class loss: 0.027524 position_loss:0.923351

1726 loss: 0.977664  [ 2416/ 3165]

1726 class loss: 0.051761 position_loss:0.925904

1756 loss: 0.974714  [ 2896/ 3165]

1756 class loss: 0.042440 position_loss:0.932274

Epoch 9: train loss: 0.968090

Fold 0 Epoch 9 validation...
-------------------------------

number of test steps per epoch: 67

Epoch 9: valid loss:0.968807

Epoch 9: valid_class_loss:0.051170	valid_position_loss:0.917637

Fold 0 Epoch 10 train...
-------------------------------

1773 loss: 0.989244  [   16/ 3165]

1773 class loss: 0.070029 position_loss:0.919216

1803 loss: 0.953151  [  496/ 3165]

1803 class loss: 0.032545 position_loss:0.920606

1833 loss: 0.957782  [  976/ 3165]

1833 class loss: 0.043613 position_loss:0.914169

1863 loss: 0.982268  [ 1456/ 3165]

1863 class loss: 0.057216 position_loss:0.925052

1893 loss: 0.931262  [ 1936/ 3165]

1893 class loss: 0.015994 position_loss:0.915269

1923 loss: 0.976397  [ 2416/ 3165]

1923 class loss: 0.057964 position_loss:0.918433

1953 loss: 0.943000  [ 2896/ 3165]

1953 class loss: 0.023644 position_loss:0.919356

Epoch 10: train loss: 0.968305

Fold 0 Epoch 10 validation...
-------------------------------

number of test steps per epoch: 67

Epoch 10: valid loss:0.970188

Epoch 10: valid_class_loss:0.052239	valid_position_loss:0.917949

Fold 0 Epoch 11 train...
-------------------------------

1970 loss: 0.949669  [   16/ 3165]

1970 class loss: 0.026162 position_loss:0.923506

2000 loss: 0.946748  [  496/ 3165]

2000 class loss: 0.025122 position_loss:0.921626

2030 loss: 1.027399  [  976/ 3165]

2030 class loss: 0.099694 position_loss:0.927705

2060 loss: 0.948720  [ 1456/ 3165]

2060 class loss: 0.023225 position_loss:0.925495

2090 loss: 0.966080  [ 1936/ 3165]

2090 class loss: 0.044478 position_loss:0.921602

2120 loss: 0.974670  [ 2416/ 3165]

2120 class loss: 0.056845 position_loss:0.917825

2150 loss: 0.955433  [ 2896/ 3165]

2150 class loss: 0.034697 position_loss:0.920736

Epoch 11: train loss: 0.968070

Fold 0 Epoch 11 validation...
-------------------------------

number of test steps per epoch: 67

Epoch 11: valid loss:0.968928

Epoch 11: valid_class_loss:0.051069	valid_position_loss:0.917860

Fold 0 Epoch 12 train...
-------------------------------

2167 loss: 0.963024  [   16/ 3165]

2167 class loss: 0.046253 position_loss:0.916771

2197 loss: 1.012557  [  496/ 3165]

2197 class loss: 0.081426 position_loss:0.931131

2227 loss: 1.008166  [  976/ 3165]

2227 class loss: 0.089294 position_loss:0.918873

2257 loss: 0.955766  [ 1456/ 3165]

2257 class loss: 0.038443 position_loss:0.917323

2287 loss: 0.960120  [ 1936/ 3165]

2287 class loss: 0.036166 position_loss:0.923954

2317 loss: 0.984624  [ 2416/ 3165]

2317 class loss: 0.065445 position_loss:0.919179

2347 loss: 0.958856  [ 2896/ 3165]

2347 class loss: 0.037074 position_loss:0.921782

Epoch 12: train loss: 0.968217

Fold 0 Epoch 12 validation...
-------------------------------

number of test steps per epoch: 67

Epoch 12: valid loss:0.969627

Epoch 12: valid_class_loss:0.051534	valid_position_loss:0.918094

Fold 0 Epoch 13 train...
-------------------------------

2364 loss: 0.962581  [   16/ 3165]

2364 class loss: 0.034044 position_loss:0.928536

2394 loss: 0.954366  [  496/ 3165]

2394 class loss: 0.033883 position_loss:0.920484

2424 loss: 0.970101  [  976/ 3165]

2424 class loss: 0.049861 position_loss:0.920240

2454 loss: 0.948812  [ 1456/ 3165]

2454 class loss: 0.028557 position_loss:0.920255

2484 loss: 0.956599  [ 1936/ 3165]

2484 class loss: 0.035385 position_loss:0.921213

2514 loss: 0.969042  [ 2416/ 3165]

2514 class loss: 0.041413 position_loss:0.927629

2544 loss: 0.972734  [ 2896/ 3165]

2544 class loss: 0.048740 position_loss:0.923994

Epoch 13: train loss: 0.968387

Fold 0 Epoch 13 validation...
-------------------------------

number of test steps per epoch: 67

Epoch 13: valid loss:0.969044

Epoch 13: valid_class_loss:0.051000	valid_position_loss:0.918044

Fold 0 Epoch 14 train...
-------------------------------

2561 loss: 0.950216  [   16/ 3165]

2561 class loss: 0.036114 position_loss:0.914101

2591 loss: 0.943916  [  496/ 3165]

2591 class loss: 0.020288 position_loss:0.923627

2621 loss: 0.949390  [  976/ 3165]

2621 class loss: 0.033550 position_loss:0.915839

2651 loss: 0.956265  [ 1456/ 3165]

2651 class loss: 0.025164 position_loss:0.931102

2681 loss: 0.980310  [ 1936/ 3165]

2681 class loss: 0.051024 position_loss:0.929286

2711 loss: 0.960399  [ 2416/ 3165]

2711 class loss: 0.035183 position_loss:0.925216

2741 loss: 0.977694  [ 2896/ 3165]

2741 class loss: 0.050056 position_loss:0.927638

Epoch 14: train loss: 0.968430

Fold 0 Epoch 14 validation...
-------------------------------

number of test steps per epoch: 67

Epoch 14: valid loss:0.968998

Epoch 14: valid_class_loss:0.051285	valid_position_loss:0.917713

Fold 0 Epoch 15 train...
-------------------------------

2758 loss: 0.981711  [   16/ 3165]

2758 class loss: 0.059321 position_loss:0.922389

2788 loss: 0.958192  [  496/ 3165]

2788 class loss: 0.044382 position_loss:0.913809

2818 loss: 0.990943  [  976/ 3165]

2818 class loss: 0.052003 position_loss:0.938940

2848 loss: 0.942728  [ 1456/ 3165]

2848 class loss: 0.027062 position_loss:0.915666

2878 loss: 0.947416  [ 1936/ 3165]

2878 class loss: 0.027867 position_loss:0.919550

2908 loss: 0.945390  [ 2416/ 3165]

2908 class loss: 0.032893 position_loss:0.912496

2938 loss: 0.954791  [ 2896/ 3165]

2938 class loss: 0.038879 position_loss:0.915912

Epoch 15: train loss: 0.968430

Fold 0 Epoch 15 validation...
-------------------------------

number of test steps per epoch: 67

Epoch 15: valid loss:0.968605

Epoch 15: valid_class_loss:0.050911	valid_position_loss:0.917694

Epoch 15: valid loss 0.9686052323742754 smaller than best loss 0.9687923639538497
-------------------------------

Epoch 15: A better checkpoint is saved into /content/MUTargetCLEAN0513/result_nosupcon/cnnlinear_decoder/cnn2linear_c32_k7_drop0.3/2024-05-17__01-37-23/checkpoints/best_model.pth 
-------------------------------

Fold 0 Epoch 16 train...
-------------------------------

2955 loss: 0.954348  [   16/ 3165]

2955 class loss: 0.032478 position_loss:0.921870

2985 loss: 0.954249  [  496/ 3165]

2985 class loss: 0.030956 position_loss:0.923293

3015 loss: 0.987388  [  976/ 3165]

3015 class loss: 0.071742 position_loss:0.915646

3045 loss: 0.967140  [ 1456/ 3165]

3045 class loss: 0.044951 position_loss:0.922189

3075 loss: 0.943511  [ 1936/ 3165]

3075 class loss: 0.025681 position_loss:0.917830

3105 loss: 0.932490  [ 2416/ 3165]

3105 class loss: 0.015944 position_loss:0.916546

3135 loss: 0.955201  [ 2896/ 3165]

3135 class loss: 0.030645 position_loss:0.924555

Epoch 16: train loss: 0.968203

Fold 0 Epoch 16 validation...
-------------------------------

number of test steps per epoch: 67

Epoch 16: valid loss:0.968750

Epoch 16: valid_class_loss:0.051047	valid_position_loss:0.917703

Fold 0 Epoch 17 train...
-------------------------------

3152 loss: 0.955077  [   16/ 3165]

3152 class loss: 0.038491 position_loss:0.916587

3182 loss: 0.989852  [  496/ 3165]

3182 class loss: 0.060709 position_loss:0.929144

3212 loss: 0.977532  [  976/ 3165]

3212 class loss: 0.062876 position_loss:0.914656

3242 loss: 0.966031  [ 1456/ 3165]

3242 class loss: 0.043209 position_loss:0.922822

3272 loss: 0.958598  [ 1936/ 3165]

3272 class loss: 0.023785 position_loss:0.934813

3302 loss: 0.956428  [ 2416/ 3165]

3302 class loss: 0.020866 position_loss:0.935562

3332 loss: 1.022974  [ 2896/ 3165]

3332 class loss: 0.102275 position_loss:0.920699

Epoch 17: train loss: 0.968464

Fold 0 Epoch 17 validation...
-------------------------------

number of test steps per epoch: 67

Epoch 17: valid loss:0.969526

Epoch 17: valid_class_loss:0.051612	valid_position_loss:0.917914

Fold 0 Epoch 18 train...
-------------------------------

3349 loss: 0.944701  [   16/ 3165]

3349 class loss: 0.026353 position_loss:0.918347

3379 loss: 0.782689  [  496/ 3165]

3379 class loss: 0.046331 position_loss:0.736358

3409 loss: 0.662185  [  976/ 3165]

3409 class loss: 0.017792 position_loss:0.644392

3439 loss: 0.573769  [ 1456/ 3165]

3439 class loss: 0.057737 position_loss:0.516031

3469 loss: 0.406422  [ 1936/ 3165]

3469 class loss: 0.070309 position_loss:0.336113

3499 loss: 0.237410  [ 2416/ 3165]

3499 class loss: 0.013415 position_loss:0.223995

3529 loss: 0.191326  [ 2896/ 3165]

3529 class loss: 0.018426 position_loss:0.172900

Epoch 18: train loss: 0.511289

Fold 0 Epoch 18 validation...
-------------------------------

number of test steps per epoch: 67

Epoch 18: valid loss:0.203106

Epoch 18: valid_class_loss:0.038508	valid_position_loss:0.164597

Epoch 18: valid loss 0.2031055587924818 smaller than best loss 0.9686052323742754
-------------------------------

Epoch 18: A better checkpoint is saved into /content/MUTargetCLEAN0513/result_nosupcon/cnnlinear_decoder/cnn2linear_c32_k7_drop0.3/2024-05-17__01-37-23/checkpoints/best_model.pth 
-------------------------------

Fold 0 Epoch 19 train...
-------------------------------

3546 loss: 0.197227  [   16/ 3165]

3546 class loss: 0.043200 position_loss:0.154027

3576 loss: 0.138121  [  496/ 3165]

3576 class loss: 0.021078 position_loss:0.117043

3606 loss: 0.148721  [  976/ 3165]

3606 class loss: 0.025002 position_loss:0.123719

3636 loss: 0.120836  [ 1456/ 3165]

3636 class loss: 0.021452 position_loss:0.099385

3666 loss: 0.128205  [ 1936/ 3165]

3666 class loss: 0.032370 position_loss:0.095834

3696 loss: 0.117917  [ 2416/ 3165]

3696 class loss: 0.031478 position_loss:0.086439

3726 loss: 0.125792  [ 2896/ 3165]

3726 class loss: 0.029603 position_loss:0.096189

Epoch 19: train loss: 0.144092

Fold 0 Epoch 19 validation...
-------------------------------

number of test steps per epoch: 67

Epoch 19: valid loss:0.113534

Epoch 19: valid_class_loss:0.032974	valid_position_loss:0.080560

Epoch 19: valid loss 0.11353361894418576 smaller than best loss 0.2031055587924818
-------------------------------

Epoch 19: A better checkpoint is saved into /content/MUTargetCLEAN0513/result_nosupcon/cnnlinear_decoder/cnn2linear_c32_k7_drop0.3/2024-05-17__01-37-23/checkpoints/best_model.pth 
-------------------------------

Fold 0 Epoch 20 train...
-------------------------------

3743 loss: 0.135487  [   16/ 3165]

3743 class loss: 0.031205 position_loss:0.104282

3773 loss: 0.079910  [  496/ 3165]

3773 class loss: 0.017093 position_loss:0.062817

3803 loss: 0.080599  [  976/ 3165]

3803 class loss: 0.016544 position_loss:0.064055

3833 loss: 0.141583  [ 1456/ 3165]

3833 class loss: 0.048237 position_loss:0.093346

3863 loss: 0.101034  [ 1936/ 3165]

3863 class loss: 0.032551 position_loss:0.068483

3893 loss: 0.080207  [ 2416/ 3165]

3893 class loss: 0.028583 position_loss:0.051624

3923 loss: 0.110381  [ 2896/ 3165]

3923 class loss: 0.047465 position_loss:0.062916

Epoch 20: train loss: 0.098251

Fold 0 Epoch 20 validation...
-------------------------------

number of test steps per epoch: 67

Epoch 20: valid loss:0.090141

Epoch 20: valid_class_loss:0.031514	valid_position_loss:0.058628

Epoch 20: valid loss 0.09014120943228932 smaller than best loss 0.11353361894418576
-------------------------------

Epoch 20: A better checkpoint is saved into /content/MUTargetCLEAN0513/result_nosupcon/cnnlinear_decoder/cnn2linear_c32_k7_drop0.3/2024-05-17__01-37-23/checkpoints/best_model.pth 
-------------------------------

Loading checkpoint from /content/MUTargetCLEAN0513/result_nosupcon/cnnlinear_decoder/cnn2linear_c32_k7_drop0.3/2024-05-17__01-37-23/checkpoints/best_model.pth

Fold 0 test
-------------------------------

number of evaluateion steps: 67

===========================================

 Jaccard Index (protein): 

                     0.1       0.2       0.3       0.4       0.5       0.6  \
Nucleus         0.603373  0.659667  0.677637  0.636371  0.611315  0.574932   
ER              0.000000  0.000000  0.000000  0.000000  0.000000  0.000000   
Peroxisome      0.000000  0.000000  0.000000  0.000000  0.000000  0.000000   
Mitochondrion   0.000000  0.000000  0.000000  0.000000  0.000000  0.000000   
Nucleus_export  0.000000  0.000000  0.000000  0.000000  0.000000  0.000000   
SIGNAL          0.919369  0.705223  0.101234  0.001558  0.000000  0.000000   
chloroplast     0.000000  0.000000  0.000000  0.000000  0.000000  0.000000   
Thylakoid       0.000000  0.000000  0.000000  0.000000  0.000000  0.000000   

                     0.7       0.8      0.9  
Nucleus         0.549925  0.528117  0.44018  
ER              0.000000  0.000000  0.00000  
Peroxisome      0.000000  0.000000  0.00000  
Mitochondrion   0.000000  0.000000  0.00000  
Nucleus_export  0.000000  0.000000  0.00000  
SIGNAL          0.000000  0.000000  0.00000  
chloroplast     0.000000  0.000000  0.00000  
Thylakoid       0.000000  0.000000  0.00000  
===========================================

 cs acc: 

                     0.1       0.2       0.3       0.4       0.5       0.6  \
Nucleus         0.041322  0.041322  0.041322  0.041322  0.041322  0.041322   
ER              0.000000  0.000000  0.000000  0.000000  0.000000  0.000000   
Peroxisome      0.000000  0.000000  0.000000  0.000000  0.000000  0.000000   
Mitochondrion   0.094340  0.094340  0.094340  0.094340  0.094340  0.094340   
Nucleus_export  0.000000  0.000000  0.000000  0.000000  0.000000  0.000000   
SIGNAL          0.884735  0.884735  0.884735  0.884735  0.884735  0.884735   
chloroplast     0.136986  0.136986  0.136986  0.136986  0.136986  0.136986   
Thylakoid       0.222222  0.222222  0.222222  0.222222  0.222222  0.222222   

                     0.7       0.8       0.9  
Nucleus         0.041322  0.041322  0.041322  
ER              0.000000  0.000000  0.000000  
Peroxisome      0.000000  0.000000  0.000000  
Mitochondrion   0.094340  0.094340  0.094340  
Nucleus_export  0.000000  0.000000  0.000000  
SIGNAL          0.884735  0.884735  0.884735  
chloroplast     0.136986  0.136986  0.136986  
Thylakoid       0.222222  0.222222  0.222222  
===========================================

 Class prediction performance (Nucleus): 

                              0.1       0.2       0.3       0.4       0.5  \
roc_auc_score            0.902274  0.902274  0.902274  0.902274  0.902274   
average_precision_score  0.513495  0.513495  0.513495  0.513495  0.513495   
matthews_corrcoef        0.000000  0.000000 -0.027166  0.000000  0.000000   
recall_score             1.000000  1.000000  0.000000  0.000000  0.000000   
precision_score          0.114475  0.114475  0.000000  0.000000  0.000000   
f1_score                 0.205433  0.205433  0.000000  0.000000  0.000000   

                              0.6       0.7       0.8       0.9  
roc_auc_score            0.902274  0.902274  0.902274  0.902274  
average_precision_score  0.513495  0.513495  0.513495  0.513495  
matthews_corrcoef        0.000000  0.000000  0.000000  0.000000  
recall_score             0.000000  0.000000  0.000000  0.000000  
precision_score          0.000000  0.000000  0.000000  0.000000  
f1_score                 0.000000  0.000000  0.000000  0.000000  
 Class prediction performance (ER): 

                              0.1       0.2       0.3       0.4       0.5  \
roc_auc_score            0.589494  0.589494  0.589494  0.589494  0.589494   
average_precision_score  0.032229  0.032229  0.032229  0.032229  0.032229   
matthews_corrcoef        0.000000  0.081615  0.000000  0.000000  0.000000   
recall_score             1.000000  0.827586  0.000000  0.000000  0.000000   
precision_score          0.027436  0.038585  0.000000  0.000000  0.000000   
f1_score                 0.053407  0.073733  0.000000  0.000000  0.000000   

                              0.6       0.7       0.8       0.9  
roc_auc_score            0.589494  0.589494  0.589494  0.589494  
average_precision_score  0.032229  0.032229  0.032229  0.032229  
matthews_corrcoef        0.000000  0.000000  0.000000  0.000000  
recall_score             0.000000  0.000000  0.000000  0.000000  
precision_score          0.000000  0.000000  0.000000  0.000000  
f1_score                 0.000000  0.000000  0.000000  0.000000  
 Class prediction performance (Peroxisome): 

                              0.1       0.2       0.3       0.4       0.5  \
roc_auc_score            0.490274  0.490274  0.490274  0.490274  0.490274   
average_precision_score  0.017515  0.017515  0.017515  0.017515  0.017515   
matthews_corrcoef        0.000000  0.000000  0.000000  0.000000  0.000000   
recall_score             1.000000  1.000000  0.000000  0.000000  0.000000   
precision_score          0.012299  0.012299  0.000000  0.000000  0.000000   
f1_score                 0.024299  0.024299  0.000000  0.000000  0.000000   

                              0.6       0.7       0.8       0.9  
roc_auc_score            0.490274  0.490274  0.490274  0.490274  
average_precision_score  0.017515  0.017515  0.017515  0.017515  
matthews_corrcoef        0.000000  0.000000  0.000000  0.000000  
recall_score             0.000000  0.000000  0.000000  0.000000  
precision_score          0.000000  0.000000  0.000000  0.000000  
f1_score                 0.000000  0.000000  0.000000  0.000000  
 Class prediction performance (Mitochondrion): 

                              0.1       0.2       0.3       0.4       0.5  \
roc_auc_score            0.724289  0.724289  0.724289  0.724289  0.724289   
average_precision_score  0.265056  0.265056  0.265056  0.265056  0.265056   
matthews_corrcoef        0.000000  0.034915  0.000000  0.000000  0.000000   
recall_score             1.000000  0.031447  0.000000  0.000000  0.000000   
precision_score          0.150426  0.238095  0.000000  0.000000  0.000000   
f1_score                 0.261513  0.055556  0.000000  0.000000  0.000000   

                              0.6       0.7       0.8       0.9  
roc_auc_score            0.724289  0.724289  0.724289  0.724289  
average_precision_score  0.265056  0.265056  0.265056  0.265056  
matthews_corrcoef        0.000000  0.000000  0.000000  0.000000  
recall_score             0.000000  0.000000  0.000000  0.000000  
precision_score          0.000000  0.000000  0.000000  0.000000  
f1_score                 0.000000  0.000000  0.000000  0.000000  
 Class prediction performance (Nucleus_export): 

                              0.1       0.2       0.3       0.4       0.5  \
roc_auc_score            0.819961  0.819961  0.819961  0.819961  0.819961   
average_precision_score  0.074343  0.074343  0.074343  0.074343  0.074343   
matthews_corrcoef        0.000000  0.004790 -0.004790  0.000000  0.000000   
recall_score             1.000000  1.000000  0.000000  0.000000  0.000000   
precision_score          0.023652  0.023674  0.000000  0.000000  0.000000   
f1_score                 0.046211  0.046253  0.000000  0.000000  0.000000   

                              0.6       0.7       0.8       0.9  
roc_auc_score            0.819961  0.819961  0.819961  0.819961  
average_precision_score  0.074343  0.074343  0.074343  0.074343  
matthews_corrcoef        0.000000  0.000000  0.000000  0.000000  
recall_score             0.000000  0.000000  0.000000  0.000000  
precision_score          0.000000  0.000000  0.000000  0.000000  
f1_score                 0.000000  0.000000  0.000000  0.000000  
 Class prediction performance (SIGNAL): 

                              0.1       0.2       0.3       0.4       0.5  \
roc_auc_score            0.721105  0.721105  0.721105  0.721105  0.721105   
average_precision_score  0.734720  0.734720  0.734720  0.734720  0.734720   
matthews_corrcoef        0.000000  0.090593  0.000000  0.000000  0.000000   
recall_score             1.000000  0.144860  0.000000  0.000000  0.000000   
precision_score          0.607379  0.726562  0.000000  0.000000  0.000000   
f1_score                 0.755739  0.241558  0.000000  0.000000  0.000000   

                              0.6       0.7       0.8       0.9  
roc_auc_score            0.721105  0.721105  0.721105  0.721105  
average_precision_score  0.734720  0.734720  0.734720  0.734720  
matthews_corrcoef        0.000000  0.000000  0.000000  0.000000  
recall_score             0.000000  0.000000  0.000000  0.000000  
precision_score          0.000000  0.000000  0.000000  0.000000  
f1_score                 0.000000  0.000000  0.000000  0.000000  
 Class prediction performance (chloroplast): 

                              0.1       0.2       0.3       0.4       0.5  \
roc_auc_score            0.769824  0.769824  0.769824  0.769824  0.769824   
average_precision_score  0.139588  0.139588  0.139588  0.139588  0.139588   
matthews_corrcoef        0.000000  0.000000  0.000000  0.000000  0.000000   
recall_score             1.000000  1.000000  0.000000  0.000000  0.000000   
precision_score          0.069063  0.069063  0.000000  0.000000  0.000000   
f1_score                 0.129204  0.129204  0.000000  0.000000  0.000000   

                              0.6       0.7       0.8       0.9  
roc_auc_score            0.769824  0.769824  0.769824  0.769824  
average_precision_score  0.139588  0.139588  0.139588  0.139588  
matthews_corrcoef        0.000000  0.000000  0.000000  0.000000  
recall_score             0.000000  0.000000  0.000000  0.000000  
precision_score          0.000000  0.000000  0.000000  0.000000  
f1_score                 0.000000  0.000000  0.000000  0.000000  
 Class prediction performance (Thylakoid): 

                              0.1       0.2       0.3       0.4       0.5  \
roc_auc_score            0.648537  0.648537  0.648537  0.648537  0.648537   
average_precision_score  0.014016  0.014016  0.014016  0.014016  0.014016   
matthews_corrcoef        0.000000  0.000000 -0.004035  0.000000  0.000000   
recall_score             1.000000  1.000000  0.000000  0.000000  0.000000   
precision_score          0.008515  0.008515  0.000000  0.000000  0.000000   
f1_score                 0.016886  0.016886  0.000000  0.000000  0.000000   

                              0.6       0.7       0.8       0.9  
roc_auc_score            0.648537  0.648537  0.648537  0.648537  
average_precision_score  0.014016  0.014016  0.014016  0.014016  
matthews_corrcoef        0.000000  0.000000  0.000000  0.000000  
recall_score             0.000000  0.000000  0.000000  0.000000  
precision_score          0.000000  0.000000  0.000000  0.000000  
f1_score                 0.000000  0.000000  0.000000  0.000000  
