use k-fold index: 0

Done Loading data

number of steps for training data: 197

number of steps for valid data: 67

number of steps for test data: 67

Done initialize tokenizer

trainable params: 39950470 || all params: 652949531 || trainable%: 6.118462163349038

Done initialize model

preparing optimizer is done

number of train steps per epoch: 197

Start training...

Fold 0 Epoch 1 train...
-------------------------------

0 loss: 0.800904  [   16/ 3165]

0 class loss: 0.052699 position_loss:0.748205

30 loss: 0.741398  [  496/ 3165]

30 class loss: 0.036124 position_loss:0.705274

60 loss: 0.706613  [  976/ 3165]

60 class loss: 0.063859 position_loss:0.642754

90 loss: 0.565663  [ 1456/ 3165]

90 class loss: 0.060760 position_loss:0.504903

120 loss: 0.405696  [ 1936/ 3165]

120 class loss: 0.022616 position_loss:0.383079

150 loss: 0.328886  [ 2416/ 3165]

150 class loss: 0.039506 position_loss:0.289380

180 loss: 0.181909  [ 2896/ 3165]

180 class loss: 0.017630 position_loss:0.164279

Epoch 1: train loss: 0.516551

Fold 0 Epoch 1 validation...
-------------------------------

number of test steps per epoch: 67

Epoch 1: valid loss:0.158375

Epoch 1: valid_class_loss:0.032246	valid_position_loss:0.126129

Epoch 1: valid loss 0.15837475079925756 smaller than best loss inf
-------------------------------

Epoch 1: A better checkpoint is saved into /mnt/pixstor/data/yz3qt/MUTargetCLEAN0513/result_nosupcon/0531_1/2024-05-31__18-55-03/checkpoints/best_model.pth 
-------------------------------

Epoch 1: valid position loss 0.126129051341882 smaller than best position loss inf
-------------------------------

Epoch 1: A better checkpoint is saved into /mnt/pixstor/data/yz3qt/MUTargetCLEAN0513/result_nosupcon/0531_1/2024-05-31__18-55-03/checkpoints/best_position_model.pth 
-------------------------------

Fold 0 Epoch 2 train...
-------------------------------

197 loss: 0.150297  [   16/ 3165]

197 class loss: 0.030494 position_loss:0.119802

227 loss: 0.141777  [  496/ 3165]

227 class loss: 0.026295 position_loss:0.115482

257 loss: 0.143849  [  976/ 3165]

257 class loss: 0.042867 position_loss:0.100982

287 loss: 0.081002  [ 1456/ 3165]

287 class loss: 0.009432 position_loss:0.071571

317 loss: 0.087995  [ 1936/ 3165]

317 class loss: 0.008941 position_loss:0.079055

347 loss: 0.110805  [ 2416/ 3165]

347 class loss: 0.051638 position_loss:0.059167

377 loss: 0.111309  [ 2896/ 3165]

377 class loss: 0.074436 position_loss:0.036873

Epoch 2: train loss: 0.110196

Fold 0 Epoch 2 validation...
-------------------------------

number of test steps per epoch: 67

Epoch 2: valid loss:0.076092

Epoch 2: valid_class_loss:0.026925	valid_position_loss:0.049167

Epoch 2: valid loss 0.07609237554524459 smaller than best loss 0.15837475079925756
-------------------------------

Epoch 2: A better checkpoint is saved into /mnt/pixstor/data/yz3qt/MUTargetCLEAN0513/result_nosupcon/0531_1/2024-05-31__18-55-03/checkpoints/best_model.pth 
-------------------------------

Epoch 2: valid position loss 0.049167254816810876 smaller than best position loss 0.126129051341882
-------------------------------

Epoch 2: A better checkpoint is saved into /mnt/pixstor/data/yz3qt/MUTargetCLEAN0513/result_nosupcon/0531_1/2024-05-31__18-55-03/checkpoints/best_position_model.pth 
-------------------------------

Fold 0 Epoch 3 train...
-------------------------------

394 loss: 0.072981  [   16/ 3165]

394 class loss: 0.011549 position_loss:0.061432

424 loss: 0.077073  [  496/ 3165]

424 class loss: 0.048211 position_loss:0.028863

454 loss: 0.103392  [  976/ 3165]

454 class loss: 0.058639 position_loss:0.044753

484 loss: 0.052395  [ 1456/ 3165]

484 class loss: 0.027619 position_loss:0.024776

514 loss: 0.037998  [ 1936/ 3165]

514 class loss: 0.007030 position_loss:0.030968

544 loss: 0.043940  [ 2416/ 3165]

544 class loss: 0.006184 position_loss:0.037756

574 loss: 0.030104  [ 2896/ 3165]

574 class loss: 0.006452 position_loss:0.023652

Epoch 3: train loss: 0.057343

Fold 0 Epoch 3 validation...
-------------------------------

number of test steps per epoch: 67

Epoch 3: valid loss:0.047896

Epoch 3: valid_class_loss:0.019859	valid_position_loss:0.028037

Epoch 3: valid loss 0.04789567626471536 smaller than best loss 0.07609237554524459
-------------------------------

Epoch 3: A better checkpoint is saved into /mnt/pixstor/data/yz3qt/MUTargetCLEAN0513/result_nosupcon/0531_1/2024-05-31__18-55-03/checkpoints/best_model.pth 
-------------------------------

Epoch 3: valid position loss 0.028036724979658947 smaller than best position loss 0.049167254816810876
-------------------------------

Epoch 3: A better checkpoint is saved into /mnt/pixstor/data/yz3qt/MUTargetCLEAN0513/result_nosupcon/0531_1/2024-05-31__18-55-03/checkpoints/best_position_model.pth 
-------------------------------

Fold 0 Epoch 4 train...
-------------------------------

591 loss: 0.072794  [   16/ 3165]

591 class loss: 0.029531 position_loss:0.043263

621 loss: 0.042777  [  496/ 3165]

621 class loss: 0.020140 position_loss:0.022638

651 loss: 0.019698  [  976/ 3165]

651 class loss: 0.005704 position_loss:0.013994

681 loss: 0.043316  [ 1456/ 3165]

681 class loss: 0.027761 position_loss:0.015555

711 loss: 0.036687  [ 1936/ 3165]

711 class loss: 0.011341 position_loss:0.025346

741 loss: 0.021857  [ 2416/ 3165]

741 class loss: 0.007506 position_loss:0.014351

771 loss: 0.023811  [ 2896/ 3165]

771 class loss: 0.006779 position_loss:0.017033

Epoch 4: train loss: 0.035941

Fold 0 Epoch 4 validation...
-------------------------------

number of test steps per epoch: 67

Epoch 4: valid loss:0.040655

Epoch 4: valid_class_loss:0.017219	valid_position_loss:0.023436

Epoch 4: valid loss 0.040655083875155824 smaller than best loss 0.04789567626471536
-------------------------------

Epoch 4: A better checkpoint is saved into /mnt/pixstor/data/yz3qt/MUTargetCLEAN0513/result_nosupcon/0531_1/2024-05-31__18-55-03/checkpoints/best_model.pth 
-------------------------------

Epoch 4: valid position loss 0.023436238396352147 smaller than best position loss 0.028036724979658947
-------------------------------

Epoch 4: A better checkpoint is saved into /mnt/pixstor/data/yz3qt/MUTargetCLEAN0513/result_nosupcon/0531_1/2024-05-31__18-55-03/checkpoints/best_position_model.pth 
-------------------------------

Fold 0 Epoch 5 train...
-------------------------------

788 loss: 0.019965  [   16/ 3165]

788 class loss: 0.003868 position_loss:0.016097

818 loss: 0.036546  [  496/ 3165]

818 class loss: 0.010084 position_loss:0.026461

848 loss: 0.087208  [  976/ 3165]

848 class loss: 0.067278 position_loss:0.019930

878 loss: 0.016025  [ 1456/ 3165]

878 class loss: 0.004806 position_loss:0.011219

908 loss: 0.015515  [ 1936/ 3165]

908 class loss: 0.007087 position_loss:0.008427

938 loss: 0.023220  [ 2416/ 3165]

938 class loss: 0.015358 position_loss:0.007863

968 loss: 0.020987  [ 2896/ 3165]

968 class loss: 0.008823 position_loss:0.012164

Epoch 5: train loss: 0.024622

Fold 0 Epoch 5 validation...
-------------------------------

number of test steps per epoch: 67

Epoch 5: valid loss:0.031377

Epoch 5: valid_class_loss:0.015080	valid_position_loss:0.016297

Epoch 5: valid loss 0.031377215402884955 smaller than best loss 0.040655083875155824
-------------------------------

Epoch 5: A better checkpoint is saved into /mnt/pixstor/data/yz3qt/MUTargetCLEAN0513/result_nosupcon/0531_1/2024-05-31__18-55-03/checkpoints/best_model.pth 
-------------------------------

Epoch 5: valid position loss 0.016297176133377892 smaller than best position loss 0.023436238396352147
-------------------------------

Epoch 5: A better checkpoint is saved into /mnt/pixstor/data/yz3qt/MUTargetCLEAN0513/result_nosupcon/0531_1/2024-05-31__18-55-03/checkpoints/best_position_model.pth 
-------------------------------

Fold 0 Epoch 6 train...
-------------------------------

985 loss: 0.016550  [   16/ 3165]

985 class loss: 0.008373 position_loss:0.008177

1015 loss: 0.017512  [  496/ 3165]

1015 class loss: 0.003527 position_loss:0.013985

1045 loss: 0.016252  [  976/ 3165]

1045 class loss: 0.007816 position_loss:0.008436

1075 loss: 0.020596  [ 1456/ 3165]

1075 class loss: 0.004200 position_loss:0.016396

1105 loss: 0.011058  [ 1936/ 3165]

1105 class loss: 0.002967 position_loss:0.008091

1135 loss: 0.020284  [ 2416/ 3165]

1135 class loss: 0.014283 position_loss:0.006001

1165 loss: 0.015049  [ 2896/ 3165]

1165 class loss: 0.006942 position_loss:0.008107

Epoch 6: train loss: 0.016552

Fold 0 Epoch 6 validation...
-------------------------------

number of test steps per epoch: 67

Epoch 6: valid loss:0.037389

Epoch 6: valid_class_loss:0.016475	valid_position_loss:0.020914

Fold 0 Epoch 7 train...
-------------------------------

1182 loss: 0.018744  [   16/ 3165]

1182 class loss: 0.009153 position_loss:0.009591

1212 loss: 0.018579  [  496/ 3165]

1212 class loss: 0.009867 position_loss:0.008712

1242 loss: 0.007899  [  976/ 3165]

1242 class loss: 0.003542 position_loss:0.004357

1272 loss: 0.008254  [ 1456/ 3165]

1272 class loss: 0.005404 position_loss:0.002851

1302 loss: 0.009661  [ 1936/ 3165]

1302 class loss: 0.004004 position_loss:0.005656

1332 loss: 0.004623  [ 2416/ 3165]

1332 class loss: 0.001759 position_loss:0.002864

1362 loss: 0.004643  [ 2896/ 3165]

1362 class loss: 0.001589 position_loss:0.003054

Epoch 7: train loss: 0.011445

Fold 0 Epoch 7 validation...
-------------------------------

number of test steps per epoch: 67

Epoch 7: valid loss:0.037999

Epoch 7: valid_class_loss:0.015232	valid_position_loss:0.022767

Fold 0 Epoch 8 train...
-------------------------------

1379 loss: 0.004821  [   16/ 3165]

1379 class loss: 0.001524 position_loss:0.003297

1409 loss: 0.012549  [  496/ 3165]

1409 class loss: 0.010079 position_loss:0.002471

1439 loss: 0.012026  [  976/ 3165]

1439 class loss: 0.005913 position_loss:0.006113

1469 loss: 0.007380  [ 1456/ 3165]

1469 class loss: 0.003062 position_loss:0.004318

1499 loss: 0.007497  [ 1936/ 3165]

1499 class loss: 0.003769 position_loss:0.003728

1529 loss: 0.005214  [ 2416/ 3165]

1529 class loss: 0.002213 position_loss:0.003000

1559 loss: 0.003674  [ 2896/ 3165]

1559 class loss: 0.000982 position_loss:0.002691

Epoch 8: train loss: 0.008003

Fold 0 Epoch 8 validation...
-------------------------------

number of test steps per epoch: 67

Epoch 8: valid loss:0.047966

Epoch 8: valid_class_loss:0.017061	valid_position_loss:0.030905

Fold 0 Epoch 9 train...
-------------------------------

1576 loss: 0.011638  [   16/ 3165]

1576 class loss: 0.001945 position_loss:0.009694

1606 loss: 0.013819  [  496/ 3165]

1606 class loss: 0.006601 position_loss:0.007218

1636 loss: 0.004886  [  976/ 3165]

1636 class loss: 0.001772 position_loss:0.003113

1666 loss: 0.002666  [ 1456/ 3165]

1666 class loss: 0.000659 position_loss:0.002007

1696 loss: 0.005968  [ 1936/ 3165]

1696 class loss: 0.001881 position_loss:0.004087

1726 loss: 0.006216  [ 2416/ 3165]

1726 class loss: 0.002960 position_loss:0.003256

1756 loss: 0.004283  [ 2896/ 3165]

1756 class loss: 0.000959 position_loss:0.003324

Epoch 9: train loss: 0.006173

Fold 0 Epoch 9 validation...
-------------------------------

number of test steps per epoch: 67

Epoch 9: valid loss:0.046695

Epoch 9: valid_class_loss:0.019312	valid_position_loss:0.027383

Fold 0 Epoch 10 train...
-------------------------------

1773 loss: 0.003955  [   16/ 3165]

1773 class loss: 0.001006 position_loss:0.002949

1803 loss: 0.005331  [  496/ 3165]

1803 class loss: 0.001300 position_loss:0.004031

1833 loss: 0.003499  [  976/ 3165]

1833 class loss: 0.001056 position_loss:0.002443

1863 loss: 0.004355  [ 1456/ 3165]

1863 class loss: 0.001276 position_loss:0.003079

1893 loss: 0.002719  [ 1936/ 3165]

1893 class loss: 0.000847 position_loss:0.001872

1923 loss: 0.003023  [ 2416/ 3165]

1923 class loss: 0.001026 position_loss:0.001997

1953 loss: 0.007535  [ 2896/ 3165]

1953 class loss: 0.005288 position_loss:0.002247

Epoch 10: train loss: 0.005022

Fold 0 Epoch 10 validation...
-------------------------------

number of test steps per epoch: 67

Epoch 10: valid loss:0.045908

Epoch 10: valid_class_loss:0.017311	valid_position_loss:0.028597

Fold 0 Epoch 11 train...
-------------------------------

1970 loss: 0.003046  [   16/ 3165]

1970 class loss: 0.001500 position_loss:0.001546

2000 loss: 0.005141  [  496/ 3165]

2000 class loss: 0.000738 position_loss:0.004403

2030 loss: 0.006108  [  976/ 3165]

2030 class loss: 0.002491 position_loss:0.003616

2060 loss: 0.004284  [ 1456/ 3165]

2060 class loss: 0.002679 position_loss:0.001605

2090 loss: 0.002475  [ 1936/ 3165]

2090 class loss: 0.000780 position_loss:0.001695

2120 loss: 0.001312  [ 2416/ 3165]

2120 class loss: 0.000292 position_loss:0.001020

2150 loss: 0.002770  [ 2896/ 3165]

2150 class loss: 0.001064 position_loss:0.001705

Epoch 11: train loss: 0.004134

Fold 0 Epoch 11 validation...
-------------------------------

number of test steps per epoch: 67

Epoch 11: valid loss:0.047693

Epoch 11: valid_class_loss:0.017887	valid_position_loss:0.029807

Fold 0 Epoch 12 train...
-------------------------------

2167 loss: 0.003237  [   16/ 3165]

2167 class loss: 0.002375 position_loss:0.000862

2197 loss: 0.001347  [  496/ 3165]

2197 class loss: 0.000469 position_loss:0.000878

2227 loss: 0.003161  [  976/ 3165]

2227 class loss: 0.000909 position_loss:0.002251

2257 loss: 0.002692  [ 1456/ 3165]

2257 class loss: 0.000579 position_loss:0.002113

2287 loss: 0.003377  [ 1936/ 3165]

2287 class loss: 0.001875 position_loss:0.001502

2317 loss: 0.002750  [ 2416/ 3165]

2317 class loss: 0.001417 position_loss:0.001333

2347 loss: 0.002107  [ 2896/ 3165]

2347 class loss: 0.000967 position_loss:0.001140

Epoch 12: train loss: 0.003454

Fold 0 Epoch 12 validation...
-------------------------------

number of test steps per epoch: 67

Epoch 12: valid loss:0.051063

Epoch 12: valid_class_loss:0.018810	valid_position_loss:0.032254

Fold 0 Epoch 13 train...
-------------------------------

2364 loss: 0.003129  [   16/ 3165]

2364 class loss: 0.001886 position_loss:0.001243

2394 loss: 0.002987  [  496/ 3165]

2394 class loss: 0.002128 position_loss:0.000859

2424 loss: 0.003358  [  976/ 3165]

2424 class loss: 0.000753 position_loss:0.002606

2454 loss: 0.001408  [ 1456/ 3165]

2454 class loss: 0.000477 position_loss:0.000931

2484 loss: 0.002655  [ 1936/ 3165]

2484 class loss: 0.001394 position_loss:0.001261

2514 loss: 0.005438  [ 2416/ 3165]

2514 class loss: 0.001050 position_loss:0.004388

2544 loss: 0.005539  [ 2896/ 3165]

2544 class loss: 0.001535 position_loss:0.004004

Epoch 13: train loss: 0.003280

Fold 0 Epoch 13 validation...
-------------------------------

number of test steps per epoch: 67

Epoch 13: valid loss:0.056902

Epoch 13: valid_class_loss:0.020469	valid_position_loss:0.036433

Fold 0 Epoch 14 train...
-------------------------------

2561 loss: 0.001508  [   16/ 3165]

2561 class loss: 0.000611 position_loss:0.000897

2591 loss: 0.001338  [  496/ 3165]

2591 class loss: 0.000522 position_loss:0.000816

2621 loss: 0.002337  [  976/ 3165]

2621 class loss: 0.000936 position_loss:0.001401

2651 loss: 0.001324  [ 1456/ 3165]

2651 class loss: 0.000375 position_loss:0.000949

2681 loss: 0.001409  [ 1936/ 3165]

2681 class loss: 0.000431 position_loss:0.000978

2711 loss: 0.006940  [ 2416/ 3165]

2711 class loss: 0.004251 position_loss:0.002689

2741 loss: 0.005664  [ 2896/ 3165]

2741 class loss: 0.003033 position_loss:0.002631

Epoch 14: train loss: 0.002876

Fold 0 Epoch 14 validation...
-------------------------------

number of test steps per epoch: 67

Epoch 14: valid loss:0.056350

Epoch 14: valid_class_loss:0.018876	valid_position_loss:0.037474

Fold 0 Epoch 15 train...
-------------------------------

2758 loss: 0.002754  [   16/ 3165]

2758 class loss: 0.001124 position_loss:0.001630

2788 loss: 0.001282  [  496/ 3165]

2788 class loss: 0.000197 position_loss:0.001084

2818 loss: 0.000876  [  976/ 3165]

2818 class loss: 0.000271 position_loss:0.000605

2848 loss: 0.001279  [ 1456/ 3165]

2848 class loss: 0.000415 position_loss:0.000864

2878 loss: 0.000747  [ 1936/ 3165]

2878 class loss: 0.000203 position_loss:0.000544

2908 loss: 0.003153  [ 2416/ 3165]

2908 class loss: 0.002680 position_loss:0.000473

2938 loss: 0.004246  [ 2896/ 3165]

2938 class loss: 0.001957 position_loss:0.002289

Epoch 15: train loss: 0.002331

Fold 0 Epoch 15 validation...
-------------------------------

number of test steps per epoch: 67

Epoch 15: valid loss:0.055555

Epoch 15: valid_class_loss:0.018605	valid_position_loss:0.036951

Loading checkpoint from /mnt/pixstor/data/yz3qt/MUTargetCLEAN0513/result_nosupcon/0531_1/2024-05-31__18-55-03/checkpoints/best_position_model.pth

Fold 0 test
-------------------------------

===================Evaluate protein results========================

 optimized cutoffs: 

             Nucleus   ER  Peroxisome  Mitochondrion  Nucleus_export  SIGNAL  \
cutoffs_pro      0.6  0.5         0.1            0.5             0.4     0.2   
cutoffs_aa       0.4  0.1         0.1            0.1             0.1     0.1   

             chloroplast  Thylakoid  
cutoffs_pro          0.4        0.4  
cutoffs_aa           0.1        0.1  
===========================================

 Jaccard Index (protein): 

                       0
Nucleus         0.761217
ER              0.066355
Peroxisome      0.076742
Mitochondrion   0.831726
Nucleus_export  0.466561
SIGNAL          0.948397
chloroplast     0.829932
Thylakoid       0.899349
===========================================

 cs acc: 

                       0
Nucleus         0.015625
ER              0.000000
Peroxisome      0.076923
Mitochondrion   0.350000
Nucleus_export  0.000000
SIGNAL          0.875576
chloroplast     0.473684
Thylakoid       0.900000
===========================================

 Class prediction performance: 

                roc_auc_score  average_precision_score  matthews_corrcoef  \
Nucleus              0.994482                 0.951594           0.897256   
ER                   0.894083                 0.365542           0.408312   
Peroxisome           0.463594                 0.013133           0.018750   
Mitochondrion        0.987264                 0.972721           0.924976   
Nucleus_export       0.967606                 0.508596           0.464989   
SIGNAL               0.993432                 0.995872           0.944601   
chloroplast          0.999479                 0.993950           0.971405   
Thylakoid            0.996194                 0.637314           0.814552   

                recall_score  precision_score  f1_score  
Nucleus             0.968750         0.855172  0.908425  
ER                  0.500000         0.365854  0.422535  
Peroxisome          0.153846         0.018349  0.032787  
Mitochondrion       0.893750         0.979452  0.934641  
Nucleus_export      0.600000         0.384615  0.468750  
SIGNAL              0.993856         0.964232  0.978820  
chloroplast         0.960526         0.986486  0.973333  
Thylakoid           1.000000         0.666667  0.800000  
===================Test protein results constrain: False========================

 optimized cutoffs: 

             Nucleus   ER  Peroxisome  Mitochondrion  Nucleus_export  SIGNAL  \
cutoffs_pro      0.6  0.5         0.1            0.5             0.4     0.2   
cutoffs_aa       0.4  0.1         0.1            0.1             0.1     0.1   

             chloroplast  Thylakoid  
cutoffs_pro          0.4        0.4  
cutoffs_aa           0.1        0.1  
===========================================

 Jaccard Index (protein): 

                       0
Nucleus         0.648222
ER              0.309621
Peroxisome      0.000000
Mitochondrion   0.805699
Nucleus_export  0.138172
SIGNAL          0.957507
chloroplast     0.821872
Thylakoid       0.777232
===========================================

 cs acc: 

                       0
Nucleus         0.008264
ER              0.103448
Peroxisome      0.000000
Mitochondrion   0.238994
Nucleus_export  0.000000
SIGNAL          0.884735
chloroplast     0.315068
Thylakoid       0.777778
===========================================

 Class prediction performance: 

                roc_auc_score  average_precision_score  matthews_corrcoef  \
Nucleus              0.993201                 0.944002           0.900156   
ER                   0.916711                 0.295105           0.225111   
Peroxisome           0.052535                 0.006915          -0.039369   
Mitochondrion        0.971684                 0.967632           0.924615   
Nucleus_export       0.945271                 0.398573           0.335852   
SIGNAL               0.997196                 0.998255           0.948991   
chloroplast          0.992719                 0.960304           0.935239   
Thylakoid            0.994275                 0.439708           0.704064   

                recall_score  precision_score  f1_score  
Nucleus             0.966942         0.860294  0.910506  
ER                  0.206897         0.285714  0.240000  
Peroxisome          0.000000         0.000000  0.000000  
Mitochondrion       0.880503         0.992908  0.933333  
Nucleus_export      0.400000         0.312500  0.350877  
SIGNAL              0.998442         0.962462  0.980122  
chloroplast         0.958904         0.921053  0.939597  
Thylakoid           1.000000         0.500000  0.666667  
===================Test protein results constrain: True========================

 optimized cutoffs: 

             Nucleus   ER  Peroxisome  Mitochondrion  Nucleus_export  SIGNAL  \
cutoffs_pro      0.6  0.5         0.1            0.5             0.4     0.2   
cutoffs_aa       0.4  0.1         0.1            0.1             0.1     0.1   

             chloroplast  Thylakoid  
cutoffs_pro          0.4        0.4  
cutoffs_aa           0.1        0.1  
===========================================

 Jaccard Index (protein): 

                       0
Nucleus         0.644112
ER              0.068834
Peroxisome      0.000000
Mitochondrion   0.762680
Nucleus_export  0.138172
SIGNAL          0.957507
chloroplast     0.821872
Thylakoid       0.777232
===========================================

 cs acc: 

                       0
Nucleus         0.008547
ER              0.000000
Peroxisome           NaN
Mitochondrion   0.228571
Nucleus_export  0.000000
SIGNAL          0.886115
chloroplast     0.328571
Thylakoid       0.777778
===========================================

 Class prediction performance: 

                roc_auc_score  average_precision_score  matthews_corrcoef  \
Nucleus              0.993201                 0.944002           0.900156   
ER                   0.916711                 0.295105           0.225111   
Peroxisome           0.052535                 0.006915          -0.039369   
Mitochondrion        0.971684                 0.967632           0.924615   
Nucleus_export       0.945271                 0.398573           0.335852   
SIGNAL               0.997196                 0.998255           0.948991   
chloroplast          0.992719                 0.960304           0.935239   
Thylakoid            0.994275                 0.439708           0.704064   

                recall_score  precision_score  f1_score  
Nucleus             0.966942         0.860294  0.910506  
ER                  0.206897         0.285714  0.240000  
Peroxisome          0.000000         0.000000  0.000000  
Mitochondrion       0.880503         0.992908  0.933333  
Nucleus_export      0.400000         0.312500  0.350877  
SIGNAL              0.998442         0.962462  0.980122  
chloroplast         0.958904         0.921053  0.939597  
Thylakoid           1.000000         0.500000  0.666667  
