use k-fold index: 0

Done Loading data

number of steps for training data: 197

number of steps for valid data: 67

number of steps for test data: 67

Done initialize tokenizer

trainable params: 39960718 || all params: 652959779 || trainable%: 6.119935604793201

Done initialize model

preparing optimizer is done

number of train steps per epoch: 197

Start training...

Fold 0 Epoch 1 train...
-------------------------------

0 loss: 0.975986  [   16/ 3165]

0 class loss: 0.064339 position_loss:0.911647

30 loss: 1.002721  [  496/ 3165]

30 class loss: 0.081048 position_loss:0.921673

60 loss: 0.938259  [  976/ 3165]

60 class loss: 0.023768 position_loss:0.914492

90 loss: 0.948074  [ 1456/ 3165]

90 class loss: 0.029677 position_loss:0.918397

120 loss: 0.925400  [ 1936/ 3165]

120 class loss: 0.015999 position_loss:0.909400

150 loss: 1.035931  [ 2416/ 3165]

150 class loss: 0.116972 position_loss:0.918959

180 loss: 0.943923  [ 2896/ 3165]

180 class loss: 0.020740 position_loss:0.923183

Epoch 1: train loss: 0.964295

Fold 0 Epoch 1 validation...
-------------------------------

number of test steps per epoch: 67

Epoch 1: valid loss:0.968644

Epoch 1: valid_class_loss:0.051067	valid_position_loss:0.917577

Epoch 1: valid loss 0.9686438200067746 smaller than best loss inf
-------------------------------

Epoch 1: A better checkpoint is saved into /content/MUTargetCLEAN0513/result_nosupcon/cnnlinear_decoder/cnn2linear_c32_k7_drop0.15/2024-05-14__21-17-19/checkpoints/best_model.pth 
-------------------------------

Fold 0 Epoch 2 train...
-------------------------------

197 loss: 1.008422  [   16/ 3165]

197 class loss: 0.080617 position_loss:0.927805

227 loss: 0.948403  [  496/ 3165]

227 class loss: 0.033587 position_loss:0.914816

257 loss: 0.956927  [  976/ 3165]

257 class loss: 0.039974 position_loss:0.916953

287 loss: 1.030352  [ 1456/ 3165]

287 class loss: 0.109354 position_loss:0.920997

317 loss: 0.944394  [ 1936/ 3165]

317 class loss: 0.029963 position_loss:0.914431

347 loss: 0.967182  [ 2416/ 3165]

347 class loss: 0.040222 position_loss:0.926960

377 loss: 0.936456  [ 2896/ 3165]

377 class loss: 0.027484 position_loss:0.908972

Epoch 2: train loss: 0.964335

Fold 0 Epoch 2 validation...
-------------------------------

number of test steps per epoch: 67

Epoch 2: valid loss:0.968629

Epoch 2: valid_class_loss:0.051069	valid_position_loss:0.917560

Epoch 2: valid loss 0.9686293318479061 smaller than best loss 0.9686438200067746
-------------------------------

Epoch 2: A better checkpoint is saved into /content/MUTargetCLEAN0513/result_nosupcon/cnnlinear_decoder/cnn2linear_c32_k7_drop0.15/2024-05-14__21-17-19/checkpoints/best_model.pth 
-------------------------------

Fold 0 Epoch 3 train...
-------------------------------

394 loss: 0.935254  [   16/ 3165]

394 class loss: 0.020822 position_loss:0.914432

424 loss: 0.934775  [  496/ 3165]

424 class loss: 0.020859 position_loss:0.913916

454 loss: 0.941366  [  976/ 3165]

454 class loss: 0.023625 position_loss:0.917742

484 loss: 0.984929  [ 1456/ 3165]

484 class loss: 0.066159 position_loss:0.918769

514 loss: 0.967376  [ 1936/ 3165]

514 class loss: 0.041750 position_loss:0.925626

544 loss: 0.943707  [ 2416/ 3165]

544 class loss: 0.025613 position_loss:0.918093

574 loss: 0.986302  [ 2896/ 3165]

574 class loss: 0.072017 position_loss:0.914285

Epoch 3: train loss: 0.964353

Fold 0 Epoch 3 validation...
-------------------------------

number of test steps per epoch: 67

Epoch 3: valid loss:0.969054

Epoch 3: valid_class_loss:0.051629	valid_position_loss:0.917425

Fold 0 Epoch 4 train...
-------------------------------

591 loss: 0.942530  [   16/ 3165]

591 class loss: 0.029334 position_loss:0.913196

621 loss: 0.975230  [  496/ 3165]

621 class loss: 0.068341 position_loss:0.906889

651 loss: 0.965881  [  976/ 3165]

651 class loss: 0.042468 position_loss:0.923413

681 loss: 0.991024  [ 1456/ 3165]

681 class loss: 0.071250 position_loss:0.919774

711 loss: 1.017279  [ 1936/ 3165]

711 class loss: 0.100753 position_loss:0.916526

741 loss: 0.947977  [ 2416/ 3165]

741 class loss: 0.034197 position_loss:0.913780

771 loss: 0.981568  [ 2896/ 3165]

771 class loss: 0.054500 position_loss:0.927068

Epoch 4: train loss: 0.964415

Fold 0 Epoch 4 validation...
-------------------------------

number of test steps per epoch: 67

Epoch 4: valid loss:0.969794

Epoch 4: valid_class_loss:0.052249	valid_position_loss:0.917545

Fold 0 Epoch 5 train...
-------------------------------

788 loss: 0.944597  [   16/ 3165]

788 class loss: 0.027633 position_loss:0.916964

818 loss: 0.952724  [  496/ 3165]

818 class loss: 0.034978 position_loss:0.917745

848 loss: 0.968039  [  976/ 3165]

848 class loss: 0.037438 position_loss:0.930601

878 loss: 0.959608  [ 1456/ 3165]

878 class loss: 0.046978 position_loss:0.912630

908 loss: 0.938715  [ 1936/ 3165]

908 class loss: 0.025089 position_loss:0.913627

938 loss: 0.960106  [ 2416/ 3165]

938 class loss: 0.029057 position_loss:0.931050

968 loss: 0.991777  [ 2896/ 3165]

968 class loss: 0.080106 position_loss:0.911671

Epoch 5: train loss: 0.964208

Fold 0 Epoch 5 validation...
-------------------------------

number of test steps per epoch: 67

Epoch 5: valid loss:0.968565

Epoch 5: valid_class_loss:0.050999	valid_position_loss:0.917566

Epoch 5: valid loss 0.9685648415597397 smaller than best loss 0.9686293318479061
-------------------------------

Epoch 5: A better checkpoint is saved into /content/MUTargetCLEAN0513/result_nosupcon/cnnlinear_decoder/cnn2linear_c32_k7_drop0.15/2024-05-14__21-17-19/checkpoints/best_model.pth 
-------------------------------

Fold 0 Epoch 6 train...
-------------------------------

985 loss: 0.938989  [   16/ 3165]

985 class loss: 0.025702 position_loss:0.913286

1015 loss: 0.344833  [  496/ 3165]

1015 class loss: 0.022055 position_loss:0.322777

1045 loss: 0.118937  [  976/ 3165]

1045 class loss: 0.022031 position_loss:0.096906

1075 loss: 0.070058  [ 1456/ 3165]

1075 class loss: 0.023090 position_loss:0.046968

1105 loss: 0.053812  [ 1936/ 3165]

1105 class loss: 0.018664 position_loss:0.035147

1135 loss: 0.045305  [ 2416/ 3165]

1135 class loss: 0.012589 position_loss:0.032716

1165 loss: 0.062007  [ 2896/ 3165]

1165 class loss: 0.022835 position_loss:0.039172

Epoch 6: train loss: 0.184751

Fold 0 Epoch 6 validation...
-------------------------------

number of test steps per epoch: 67

Epoch 6: valid loss:0.061486

Epoch 6: valid_class_loss:0.029842	valid_position_loss:0.031644

Epoch 6: valid loss 0.061486111743525994 smaller than best loss 0.9685648415597397
-------------------------------

Epoch 6: A better checkpoint is saved into /content/MUTargetCLEAN0513/result_nosupcon/cnnlinear_decoder/cnn2linear_c32_k7_drop0.15/2024-05-14__21-17-19/checkpoints/best_model.pth 
-------------------------------

Fold 0 Epoch 7 train...
-------------------------------

1182 loss: 0.087764  [   16/ 3165]

1182 class loss: 0.034690 position_loss:0.053074

1212 loss: 0.094197  [  496/ 3165]

1212 class loss: 0.075970 position_loss:0.018227

1242 loss: 0.072818  [  976/ 3165]

1242 class loss: 0.037614 position_loss:0.035203

1272 loss: 0.042516  [ 1456/ 3165]

1272 class loss: 0.022058 position_loss:0.020457

1302 loss: 0.023851  [ 1936/ 3165]

1302 class loss: 0.010420 position_loss:0.013431

1332 loss: 0.022281  [ 2416/ 3165]

1332 class loss: 0.008786 position_loss:0.013496

1362 loss: 0.019352  [ 2896/ 3165]

1362 class loss: 0.009706 position_loss:0.009646

Epoch 7: train loss: 0.049117

Fold 0 Epoch 7 validation...
-------------------------------

number of test steps per epoch: 67

Epoch 7: valid loss:0.046416

Epoch 7: valid_class_loss:0.027079	valid_position_loss:0.019338

Epoch 7: valid loss 0.04641642902614321 smaller than best loss 0.061486111743525994
-------------------------------

Epoch 7: A better checkpoint is saved into /content/MUTargetCLEAN0513/result_nosupcon/cnnlinear_decoder/cnn2linear_c32_k7_drop0.15/2024-05-14__21-17-19/checkpoints/best_model.pth 
-------------------------------

Fold 0 Epoch 8 train...
-------------------------------

1379 loss: 0.068113  [   16/ 3165]

1379 class loss: 0.041697 position_loss:0.026416

1409 loss: 0.032883  [  496/ 3165]

1409 class loss: 0.024055 position_loss:0.008828

1439 loss: 0.023235  [  976/ 3165]

1439 class loss: 0.012841 position_loss:0.010394

1469 loss: 0.033643  [ 1456/ 3165]

1469 class loss: 0.026665 position_loss:0.006978

1499 loss: 0.022661  [ 1936/ 3165]

1499 class loss: 0.011011 position_loss:0.011650

1529 loss: 0.030545  [ 2416/ 3165]

1529 class loss: 0.011918 position_loss:0.018627

1559 loss: 0.021673  [ 2896/ 3165]

1559 class loss: 0.014203 position_loss:0.007470

Epoch 8: train loss: 0.033578

Fold 0 Epoch 8 validation...
-------------------------------

number of test steps per epoch: 67

Epoch 8: valid loss:0.037406

Epoch 8: valid_class_loss:0.021332	valid_position_loss:0.016073

Epoch 8: valid loss 0.03740554919838808 smaller than best loss 0.04641642902614321
-------------------------------

Epoch 8: A better checkpoint is saved into /content/MUTargetCLEAN0513/result_nosupcon/cnnlinear_decoder/cnn2linear_c32_k7_drop0.15/2024-05-14__21-17-19/checkpoints/best_model.pth 
-------------------------------

Fold 0 Epoch 9 train...
-------------------------------

1576 loss: 0.018883  [   16/ 3165]

1576 class loss: 0.012833 position_loss:0.006049

1606 loss: 0.048321  [  496/ 3165]

1606 class loss: 0.036465 position_loss:0.011856

1636 loss: 0.042591  [  976/ 3165]

1636 class loss: 0.028833 position_loss:0.013758

1666 loss: 0.035972  [ 1456/ 3165]

1666 class loss: 0.025265 position_loss:0.010707

1696 loss: 0.018653  [ 1936/ 3165]

1696 class loss: 0.007449 position_loss:0.011205

1726 loss: 0.025344  [ 2416/ 3165]

1726 class loss: 0.013255 position_loss:0.012089

1756 loss: 0.021056  [ 2896/ 3165]

1756 class loss: 0.013737 position_loss:0.007319

Epoch 9: train loss: 0.024227

Fold 0 Epoch 9 validation...
-------------------------------

number of test steps per epoch: 67

1773 loss: 0.032097  [   16/ 3165]

1773 class loss: 0.026754 position_loss:0.005343

1803 loss: 0.012196  [  496/ 3165]

1803 class loss: 0.008061 position_loss:0.004135

1833 loss: 0.016032  [  976/ 3165]

1833 class loss: 0.012937 position_loss:0.003095

1863 loss: 0.025146  [ 1456/ 3165]

1863 class loss: 0.017239 position_loss:0.007907

1893 loss: 0.008581  [ 1936/ 3165]

1893 class loss: 0.003819 position_loss:0.004762

1923 loss: 0.019392  [ 2416/ 3165]

1923 class loss: 0.013108 position_loss:0.006284

1953 loss: 0.009369  [ 2896/ 3165]

1953 class loss: 0.004933 position_loss:0.004437

Epoch 10: train loss: 0.018990

Fold 0 Epoch 10 validation...
-------------------------------

number of test steps per epoch: 67

Epoch 10: valid loss:0.032122

Epoch 10: valid_class_loss:0.015708	valid_position_loss:0.016413

Epoch 10: valid loss 0.03212176395323593 smaller than best loss 0.03291364349242935
-------------------------------

Epoch 10: A better checkpoint is saved into /content/MUTargetCLEAN0513/result_nosupcon/cnnlinear_decoder/cnn2linear_c32_k7_drop0.15/2024-05-14__21-17-19/checkpoints/best_model.pth 
-------------------------------

Fold 0 Epoch 11 train...
-------------------------------

1970 loss: 0.011672  [   16/ 3165]

1970 class loss: 0.005963 position_loss:0.005709

2000 loss: 0.009798  [  496/ 3165]

2000 class loss: 0.005635 position_loss:0.004164

2030 loss: 0.033042  [  976/ 3165]

2030 class loss: 0.024564 position_loss:0.008479

2060 loss: 0.011168  [ 1456/ 3165]

2060 class loss: 0.007455 position_loss:0.003713

2090 loss: 0.016068  [ 1936/ 3165]

2090 class loss: 0.011756 position_loss:0.004312

2120 loss: 0.017840  [ 2416/ 3165]

2120 class loss: 0.013712 position_loss:0.004128

2150 loss: 0.012565  [ 2896/ 3165]

2150 class loss: 0.009961 position_loss:0.002603

Epoch 11: train loss: 0.015668

Fold 0 Epoch 11 validation...
-------------------------------

number of test steps per epoch: 67

Epoch 11: valid loss:0.037452

Epoch 11: valid_class_loss:0.014112	valid_position_loss:0.023341

Fold 0 Epoch 12 train...
-------------------------------

2167 loss: 0.015407  [   16/ 3165]

2167 class loss: 0.012249 position_loss:0.003159

2197 loss: 0.026649  [  496/ 3165]

2197 class loss: 0.022852 position_loss:0.003797

2227 loss: 0.029484  [  976/ 3165]

2227 class loss: 0.026011 position_loss:0.003473

2257 loss: 0.015575  [ 1456/ 3165]

2257 class loss: 0.010716 position_loss:0.004859

2287 loss: 0.008743  [ 1936/ 3165]

2287 class loss: 0.005329 position_loss:0.003415

2317 loss: 0.011787  [ 2416/ 3165]

2317 class loss: 0.008779 position_loss:0.003008

2347 loss: 0.008424  [ 2896/ 3165]

2347 class loss: 0.004320 position_loss:0.004105

Epoch 12: train loss: 0.012857

Fold 0 Epoch 12 validation...
-------------------------------

number of test steps per epoch: 67

Epoch 12: valid loss:0.039280

Epoch 12: valid_class_loss:0.013475	valid_position_loss:0.025805

Fold 0 Epoch 13 train...
-------------------------------

2364 loss: 0.010889  [   16/ 3165]

2364 class loss: 0.007510 position_loss:0.003379

2394 loss: 0.009932  [  496/ 3165]

2394 class loss: 0.005235 position_loss:0.004697

2424 loss: 0.016997  [  976/ 3165]

2424 class loss: 0.013896 position_loss:0.003101

2454 loss: 0.007920  [ 1456/ 3165]

2454 class loss: 0.005186 position_loss:0.002734

2484 loss: 0.007379  [ 1936/ 3165]

2484 class loss: 0.004087 position_loss:0.003292

2514 loss: 0.008387  [ 2416/ 3165]

2514 class loss: 0.004932 position_loss:0.003455

2544 loss: 0.009736  [ 2896/ 3165]

2544 class loss: 0.006433 position_loss:0.003304

Epoch 13: train loss: 0.010573

Fold 0 Epoch 13 validation...
-------------------------------

number of test steps per epoch: 67

Epoch 13: valid loss:0.041459

Epoch 13: valid_class_loss:0.012616	valid_position_loss:0.028843

Fold 0 Epoch 14 train...
-------------------------------

2561 loss: 0.006069  [   16/ 3165]

2561 class loss: 0.004316 position_loss:0.001753

2591 loss: 0.005577  [  496/ 3165]

2591 class loss: 0.002387 position_loss:0.003190

2621 loss: 0.006069  [  976/ 3165]

2621 class loss: 0.003645 position_loss:0.002424

2651 loss: 0.006290  [ 1456/ 3165]

2651 class loss: 0.003886 position_loss:0.002404

2681 loss: 0.007586  [ 1936/ 3165]

2681 class loss: 0.004292 position_loss:0.003295

2711 loss: 0.006379  [ 2416/ 3165]

2711 class loss: 0.003577 position_loss:0.002802

2741 loss: 0.010281  [ 2896/ 3165]

2741 class loss: 0.007701 position_loss:0.002580

Epoch 14: train loss: 0.008670

Fold 0 Epoch 14 validation...
-------------------------------

number of test steps per epoch: 67

Epoch 14: valid loss:0.042885

Epoch 14: valid_class_loss:0.012277	valid_position_loss:0.030607

Fold 0 Epoch 15 train...
-------------------------------

2758 loss: 0.007440  [   16/ 3165]

2758 class loss: 0.004035 position_loss:0.003405

2788 loss: 0.004815  [  496/ 3165]

2788 class loss: 0.002982 position_loss:0.001833

2818 loss: 0.006690  [  976/ 3165]

2818 class loss: 0.004494 position_loss:0.002196

2848 loss: 0.004176  [ 1456/ 3165]

2848 class loss: 0.001906 position_loss:0.002269

2878 loss: 0.003383  [ 1936/ 3165]

2878 class loss: 0.001922 position_loss:0.001462

2908 loss: 0.005066  [ 2416/ 3165]

2908 class loss: 0.002247 position_loss:0.002819

2938 loss: 0.006413  [ 2896/ 3165]

2938 class loss: 0.003150 position_loss:0.003263

Epoch 15: train loss: 0.007413

Fold 0 Epoch 15 validation...
-------------------------------

number of test steps per epoch: 67

Epoch 15: valid loss:0.045356

Epoch 15: valid_class_loss:0.012090	valid_position_loss:0.033266

Fold 0 Epoch 16 train...
-------------------------------

2955 loss: 0.005130  [   16/ 3165]

2955 class loss: 0.002511 position_loss:0.002618

2985 loss: 0.004489  [  496/ 3165]

2985 class loss: 0.002540 position_loss:0.001949

3015 loss: 0.009653  [  976/ 3165]

3015 class loss: 0.007810 position_loss:0.001842

3045 loss: 0.005822  [ 1456/ 3165]

3045 class loss: 0.002904 position_loss:0.002918

3075 loss: 0.003407  [ 1936/ 3165]

3075 class loss: 0.001594 position_loss:0.001813

3105 loss: 0.002376  [ 2416/ 3165]

3105 class loss: 0.001317 position_loss:0.001058

3135 loss: 0.003454  [ 2896/ 3165]

3135 class loss: 0.001842 position_loss:0.001612

Epoch 16: train loss: 0.006286

Fold 0 Epoch 16 validation...
-------------------------------

number of test steps per epoch: 67

Epoch 16: valid loss:0.048125

Epoch 16: valid_class_loss:0.012337	valid_position_loss:0.035788

Fold 0 Epoch 17 train...
-------------------------------

3152 loss: 0.004059  [   16/ 3165]

3152 class loss: 0.002239 position_loss:0.001820

3182 loss: 0.012704  [  496/ 3165]

3182 class loss: 0.009979 position_loss:0.002725

3302 loss: 0.004456  [ 2416/ 3165]

3302 class loss: 0.001945 position_loss:0.002511

3332 loss: 0.009127  [ 2896/ 3165]

3332 class loss: 0.006809 position_loss:0.002318

Epoch 17: train loss: 0.005572

Fold 0 Epoch 17 validation...
-------------------------------

number of test steps per epoch: 67

Epoch 17: valid loss:0.051736

Epoch 17: valid_class_loss:0.012364	valid_position_loss:0.039373

Fold 0 Epoch 18 train...
-------------------------------

3349 loss: 0.003547  [   16/ 3165]

3349 class loss: 0.001450 position_loss:0.002096

3379 loss: 0.004125  [  496/ 3165]

3379 class loss: 0.002687 position_loss:0.001438

3409 loss: 0.001940  [  976/ 3165]

3409 class loss: 0.000812 position_loss:0.001127

3439 loss: 0.005938  [ 1456/ 3165]

3439 class loss: 0.003301 position_loss:0.002637

3469 loss: 0.012032  [ 1936/ 3165]

3469 class loss: 0.010020 position_loss:0.002013

3499 loss: 0.002442  [ 2416/ 3165]

3499 class loss: 0.001392 position_loss:0.001050

3529 loss: 0.002878  [ 2896/ 3165]

3529 class loss: 0.001649 position_loss:0.001229

Epoch 18: train loss: 0.005039

Fold 0 Epoch 18 validation...
-------------------------------

number of test steps per epoch: 67

Epoch 18: valid loss:0.051954

Epoch 18: valid_class_loss:0.012549	valid_position_loss:0.039405

Fold 0 Epoch 19 train...
-------------------------------

3546 loss: 0.005087  [   16/ 3165]

3546 class loss: 0.003285 position_loss:0.001803

3576 loss: 0.002769  [  496/ 3165]

3576 class loss: 0.001651 position_loss:0.001118

3606 loss: 0.007427  [  976/ 3165]

3606 class loss: 0.003109 position_loss:0.004319

3636 loss: 0.002698  [ 1456/ 3165]

3636 class loss: 0.001550 position_loss:0.001148

3666 loss: 0.003951  [ 1936/ 3165]

3666 class loss: 0.002242 position_loss:0.001709

3696 loss: 0.004761  [ 2416/ 3165]

3696 class loss: 0.003154 position_loss:0.001607

3726 loss: 0.007688  [ 2896/ 3165]

3726 class loss: 0.005691 position_loss:0.001996

Epoch 19: train loss: 0.004693

Fold 0 Epoch 19 validation...
-------------------------------

number of test steps per epoch: 67

Epoch 19: valid loss:0.052621

Epoch 19: valid_class_loss:0.012535	valid_position_loss:0.040087

Fold 0 Epoch 20 train...
-------------------------------

3743 loss: 0.006823  [   16/ 3165]

3743 class loss: 0.005256 position_loss:0.001567

3773 loss: 0.002679  [  496/ 3165]

3773 class loss: 0.001209 position_loss:0.001470

3803 loss: 0.002362  [  976/ 3165]

3803 class loss: 0.001302 position_loss:0.001060

3833 loss: 0.005456  [ 1456/ 3165]

3833 class loss: 0.002901 position_loss:0.002554

3863 loss: 0.004212  [ 1936/ 3165]

3863 class loss: 0.002563 position_loss:0.001649

3893 loss: 0.003330  [ 2416/ 3165]

3893 class loss: 0.002172 position_loss:0.001158

3923 loss: 0.005799  [ 2896/ 3165]

3923 class loss: 0.004302 position_loss:0.001497

Epoch 20: train loss: 0.004437

Fold 0 Epoch 20 validation...
-------------------------------

number of test steps per epoch: 67

Epoch 20: valid loss:0.053714

Epoch 20: valid_class_loss:0.012670	valid_position_loss:0.041043

Loading checkpoint from /content/MUTargetCLEAN0513/result_nosupcon/cnnlinear_decoder/cnn2linear_c32_k7_drop0.15/2024-05-14__21-17-19/checkpoints/best_model.pth

Fold 0 test
-------------------------------

number of evaluateion steps: 67

===========================================

 Jaccard Index (protein): 

                     0.1       0.2       0.3       0.4       0.5       0.6  \
Nucleus         0.641887  0.623342  0.597782  0.577123  0.564182  0.551936   
ER              0.963423  0.965044  0.930940  0.862025  0.862025  0.655139   
Peroxisome      0.230524  0.153683  0.153759  0.153824  0.076923  0.000000   
Mitochondrion   0.843878  0.828802  0.807535  0.772822  0.737138  0.713657   
Nucleus_export  0.136835  0.135423  0.133575  0.133903  0.131926  0.129921   
SIGNAL          0.961684  0.960478  0.951451  0.944971  0.940240  0.935113   
chloroplast     0.792242  0.684144  0.645519  0.592150  0.579234  0.525486   
Thylakoid       0.775470  0.777008  0.777387  0.777580  0.777580  0.333333   

                     0.7       0.8       0.9  
Nucleus         0.538837  0.510935  0.451037  
ER              0.517215  0.206897  0.000000  
Peroxisome      0.000000  0.000000  0.000000  
Mitochondrion   0.670815  0.558739  0.314314  
Nucleus_export  0.130035  0.123825  0.119703  
SIGNAL          0.931154  0.925543  0.913502  
chloroplast     0.471190  0.362253  0.068493  
Thylakoid       0.000000  0.000000  0.000000  
===========================================

 cs acc: 

                     0.1       0.2       0.3       0.4       0.5       0.6  \
Nucleus         0.024793  0.024793  0.024793  0.024793  0.024793  0.024793   
ER              0.965517  0.965517  0.965517  0.965517  0.965517  0.965517   
Peroxisome      0.615385  0.615385  0.615385  0.615385  0.615385  0.615385   
Mitochondrion   0.591195  0.591195  0.591195  0.591195  0.591195  0.591195   
Nucleus_export  0.000000  0.000000  0.000000  0.000000  0.000000  0.000000   
SIGNAL          0.894081  0.894081  0.894081  0.894081  0.894081  0.894081   
chloroplast     0.424658  0.424658  0.424658  0.424658  0.424658  0.424658   
Thylakoid       0.777778  0.777778  0.777778  0.777778  0.777778  0.777778   

                     0.7       0.8       0.9  
Nucleus         0.024793  0.024793  0.024793  
ER              0.965517  0.965517  0.965517  
Peroxisome      0.615385  0.615385  0.615385  
Mitochondrion   0.591195  0.591195  0.591195  
Nucleus_export  0.000000  0.000000  0.000000  
SIGNAL          0.894081  0.894081  0.894081  
chloroplast     0.424658  0.424658  0.424658  
Thylakoid       0.777778  0.777778  0.777778  
===========================================

 Class prediction performance (Nucleus): 

                              0.1       0.2       0.3       0.4       0.5  \
roc_auc_score            0.989599  0.989599  0.989599  0.989599  0.989599   
average_precision_score  0.859474  0.859474  0.859474  0.859474  0.859474   
matthews_corrcoef        0.843026  0.876356  0.910837  0.900804  0.865168   
recall_score             0.991736  0.958678  0.958678  0.942149  0.884298   
precision_score          0.750000  0.828571  0.885496  0.883721  0.877049   
f1_score                 0.854093  0.888889  0.920635  0.912000  0.880658   

                              0.6       0.7       0.8       0.9  
roc_auc_score            0.989599  0.989599  0.989599  0.989599  
average_precision_score  0.859474  0.859474  0.859474  0.859474  
matthews_corrcoef        0.787380  0.545623  0.241947  0.000000  
recall_score             0.735537  0.396694  0.082645  0.000000  
precision_score          0.890000  0.842105  0.833333  0.000000  
f1_score                 0.805430  0.539326  0.150376  0.000000  
 Class prediction performance (ER): 

                              0.1       0.2       0.3       0.4       0.5  \
roc_auc_score            0.720851  0.720851  0.720851  0.720851  0.720851   
average_precision_score  0.065106  0.065106  0.065106  0.065106  0.065106   
matthews_corrcoef        0.116696  0.088752  0.103736  0.099076 -0.007313   
recall_score             0.965517  0.862069  0.758621  0.310345  0.000000   
precision_score          0.042042  0.039185  0.046122  0.071429  0.000000   
f1_score                 0.080576  0.074963  0.086957  0.116129  0.000000   

                              0.6       0.7       0.8       0.9  
roc_auc_score            0.720851  0.720851  0.720851  0.720851  
average_precision_score  0.065106  0.065106  0.065106  0.065106  
matthews_corrcoef        0.000000  0.000000  0.000000  0.000000  
recall_score             0.000000  0.000000  0.000000  0.000000  
precision_score          0.000000  0.000000  0.000000  0.000000  
f1_score                 0.000000  0.000000  0.000000  0.000000  
 Class prediction performance (Peroxisome): 

                              0.1       0.2       0.3       0.4       0.5  \
roc_auc_score            0.997642  0.997642  0.997642  0.997642  0.997642   
average_precision_score  0.807539  0.807539  0.807539  0.807539  0.807539   
matthews_corrcoef        0.032147  0.454876  0.275770  0.000000  0.000000   
recall_score             1.000000  1.000000  0.076923  0.000000  0.000000   
precision_score          0.013320  0.216667  1.000000  0.000000  0.000000   
f1_score                 0.026289  0.356164  0.142857  0.000000  0.000000   

                              0.6       0.7       0.8       0.9  
roc_auc_score            0.997642  0.997642  0.997642  0.997642  
average_precision_score  0.807539  0.807539  0.807539  0.807539  
matthews_corrcoef        0.000000  0.000000  0.000000  0.000000  
recall_score             0.000000  0.000000  0.000000  0.000000  
precision_score          0.000000  0.000000  0.000000  0.000000  
f1_score                 0.000000  0.000000  0.000000  0.000000  
 Class prediction performance (Mitochondrion): 

                              0.1       0.2       0.3       0.4       0.5  \
roc_auc_score            0.986406  0.986406  0.986406  0.986406  0.986406   
average_precision_score  0.984134  0.984134  0.984134  0.984134  0.984134   
matthews_corrcoef        0.977668  0.970168  0.955092  0.936210  0.905506   
recall_score             0.968553  0.955975  0.930818  0.893082  0.842767   
precision_score          0.993548  0.993464  0.993289  1.000000  1.000000   
f1_score                 0.980892  0.974359  0.961039  0.943522  0.914676   

                              0.6       0.7       0.8       0.9  
roc_auc_score            0.986406  0.986406  0.986406  0.986406  
average_precision_score  0.984134  0.984134  0.984134  0.984134  
matthews_corrcoef        0.889962  0.768217  0.419907  0.073132  
recall_score             0.817610  0.628931  0.201258  0.006289  
precision_score          1.000000  1.000000  1.000000  1.000000  
f1_score                 0.899654  0.772201  0.335079  0.012500  
 Class prediction performance (Nucleus_export): 

                              0.1       0.2       0.3       0.4       0.5  \
roc_auc_score            0.957093  0.957093  0.957093  0.957093  0.957093   
average_precision_score  0.298554  0.298554  0.298554  0.298554  0.298554   
matthews_corrcoef        0.327736  0.330198  0.375129  0.409191  0.365851   
recall_score             0.840000  0.800000  0.800000  0.720000  0.480000   
precision_score          0.152174  0.161290  0.200000  0.257143  0.307692   
f1_score                 0.257669  0.268456  0.320000  0.378947  0.375000   

                              0.6       0.7       0.8       0.9  
roc_auc_score            0.957093  0.957093  0.957093  0.957093  
average_precision_score  0.298554  0.298554  0.298554  0.298554  
matthews_corrcoef        0.277145  0.000000  0.000000  0.000000  
recall_score             0.200000  0.000000  0.000000  0.000000  
precision_score          0.416667  0.000000  0.000000  0.000000  
f1_score                 0.270270  0.000000  0.000000  0.000000  
 Class prediction performance (SIGNAL): 

                              0.1       0.2       0.3       0.4       0.5  \
roc_auc_score            0.993161  0.993161  0.993161  0.993161  0.993161   
average_precision_score  0.994897  0.994897  0.994897  0.994897  0.994897   
matthews_corrcoef        0.947210  0.948641  0.909317  0.845443  0.629377   
recall_score             1.000000  0.993769  0.956386  0.875389  0.635514   
precision_score          0.959641  0.966667  0.971519  0.991182  0.992701   
f1_score                 0.979405  0.980031  0.963893  0.929694  0.774929   

                              0.6       0.7       0.8       0.9  
roc_auc_score            0.993161  0.993161  0.993161  0.993161  
average_precision_score  0.994897  0.994897  0.994897  0.994897  
matthews_corrcoef        0.435764  0.191953  0.000000  0.000000  
recall_score             0.373832  0.088785  0.000000  0.000000  
precision_score          1.000000  1.000000  0.000000  0.000000  
f1_score                 0.544218  0.163090  0.000000  0.000000  
 Class prediction performance (chloroplast): 

                              0.1       0.2       0.3       0.4       0.5  \
roc_auc_score            0.996701  0.996701  0.996701  0.996701  0.996701   
average_precision_score  0.941269  0.941269  0.941269  0.941269  0.941269   
matthews_corrcoef        0.909474  0.927445  0.927445  0.812597  0.709989   
recall_score             1.000000  0.945205  0.945205  0.753425  0.575342   
precision_score          0.839080  0.920000  0.920000  0.901639  0.913043   
f1_score                 0.912500  0.932432  0.932432  0.820896  0.705882   

                              0.6       0.7       0.8       0.9  
roc_auc_score            0.996701  0.996701  0.996701  0.996701  
average_precision_score  0.941269  0.941269  0.941269  0.941269  
matthews_corrcoef        0.570779  0.469401  0.000000  0.000000  
recall_score             0.356164  0.232877  0.000000  0.000000  
precision_score          0.962963  1.000000  0.000000  0.000000  
f1_score                 0.520000  0.377778  0.000000  0.000000  
 Class prediction performance (Thylakoid): 

                              0.1       0.2       0.3       0.4       0.5  \
roc_auc_score            0.970738  0.970738  0.970738  0.970738  0.970738   
average_precision_score  0.134624  0.134624  0.134624  0.134624  0.134624   
matthews_corrcoef        0.328310  0.337755  0.381136  0.258648  0.118233   
recall_score             1.000000  1.000000  1.000000  0.555556  0.222222   
precision_score          0.115385  0.121622  0.152542  0.131579  0.076923   
f1_score                 0.206897  0.216867  0.264706  0.212766  0.114286   

                              0.6       0.7       0.8       0.9  
roc_auc_score            0.970738  0.970738  0.970738  0.970738  
average_precision_score  0.134624  0.134624  0.134624  0.134624  
matthews_corrcoef        0.075936  0.000000  0.000000  0.000000  
recall_score             0.111111  0.000000  0.000000  0.000000  
precision_score          0.066667  0.000000  0.000000  0.000000  
f1_score                 0.083333  0.000000  0.000000  0.000000  
