use k-fold index: 0

Done Loading data

number of steps for training data: 221

number of steps for valid data: 67

number of steps for test data: 67

Done initialize tokenizer

trainable params: 39950470 || all params: 652949531 || trainable%: 6.118462163349038

Done initialize model

preparing optimizer is done

number of train steps per epoch: 221

Start training...

Fold 0 Epoch 1 train...
-------------------------------

0 loss: 0.120693  [   16/ 3543]

0 class loss: 0.026852 position_loss:0.024139

30 loss: 0.418519  [  496/ 3543]

30 class loss: 0.111611 position_loss:0.083704

60 loss: 0.084105  [  976/ 3543]

60 class loss: 0.019324 position_loss:0.016821

90 loss: 0.724083  [ 1456/ 3543]

90 class loss: 0.160273 position_loss:0.144817

120 loss: 0.585599  [ 1936/ 3543]

120 class loss: 0.120831 position_loss:0.117120

150 loss: 0.346049  [ 2416/ 3543]

150 class loss: 0.079507 position_loss:0.069210

180 loss: 0.422594  [ 2896/ 3543]

180 class loss: 0.095146 position_loss:0.084519

210 loss: 0.886854  [ 3376/ 3543]

210 class loss: 0.197700 position_loss:0.177371

Epoch 1: train loss: 0.456360

Fold 0 Epoch 1 validation...
-------------------------------

number of test steps per epoch: 67

Epoch 1: valid loss:0.271583

Epoch 1: valid_class_loss:0.059276	valid_position_loss:0.054317

Epoch 1: valid loss 0.2715827923749149 smaller than best loss inf
-------------------------------

Epoch 1: A better checkpoint is saved into /mnt/pixstor/data/yz3qt/MUTargetCLEAN0513/result_0612/2024-06-13__02-56-24/checkpoints/best_model.pth 
-------------------------------

Epoch 1: valid position loss 0.05431655847498298 smaller than best position loss inf
-------------------------------

Epoch 1: A better checkpoint is saved into /mnt/pixstor/data/yz3qt/MUTargetCLEAN0513/result_0612/2024-06-13__02-56-24/checkpoints/best_position_model.pth 
-------------------------------

Fold 0 Epoch 2 train...
-------------------------------

221 loss: 0.218197  [   16/ 3543]

221 class loss: 0.051200 position_loss:0.043639

251 loss: 0.066304  [  496/ 3543]

251 class loss: 0.015028 position_loss:0.013261

281 loss: 0.589889  [  976/ 3543]

281 class loss: 0.154734 position_loss:0.117978

311 loss: 0.539601  [ 1456/ 3543]

311 class loss: 0.134399 position_loss:0.107920

341 loss: 0.418844  [ 1936/ 3543]

341 class loss: 0.085656 position_loss:0.083769

371 loss: 0.343525  [ 2416/ 3543]

371 class loss: 0.082941 position_loss:0.068705

401 loss: 0.200076  [ 2896/ 3543]

401 class loss: 0.047335 position_loss:0.040015

431 loss: 0.298976  [ 3376/ 3543]

431 class loss: 0.068039 position_loss:0.059795

Epoch 2: train loss: 0.395219

Fold 0 Epoch 2 validation...
-------------------------------

number of test steps per epoch: 67

Epoch 2: valid loss:0.206540

Epoch 2: valid_class_loss:0.049604	valid_position_loss:0.041308

Epoch 2: valid loss 0.20654013784067296 smaller than best loss 0.2715827923749149
-------------------------------

Epoch 2: A better checkpoint is saved into /mnt/pixstor/data/yz3qt/MUTargetCLEAN0513/result_0612/2024-06-13__02-56-24/checkpoints/best_model.pth 
-------------------------------

Epoch 2: valid position loss 0.04130802756813462 smaller than best position loss 0.05431655847498298
-------------------------------

Epoch 2: A better checkpoint is saved into /mnt/pixstor/data/yz3qt/MUTargetCLEAN0513/result_0612/2024-06-13__02-56-24/checkpoints/best_position_model.pth 
-------------------------------

Fold 0 Epoch 3 train...
-------------------------------

442 loss: 0.455023  [   16/ 3543]

442 class loss: 0.111688 position_loss:0.091005

472 loss: 0.235147  [  496/ 3543]

472 class loss: 0.064041 position_loss:0.047029

502 loss: 0.345460  [  976/ 3543]

502 class loss: 0.081701 position_loss:0.069092

532 loss: 0.161477  [ 1456/ 3543]

532 class loss: 0.044416 position_loss:0.032295

562 loss: 0.339948  [ 1936/ 3543]

562 class loss: 0.113555 position_loss:0.067990

592 loss: 0.107154  [ 2416/ 3543]

592 class loss: 0.027965 position_loss:0.021431

622 loss: 0.203927  [ 2896/ 3543]

622 class loss: 0.076673 position_loss:0.040785

652 loss: 0.313906  [ 3376/ 3543]

652 class loss: 0.133519 position_loss:0.062781

Epoch 3: train loss: 0.241609

Fold 0 Epoch 3 validation...
-------------------------------

number of test steps per epoch: 67

Epoch 3: valid loss:0.099984

Epoch 3: valid_class_loss:0.039006	valid_position_loss:0.019997

Epoch 3: valid loss 0.09998422144573162 smaller than best loss 0.20654013784067296
-------------------------------

Epoch 3: A better checkpoint is saved into /mnt/pixstor/data/yz3qt/MUTargetCLEAN0513/result_0612/2024-06-13__02-56-24/checkpoints/best_model.pth 
-------------------------------

Epoch 3: valid position loss 0.019996844289146325 smaller than best position loss 0.04130802756813462
-------------------------------

Epoch 3: A better checkpoint is saved into /mnt/pixstor/data/yz3qt/MUTargetCLEAN0513/result_0612/2024-06-13__02-56-24/checkpoints/best_position_model.pth 
-------------------------------

Fold 0 Epoch 4 train...
-------------------------------

663 loss: 0.178316  [   16/ 3543]

663 class loss: 0.082255 position_loss:0.035663

693 loss: 0.174420  [  496/ 3543]

693 class loss: 0.062857 position_loss:0.034884

723 loss: 0.140295  [  976/ 3543]

723 class loss: 0.081156 position_loss:0.028059

753 loss: 0.185105  [ 1456/ 3543]

753 class loss: 0.121001 position_loss:0.037021

783 loss: 0.035314  [ 1936/ 3543]

783 class loss: 0.023638 position_loss:0.007063

813 loss: 0.065830  [ 2416/ 3543]

813 class loss: 0.054132 position_loss:0.013166

843 loss: 0.145191  [ 2896/ 3543]

843 class loss: 0.112900 position_loss:0.029038

873 loss: 0.105661  [ 3376/ 3543]

873 class loss: 0.076248 position_loss:0.021132

Epoch 4: train loss: 0.115844

Fold 0 Epoch 4 validation...
-------------------------------

number of test steps per epoch: 67

Epoch 4: valid loss:0.067758

Epoch 4: valid_class_loss:0.034071	valid_position_loss:0.013552

Epoch 4: valid loss 0.06775770048083717 smaller than best loss 0.09998422144573162
-------------------------------

Epoch 4: A better checkpoint is saved into /mnt/pixstor/data/yz3qt/MUTargetCLEAN0513/result_0612/2024-06-13__02-56-24/checkpoints/best_model.pth 
-------------------------------

Epoch 4: valid position loss 0.013551540096167434 smaller than best position loss 0.019996844289146325
-------------------------------

Epoch 4: A better checkpoint is saved into /mnt/pixstor/data/yz3qt/MUTargetCLEAN0513/result_0612/2024-06-13__02-56-24/checkpoints/best_position_model.pth 
-------------------------------

Fold 0 Epoch 5 train...
-------------------------------

884 loss: 0.117638  [   16/ 3543]

884 class loss: 0.091565 position_loss:0.023528

914 loss: 0.050363  [  496/ 3543]

914 class loss: 0.049723 position_loss:0.010073

944 loss: 0.086949  [  976/ 3543]

944 class loss: 0.067237 position_loss:0.017390

974 loss: 0.044862  [ 1456/ 3543]

974 class loss: 0.038804 position_loss:0.008972

1004 loss: 0.039548  [ 1936/ 3543]

1004 class loss: 0.046943 position_loss:0.007910

1034 loss: 0.062742  [ 2416/ 3543]

1034 class loss: 0.023622 position_loss:0.012548

1064 loss: 0.092599  [ 2896/ 3543]

1064 class loss: 0.097726 position_loss:0.018520

1094 loss: 0.037372  [ 3376/ 3543]

1094 class loss: 0.038600 position_loss:0.007474

Epoch 5: train loss: 0.078200

Fold 0 Epoch 5 validation...
-------------------------------

number of test steps per epoch: 67

Epoch 5: valid loss:0.050980

Epoch 5: valid_class_loss:0.032938	valid_position_loss:0.010196

Epoch 5: valid loss 0.05097985218247788 smaller than best loss 0.06775770048083717
-------------------------------

Epoch 5: A better checkpoint is saved into /mnt/pixstor/data/yz3qt/MUTargetCLEAN0513/result_0612/2024-06-13__02-56-24/checkpoints/best_model.pth 
-------------------------------

Epoch 5: valid position loss 0.010195970436495578 smaller than best position loss 0.013551540096167434
-------------------------------

Epoch 5: A better checkpoint is saved into /mnt/pixstor/data/yz3qt/MUTargetCLEAN0513/result_0612/2024-06-13__02-56-24/checkpoints/best_position_model.pth 
-------------------------------

Fold 0 Epoch 6 train...
-------------------------------

1105 loss: 0.041540  [   16/ 3543]

1105 class loss: 0.092739 position_loss:0.008308

1135 loss: 0.072678  [  496/ 3543]

1135 class loss: 0.061096 position_loss:0.014536

1165 loss: 0.027907  [  976/ 3543]

1165 class loss: 0.009215 position_loss:0.005581

1195 loss: 0.028225  [ 1456/ 3543]

1195 class loss: 0.034327 position_loss:0.005645

1225 loss: 0.036394  [ 1936/ 3543]

1225 class loss: 0.058131 position_loss:0.007279

1255 loss: 0.063477  [ 2416/ 3543]

1255 class loss: 0.097639 position_loss:0.012695

1285 loss: 0.075219  [ 2896/ 3543]

1285 class loss: 0.140307 position_loss:0.015044

1315 loss: 0.059810  [ 3376/ 3543]

1315 class loss: 0.079171 position_loss:0.011962

Epoch 6: train loss: 0.063545

Fold 0 Epoch 6 validation...
-------------------------------

number of test steps per epoch: 67

Epoch 6: valid loss:0.040281

Epoch 6: valid_class_loss:0.033646	valid_position_loss:0.008056

Epoch 6: valid loss 0.04028094543343646 smaller than best loss 0.05097985218247788
-------------------------------

Epoch 6: A better checkpoint is saved into /mnt/pixstor/data/yz3qt/MUTargetCLEAN0513/result_0612/2024-06-13__02-56-24/checkpoints/best_model.pth 
-------------------------------

Epoch 6: valid position loss 0.00805618908668729 smaller than best position loss 0.010195970436495578
-------------------------------

Epoch 6: A better checkpoint is saved into /mnt/pixstor/data/yz3qt/MUTargetCLEAN0513/result_0612/2024-06-13__02-56-24/checkpoints/best_position_model.pth 
-------------------------------

Fold 0 Epoch 7 train...
-------------------------------

1326 loss: 0.087384  [   16/ 3543]

1326 class loss: 0.119368 position_loss:0.017477

1356 loss: 0.079339  [  496/ 3543]

1356 class loss: 0.076327 position_loss:0.015868

1386 loss: 0.027736  [  976/ 3543]

1386 class loss: 0.042760 position_loss:0.005547

1416 loss: 0.039638  [ 1456/ 3543]

1416 class loss: 0.082149 position_loss:0.007928

1446 loss: 0.027968  [ 1936/ 3543]

1446 class loss: 0.047799 position_loss:0.005594

1476 loss: 0.017462  [ 2416/ 3543]

1476 class loss: 0.030140 position_loss:0.003492

1506 loss: 0.020506  [ 2896/ 3543]

1506 class loss: 0.038923 position_loss:0.004101

1536 loss: 0.041598  [ 3376/ 3543]

1536 class loss: 0.027325 position_loss:0.008320

Epoch 7: train loss: 0.049908

Fold 0 Epoch 7 validation...
-------------------------------

number of test steps per epoch: 67

Epoch 7: valid loss:0.036267

Epoch 7: valid_class_loss:0.033560	valid_position_loss:0.007253

Epoch 7: valid loss 0.036267482352647824 smaller than best loss 0.04028094543343646
-------------------------------

Epoch 7: A better checkpoint is saved into /mnt/pixstor/data/yz3qt/MUTargetCLEAN0513/result_0612/2024-06-13__02-56-24/checkpoints/best_model.pth 
-------------------------------

Epoch 7: valid position loss 0.007253496470529567 smaller than best position loss 0.00805618908668729
-------------------------------

Epoch 7: A better checkpoint is saved into /mnt/pixstor/data/yz3qt/MUTargetCLEAN0513/result_0612/2024-06-13__02-56-24/checkpoints/best_position_model.pth 
-------------------------------

Fold 0 Epoch 8 train...
-------------------------------

1547 loss: 0.042013  [   16/ 3543]

1547 class loss: 0.047497 position_loss:0.008403

1577 loss: 0.026760  [  496/ 3543]

1577 class loss: 0.021084 position_loss:0.005352

1607 loss: 0.057125  [  976/ 3543]

1607 class loss: 0.063052 position_loss:0.011425

1637 loss: 0.053924  [ 1456/ 3543]

1637 class loss: 0.076699 position_loss:0.010785

1667 loss: 0.079324  [ 1936/ 3543]

1667 class loss: 0.109288 position_loss:0.015865

1697 loss: 0.041409  [ 2416/ 3543]

1697 class loss: 0.059847 position_loss:0.008282

1727 loss: 0.032919  [ 2896/ 3543]

1727 class loss: 0.056345 position_loss:0.006584

1757 loss: 0.062580  [ 3376/ 3543]

1757 class loss: 0.082648 position_loss:0.012516

Epoch 8: train loss: 0.036766

Fold 0 Epoch 8 validation...
-------------------------------

number of test steps per epoch: 67

Epoch 8: valid loss:0.031349

Epoch 8: valid_class_loss:0.036386	valid_position_loss:0.006270

Epoch 8: valid loss 0.031349371291407725 smaller than best loss 0.036267482352647824
-------------------------------

Epoch 8: A better checkpoint is saved into /mnt/pixstor/data/yz3qt/MUTargetCLEAN0513/result_0612/2024-06-13__02-56-24/checkpoints/best_model.pth 
-------------------------------

Epoch 8: valid position loss 0.006269874258281544 smaller than best position loss 0.007253496470529567
-------------------------------

Epoch 8: A better checkpoint is saved into /mnt/pixstor/data/yz3qt/MUTargetCLEAN0513/result_0612/2024-06-13__02-56-24/checkpoints/best_position_model.pth 
-------------------------------

Fold 0 Epoch 9 train...
-------------------------------

1768 loss: 0.028863  [   16/ 3543]

1768 class loss: 0.074791 position_loss:0.005773

1798 loss: 0.029595  [  496/ 3543]

1798 class loss: 0.018758 position_loss:0.005919

1828 loss: 0.053038  [  976/ 3543]

1828 class loss: 0.115756 position_loss:0.010608

1858 loss: 0.026493  [ 1456/ 3543]

1858 class loss: 0.074843 position_loss:0.005299

1888 loss: 0.035410  [ 1936/ 3543]

1888 class loss: 0.060113 position_loss:0.007082

1918 loss: 0.036370  [ 2416/ 3543]

1918 class loss: 0.073424 position_loss:0.007274

1948 loss: 0.025386  [ 2896/ 3543]

1948 class loss: 0.078058 position_loss:0.005077

1978 loss: 0.030536  [ 3376/ 3543]

1978 class loss: 0.024804 position_loss:0.006107

Epoch 9: train loss: 0.029174

Fold 0 Epoch 9 validation...
-------------------------------

number of test steps per epoch: 67

Epoch 9: valid loss:0.023453

Epoch 9: valid_class_loss:0.035081	valid_position_loss:0.004691

Epoch 9: valid loss 0.02345275565777098 smaller than best loss 0.031349371291407725
-------------------------------

Epoch 9: A better checkpoint is saved into /mnt/pixstor/data/yz3qt/MUTargetCLEAN0513/result_0612/2024-06-13__02-56-24/checkpoints/best_model.pth 
-------------------------------

Epoch 9: valid position loss 0.004690551131554194 smaller than best position loss 0.006269874258281544
-------------------------------

Epoch 9: A better checkpoint is saved into /mnt/pixstor/data/yz3qt/MUTargetCLEAN0513/result_0612/2024-06-13__02-56-24/checkpoints/best_position_model.pth 
-------------------------------

Fold 0 Epoch 10 train...
-------------------------------

1989 loss: 0.010253  [   16/ 3543]

1989 class loss: 0.033704 position_loss:0.002051

2019 loss: 0.024065  [  496/ 3543]

2019 class loss: 0.052896 position_loss:0.004813

2049 loss: 0.045135  [  976/ 3543]

2049 class loss: 0.052113 position_loss:0.009027

2079 loss: 0.006906  [ 1456/ 3543]

2079 class loss: 0.027365 position_loss:0.001381

2109 loss: 0.026321  [ 1936/ 3543]

2109 class loss: 0.098432 position_loss:0.005264

2139 loss: 0.019320  [ 2416/ 3543]

2139 class loss: 0.044664 position_loss:0.003864

2169 loss: 0.020003  [ 2896/ 3543]

2169 class loss: 0.057805 position_loss:0.004001

2199 loss: 0.033221  [ 3376/ 3543]

2199 class loss: 0.043060 position_loss:0.006644

Epoch 10: train loss: 0.024737

Fold 0 Epoch 10 validation...
-------------------------------

number of test steps per epoch: 67

Epoch 10: valid loss:0.021588

Epoch 10: valid_class_loss:0.037713	valid_position_loss:0.004318

Epoch 10: valid loss 0.021587722670859857 smaller than best loss 0.02345275565777098
-------------------------------

Epoch 10: A better checkpoint is saved into /mnt/pixstor/data/yz3qt/MUTargetCLEAN0513/result_0612/2024-06-13__02-56-24/checkpoints/best_model.pth 
-------------------------------

Epoch 10: valid position loss 0.004317544534171972 smaller than best position loss 0.004690551131554194
-------------------------------

Epoch 10: A better checkpoint is saved into /mnt/pixstor/data/yz3qt/MUTargetCLEAN0513/result_0612/2024-06-13__02-56-24/checkpoints/best_position_model.pth 
-------------------------------

Fold 0 Epoch 11 train...
-------------------------------

2210 loss: 0.023418  [   16/ 3543]

2210 class loss: 0.034904 position_loss:0.004684

2240 loss: 0.038156  [  496/ 3543]

2240 class loss: 0.031645 position_loss:0.007631

2270 loss: 0.016926  [  976/ 3543]

2270 class loss: 0.067319 position_loss:0.003385

2300 loss: 0.008111  [ 1456/ 3543]

2300 class loss: 0.029938 position_loss:0.001622

2330 loss: 0.041659  [ 1936/ 3543]

2330 class loss: 0.095841 position_loss:0.008332

2360 loss: 0.052209  [ 2416/ 3543]

2360 class loss: 0.035388 position_loss:0.010442

2390 loss: 0.038760  [ 2896/ 3543]

2390 class loss: 0.113835 position_loss:0.007752

2420 loss: 0.013299  [ 3376/ 3543]

2420 class loss: 0.059927 position_loss:0.002660

Epoch 11: train loss: 0.021321

Fold 0 Epoch 11 validation...
-------------------------------

number of test steps per epoch: 67

Epoch 11: valid loss:0.019813

Epoch 11: valid_class_loss:0.038172	valid_position_loss:0.003963

Epoch 11: valid loss 0.019812722722330218 smaller than best loss 0.021587722670859857
-------------------------------

Epoch 11: A better checkpoint is saved into /mnt/pixstor/data/yz3qt/MUTargetCLEAN0513/result_0612/2024-06-13__02-56-24/checkpoints/best_model.pth 
-------------------------------

Epoch 11: valid position loss 0.003962544544466046 smaller than best position loss 0.004317544534171972
-------------------------------

Epoch 11: A better checkpoint is saved into /mnt/pixstor/data/yz3qt/MUTargetCLEAN0513/result_0612/2024-06-13__02-56-24/checkpoints/best_position_model.pth 
-------------------------------

Fold 0 Epoch 12 train...
-------------------------------

2431 loss: 0.011112  [   16/ 3543]

2431 class loss: 0.017090 position_loss:0.002222

2461 loss: 0.003227  [  496/ 3543]

2461 class loss: 0.013419 position_loss:0.000645

2491 loss: 0.008112  [  976/ 3543]

2491 class loss: 0.022763 position_loss:0.001622

2521 loss: 0.019047  [ 1456/ 3543]

2521 class loss: 0.128650 position_loss:0.003809

2551 loss: 0.004697  [ 1936/ 3543]

2551 class loss: 0.017748 position_loss:0.000939

2581 loss: 0.012070  [ 2416/ 3543]

2581 class loss: 0.058459 position_loss:0.002414

2611 loss: 0.015088  [ 2896/ 3543]

2611 class loss: 0.038437 position_loss:0.003018

2641 loss: 0.010088  [ 3376/ 3543]

2641 class loss: 0.063954 position_loss:0.002018

Epoch 12: train loss: 0.018863

Fold 0 Epoch 12 validation...
-------------------------------

number of test steps per epoch: 67

Epoch 12: valid loss:0.017481

Epoch 12: valid_class_loss:0.038360	valid_position_loss:0.003496

Epoch 12: valid loss 0.01748117922518961 smaller than best loss 0.019812722722330218
-------------------------------

Epoch 12: A better checkpoint is saved into /mnt/pixstor/data/yz3qt/MUTargetCLEAN0513/result_0612/2024-06-13__02-56-24/checkpoints/best_model.pth 
-------------------------------

Epoch 12: valid position loss 0.0034962358450379206 smaller than best position loss 0.003962544544466046
-------------------------------

Epoch 12: A better checkpoint is saved into /mnt/pixstor/data/yz3qt/MUTargetCLEAN0513/result_0612/2024-06-13__02-56-24/checkpoints/best_position_model.pth 
-------------------------------

Fold 0 Epoch 13 train...
-------------------------------

2652 loss: 0.016152  [   16/ 3543]

2652 class loss: 0.040066 position_loss:0.003230

2682 loss: 0.033276  [  496/ 3543]

2682 class loss: 0.129526 position_loss:0.006655

2712 loss: 0.003700  [  976/ 3543]

2712 class loss: 0.013908 position_loss:0.000740

2742 loss: 0.016562  [ 1456/ 3543]

2742 class loss: 0.090470 position_loss:0.003312

2772 loss: 0.006433  [ 1936/ 3543]

2772 class loss: 0.043327 position_loss:0.001287

2802 loss: 0.028655  [ 2416/ 3543]

2802 class loss: 0.023659 position_loss:0.005731

2832 loss: 0.009845  [ 2896/ 3543]

2832 class loss: 0.046248 position_loss:0.001969

2862 loss: 0.005445  [ 3376/ 3543]

2862 class loss: 0.040322 position_loss:0.001089

Epoch 13: train loss: 0.016800

Fold 0 Epoch 13 validation...
-------------------------------

number of test steps per epoch: 67

Epoch 13: valid loss:0.016241

Epoch 13: valid_class_loss:0.038836	valid_position_loss:0.003248

Epoch 13: valid loss 0.016240673533905726 smaller than best loss 0.01748117922518961
-------------------------------

Epoch 13: A better checkpoint is saved into /mnt/pixstor/data/yz3qt/MUTargetCLEAN0513/result_0612/2024-06-13__02-56-24/checkpoints/best_model.pth 
-------------------------------

Epoch 13: valid position loss 0.0032481347067811472 smaller than best position loss 0.0034962358450379206
-------------------------------

Epoch 13: A better checkpoint is saved into /mnt/pixstor/data/yz3qt/MUTargetCLEAN0513/result_0612/2024-06-13__02-56-24/checkpoints/best_position_model.pth 
-------------------------------

Fold 0 Epoch 14 train...
-------------------------------

2873 loss: 0.016006  [   16/ 3543]

2873 class loss: 0.111123 position_loss:0.003201

2903 loss: 0.017658  [  496/ 3543]

2903 class loss: 0.071143 position_loss:0.003532

2933 loss: 0.010964  [  976/ 3543]

2933 class loss: 0.044109 position_loss:0.002193

2963 loss: 0.021732  [ 1456/ 3543]

2963 class loss: 0.125690 position_loss:0.004346

2993 loss: 0.013339  [ 1936/ 3543]

2993 class loss: 0.098194 position_loss:0.002668

3023 loss: 0.007205  [ 2416/ 3543]

3023 class loss: 0.040114 position_loss:0.001441

3053 loss: 0.013360  [ 2896/ 3543]

3053 class loss: 0.044812 position_loss:0.002672

3083 loss: 0.008444  [ 3376/ 3543]

3083 class loss: 0.038339 position_loss:0.001689

Epoch 14: train loss: 0.014866

Fold 0 Epoch 14 validation...
-------------------------------

number of test steps per epoch: 67

Epoch 14: valid loss:0.015653

Epoch 14: valid_class_loss:0.038083	valid_position_loss:0.003131

Epoch 14: valid loss 0.015652755601062468 smaller than best loss 0.016240673533905726
-------------------------------

Epoch 14: A better checkpoint is saved into /mnt/pixstor/data/yz3qt/MUTargetCLEAN0513/result_0612/2024-06-13__02-56-24/checkpoints/best_model.pth 
-------------------------------

Epoch 14: valid position loss 0.0031305511202124937 smaller than best position loss 0.0032481347067811472
-------------------------------

Epoch 14: A better checkpoint is saved into /mnt/pixstor/data/yz3qt/MUTargetCLEAN0513/result_0612/2024-06-13__02-56-24/checkpoints/best_position_model.pth 
-------------------------------

Fold 0 Epoch 15 train...
-------------------------------

3094 loss: 0.035584  [   16/ 3543]

3094 class loss: 0.146979 position_loss:0.007117

3124 loss: 0.023506  [  496/ 3543]

3124 class loss: 0.069051 position_loss:0.004701

3154 loss: 0.008166  [  976/ 3543]

3154 class loss: 0.039450 position_loss:0.001633

3184 loss: 0.011646  [ 1456/ 3543]

3184 class loss: 0.062734 position_loss:0.002329

3214 loss: 0.002490  [ 1936/ 3543]

3214 class loss: 0.012862 position_loss:0.000498

3244 loss: 0.021723  [ 2416/ 3543]

3244 class loss: 0.042714 position_loss:0.004345

3274 loss: 0.025174  [ 2896/ 3543]

3274 class loss: 0.031759 position_loss:0.005035

3304 loss: 0.015364  [ 3376/ 3543]

3304 class loss: 0.062567 position_loss:0.003073

Epoch 15: train loss: 0.013903

Fold 0 Epoch 15 validation...
-------------------------------

number of test steps per epoch: 67

Epoch 15: valid loss:0.013820

Epoch 15: valid_class_loss:0.040779	valid_position_loss:0.002764

Epoch 15: valid loss 0.013819607015166751 smaller than best loss 0.015652755601062468
-------------------------------

Epoch 15: A better checkpoint is saved into /mnt/pixstor/data/yz3qt/MUTargetCLEAN0513/result_0612/2024-06-13__02-56-24/checkpoints/best_model.pth 
-------------------------------

Epoch 15: valid position loss 0.00276392140303335 smaller than best position loss 0.0031305511202124937
-------------------------------

Epoch 15: A better checkpoint is saved into /mnt/pixstor/data/yz3qt/MUTargetCLEAN0513/result_0612/2024-06-13__02-56-24/checkpoints/best_position_model.pth 
-------------------------------

Loading checkpoint from /mnt/pixstor/data/yz3qt/MUTargetCLEAN0513/result_0612/2024-06-13__02-56-24/checkpoints/best_position_model.pth

Fold 0 test
-------------------------------

===================Evaluate protein results========================

 optimized cutoffs: 

             Nucleus   ER  Peroxisome  Mitochondrion  Nucleus_export  SIGNAL  \
cutoffs_pro      0.9  0.7         0.7            0.2             0.9     0.5   
cutoffs_aa       0.4  0.1         0.1            0.1             0.2     0.1   

             chloroplast  Thylakoid  
cutoffs_pro          0.7        0.9  
cutoffs_aa           0.1        0.1  
===========================================

 Jaccard Index (protein): 

                       0
Nucleus         0.771959
ER              0.857473
Peroxisome      0.454086
Mitochondrion   0.826737
Nucleus_export  0.653592
SIGNAL          0.917321
chloroplast     0.812543
Thylakoid       0.877396
===========================================

 TPR, FPR, FNR (protein): 

                       0         1         2
Nucleus         0.870270  0.129458  0.129730
ER              0.866667  0.010658  0.133333
Peroxisome      0.461538  0.010340  0.538462
Mitochondrion   0.843750  0.023724  0.156250
Nucleus_export  0.816297  0.237014  0.183703
SIGNAL          0.930876  0.017212  0.069124
chloroplast     0.828947  0.019675  0.171053
Thylakoid       0.900000  0.024375  0.100000
===========================================

 cs acc: 

                       0
Nucleus         0.007812
ER              0.866667
Peroxisome      0.230769
Mitochondrion   0.518750
Nucleus_export  0.000000
SIGNAL          0.866359
chloroplast     0.473684
Thylakoid       0.800000
===========================================

 Class prediction performance: 

                roc_auc_score  average_precision_score  matthews_corrcoef  \
Nucleus              0.983278                 0.889537           0.748021   
ER                   0.906305                 0.558019           0.743803   
Peroxisome           0.366339                 0.132050           0.220103   
Mitochondrion        0.310551                 0.104087           0.026407   
Nucleus_export       0.971583                 0.493118           0.463551   
SIGNAL               0.917208                 0.939345           0.731829   
chloroplast          0.702164                 0.306329           0.250686   
Thylakoid            0.944434                 0.384263           0.672580   

                recall_score  precision_score  f1_score  
Nucleus             0.859375         0.709677  0.777385  
ER                  0.800000         0.705882  0.750000  
Peroxisome          0.153846         0.333333  0.210526  
Mitochondrion       0.887500         0.154516  0.263207  
Nucleus_export      0.720000         0.321429  0.444444  
SIGNAL              0.912442         0.885246  0.898638  
chloroplast         0.171053         0.464286  0.250000  
Thylakoid           0.800000         0.571429  0.666667  
===================Test protein results constrain: False========================

 optimized cutoffs: 

             Nucleus   ER  Peroxisome  Mitochondrion  Nucleus_export  SIGNAL  \
cutoffs_pro      0.9  0.7         0.7            0.2             0.9     0.5   
cutoffs_aa       0.4  0.1         0.1            0.1             0.2     0.1   

             chloroplast  Thylakoid  
cutoffs_pro          0.7        0.9  
cutoffs_aa           0.1        0.1  
===========================================

 Jaccard Index (protein): 

                       0
Nucleus         0.586210
ER              0.994149
Peroxisome      0.459402
Mitochondrion   0.756864
Nucleus_export  0.370224
SIGNAL          0.925295
chloroplast     0.803007
Thylakoid       0.875209
===========================================

 TPR, FPR, FNR (protein): 

                       0         1         2
Nucleus         0.659813  0.143678  0.340187
ER              1.000000  0.005889  0.000000
Peroxisome      0.461538  0.003081  0.538462
Mitochondrion   0.767296  0.013339  0.232704
Nucleus_export  0.462905  0.173753  0.537095
SIGNAL          0.937695  0.014602  0.062305
chloroplast     0.821918  0.023466  0.178082
Thylakoid       0.888889  0.016246  0.111111
===========================================

 cs acc: 

                       0
Nucleus         0.016529
ER              0.965517
Peroxisome      0.461538
Mitochondrion   0.327044
Nucleus_export  0.000000
SIGNAL          0.884735
chloroplast     0.424658
Thylakoid       0.777778
===========================================

 Class prediction performance: 

                roc_auc_score  average_precision_score  matthews_corrcoef  \
Nucleus              0.975171                 0.865166           0.782938   
ER                   0.967966                 0.813085           0.833314   
Peroxisome           0.471412                 0.242363           0.308379   
Mitochondrion        0.311608                 0.103284           0.052190   
Nucleus_export       0.945775                 0.258375           0.368328   
SIGNAL               0.905033                 0.923194           0.728380   
chloroplast          0.711953                 0.221536           0.230007   
Thylakoid            0.992472                 0.524109           0.619734   

                recall_score  precision_score  f1_score  
Nucleus             0.892562         0.734694  0.805970  
ER                  0.793103         0.884615  0.836364  
Peroxisome          0.230769         0.428571  0.300000  
Mitochondrion       0.893082         0.158305  0.268939  
Nucleus_export      0.640000         0.238806  0.347826  
SIGNAL              0.911215         0.881024  0.895865  
chloroplast         0.178082         0.393939  0.245283  
Thylakoid           0.777778         0.500000  0.608696  
===================Test protein results constrain: True========================

 optimized cutoffs: 

             Nucleus   ER  Peroxisome  Mitochondrion  Nucleus_export  SIGNAL  \
cutoffs_pro      0.9  0.7         0.7            0.2             0.9     0.5   
cutoffs_aa       0.4  0.1         0.1            0.1             0.2     0.1   

             chloroplast  Thylakoid  
cutoffs_pro          0.7        0.9  
cutoffs_aa           0.1        0.1  
===========================================

 Jaccard Index (protein): 

                       0
Nucleus         0.568284
ER              0.788404
Peroxisome      0.228633
Mitochondrion   0.738108
Nucleus_export  0.327630
SIGNAL          0.855456
chloroplast     0.160596
Thylakoid       0.654631
===========================================

 TPR, FPR, FNR (protein): 

                       0         1         2
Nucleus         0.639979  0.137732  0.252583
ER              0.793103  0.004731  0.000000
Peroxisome      0.230769  0.002166  0.000000
Mitochondrion   0.748428  0.012977  0.144654
Nucleus_export  0.411000  0.150002  0.229000
SIGNAL          0.867601  0.013778  0.043614
chloroplast     0.164384  0.004167  0.013699
Thylakoid       0.666667  0.014590  0.111111
===========================================

 cs acc: 

                       0
Nucleus         0.018519
ER              0.956522
Peroxisome      1.000000
Mitochondrion   0.366197
Nucleus_export  0.000000
SIGNAL          0.907692
chloroplast     0.615385
Thylakoid       0.714286
===========================================

 Class prediction performance: 

                roc_auc_score  average_precision_score  matthews_corrcoef  \
Nucleus              0.975171                 0.865166           0.782938   
ER                   0.967966                 0.813085           0.833314   
Peroxisome           0.471412                 0.242363           0.308379   
Mitochondrion        0.311608                 0.103284           0.052190   
Nucleus_export       0.945775                 0.258375           0.368328   
SIGNAL               0.905033                 0.923194           0.728380   
chloroplast          0.711953                 0.221536           0.230007   
Thylakoid            0.992472                 0.524109           0.619734   

                recall_score  precision_score  f1_score  
Nucleus             0.892562         0.734694  0.805970  
ER                  0.793103         0.884615  0.836364  
Peroxisome          0.230769         0.428571  0.300000  
Mitochondrion       0.893082         0.158305  0.268939  
Nucleus_export      0.640000         0.238806  0.347826  
SIGNAL              0.911215         0.881024  0.895865  
chloroplast         0.178082         0.393939  0.245283  
Thylakoid           0.777778         0.500000  0.608696  




Comparable Test Data
-------------------------------

===================Test protein results constrain: False========================

 optimized cutoffs: 

             Nucleus   ER  Peroxisome  Mitochondrion  Nucleus_export  SIGNAL  \
cutoffs_pro      0.9  0.7         0.7            0.2             0.9     0.5   
cutoffs_aa       0.4  0.1         0.1            0.1             0.2     0.1   

             chloroplast  Thylakoid  
cutoffs_pro          0.7        0.9  
cutoffs_aa           0.1        0.1  
===========================================

 Jaccard Index (protein): 

                       0
Nucleus         0.927727
ER                   NaN
Peroxisome           NaN
Mitochondrion        NaN
Nucleus_export  0.455055
SIGNAL               NaN
chloroplast          NaN
Thylakoid            NaN
===========================================

 TPR, FPR, FNR (protein): 

                       0         1         2
Nucleus         1.000000  0.078727  0.000000
ER                   NaN       NaN       NaN
Peroxisome           NaN       NaN       NaN
Mitochondrion        NaN       NaN       NaN
Nucleus_export  0.566667  0.252235  0.433333
SIGNAL               NaN       NaN       NaN
chloroplast          NaN       NaN       NaN
Thylakoid            NaN       NaN       NaN
===========================================

 cs acc: 

                  0
Nucleus         0.0
ER              NaN
Peroxisome      NaN
Mitochondrion   NaN
Nucleus_export  0.0
SIGNAL          NaN
chloroplast     NaN
Thylakoid       NaN
===========================================

 Class prediction performance: 

                roc_auc_score  average_precision_score  matthews_corrcoef  \
Nucleus              0.666667                     0.75                0.0   
ER                        NaN                    -0.00                0.0   
Peroxisome                NaN                    -0.00                0.0   
Mitochondrion             NaN                    -0.00                0.0   
Nucleus_export            NaN                     1.00                0.0   
SIGNAL                    NaN                    -0.00                0.0   
chloroplast               NaN                    -0.00                0.0   
Thylakoid                 NaN                    -0.00                0.0   

                recall_score  precision_score  f1_score  
Nucleus                  1.0              0.4  0.571429  
ER                       0.0              0.0  0.000000  
Peroxisome               0.0              0.0  0.000000  
Mitochondrion            0.0              0.0  0.000000  
Nucleus_export           0.8              1.0  0.888889  
SIGNAL                   0.0              0.0  0.000000  
chloroplast              0.0              0.0  0.000000  
Thylakoid                0.0              0.0  0.000000  
===================Test protein results constrain: True========================

 optimized cutoffs: 

             Nucleus   ER  Peroxisome  Mitochondrion  Nucleus_export  SIGNAL  \
cutoffs_pro      0.9  0.7         0.7            0.2             0.9     0.5   
cutoffs_aa       0.4  0.1         0.1            0.1             0.2     0.1   

             chloroplast  Thylakoid  
cutoffs_pro          0.7        0.9  
cutoffs_aa           0.1        0.1  
===========================================

 Jaccard Index (protein): 

                       0
Nucleus         0.927727
ER                   NaN
Peroxisome           NaN
Mitochondrion        NaN
Nucleus_export  0.311577
SIGNAL               NaN
chloroplast          NaN
Thylakoid            NaN
===========================================

 TPR, FPR, FNR (protein): 

                  0         1    2
Nucleus         1.0  0.078727  0.0
ER              NaN       NaN  NaN
Peroxisome      NaN       NaN  NaN
Mitochondrion   NaN       NaN  NaN
Nucleus_export  0.4  0.219912  0.4
SIGNAL          NaN       NaN  NaN
chloroplast     NaN       NaN  NaN
Thylakoid       NaN       NaN  NaN
===========================================

 cs acc: 

                  0
Nucleus         0.0
ER              NaN
Peroxisome      NaN
Mitochondrion   NaN
Nucleus_export  0.0
SIGNAL          NaN
chloroplast     NaN
Thylakoid       NaN
===========================================

 Class prediction performance: 

                roc_auc_score  average_precision_score  matthews_corrcoef  \
Nucleus              0.666667                     0.75                0.0   
ER                        NaN                    -0.00                0.0   
Peroxisome                NaN                    -0.00                0.0   
Mitochondrion             NaN                    -0.00                0.0   
Nucleus_export            NaN                     1.00                0.0   
SIGNAL                    NaN                    -0.00                0.0   
chloroplast               NaN                    -0.00                0.0   
Thylakoid                 NaN                    -0.00                0.0   

                recall_score  precision_score  f1_score  
Nucleus                  1.0              0.4  0.571429  
ER                       0.0              0.0  0.000000  
Peroxisome               0.0              0.0  0.000000  
Mitochondrion            0.0              0.0  0.000000  
Nucleus_export           0.8              1.0  0.888889  
SIGNAL                   0.0              0.0  0.000000  
chloroplast              0.0              0.0  0.000000  
Thylakoid                0.0              0.0  0.000000  
