use k-fold index: 0

Done Loading data

number of steps for training data: 221

number of steps for valid data: 67

number of steps for test data: 67

Done initialize tokenizer

trainable params: 41716744 || all params: 654715805 || trainable%: 6.371733152218618

Done initialize model

preparing optimizer is done

number of train steps per epoch: 221

Start training...

Fold 0 Epoch 1 train...
-------------------------------

0 loss: 1.538814  [   16/ 3543]

0 class loss: 0.721711 position_loss:0.817103

30 loss: 1.452460  [  496/ 3543]

30 class loss: 0.697577 position_loss:0.754883

60 loss: 1.366990  [  976/ 3543]

60 class loss: 0.640409 position_loss:0.726581

90 loss: 1.220577  [ 1456/ 3543]

90 class loss: 0.522501 position_loss:0.698077

120 loss: 1.058641  [ 1936/ 3543]

120 class loss: 0.435888 position_loss:0.622753

150 loss: 0.797058  [ 2416/ 3543]

150 class loss: 0.391358 position_loss:0.405700

180 loss: 0.432839  [ 2896/ 3543]

180 class loss: 0.278269 position_loss:0.154570

210 loss: 0.499259  [ 3376/ 3543]

210 class loss: 0.353052 position_loss:0.146206

Epoch 1: train loss: 1.017886

Fold 0 Epoch 1 validation...
-------------------------------

number of test steps per epoch: 67

Epoch 1: valid loss:0.091513

Epoch 1: valid_class_loss:0.034627	valid_position_loss:0.056887

Epoch 1: valid loss 0.09151344006966858 smaller than best loss inf
-------------------------------

Epoch 1: A better checkpoint is saved into /mnt/pixstor/data/yz3qt/MUTargetCLEAN0513/result_nosupcon/0530_new/2024-05-31__02-40-20/checkpoints/best_model.pth 
-------------------------------

Fold 0 Epoch 2 train...
-------------------------------

221 loss: 0.459935  [   16/ 3543]

221 class loss: 0.365803 position_loss:0.094132

251 loss: 0.294066  [  496/ 3543]

251 class loss: 0.255131 position_loss:0.038935

281 loss: 0.342513  [  976/ 3543]

281 class loss: 0.274164 position_loss:0.068349

311 loss: 0.279679  [ 1456/ 3543]

311 class loss: 0.246498 position_loss:0.033181

341 loss: 0.294266  [ 1936/ 3543]

341 class loss: 0.249951 position_loss:0.044315

371 loss: 0.166997  [ 2416/ 3543]

371 class loss: 0.145139 position_loss:0.021858

401 loss: 0.231911  [ 2896/ 3543]

401 class loss: 0.203540 position_loss:0.028371

431 loss: 0.235721  [ 3376/ 3543]

431 class loss: 0.189871 position_loss:0.045850

Epoch 2: train loss: 0.297474

Fold 0 Epoch 2 validation...
-------------------------------

number of test steps per epoch: 67

Epoch 2: valid loss:0.051040

Epoch 2: valid_class_loss:0.024385	valid_position_loss:0.026655

Epoch 2: valid loss 0.0510399703986881 smaller than best loss 0.09151344006966858
-------------------------------

Epoch 2: A better checkpoint is saved into /mnt/pixstor/data/yz3qt/MUTargetCLEAN0513/result_nosupcon/0530_new/2024-05-31__02-40-20/checkpoints/best_model.pth 
-------------------------------

Fold 0 Epoch 3 train...
-------------------------------

442 loss: 0.174542  [   16/ 3543]

442 class loss: 0.155158 position_loss:0.019384

472 loss: 0.205801  [  496/ 3543]

472 class loss: 0.182334 position_loss:0.023467

502 loss: 0.196041  [  976/ 3543]

502 class loss: 0.175336 position_loss:0.020705

532 loss: 0.165814  [ 1456/ 3543]

532 class loss: 0.146327 position_loss:0.019487

562 loss: 0.125886  [ 1936/ 3543]

562 class loss: 0.117208 position_loss:0.008678

592 loss: 0.077942  [ 2416/ 3543]

592 class loss: 0.069681 position_loss:0.008261

622 loss: 0.074432  [ 2896/ 3543]

622 class loss: 0.064882 position_loss:0.009550

652 loss: 0.129038  [ 3376/ 3543]

652 class loss: 0.107288 position_loss:0.021750

Epoch 3: train loss: 0.160252

Fold 0 Epoch 3 validation...
-------------------------------

number of test steps per epoch: 67

Epoch 3: valid loss:0.031891

Epoch 3: valid_class_loss:0.015672	valid_position_loss:0.016219

Epoch 3: valid loss 0.031890954214747455 smaller than best loss 0.0510399703986881
-------------------------------

Epoch 3: A better checkpoint is saved into /mnt/pixstor/data/yz3qt/MUTargetCLEAN0513/result_nosupcon/0530_new/2024-05-31__02-40-20/checkpoints/best_model.pth 
-------------------------------

Fold 0 Epoch 4 train...
-------------------------------

663 loss: 0.102650  [   16/ 3543]

663 class loss: 0.091336 position_loss:0.011314

693 loss: 0.125106  [  496/ 3543]

693 class loss: 0.091687 position_loss:0.033419

723 loss: 0.154038  [  976/ 3543]

723 class loss: 0.122955 position_loss:0.031083

753 loss: 0.117322  [ 1456/ 3543]

753 class loss: 0.108391 position_loss:0.008930

783 loss: 0.139904  [ 1936/ 3543]

783 class loss: 0.121395 position_loss:0.018509

813 loss: 0.084773  [ 2416/ 3543]

813 class loss: 0.068348 position_loss:0.016425

843 loss: 0.123183  [ 2896/ 3543]

843 class loss: 0.101374 position_loss:0.021809

873 loss: 0.079360  [ 3376/ 3543]

873 class loss: 0.072327 position_loss:0.007034

Epoch 4: train loss: 0.098387

Fold 0 Epoch 4 validation...
-------------------------------

number of test steps per epoch: 67

Epoch 4: valid loss:0.026459

Epoch 4: valid_class_loss:0.012915	valid_position_loss:0.013544

Epoch 4: valid loss 0.02645865450039766 smaller than best loss 0.031890954214747455
-------------------------------

Epoch 4: A better checkpoint is saved into /mnt/pixstor/data/yz3qt/MUTargetCLEAN0513/result_nosupcon/0530_new/2024-05-31__02-40-20/checkpoints/best_model.pth 
-------------------------------

Fold 0 Epoch 5 train...
-------------------------------

884 loss: 0.135090  [   16/ 3543]

884 class loss: 0.118300 position_loss:0.016790

914 loss: 0.061178  [  496/ 3543]

914 class loss: 0.052900 position_loss:0.008278

944 loss: 0.118498  [  976/ 3543]

944 class loss: 0.095602 position_loss:0.022896

974 loss: 0.061917  [ 1456/ 3543]

974 class loss: 0.046333 position_loss:0.015583

1004 loss: 0.058959  [ 1936/ 3543]

1004 class loss: 0.050114 position_loss:0.008845

1034 loss: 0.070670  [ 2416/ 3543]

1034 class loss: 0.056749 position_loss:0.013922

1064 loss: 0.063262  [ 2896/ 3543]

1064 class loss: 0.051571 position_loss:0.011691

1094 loss: 0.119189  [ 3376/ 3543]

1094 class loss: 0.100154 position_loss:0.019035

Epoch 5: train loss: 0.068470

Fold 0 Epoch 5 validation...
-------------------------------

number of test steps per epoch: 67

Epoch 5: valid loss:0.023659

Epoch 5: valid_class_loss:0.011965	valid_position_loss:0.011694

Epoch 5: valid loss 0.023659006523336704 smaller than best loss 0.02645865450039766
-------------------------------

Epoch 5: A better checkpoint is saved into /mnt/pixstor/data/yz3qt/MUTargetCLEAN0513/result_nosupcon/0530_new/2024-05-31__02-40-20/checkpoints/best_model.pth 
-------------------------------

Fold 0 Epoch 6 train...
-------------------------------

1105 loss: 0.051977  [   16/ 3543]

1105 class loss: 0.042555 position_loss:0.009422

1135 loss: 0.101768  [  496/ 3543]

1135 class loss: 0.086134 position_loss:0.015634

1165 loss: 0.021049  [  976/ 3543]

1165 class loss: 0.017312 position_loss:0.003737

1195 loss: 0.097140  [ 1456/ 3543]

1195 class loss: 0.080079 position_loss:0.017061

1225 loss: 0.066778  [ 1936/ 3543]

1225 class loss: 0.062239 position_loss:0.004539

1255 loss: 0.033280  [ 2416/ 3543]

1255 class loss: 0.028192 position_loss:0.005088

1285 loss: 0.046435  [ 2896/ 3543]

1285 class loss: 0.040297 position_loss:0.006138

1315 loss: 0.076369  [ 3376/ 3543]

1315 class loss: 0.070087 position_loss:0.006281

Epoch 6: train loss: 0.055263

Fold 0 Epoch 6 validation...
-------------------------------

number of test steps per epoch: 67

Epoch 6: valid loss:0.024397

Epoch 6: valid_class_loss:0.012680	valid_position_loss:0.011716

Fold 0 Epoch 7 train...
-------------------------------

1326 loss: 0.048448  [   16/ 3543]

1326 class loss: 0.040199 position_loss:0.008249

1356 loss: 0.037753  [  496/ 3543]

1356 class loss: 0.034630 position_loss:0.003123

1386 loss: 0.033559  [  976/ 3543]

1386 class loss: 0.029979 position_loss:0.003580

1416 loss: 0.028086  [ 1456/ 3543]

1416 class loss: 0.023574 position_loss:0.004512

1446 loss: 0.029428  [ 1936/ 3543]

1446 class loss: 0.025181 position_loss:0.004247

1476 loss: 0.042490  [ 2416/ 3543]

1476 class loss: 0.031650 position_loss:0.010841

1506 loss: 0.022862  [ 2896/ 3543]

1506 class loss: 0.017666 position_loss:0.005196

1536 loss: 0.022127  [ 3376/ 3543]

1536 class loss: 0.017363 position_loss:0.004764

Epoch 7: train loss: 0.045050

Fold 0 Epoch 7 validation...
-------------------------------

number of test steps per epoch: 67

Epoch 7: valid loss:0.027738

Epoch 7: valid_class_loss:0.012256	valid_position_loss:0.015482

Fold 0 Epoch 8 train...
-------------------------------

1547 loss: 0.034740  [   16/ 3543]

1547 class loss: 0.019374 position_loss:0.015366

1577 loss: 0.082640  [  496/ 3543]

1577 class loss: 0.077829 position_loss:0.004811

1607 loss: 0.056504  [  976/ 3543]

1607 class loss: 0.050183 position_loss:0.006321

1637 loss: 0.036420  [ 1456/ 3543]

1637 class loss: 0.025188 position_loss:0.011232

1667 loss: 0.061671  [ 1936/ 3543]

1667 class loss: 0.049135 position_loss:0.012536

1697 loss: 0.035422  [ 2416/ 3543]

1697 class loss: 0.029574 position_loss:0.005848

1727 loss: 0.037171  [ 2896/ 3543]

1727 class loss: 0.029336 position_loss:0.007834

1757 loss: 0.089039  [ 3376/ 3543]

1757 class loss: 0.067233 position_loss:0.021805

Epoch 8: train loss: 0.036429

Fold 0 Epoch 8 validation...
-------------------------------

number of test steps per epoch: 67

Epoch 8: valid loss:0.025975

Epoch 8: valid_class_loss:0.011265	valid_position_loss:0.014710

Fold 0 Epoch 9 train...
-------------------------------

1768 loss: 0.064701  [   16/ 3543]

1768 class loss: 0.056376 position_loss:0.008326

1798 loss: 0.009818  [  496/ 3543]

1798 class loss: 0.006602 position_loss:0.003216

1828 loss: 0.016520  [  976/ 3543]

1828 class loss: 0.010682 position_loss:0.005838

1858 loss: 0.026107  [ 1456/ 3543]

1858 class loss: 0.019067 position_loss:0.007040

1888 loss: 0.014734  [ 1936/ 3543]

1888 class loss: 0.013527 position_loss:0.001207

1918 loss: 0.016071  [ 2416/ 3543]

1918 class loss: 0.010169 position_loss:0.005902

1948 loss: 0.036844  [ 2896/ 3543]

1948 class loss: 0.033018 position_loss:0.003826

1978 loss: 0.029867  [ 3376/ 3543]

1978 class loss: 0.022109 position_loss:0.007758

Epoch 9: train loss: 0.029049

Fold 0 Epoch 9 validation...
-------------------------------

number of test steps per epoch: 67

Epoch 9: valid loss:0.027081

Epoch 9: valid_class_loss:0.013794	valid_position_loss:0.013287

Fold 0 Epoch 10 train...
-------------------------------

1989 loss: 0.016669  [   16/ 3543]

1989 class loss: 0.012133 position_loss:0.004536

2019 loss: 0.077493  [  496/ 3543]

2019 class loss: 0.069757 position_loss:0.007736

2049 loss: 0.015817  [  976/ 3543]

2049 class loss: 0.008439 position_loss:0.007378

2079 loss: 0.021703  [ 1456/ 3543]

2079 class loss: 0.014678 position_loss:0.007024

2109 loss: 0.006975  [ 1936/ 3543]

2109 class loss: 0.005162 position_loss:0.001813

2139 loss: 0.023076  [ 2416/ 3543]

2139 class loss: 0.015435 position_loss:0.007641

2169 loss: 0.025450  [ 2896/ 3543]

2169 class loss: 0.022428 position_loss:0.003022

2199 loss: 0.008216  [ 3376/ 3543]

2199 class loss: 0.004803 position_loss:0.003413

Epoch 10: train loss: 0.027051

Fold 0 Epoch 10 validation...
-------------------------------

number of test steps per epoch: 67

Epoch 10: valid loss:0.027146

Epoch 10: valid_class_loss:0.013782	valid_position_loss:0.013364

Fold 0 Epoch 11 train...
-------------------------------

2210 loss: 0.054200  [   16/ 3543]

2210 class loss: 0.049130 position_loss:0.005069

2240 loss: 0.028926  [  496/ 3543]

2240 class loss: 0.022715 position_loss:0.006210

2270 loss: 0.089365  [  976/ 3543]

2270 class loss: 0.082315 position_loss:0.007050

2300 loss: 0.020268  [ 1456/ 3543]

2300 class loss: 0.015497 position_loss:0.004771

2330 loss: 0.019793  [ 1936/ 3543]

2330 class loss: 0.014614 position_loss:0.005179

2360 loss: 0.014532  [ 2416/ 3543]

2360 class loss: 0.009017 position_loss:0.005515

2390 loss: 0.017024  [ 2896/ 3543]

2390 class loss: 0.008221 position_loss:0.008803

2420 loss: 0.008400  [ 3376/ 3543]

2420 class loss: 0.004867 position_loss:0.003533

Epoch 11: train loss: 0.022166

Fold 0 Epoch 11 validation...
-------------------------------

number of test steps per epoch: 67

Epoch 11: valid loss:0.035127

Epoch 11: valid_class_loss:0.016833	valid_position_loss:0.018294

Fold 0 Epoch 12 train...
-------------------------------

2431 loss: 0.023965  [   16/ 3543]

2431 class loss: 0.016289 position_loss:0.007676

2461 loss: 0.018377  [  496/ 3543]

2461 class loss: 0.008846 position_loss:0.009530

2491 loss: 0.067478  [  976/ 3543]

2491 class loss: 0.052998 position_loss:0.014480

2521 loss: 0.012458  [ 1456/ 3543]

2521 class loss: 0.005037 position_loss:0.007421

2551 loss: 0.008608  [ 1936/ 3543]

2551 class loss: 0.006085 position_loss:0.002523

2581 loss: 0.084181  [ 2416/ 3543]

2581 class loss: 0.075041 position_loss:0.009140

2611 loss: 0.018121  [ 2896/ 3543]

2611 class loss: 0.007567 position_loss:0.010554

2641 loss: 0.013475  [ 3376/ 3543]

2641 class loss: 0.007912 position_loss:0.005563

Epoch 12: train loss: 0.022199

Fold 0 Epoch 12 validation...
-------------------------------

number of test steps per epoch: 67

Epoch 12: valid loss:0.034273

Epoch 12: valid_class_loss:0.017656	valid_position_loss:0.016617

Fold 0 Epoch 13 train...
-------------------------------

2652 loss: 0.005973  [   16/ 3543]

2652 class loss: 0.003397 position_loss:0.002577

2682 loss: 0.010839  [  496/ 3543]

2682 class loss: 0.007689 position_loss:0.003150

2712 loss: 0.034188  [  976/ 3543]

2712 class loss: 0.027315 position_loss:0.006873

2742 loss: 0.034428  [ 1456/ 3543]

2742 class loss: 0.020672 position_loss:0.013756

2772 loss: 0.015705  [ 1936/ 3543]

2772 class loss: 0.012196 position_loss:0.003510

2802 loss: 0.010965  [ 2416/ 3543]

2802 class loss: 0.004258 position_loss:0.006707

2832 loss: 0.005976  [ 2896/ 3543]

2832 class loss: 0.002801 position_loss:0.003175

2862 loss: 0.066337  [ 3376/ 3543]

2862 class loss: 0.061590 position_loss:0.004747

Epoch 13: train loss: 0.019568

Fold 0 Epoch 13 validation...
-------------------------------

number of test steps per epoch: 67

Epoch 13: valid loss:0.032732

Epoch 13: valid_class_loss:0.016774	valid_position_loss:0.015957

Fold 0 Epoch 14 train...
-------------------------------

2873 loss: 0.013137  [   16/ 3543]

2873 class loss: 0.009586 position_loss:0.003552

2903 loss: 0.008286  [  496/ 3543]

2903 class loss: 0.004190 position_loss:0.004097

2933 loss: 0.004361  [  976/ 3543]

2933 class loss: 0.003050 position_loss:0.001312

2963 loss: 0.006163  [ 1456/ 3543]

2963 class loss: 0.003505 position_loss:0.002658

2993 loss: 0.007420  [ 1936/ 3543]

2993 class loss: 0.004492 position_loss:0.002928

3023 loss: 0.016358  [ 2416/ 3543]

3023 class loss: 0.009676 position_loss:0.006682

3053 loss: 0.010713  [ 2896/ 3543]

3053 class loss: 0.007348 position_loss:0.003366

3083 loss: 0.014622  [ 3376/ 3543]

3083 class loss: 0.005022 position_loss:0.009600

Epoch 14: train loss: 0.016640

Fold 0 Epoch 14 validation...
-------------------------------

number of test steps per epoch: 67

Epoch 14: valid loss:0.035089

Epoch 14: valid_class_loss:0.019077	valid_position_loss:0.016011

Fold 0 Epoch 15 train...
-------------------------------

3094 loss: 0.011668  [   16/ 3543]

3094 class loss: 0.008426 position_loss:0.003242

3124 loss: 0.008963  [  496/ 3543]

3124 class loss: 0.005064 position_loss:0.003899

3154 loss: 0.017716  [  976/ 3543]

3154 class loss: 0.014272 position_loss:0.003445

3184 loss: 0.024976  [ 1456/ 3543]

3184 class loss: 0.021471 position_loss:0.003505

3214 loss: 0.004113  [ 1936/ 3543]

3214 class loss: 0.003032 position_loss:0.001081

3244 loss: 0.021440  [ 2416/ 3543]

3244 class loss: 0.008516 position_loss:0.012924

3274 loss: 0.009974  [ 2896/ 3543]

3274 class loss: 0.004912 position_loss:0.005062

3304 loss: 0.005778  [ 3376/ 3543]

3304 class loss: 0.003207 position_loss:0.002571

Epoch 15: train loss: 0.014678

Fold 0 Epoch 15 validation...
-------------------------------

number of test steps per epoch: 67

Epoch 15: valid loss:0.036514

Epoch 15: valid_class_loss:0.017383	valid_position_loss:0.019131

Loading checkpoint from /mnt/pixstor/data/yz3qt/MUTargetCLEAN0513/result_nosupcon/0530_new/2024-05-31__02-40-20/checkpoints/best_model.pth

Fold 0 test
-------------------------------

===================Evaluate protein results========================

 optimized cutoffs: 

             Nucleus   ER  Peroxisome  Mitochondrion  Nucleus_export  SIGNAL  \
cutoffs_pro      0.2  0.6         0.9            0.1             0.5     0.5   
cutoffs_aa       0.4  0.1         0.1            0.1             0.1     0.1   

             chloroplast  Thylakoid  
cutoffs_pro          0.3        0.4  
cutoffs_aa           0.1        0.1  
===========================================

 Jaccard Index (protein): 

                       0
Nucleus         0.784782
ER              0.882067
Peroxisome      0.227354
Mitochondrion   0.868364
Nucleus_export  0.583218
SIGNAL          0.939165
chloroplast     0.897931
Thylakoid       0.929762
===========================================

 cs acc: 

                       0
Nucleus         0.000000
ER              0.900000
Peroxisome      0.230769
Mitochondrion   0.406250
Nucleus_export  0.000000
SIGNAL          0.864823
chloroplast     0.355263
Thylakoid       0.800000
===========================================

 Class prediction performance: 

                roc_auc_score  average_precision_score  matthews_corrcoef  \
Nucleus              0.987858                 0.919308           0.871983   
ER                   0.989654                 0.828433           0.772257   
Peroxisome           0.929830                 0.317786           0.478109   
Mitochondrion        0.996837                 0.980908           0.955639   
Nucleus_export       0.970965                 0.448460           0.481063   
SIGNAL               0.997677                 0.998506           0.954623   
chloroplast          0.999185                 0.990075           0.932410   
Thylakoid            0.995623                 0.503981           0.814552   

                recall_score  precision_score  f1_score  
Nucleus             0.945312         0.834483  0.886447  
ER                  0.900000         0.675000  0.771429  
Peroxisome          0.230769         1.000000  0.375000  
Mitochondrion       0.956250         0.968354  0.962264  
Nucleus_export      0.440000         0.550000  0.488889  
SIGNAL              0.975422         0.989097  0.982212  
chloroplast         0.973684         0.902439  0.936709  
Thylakoid           1.000000         0.666667  0.800000  
===================Test protein results constrain: False========================

 optimized cutoffs: 

             Nucleus   ER  Peroxisome  Mitochondrion  Nucleus_export  SIGNAL  \
cutoffs_pro      0.2  0.6         0.9            0.1             0.5     0.5   
cutoffs_aa       0.4  0.1         0.1            0.1             0.1     0.1   

             chloroplast  Thylakoid  
cutoffs_pro          0.3        0.4  
cutoffs_aa           0.1        0.1  
===========================================

 Jaccard Index (protein): 

                       0
Nucleus         0.639239
ER              0.957050
Peroxisome      0.908162
Mitochondrion   0.824113
Nucleus_export  0.160052
SIGNAL          0.944523
chloroplast     0.845645
Thylakoid       0.950895
===========================================

 cs acc: 

                       0
Nucleus         0.024793
ER              0.965517
Peroxisome      0.461538
Mitochondrion   0.427673
Nucleus_export  0.000000
SIGNAL          0.883178
chloroplast     0.301370
Thylakoid       0.777778
===========================================

 Class prediction performance: 

                roc_auc_score  average_precision_score  matthews_corrcoef  \
Nucleus              0.990023                 0.861305           0.893888   
ER                   0.994734                 0.752806           0.537811   
Peroxisome           0.998674                 0.898551           0.552325   
Mitochondrion        0.998508                 0.994136           0.970206   
Nucleus_export       0.963101                 0.517038           0.526544   
SIGNAL               0.999257                 0.999523           0.962365   
chloroplast          0.998886                 0.979471           0.942985   
Thylakoid            0.993533                 0.391250           0.724824   

                recall_score  precision_score  f1_score  
Nucleus             0.975207         0.842857  0.904215  
ER                  0.379310         0.785714  0.511628  
Peroxisome          0.307692         1.000000  0.470588  
Mitochondrion       0.949686         1.000000  0.974194  
Nucleus_export      0.400000         0.714286  0.512821  
SIGNAL              0.993769         0.977029  0.985328  
chloroplast         0.972603         0.922078  0.946667  
Thylakoid           1.000000         0.529412  0.692308  
===================Test protein results constrain: True========================

 optimized cutoffs: 

             Nucleus   ER  Peroxisome  Mitochondrion  Nucleus_export  SIGNAL  \
cutoffs_pro      0.2  0.6         0.9            0.1             0.5     0.5   
cutoffs_aa       0.4  0.1         0.1            0.1             0.1     0.1   

             chloroplast  Thylakoid  
cutoffs_pro          0.3        0.4  
cutoffs_aa           0.1        0.1  
===========================================

 Jaccard Index (protein): 

                       0
Nucleus         0.623638
ER              0.374743
Peroxisome      0.302912
Mitochondrion   0.817854
Nucleus_export  0.096857
SIGNAL          0.938445
chloroplast     0.832704
Thylakoid       0.950895
===========================================

 cs acc: 

                       0
Nucleus         0.025424
ER              1.000000
Peroxisome      1.000000
Mitochondrion   0.443709
Nucleus_export  0.000000
SIGNAL          0.882445
chloroplast     0.309859
Thylakoid       0.777778
===========================================

 Class prediction performance: 

                roc_auc_score  average_precision_score  matthews_corrcoef  \
Nucleus              0.990023                 0.861305           0.893888   
ER                   0.994734                 0.752806           0.537811   
Peroxisome           0.998674                 0.898551           0.552325   
Mitochondrion        0.998508                 0.994136           0.970206   
Nucleus_export       0.963101                 0.517038           0.526544   
SIGNAL               0.999257                 0.999523           0.962365   
chloroplast          0.998886                 0.979471           0.942985   
Thylakoid            0.993533                 0.391250           0.724824   

                recall_score  precision_score  f1_score  
Nucleus             0.975207         0.842857  0.904215  
ER                  0.379310         0.785714  0.511628  
Peroxisome          0.307692         1.000000  0.470588  
Mitochondrion       0.949686         1.000000  0.974194  
Nucleus_export      0.400000         0.714286  0.512821  
SIGNAL              0.993769         0.977029  0.985328  
chloroplast         0.972603         0.922078  0.946667  
Thylakoid           1.000000         0.529412  0.692308  
