use k-fold index: 0

Done Loading data

number of steps for training data: 221

number of steps for valid data: 67

number of steps for test data: 67

Done initialize tokenizer

trainable params: 39792782 || all params: 652791843 || trainable%: 6.095784196249523

Done initialize model

preparing optimizer is done

number of train steps per epoch: 221

Start training...

Fold 0 Epoch 1 train...
-------------------------------

0 loss: 1.453122  [   16/ 3543]

0 class loss: 0.703007 position_loss:0.750115

30 loss: 1.378542  [  496/ 3543]

30 class loss: 0.674412 position_loss:0.704130

60 loss: 1.301796  [  976/ 3543]

60 class loss: 0.641201 position_loss:0.660595

90 loss: 1.096584  [ 1456/ 3543]

90 class loss: 0.535516 position_loss:0.561068

120 loss: 0.902490  [ 1936/ 3543]

120 class loss: 0.470724 position_loss:0.431766

150 loss: 0.731556  [ 2416/ 3543]

150 class loss: 0.392895 position_loss:0.338661

180 loss: 0.555370  [ 2896/ 3543]

180 class loss: 0.312407 position_loss:0.242963

210 loss: 0.449975  [ 3376/ 3543]

210 class loss: 0.279524 position_loss:0.170450

Epoch 1: train loss: 0.966706

Fold 0 Epoch 1 validation...
-------------------------------

number of test steps per epoch: 67

Epoch 1: valid loss:0.175231

Epoch 1: valid_class_loss:0.032922	valid_position_loss:0.142309

Epoch 1: valid loss 0.1752308218239189 smaller than best loss inf
-------------------------------

Epoch 1: A better checkpoint is saved into /mnt/pixstor/data/yz3qt/MUTargetCLEAN0513/result_nosupcon/0530_new/2024-05-31__09-14-34/checkpoints/best_model.pth 
-------------------------------

Fold 0 Epoch 2 train...
-------------------------------

221 loss: 0.531526  [   16/ 3543]

221 class loss: 0.380483 position_loss:0.151043

251 loss: 0.477193  [  496/ 3543]

251 class loss: 0.363187 position_loss:0.114006

281 loss: 0.427192  [  976/ 3543]

281 class loss: 0.327442 position_loss:0.099749

311 loss: 0.384103  [ 1456/ 3543]

311 class loss: 0.291995 position_loss:0.092108

341 loss: 0.309454  [ 1936/ 3543]

341 class loss: 0.224663 position_loss:0.084791

371 loss: 0.292104  [ 2416/ 3543]

371 class loss: 0.211391 position_loss:0.080713

401 loss: 0.262016  [ 2896/ 3543]

401 class loss: 0.204754 position_loss:0.057263

431 loss: 0.323214  [ 3376/ 3543]

431 class loss: 0.268313 position_loss:0.054901

Epoch 2: train loss: 0.350269

Fold 0 Epoch 2 validation...
-------------------------------

number of test steps per epoch: 67

Epoch 2: valid loss:0.086056

Epoch 2: valid_class_loss:0.025773	valid_position_loss:0.060283

Epoch 2: valid loss 0.08605635316804376 smaller than best loss 0.1752308218239189
-------------------------------

Epoch 2: A better checkpoint is saved into /mnt/pixstor/data/yz3qt/MUTargetCLEAN0513/result_nosupcon/0530_new/2024-05-31__09-14-34/checkpoints/best_model.pth 
-------------------------------

Fold 0 Epoch 3 train...
-------------------------------

442 loss: 0.242420  [   16/ 3543]

442 class loss: 0.179197 position_loss:0.063223

472 loss: 0.210429  [  496/ 3543]

472 class loss: 0.175041 position_loss:0.035388

502 loss: 0.237305  [  976/ 3543]

502 class loss: 0.181853 position_loss:0.055451

532 loss: 0.216863  [ 1456/ 3543]

532 class loss: 0.166270 position_loss:0.050593

562 loss: 0.185908  [ 1936/ 3543]

562 class loss: 0.154315 position_loss:0.031594

592 loss: 0.160694  [ 2416/ 3543]

592 class loss: 0.132923 position_loss:0.027771

622 loss: 0.155208  [ 2896/ 3543]

622 class loss: 0.121047 position_loss:0.034161

652 loss: 0.167976  [ 3376/ 3543]

652 class loss: 0.128988 position_loss:0.038988

Epoch 3: train loss: 0.192277

Fold 0 Epoch 3 validation...
-------------------------------

number of test steps per epoch: 67

Epoch 3: valid loss:0.051838

Epoch 3: valid_class_loss:0.017228	valid_position_loss:0.034609

Epoch 3: valid loss 0.051837596954291194 smaller than best loss 0.08605635316804376
-------------------------------

Epoch 3: A better checkpoint is saved into /mnt/pixstor/data/yz3qt/MUTargetCLEAN0513/result_nosupcon/0530_new/2024-05-31__09-14-34/checkpoints/best_model.pth 
-------------------------------

Fold 0 Epoch 4 train...
-------------------------------

663 loss: 0.159548  [   16/ 3543]

663 class loss: 0.136624 position_loss:0.022925

693 loss: 0.117647  [  496/ 3543]

693 class loss: 0.097243 position_loss:0.020404

723 loss: 0.178695  [  976/ 3543]

723 class loss: 0.146468 position_loss:0.032227

753 loss: 0.121787  [ 1456/ 3543]

753 class loss: 0.085091 position_loss:0.036696

783 loss: 0.115722  [ 1936/ 3543]

783 class loss: 0.091966 position_loss:0.023755

813 loss: 0.096986  [ 2416/ 3543]

813 class loss: 0.077379 position_loss:0.019607

843 loss: 0.108982  [ 2896/ 3543]

843 class loss: 0.070282 position_loss:0.038700

873 loss: 0.108896  [ 3376/ 3543]

873 class loss: 0.077236 position_loss:0.031660

Epoch 4: train loss: 0.121402

Fold 0 Epoch 4 validation...
-------------------------------

number of test steps per epoch: 67

Epoch 4: valid loss:0.038190

Epoch 4: valid_class_loss:0.013667	valid_position_loss:0.024523

Epoch 4: valid loss 0.038189841145230365 smaller than best loss 0.051837596954291194
-------------------------------

Epoch 4: A better checkpoint is saved into /mnt/pixstor/data/yz3qt/MUTargetCLEAN0513/result_nosupcon/0530_new/2024-05-31__09-14-34/checkpoints/best_model.pth 
-------------------------------

Fold 0 Epoch 5 train...
-------------------------------

884 loss: 0.102143  [   16/ 3543]

884 class loss: 0.073110 position_loss:0.029033

914 loss: 0.073668  [  496/ 3543]

914 class loss: 0.061434 position_loss:0.012233

944 loss: 0.084207  [  976/ 3543]

944 class loss: 0.063683 position_loss:0.020524

974 loss: 0.107680  [ 1456/ 3543]

974 class loss: 0.070304 position_loss:0.037375

1004 loss: 0.079728  [ 1936/ 3543]

1004 class loss: 0.060176 position_loss:0.019553

1034 loss: 0.073889  [ 2416/ 3543]

1034 class loss: 0.054616 position_loss:0.019273

1064 loss: 0.070259  [ 2896/ 3543]

1064 class loss: 0.048561 position_loss:0.021697

1094 loss: 0.081544  [ 3376/ 3543]

1094 class loss: 0.059361 position_loss:0.022184

Epoch 5: train loss: 0.085947

Fold 0 Epoch 5 validation...
-------------------------------

number of test steps per epoch: 67

Epoch 5: valid loss:0.030062

Epoch 5: valid_class_loss:0.012634	valid_position_loss:0.017428

Epoch 5: valid loss 0.03006150645930807 smaller than best loss 0.038189841145230365
-------------------------------

Epoch 5: A better checkpoint is saved into /mnt/pixstor/data/yz3qt/MUTargetCLEAN0513/result_nosupcon/0530_new/2024-05-31__09-14-34/checkpoints/best_model.pth 
-------------------------------

Fold 0 Epoch 6 train...
-------------------------------

1105 loss: 0.064974  [   16/ 3543]

1105 class loss: 0.038459 position_loss:0.026515

1135 loss: 0.077032  [  496/ 3543]

1135 class loss: 0.066033 position_loss:0.010999

1165 loss: 0.068071  [  976/ 3543]

1165 class loss: 0.055556 position_loss:0.012515

1195 loss: 0.087932  [ 1456/ 3543]

1195 class loss: 0.076048 position_loss:0.011883

1225 loss: 0.078447  [ 1936/ 3543]

1225 class loss: 0.053801 position_loss:0.024646

1255 loss: 0.069992  [ 2416/ 3543]

1255 class loss: 0.056299 position_loss:0.013693

1285 loss: 0.064093  [ 2896/ 3543]

1285 class loss: 0.053061 position_loss:0.011032

1315 loss: 0.068467  [ 3376/ 3543]

1315 class loss: 0.048671 position_loss:0.019797

Epoch 6: train loss: 0.066657

Fold 0 Epoch 6 validation...
-------------------------------

number of test steps per epoch: 67

Epoch 6: valid loss:0.027550

Epoch 6: valid_class_loss:0.012019	valid_position_loss:0.015532

Epoch 6: valid loss 0.027550490667537852 smaller than best loss 0.03006150645930807
-------------------------------

Epoch 6: A better checkpoint is saved into /mnt/pixstor/data/yz3qt/MUTargetCLEAN0513/result_nosupcon/0530_new/2024-05-31__09-14-34/checkpoints/best_model.pth 
-------------------------------

Fold 0 Epoch 7 train...
-------------------------------

1326 loss: 0.064811  [   16/ 3543]

1326 class loss: 0.049347 position_loss:0.015464

1356 loss: 0.024658  [  496/ 3543]

1356 class loss: 0.017939 position_loss:0.006720

1386 loss: 0.050213  [  976/ 3543]

1386 class loss: 0.037972 position_loss:0.012241

1416 loss: 0.036358  [ 1456/ 3543]

1416 class loss: 0.023732 position_loss:0.012626

1446 loss: 0.087293  [ 1936/ 3543]

1446 class loss: 0.068456 position_loss:0.018836

1476 loss: 0.027688  [ 2416/ 3543]

1476 class loss: 0.020445 position_loss:0.007243

1506 loss: 0.060460  [ 2896/ 3543]

1506 class loss: 0.039173 position_loss:0.021287

1536 loss: 0.060223  [ 3376/ 3543]

1536 class loss: 0.041229 position_loss:0.018994

Epoch 7: train loss: 0.050992

Fold 0 Epoch 7 validation...
-------------------------------

number of test steps per epoch: 67

Epoch 7: valid loss:0.024898

Epoch 7: valid_class_loss:0.010936	valid_position_loss:0.013962

Epoch 7: valid loss 0.02489814982337254 smaller than best loss 0.027550490667537852
-------------------------------

Epoch 7: A better checkpoint is saved into /mnt/pixstor/data/yz3qt/MUTargetCLEAN0513/result_nosupcon/0530_new/2024-05-31__09-14-34/checkpoints/best_model.pth 
-------------------------------

Fold 0 Epoch 8 train...
-------------------------------

1547 loss: 0.024290  [   16/ 3543]

1547 class loss: 0.019336 position_loss:0.004954

1577 loss: 0.045954  [  496/ 3543]

1577 class loss: 0.032626 position_loss:0.013328

1607 loss: 0.031718  [  976/ 3543]

1607 class loss: 0.024917 position_loss:0.006801

1637 loss: 0.037305  [ 1456/ 3543]

1637 class loss: 0.026838 position_loss:0.010467

1667 loss: 0.013945  [ 1936/ 3543]

1667 class loss: 0.008954 position_loss:0.004991

1697 loss: 0.068465  [ 2416/ 3543]

1697 class loss: 0.056491 position_loss:0.011974

1727 loss: 0.032677  [ 2896/ 3543]

1727 class loss: 0.023332 position_loss:0.009346

1757 loss: 0.014711  [ 3376/ 3543]

1757 class loss: 0.009848 position_loss:0.004863

Epoch 8: train loss: 0.040557

Fold 0 Epoch 8 validation...
-------------------------------

number of test steps per epoch: 67

Epoch 8: valid loss:0.024528

Epoch 8: valid_class_loss:0.011332	valid_position_loss:0.013195

Epoch 8: valid loss 0.024527721589969936 smaller than best loss 0.02489814982337254
-------------------------------

Epoch 8: A better checkpoint is saved into /mnt/pixstor/data/yz3qt/MUTargetCLEAN0513/result_nosupcon/0530_new/2024-05-31__09-14-34/checkpoints/best_model.pth 
-------------------------------

Fold 0 Epoch 9 train...
-------------------------------

1768 loss: 0.039534  [   16/ 3543]

1768 class loss: 0.030627 position_loss:0.008907

1798 loss: 0.023745  [  496/ 3543]

1798 class loss: 0.015734 position_loss:0.008011

1828 loss: 0.059892  [  976/ 3543]

1828 class loss: 0.049071 position_loss:0.010822

1858 loss: 0.049518  [ 1456/ 3543]

1858 class loss: 0.044018 position_loss:0.005500

1888 loss: 0.036638  [ 1936/ 3543]

1888 class loss: 0.028387 position_loss:0.008251

1918 loss: 0.034531  [ 2416/ 3543]

1918 class loss: 0.027282 position_loss:0.007249

1948 loss: 0.026865  [ 2896/ 3543]

1948 class loss: 0.020383 position_loss:0.006481

1978 loss: 0.028788  [ 3376/ 3543]

1978 class loss: 0.015471 position_loss:0.013317

Epoch 9: train loss: 0.033593

Fold 0 Epoch 9 validation...
-------------------------------

number of test steps per epoch: 67

Epoch 9: valid loss:0.026911

Epoch 9: valid_class_loss:0.013113	valid_position_loss:0.013797

Fold 0 Epoch 10 train...
-------------------------------

1989 loss: 0.024096  [   16/ 3543]

1989 class loss: 0.010686 position_loss:0.013410

2019 loss: 0.051208  [  496/ 3543]

2019 class loss: 0.044837 position_loss:0.006371

2049 loss: 0.019263  [  976/ 3543]

2049 class loss: 0.014855 position_loss:0.004408

2079 loss: 0.053159  [ 1456/ 3543]

2079 class loss: 0.043991 position_loss:0.009168

2109 loss: 0.012662  [ 1936/ 3543]

2109 class loss: 0.007554 position_loss:0.005108

2139 loss: 0.013488  [ 2416/ 3543]

2139 class loss: 0.007254 position_loss:0.006234

2169 loss: 0.014419  [ 2896/ 3543]

2169 class loss: 0.008290 position_loss:0.006129

2199 loss: 0.073266  [ 3376/ 3543]

2199 class loss: 0.062089 position_loss:0.011177

Epoch 10: train loss: 0.030109

Fold 0 Epoch 10 validation...
-------------------------------

number of test steps per epoch: 67

Epoch 10: valid loss:0.028465

Epoch 10: valid_class_loss:0.013744	valid_position_loss:0.014721

Fold 0 Epoch 11 train...
-------------------------------

2210 loss: 0.014888  [   16/ 3543]

2210 class loss: 0.010117 position_loss:0.004771

2240 loss: 0.085323  [  496/ 3543]

2240 class loss: 0.078077 position_loss:0.007246

2270 loss: 0.050778  [  976/ 3543]

2270 class loss: 0.043761 position_loss:0.007017

2300 loss: 0.013127  [ 1456/ 3543]

2300 class loss: 0.009809 position_loss:0.003318

2330 loss: 0.015693  [ 1936/ 3543]

2330 class loss: 0.008005 position_loss:0.007688

2360 loss: 0.019312  [ 2416/ 3543]

2360 class loss: 0.013152 position_loss:0.006160

2390 loss: 0.033699  [ 2896/ 3543]

2390 class loss: 0.027929 position_loss:0.005771

2420 loss: 0.017909  [ 3376/ 3543]

2420 class loss: 0.008189 position_loss:0.009720

Epoch 11: train loss: 0.024434

Fold 0 Epoch 11 validation...
-------------------------------

number of test steps per epoch: 67

Epoch 11: valid loss:0.028265

Epoch 11: valid_class_loss:0.012527	valid_position_loss:0.015737

Fold 0 Epoch 12 train...
-------------------------------

2431 loss: 0.024443  [   16/ 3543]

2431 class loss: 0.019175 position_loss:0.005268

2461 loss: 0.029788  [  496/ 3543]

2461 class loss: 0.022647 position_loss:0.007141

2491 loss: 0.015982  [  976/ 3543]

2491 class loss: 0.009674 position_loss:0.006308

2521 loss: 0.026199  [ 1456/ 3543]

2521 class loss: 0.016939 position_loss:0.009260

2551 loss: 0.031089  [ 1936/ 3543]

2551 class loss: 0.024876 position_loss:0.006213

2581 loss: 0.026774  [ 2416/ 3543]

2581 class loss: 0.020905 position_loss:0.005869

2611 loss: 0.040464  [ 2896/ 3543]

2611 class loss: 0.032011 position_loss:0.008452

2641 loss: 0.044901  [ 3376/ 3543]

2641 class loss: 0.039667 position_loss:0.005234

Epoch 12: train loss: 0.023820

Fold 0 Epoch 12 validation...
-------------------------------

number of test steps per epoch: 67

Epoch 12: valid loss:0.031267

Epoch 12: valid_class_loss:0.013670	valid_position_loss:0.017596

Fold 0 Epoch 13 train...
-------------------------------

2652 loss: 0.005843  [   16/ 3543]

2652 class loss: 0.003571 position_loss:0.002272

2682 loss: 0.015274  [  496/ 3543]

2682 class loss: 0.009840 position_loss:0.005433

2712 loss: 0.013653  [  976/ 3543]

2712 class loss: 0.009285 position_loss:0.004368

2742 loss: 0.015440  [ 1456/ 3543]

2742 class loss: 0.010433 position_loss:0.005007

2772 loss: 0.008114  [ 1936/ 3543]

2772 class loss: 0.004903 position_loss:0.003211

2802 loss: 0.013324  [ 2416/ 3543]

2802 class loss: 0.008712 position_loss:0.004612

2832 loss: 0.014393  [ 2896/ 3543]

2832 class loss: 0.011979 position_loss:0.002413

2862 loss: 0.019896  [ 3376/ 3543]

2862 class loss: 0.012764 position_loss:0.007131

Epoch 13: train loss: 0.022273

Fold 0 Epoch 13 validation...
-------------------------------

number of test steps per epoch: 67

Epoch 13: valid loss:0.030643

Epoch 13: valid_class_loss:0.013763	valid_position_loss:0.016880

Fold 0 Epoch 14 train...
-------------------------------

2873 loss: 0.017190  [   16/ 3543]

2873 class loss: 0.012738 position_loss:0.004452

2903 loss: 0.009213  [  496/ 3543]

2903 class loss: 0.005126 position_loss:0.004087

2933 loss: 0.009050  [  976/ 3543]

2933 class loss: 0.003971 position_loss:0.005079

2963 loss: 0.006274  [ 1456/ 3543]

2963 class loss: 0.003545 position_loss:0.002730

2993 loss: 0.007118  [ 1936/ 3543]

2993 class loss: 0.003852 position_loss:0.003266

3023 loss: 0.008803  [ 2416/ 3543]

3023 class loss: 0.004917 position_loss:0.003886

3053 loss: 0.009471  [ 2896/ 3543]

3053 class loss: 0.005016 position_loss:0.004456

3083 loss: 0.038878  [ 3376/ 3543]

3083 class loss: 0.023977 position_loss:0.014901

Epoch 14: train loss: 0.018098

Fold 0 Epoch 14 validation...
-------------------------------

number of test steps per epoch: 67

Epoch 14: valid loss:0.034168

Epoch 14: valid_class_loss:0.015708	valid_position_loss:0.018460

Fold 0 Epoch 15 train...
-------------------------------

3094 loss: 0.011019  [   16/ 3543]

3094 class loss: 0.006938 position_loss:0.004081

3124 loss: 0.013069  [  496/ 3543]

3124 class loss: 0.008972 position_loss:0.004097

3154 loss: 0.002704  [  976/ 3543]

3154 class loss: 0.001470 position_loss:0.001234

3184 loss: 0.009863  [ 1456/ 3543]

3184 class loss: 0.006003 position_loss:0.003860

3214 loss: 0.006450  [ 1936/ 3543]

3214 class loss: 0.002845 position_loss:0.003605

3244 loss: 0.015634  [ 2416/ 3543]

3244 class loss: 0.013121 position_loss:0.002513

3274 loss: 0.023309  [ 2896/ 3543]

3274 class loss: 0.014310 position_loss:0.009000

3304 loss: 0.012519  [ 3376/ 3543]

3304 class loss: 0.008796 position_loss:0.003723

Epoch 15: train loss: 0.015656

Fold 0 Epoch 15 validation...
-------------------------------

number of test steps per epoch: 67

Epoch 15: valid loss:0.031842

Epoch 15: valid_class_loss:0.015417	valid_position_loss:0.016426

Loading checkpoint from /mnt/pixstor/data/yz3qt/MUTargetCLEAN0513/result_nosupcon/0530_new/2024-05-31__09-14-34/checkpoints/best_model.pth

Fold 0 test
-------------------------------

===================Evaluate protein results========================

 optimized cutoffs: 

             Nucleus   ER  Peroxisome  Mitochondrion  Nucleus_export  SIGNAL  \
cutoffs_pro      0.6  0.8         0.5            0.1             0.2     0.3   
cutoffs_aa       0.5  0.1         0.1            0.1             0.1     0.1   

             chloroplast  Thylakoid  
cutoffs_pro          0.2        0.3  
cutoffs_aa           0.1        0.1  
===========================================

 Jaccard Index (protein): 

                       0
Nucleus         0.787138
ER              0.860647
Peroxisome      0.381322
Mitochondrion   0.865970
Nucleus_export  0.534655
SIGNAL          0.952493
chloroplast     0.866990
Thylakoid       0.875106
===========================================

 cs acc: 

                       0
Nucleus         0.000000
ER              0.866667
Peroxisome      0.230769
Mitochondrion   0.531250
Nucleus_export  0.000000
SIGNAL          0.883257
chloroplast     0.526316
Thylakoid       0.800000
===========================================

 Class prediction performance: 

                roc_auc_score  average_precision_score  matthews_corrcoef  \
Nucleus              0.992949                 0.963454           0.891518   
ER                   0.980246                 0.813456           0.762321   
Peroxisome           0.944730                 0.416732           0.512893   
Mitochondrion        0.994860                 0.978559           0.941447   
Nucleus_export       0.976023                 0.561422           0.659565   
SIGNAL               0.997093                 0.998089           0.948530   
chloroplast          0.995405                 0.971103           0.914010   
Thylakoid            0.996670                 0.730996           0.708272   

                recall_score  precision_score  f1_score  
Nucleus             0.882812         0.926230  0.904000  
ER                  0.900000         0.658537  0.760563  
Peroxisome          0.692308         0.391304  0.500000  
Mitochondrion       0.956250         0.944444  0.950311  
Nucleus_export      0.640000         0.695652  0.666667  
SIGNAL              0.975422         0.984496  0.979938  
chloroplast         0.907895         0.932432  0.920000  
Thylakoid           0.900000         0.562500  0.692308  
===================Test protein results constrain: False========================

 optimized cutoffs: 

             Nucleus   ER  Peroxisome  Mitochondrion  Nucleus_export  SIGNAL  \
cutoffs_pro      0.6  0.8         0.5            0.1             0.2     0.3   
cutoffs_aa       0.5  0.1         0.1            0.1             0.1     0.1   

             chloroplast  Thylakoid  
cutoffs_pro          0.2        0.3  
cutoffs_aa           0.1        0.1  
===========================================

 Jaccard Index (protein): 

                       0
Nucleus         0.608240
ER              0.995887
Peroxisome      0.765221
Mitochondrion   0.851660
Nucleus_export  0.130794
SIGNAL          0.960568
chloroplast     0.833039
Thylakoid       0.874767
===========================================

 cs acc: 

                       0
Nucleus         0.008264
ER              0.965517
Peroxisome      0.461538
Mitochondrion   0.496855
Nucleus_export  0.000000
SIGNAL          0.894081
chloroplast     0.356164
Thylakoid       0.777778
===========================================

 Class prediction performance: 

                roc_auc_score  average_precision_score  matthews_corrcoef  \
Nucleus              0.993210                 0.930315           0.900804   
ER                   0.992755                 0.735628           0.518481   
Peroxisome           0.956381                 0.405831           0.362491   
Mitochondrion        0.995252                 0.988408           0.973921   
Nucleus_export       0.968837                 0.434161           0.349780   
SIGNAL               0.998949                 0.999325           0.958378   
chloroplast          0.998733                 0.979644           0.957342   
Thylakoid            0.995335                 0.550042           0.704064   

                recall_score  precision_score  f1_score  
Nucleus             0.942149         0.883721  0.912000  
ER                  0.379310         0.733333  0.500000  
Peroxisome          0.384615         0.357143  0.370370  
Mitochondrion       0.962264         0.993506  0.977636  
Nucleus_export      0.280000         0.466667  0.350000  
SIGNAL              0.992212         0.975498  0.983784  
chloroplast         0.986301         0.935065  0.960000  
Thylakoid           1.000000         0.500000  0.666667  
===================Test protein results constrain: True========================

 optimized cutoffs: 

             Nucleus   ER  Peroxisome  Mitochondrion  Nucleus_export  SIGNAL  \
cutoffs_pro      0.6  0.8         0.5            0.1             0.2     0.3   
cutoffs_aa       0.5  0.1         0.1            0.1             0.1     0.1   

             chloroplast  Thylakoid  
cutoffs_pro          0.2        0.3  
cutoffs_aa           0.1        0.1  
===========================================

 Jaccard Index (protein): 

                       0
Nucleus         0.594088
ER              0.377641
Peroxisome      0.306532
Mitochondrion   0.851660
Nucleus_export  0.065458
SIGNAL          0.952913
chloroplast     0.833039
Thylakoid       0.874767
===========================================

 cs acc: 

                       0
Nucleus         0.008772
ER              1.000000
Peroxisome      0.800000
Mitochondrion   0.503268
Nucleus_export  0.000000
SIGNAL          0.893250
chloroplast     0.361111
Thylakoid       0.777778
===========================================

 Class prediction performance: 

                roc_auc_score  average_precision_score  matthews_corrcoef  \
Nucleus              0.993210                 0.930315           0.900804   
ER                   0.992755                 0.735628           0.518481   
Peroxisome           0.956381                 0.405831           0.362491   
Mitochondrion        0.995252                 0.988408           0.973921   
Nucleus_export       0.968837                 0.434161           0.349780   
SIGNAL               0.998949                 0.999325           0.958378   
chloroplast          0.998733                 0.979644           0.957342   
Thylakoid            0.995335                 0.550042           0.704064   

                recall_score  precision_score  f1_score  
Nucleus             0.942149         0.883721  0.912000  
ER                  0.379310         0.733333  0.500000  
Peroxisome          0.384615         0.357143  0.370370  
Mitochondrion       0.962264         0.993506  0.977636  
Nucleus_export      0.280000         0.466667  0.350000  
SIGNAL              0.992212         0.975498  0.983784  
chloroplast         0.986301         0.935065  0.960000  
Thylakoid           1.000000         0.500000  0.666667  
