use k-fold index: 0

Done Loading data

number of steps for training data: 221

number of steps for valid data: 67

number of steps for test data: 67

trainable params: 55929656 || all params: 667618030 || trainable%: 8.377493340016596

Done initialize model

Done initialize tokenizer

preparing optimizer is done

number of train steps per epoch: 221

Start training...

Fold 0 Epoch 1 train...
-------------------------------

0 loss: 0.208179  [   16/ 3543]

0 class loss: 0.079878 position_loss:0.083272

30 loss: 0.244665  [  496/ 3543]

30 class loss: 0.098864 position_loss:0.097866

60 loss: 0.142905  [  976/ 3543]

60 class loss: 0.064021 position_loss:0.057162

90 loss: 0.305949  [ 1456/ 3543]

90 class loss: 0.133548 position_loss:0.122379

120 loss: 0.065137  [ 1936/ 3543]

120 class loss: 0.031384 position_loss:0.026055

150 loss: 0.221667  [ 2416/ 3543]

150 class loss: 0.113542 position_loss:0.088667

180 loss: 0.067282  [ 2896/ 3543]

180 class loss: 0.043822 position_loss:0.026913

210 loss: 0.129695  [ 3376/ 3543]

210 class loss: 0.070680 position_loss:0.051878

Epoch 1: train loss: 0.186076

Fold 0 Epoch 1 validation...
-------------------------------

number of test steps per epoch: 67

Epoch 1: valid loss:0.083345

Epoch 1: valid_class_loss:0.053185	valid_position_loss:0.033338

Epoch 1: valid loss 0.08334483437424843 smaller than best loss inf
-------------------------------

Epoch 1: A better checkpoint is saved into /mnt/pixstor/data/yz3qt/MUTargetCLEAN0513/result_0612/2024-06-13__04-39-18/checkpoints/best_model.pth 
-------------------------------

Epoch 1: valid position loss 0.03333793374969937 smaller than best position loss inf
-------------------------------

Epoch 1: A better checkpoint is saved into /mnt/pixstor/data/yz3qt/MUTargetCLEAN0513/result_0612/2024-06-13__04-39-18/checkpoints/best_position_model.pth 
-------------------------------

Fold 0 Epoch 2 train...
-------------------------------

221 loss: 0.083701  [   16/ 3543]

221 class loss: 0.060919 position_loss:0.033480

251 loss: 0.068259  [  496/ 3543]

251 class loss: 0.055011 position_loss:0.027303

281 loss: 0.063128  [  976/ 3543]

281 class loss: 0.049975 position_loss:0.025251

311 loss: 0.027668  [ 1456/ 3543]

311 class loss: 0.027496 position_loss:0.011067

341 loss: 0.147647  [ 1936/ 3543]

341 class loss: 0.168807 position_loss:0.059059

371 loss: 0.069223  [ 2416/ 3543]

371 class loss: 0.086101 position_loss:0.027689

401 loss: 0.055621  [ 2896/ 3543]

401 class loss: 0.081703 position_loss:0.022249

431 loss: 0.097248  [ 3376/ 3543]

431 class loss: 0.147936 position_loss:0.038899

Epoch 2: train loss: 0.088010

Fold 0 Epoch 2 validation...
-------------------------------

number of test steps per epoch: 67

Epoch 2: valid loss:0.042267

Epoch 2: valid_class_loss:0.053010	valid_position_loss:0.016907

Epoch 2: valid loss 0.04226681531899812 smaller than best loss 0.08334483437424843
-------------------------------

Epoch 2: A better checkpoint is saved into /mnt/pixstor/data/yz3qt/MUTargetCLEAN0513/result_0612/2024-06-13__04-39-18/checkpoints/best_model.pth 
-------------------------------

Epoch 2: valid position loss 0.016906726127599248 smaller than best position loss 0.03333793374969937
-------------------------------

Epoch 2: A better checkpoint is saved into /mnt/pixstor/data/yz3qt/MUTargetCLEAN0513/result_0612/2024-06-13__04-39-18/checkpoints/best_position_model.pth 
-------------------------------

Fold 0 Epoch 3 train...
-------------------------------

442 loss: 0.060750  [   16/ 3543]

442 class loss: 0.098006 position_loss:0.024300

472 loss: 0.104263  [  496/ 3543]

472 class loss: 0.172488 position_loss:0.041705

502 loss: 0.039567  [  976/ 3543]

502 class loss: 0.077027 position_loss:0.015827

532 loss: 0.083291  [ 1456/ 3543]

532 class loss: 0.132486 position_loss:0.033317

562 loss: 0.051483  [ 1936/ 3543]

562 class loss: 0.113540 position_loss:0.020593

592 loss: 0.035633  [ 2416/ 3543]

592 class loss: 0.050727 position_loss:0.014253

622 loss: 0.037604  [ 2896/ 3543]

622 class loss: 0.091197 position_loss:0.015041

652 loss: 0.009263  [ 3376/ 3543]

652 class loss: 0.024704 position_loss:0.003705

Epoch 3: train loss: 0.049506

Fold 0 Epoch 3 validation...
-------------------------------

number of test steps per epoch: 67

Epoch 3: valid loss:0.028978

Epoch 3: valid_class_loss:0.052718	valid_position_loss:0.011591

Epoch 3: valid loss 0.02897803859432624 smaller than best loss 0.04226681531899812
-------------------------------

Epoch 3: A better checkpoint is saved into /mnt/pixstor/data/yz3qt/MUTargetCLEAN0513/result_0612/2024-06-13__04-39-18/checkpoints/best_model.pth 
-------------------------------

Epoch 3: valid position loss 0.011591215437730498 smaller than best position loss 0.016906726127599248
-------------------------------

Epoch 3: A better checkpoint is saved into /mnt/pixstor/data/yz3qt/MUTargetCLEAN0513/result_0612/2024-06-13__04-39-18/checkpoints/best_position_model.pth 
-------------------------------

Fold 0 Epoch 4 train...
-------------------------------

663 loss: 0.048348  [   16/ 3543]

663 class loss: 0.098587 position_loss:0.019339

693 loss: 0.010294  [  496/ 3543]

693 class loss: 0.025452 position_loss:0.004118

723 loss: 0.048462  [  976/ 3543]

723 class loss: 0.077829 position_loss:0.019385

753 loss: 0.026885  [ 1456/ 3543]

753 class loss: 0.081317 position_loss:0.010754

783 loss: 0.022747  [ 1936/ 3543]

783 class loss: 0.069619 position_loss:0.009099

813 loss: 0.009161  [ 2416/ 3543]

813 class loss: 0.022004 position_loss:0.003664

843 loss: 0.010065  [ 2896/ 3543]

843 class loss: 0.025731 position_loss:0.004026

873 loss: 0.035538  [ 3376/ 3543]

873 class loss: 0.117547 position_loss:0.014215

Epoch 4: train loss: 0.036962

Fold 0 Epoch 4 validation...
-------------------------------

number of test steps per epoch: 67

Epoch 4: valid loss:0.022700

Epoch 4: valid_class_loss:0.052080	valid_position_loss:0.009080

Epoch 4: valid loss 0.022700483884796504 smaller than best loss 0.02897803859432624
-------------------------------

Epoch 4: A better checkpoint is saved into /mnt/pixstor/data/yz3qt/MUTargetCLEAN0513/result_0612/2024-06-13__04-39-18/checkpoints/best_model.pth 
-------------------------------

Epoch 4: valid position loss 0.0090801935539186 smaller than best position loss 0.011591215437730498
-------------------------------

Epoch 4: A better checkpoint is saved into /mnt/pixstor/data/yz3qt/MUTargetCLEAN0513/result_0612/2024-06-13__04-39-18/checkpoints/best_position_model.pth 
-------------------------------

Fold 0 Epoch 5 train...
-------------------------------

884 loss: 0.054526  [   16/ 3543]

884 class loss: 0.204289 position_loss:0.021810

914 loss: 0.018913  [  496/ 3543]

914 class loss: 0.070131 position_loss:0.007565

944 loss: 0.005679  [  976/ 3543]

944 class loss: 0.020504 position_loss:0.002272

974 loss: 0.011295  [ 1456/ 3543]

974 class loss: 0.037085 position_loss:0.004518

1004 loss: 0.032456  [ 1936/ 3543]

1004 class loss: 0.082461 position_loss:0.012983

1034 loss: 0.034929  [ 2416/ 3543]

1034 class loss: 0.151269 position_loss:0.013972

1064 loss: 0.008643  [ 2896/ 3543]

1064 class loss: 0.033318 position_loss:0.003457

1094 loss: 0.010681  [ 3376/ 3543]

1094 class loss: 0.032538 position_loss:0.004272

Epoch 5: train loss: 0.030531

Fold 0 Epoch 5 validation...
-------------------------------

number of test steps per epoch: 67

Epoch 5: valid loss:0.019525

Epoch 5: valid_class_loss:0.053631	valid_position_loss:0.007810

Epoch 5: valid loss 0.019525134621476817 smaller than best loss 0.022700483884796504
-------------------------------

Epoch 5: A better checkpoint is saved into /mnt/pixstor/data/yz3qt/MUTargetCLEAN0513/result_0612/2024-06-13__04-39-18/checkpoints/best_model.pth 
-------------------------------

Epoch 5: valid position loss 0.0078100538485907246 smaller than best position loss 0.0090801935539186
-------------------------------

Epoch 5: A better checkpoint is saved into /mnt/pixstor/data/yz3qt/MUTargetCLEAN0513/result_0612/2024-06-13__04-39-18/checkpoints/best_position_model.pth 
-------------------------------

Fold 0 Epoch 6 train...
-------------------------------

1105 loss: 0.011401  [   16/ 3543]

1105 class loss: 0.022057 position_loss:0.004560

1135 loss: 0.018173  [  496/ 3543]

1135 class loss: 0.107138 position_loss:0.007269

1165 loss: 0.008058  [  976/ 3543]

1165 class loss: 0.017612 position_loss:0.003223

1195 loss: 0.027707  [ 1456/ 3543]

1195 class loss: 0.047789 position_loss:0.011083

1225 loss: 0.030634  [ 1936/ 3543]

1225 class loss: 0.150674 position_loss:0.012254

1255 loss: 0.018857  [ 2416/ 3543]

1255 class loss: 0.104459 position_loss:0.007543

1285 loss: 0.024271  [ 2896/ 3543]

1285 class loss: 0.110665 position_loss:0.009709

1315 loss: 0.017560  [ 3376/ 3543]

1315 class loss: 0.076863 position_loss:0.007024

Epoch 6: train loss: 0.024782

Fold 0 Epoch 6 validation...
-------------------------------

number of test steps per epoch: 67

Epoch 6: valid loss:0.015505

Epoch 6: valid_class_loss:0.052204	valid_position_loss:0.006202

Epoch 6: valid loss 0.015505330837554718 smaller than best loss 0.019525134621476817
-------------------------------

Epoch 6: A better checkpoint is saved into /mnt/pixstor/data/yz3qt/MUTargetCLEAN0513/result_0612/2024-06-13__04-39-18/checkpoints/best_model.pth 
-------------------------------

Epoch 6: valid position loss 0.006202132335021885 smaller than best position loss 0.0078100538485907246
-------------------------------

Epoch 6: A better checkpoint is saved into /mnt/pixstor/data/yz3qt/MUTargetCLEAN0513/result_0612/2024-06-13__04-39-18/checkpoints/best_position_model.pth 
-------------------------------

Fold 0 Epoch 7 train...
-------------------------------

1326 loss: 0.031638  [   16/ 3543]

1326 class loss: 0.175674 position_loss:0.012655

1356 loss: 0.003417  [  496/ 3543]

1356 class loss: 0.020031 position_loss:0.001367

1386 loss: 0.018695  [  976/ 3543]

1386 class loss: 0.065027 position_loss:0.007478

1416 loss: 0.025419  [ 1456/ 3543]

1416 class loss: 0.114007 position_loss:0.010168

1446 loss: 0.021873  [ 1936/ 3543]

1446 class loss: 0.073862 position_loss:0.008749

1476 loss: 0.029004  [ 2416/ 3543]

1476 class loss: 0.140262 position_loss:0.011602

1506 loss: 0.015728  [ 2896/ 3543]

1506 class loss: 0.066977 position_loss:0.006291

1536 loss: 0.013367  [ 3376/ 3543]

1536 class loss: 0.075001 position_loss:0.005347

Epoch 7: train loss: 0.019769

Fold 0 Epoch 7 validation...
-------------------------------

number of test steps per epoch: 67

Epoch 7: valid loss:0.013085

Epoch 7: valid_class_loss:0.052079	valid_position_loss:0.005234

Epoch 7: valid loss 0.013084774197226331 smaller than best loss 0.015505330837554718
-------------------------------

Epoch 7: A better checkpoint is saved into /mnt/pixstor/data/yz3qt/MUTargetCLEAN0513/result_0612/2024-06-13__04-39-18/checkpoints/best_model.pth 
-------------------------------

Epoch 7: valid position loss 0.005233909678890531 smaller than best position loss 0.006202132335021885
-------------------------------

Epoch 7: A better checkpoint is saved into /mnt/pixstor/data/yz3qt/MUTargetCLEAN0513/result_0612/2024-06-13__04-39-18/checkpoints/best_position_model.pth 
-------------------------------

Fold 0 Epoch 8 train...
-------------------------------

1547 loss: 0.019125  [   16/ 3543]

1547 class loss: 0.131983 position_loss:0.007650

1577 loss: 0.014953  [  496/ 3543]

1577 class loss: 0.061006 position_loss:0.005981

1607 loss: 0.023966  [  976/ 3543]

1607 class loss: 0.099070 position_loss:0.009586

1637 loss: 0.004228  [ 1456/ 3543]

1637 class loss: 0.023060 position_loss:0.001691

1667 loss: 0.012421  [ 1936/ 3543]

1667 class loss: 0.048513 position_loss:0.004968

1697 loss: 0.029404  [ 2416/ 3543]

1697 class loss: 0.121280 position_loss:0.011762

1727 loss: 0.033589  [ 2896/ 3543]

1727 class loss: 0.111466 position_loss:0.013435

1757 loss: 0.024765  [ 3376/ 3543]

1757 class loss: 0.111911 position_loss:0.009906

Epoch 8: train loss: 0.016260

Fold 0 Epoch 8 validation...
-------------------------------

number of test steps per epoch: 67

Epoch 8: valid loss:0.011383

Epoch 8: valid_class_loss:0.052168	valid_position_loss:0.004553

Epoch 8: valid loss 0.011383428484083847 smaller than best loss 0.013084774197226331
-------------------------------

Epoch 8: A better checkpoint is saved into /mnt/pixstor/data/yz3qt/MUTargetCLEAN0513/result_0612/2024-06-13__04-39-18/checkpoints/best_model.pth 
-------------------------------

Epoch 8: valid position loss 0.004553371393633536 smaller than best position loss 0.005233909678890531
-------------------------------

Epoch 8: A better checkpoint is saved into /mnt/pixstor/data/yz3qt/MUTargetCLEAN0513/result_0612/2024-06-13__04-39-18/checkpoints/best_position_model.pth 
-------------------------------

Fold 0 Epoch 9 train...
-------------------------------

1768 loss: 0.017964  [   16/ 3543]

1768 class loss: 0.150723 position_loss:0.007186

1798 loss: 0.017787  [  496/ 3543]

1798 class loss: 0.093464 position_loss:0.007115

1828 loss: 0.010646  [  976/ 3543]

1828 class loss: 0.072896 position_loss:0.004258

1858 loss: 0.004457  [ 1456/ 3543]

1858 class loss: 0.039561 position_loss:0.001783

1888 loss: 0.016562  [ 1936/ 3543]

1888 class loss: 0.065999 position_loss:0.006625

1918 loss: 0.008412  [ 2416/ 3543]

1918 class loss: 0.069191 position_loss:0.003365

1948 loss: 0.014983  [ 2896/ 3543]

1948 class loss: 0.117242 position_loss:0.005993

1978 loss: 0.016526  [ 3376/ 3543]

1978 class loss: 0.132842 position_loss:0.006611

Epoch 9: train loss: 0.013499

Fold 0 Epoch 9 validation...
-------------------------------

number of test steps per epoch: 67

Epoch 9: valid loss:0.010601

Epoch 9: valid_class_loss:0.051937	valid_position_loss:0.004240

Epoch 9: valid loss 0.010600993659148857 smaller than best loss 0.011383428484083847
-------------------------------

Epoch 9: A better checkpoint is saved into /mnt/pixstor/data/yz3qt/MUTargetCLEAN0513/result_0612/2024-06-13__04-39-18/checkpoints/best_model.pth 
-------------------------------

Epoch 9: valid position loss 0.004240397463659544 smaller than best position loss 0.004553371393633536
-------------------------------

Epoch 9: A better checkpoint is saved into /mnt/pixstor/data/yz3qt/MUTargetCLEAN0513/result_0612/2024-06-13__04-39-18/checkpoints/best_position_model.pth 
-------------------------------

Fold 0 Epoch 10 train...
-------------------------------

1989 loss: 0.014192  [   16/ 3543]

1989 class loss: 0.140654 position_loss:0.005677

2019 loss: 0.013792  [  496/ 3543]

2019 class loss: 0.119774 position_loss:0.005517

2049 loss: 0.011122  [  976/ 3543]

2049 class loss: 0.103157 position_loss:0.004449

2079 loss: 0.012655  [ 1456/ 3543]

2079 class loss: 0.074015 position_loss:0.005062

2109 loss: 0.012669  [ 1936/ 3543]

2109 class loss: 0.114811 position_loss:0.005067

2139 loss: 0.004964  [ 2416/ 3543]

2139 class loss: 0.040959 position_loss:0.001986

2169 loss: 0.010224  [ 2896/ 3543]

2169 class loss: 0.123243 position_loss:0.004090

2199 loss: 0.011874  [ 3376/ 3543]

2199 class loss: 0.089473 position_loss:0.004749

Epoch 10: train loss: 0.011837

Fold 0 Epoch 10 validation...
-------------------------------

number of test steps per epoch: 67

Epoch 10: valid loss:0.009065

Epoch 10: valid_class_loss:0.052333	valid_position_loss:0.003626

Epoch 10: valid loss 0.009065137451095898 smaller than best loss 0.010600993659148857
-------------------------------

Epoch 10: A better checkpoint is saved into /mnt/pixstor/data/yz3qt/MUTargetCLEAN0513/result_0612/2024-06-13__04-39-18/checkpoints/best_model.pth 
-------------------------------

Epoch 10: valid position loss 0.003626054980438357 smaller than best position loss 0.004240397463659544
-------------------------------

Epoch 10: A better checkpoint is saved into /mnt/pixstor/data/yz3qt/MUTargetCLEAN0513/result_0612/2024-06-13__04-39-18/checkpoints/best_position_model.pth 
-------------------------------

Fold 0 Epoch 11 train...
-------------------------------

2210 loss: 0.014555  [   16/ 3543]

2210 class loss: 0.147514 position_loss:0.005822

2240 loss: 0.014889  [  496/ 3543]

2240 class loss: 0.155449 position_loss:0.005956

2270 loss: 0.009202  [  976/ 3543]

2270 class loss: 0.049941 position_loss:0.003681

2300 loss: 0.019983  [ 1456/ 3543]

2300 class loss: 0.127975 position_loss:0.007993

2330 loss: 0.018395  [ 1936/ 3543]

2330 class loss: 0.138737 position_loss:0.007358

2360 loss: 0.008965  [ 2416/ 3543]

2360 class loss: 0.087390 position_loss:0.003586

2390 loss: 0.009254  [ 2896/ 3543]

2390 class loss: 0.101160 position_loss:0.003702

2420 loss: 0.002862  [ 3376/ 3543]

2420 class loss: 0.031965 position_loss:0.001145

Epoch 11: train loss: 0.010310

Fold 0 Epoch 11 validation...
-------------------------------

number of test steps per epoch: 67

Epoch 11: valid loss:0.009163

Epoch 11: valid_class_loss:0.052620	valid_position_loss:0.003665

Fold 0 Epoch 12 train...
-------------------------------

2431 loss: 0.004928  [   16/ 3543]

2431 class loss: 0.049973 position_loss:0.001971

2461 loss: 0.019427  [  496/ 3543]

2461 class loss: 0.140577 position_loss:0.007771

2491 loss: 0.007724  [  976/ 3543]

2491 class loss: 0.106454 position_loss:0.003089

2521 loss: 0.006355  [ 1456/ 3543]

2521 class loss: 0.096612 position_loss:0.002542

2551 loss: 0.008715  [ 1936/ 3543]

2551 class loss: 0.049761 position_loss:0.003486

2581 loss: 0.008975  [ 2416/ 3543]

2581 class loss: 0.085355 position_loss:0.003590

2611 loss: 0.016384  [ 2896/ 3543]

2611 class loss: 0.116588 position_loss:0.006553

2641 loss: 0.007459  [ 3376/ 3543]

2641 class loss: 0.090192 position_loss:0.002984

Epoch 12: train loss: 0.008999

Fold 0 Epoch 12 validation...
-------------------------------

number of test steps per epoch: 67

Epoch 12: valid loss:0.007820

Epoch 12: valid_class_loss:0.052766	valid_position_loss:0.003128

Epoch 12: valid loss 0.007819904055899173 smaller than best loss 0.009065137451095898
-------------------------------

Epoch 12: A better checkpoint is saved into /mnt/pixstor/data/yz3qt/MUTargetCLEAN0513/result_0612/2024-06-13__04-39-18/checkpoints/best_model.pth 
-------------------------------

Epoch 12: valid position loss 0.0031279616223596676 smaller than best position loss 0.003626054980438357
-------------------------------

Epoch 12: A better checkpoint is saved into /mnt/pixstor/data/yz3qt/MUTargetCLEAN0513/result_0612/2024-06-13__04-39-18/checkpoints/best_position_model.pth 
-------------------------------

Fold 0 Epoch 13 train...
-------------------------------

2652 loss: 0.013509  [   16/ 3543]

2652 class loss: 0.098247 position_loss:0.005404

2682 loss: 0.003196  [  496/ 3543]

2682 class loss: 0.036519 position_loss:0.001278

2712 loss: 0.008419  [  976/ 3543]

2712 class loss: 0.137721 position_loss:0.003368

2742 loss: 0.004732  [ 1456/ 3543]

2742 class loss: 0.040253 position_loss:0.001893

2772 loss: 0.012789  [ 1936/ 3543]

2772 class loss: 0.151127 position_loss:0.005115

2802 loss: 0.009341  [ 2416/ 3543]

2802 class loss: 0.154904 position_loss:0.003736

2832 loss: 0.013635  [ 2896/ 3543]

2832 class loss: 0.108353 position_loss:0.005454

2862 loss: 0.005129  [ 3376/ 3543]

2862 class loss: 0.093313 position_loss:0.002052

Epoch 13: train loss: 0.007850

Fold 0 Epoch 13 validation...
-------------------------------

number of test steps per epoch: 67

Epoch 13: valid loss:0.007942

Epoch 13: valid_class_loss:0.052197	valid_position_loss:0.003177

Fold 0 Epoch 14 train...
-------------------------------

2873 loss: 0.005160  [   16/ 3543]

2873 class loss: 0.075556 position_loss:0.002064

2903 loss: 0.014199  [  496/ 3543]

2903 class loss: 0.131470 position_loss:0.005680

2933 loss: 0.004715  [  976/ 3543]

2933 class loss: 0.075653 position_loss:0.001886

2963 loss: 0.002460  [ 1456/ 3543]

2963 class loss: 0.039871 position_loss:0.000984

2993 loss: 0.010329  [ 1936/ 3543]

2993 class loss: 0.117679 position_loss:0.004132

3023 loss: 0.011950  [ 2416/ 3543]

3023 class loss: 0.131084 position_loss:0.004780

3053 loss: 0.001415  [ 2896/ 3543]

3053 class loss: 0.027935 position_loss:0.000566

3083 loss: 0.004165  [ 3376/ 3543]

3083 class loss: 0.049587 position_loss:0.001666

Epoch 14: train loss: 0.006649

Fold 0 Epoch 14 validation...
-------------------------------

number of test steps per epoch: 67

Epoch 14: valid loss:0.007360

Epoch 14: valid_class_loss:0.052206	valid_position_loss:0.002944

Epoch 14: valid loss 0.0073604584239617635 smaller than best loss 0.007819904055899173
-------------------------------

Epoch 14: A better checkpoint is saved into /mnt/pixstor/data/yz3qt/MUTargetCLEAN0513/result_0612/2024-06-13__04-39-18/checkpoints/best_model.pth 
-------------------------------

Epoch 14: valid position loss 0.0029441833695847057 smaller than best position loss 0.0031279616223596676
-------------------------------

Epoch 14: A better checkpoint is saved into /mnt/pixstor/data/yz3qt/MUTargetCLEAN0513/result_0612/2024-06-13__04-39-18/checkpoints/best_position_model.pth 
-------------------------------

Fold 0 Epoch 15 train...
-------------------------------

3094 loss: 0.004896  [   16/ 3543]

3094 class loss: 0.096254 position_loss:0.001958

3124 loss: 0.002062  [  496/ 3543]

3124 class loss: 0.034512 position_loss:0.000825

3154 loss: 0.003850  [  976/ 3543]

3154 class loss: 0.068883 position_loss:0.001540

3184 loss: 0.009364  [ 1456/ 3543]

3184 class loss: 0.160280 position_loss:0.003746

3214 loss: 0.005667  [ 1936/ 3543]

3214 class loss: 0.157864 position_loss:0.002267

3244 loss: 0.011814  [ 2416/ 3543]

3244 class loss: 0.037321 position_loss:0.004726

3274 loss: 0.015137  [ 2896/ 3543]

3274 class loss: 0.085243 position_loss:0.006055

3304 loss: 0.005131  [ 3376/ 3543]

3304 class loss: 0.135667 position_loss:0.002052

Epoch 15: train loss: 0.005937

Fold 0 Epoch 15 validation...
-------------------------------

number of test steps per epoch: 67

Epoch 15: valid loss:0.008388

Epoch 15: valid_class_loss:0.053022	valid_position_loss:0.003355

Loading checkpoint from /mnt/pixstor/data/yz3qt/MUTargetCLEAN0513/result_0612/2024-06-13__04-39-18/checkpoints/best_position_model.pth

Fold 0 test
-------------------------------

===================Evaluate protein results========================

 optimized cutoffs: 

             Nucleus   ER  Peroxisome  Mitochondrion  Nucleus_export  SIGNAL  \
cutoffs_pro      0.1  0.1         0.1            0.1             0.1     0.1   
cutoffs_aa       0.3  0.1         0.1            0.1             0.4     0.1   

             chloroplast  Thylakoid  
cutoffs_pro          0.1        0.5  
cutoffs_aa           0.1        0.1  
===========================================

 Jaccard Index (protein): 

                       0
Nucleus         0.788152
ER              0.948764
Peroxisome      0.376790
Mitochondrion   0.820438
Nucleus_export  0.670061
SIGNAL          0.922179
chloroplast     0.849315
Thylakoid       0.970038
===========================================

 TPR, FPR, FNR (protein): 

                       0         1         2
Nucleus         0.925443  0.178794  0.074557
ER              0.966667  0.018664  0.033333
Peroxisome      0.384615  0.015855  0.615385
Mitochondrion   0.837500  0.020889  0.162500
Nucleus_export  0.786504  0.158485  0.213496
SIGNAL          0.949309  0.029140  0.050691
chloroplast     0.881579  0.037816  0.118421
Thylakoid       1.000000  0.031063  0.000000
===========================================

 cs acc: 

                       0
Nucleus         0.015625
ER              0.600000
Peroxisome      0.153846
Mitochondrion   0.512500
Nucleus_export  0.000000
SIGNAL          0.841782
chloroplast     0.473684
Thylakoid       0.900000
===========================================

 Class prediction performance: 

                roc_auc_score  average_precision_score  matthews_corrcoef  \
Nucleus              0.074449                 0.065199           0.000000   
ER                   0.475137                 0.025138           0.000000   
Peroxisome           0.369385                 0.009929           0.000000   
Mitochondrion        0.486269                 0.144657           0.000000   
Nucleus_export       0.091776                 0.012910           0.000000   
SIGNAL               0.279437                 0.478250           0.000000   
chloroplast          0.340663                 0.050340           0.000000   
Thylakoid            0.943197                 0.086358           0.011279   

                recall_score  precision_score  f1_score  
Nucleus                  1.0         0.120641  0.215307  
ER                       1.0         0.028275  0.054995  
Peroxisome               1.0         0.012253  0.024209  
Mitochondrion            1.0         0.150801  0.262080  
Nucleus_export           1.0         0.023563  0.046041  
SIGNAL                   1.0         0.613572  0.760514  
chloroplast              1.0         0.071631  0.133685  
Thylakoid                1.0         0.009551  0.018921  
===================Test protein results constrain: False========================

 optimized cutoffs: 

             Nucleus   ER  Peroxisome  Mitochondrion  Nucleus_export  SIGNAL  \
cutoffs_pro      0.1  0.1         0.1            0.1             0.1     0.1   
cutoffs_aa       0.3  0.1         0.1            0.1             0.4     0.1   

             chloroplast  Thylakoid  
cutoffs_pro          0.1        0.5  
cutoffs_aa           0.1        0.1  
===========================================

 Jaccard Index (protein): 

                       0
Nucleus         0.646750
ER              0.952154
Peroxisome      0.912108
Mitochondrion   0.779316
Nucleus_export  0.143007
SIGNAL          0.939343
chloroplast     0.838845
Thylakoid       0.873672
===========================================

 TPR, FPR, FNR (protein): 

                       0         1         2
Nucleus         0.776017  0.222699  0.223983
ER              0.965517  0.013566  0.034483
Peroxisome      0.923077  0.011906  0.076923
Mitochondrion   0.792453  0.016106  0.207547
Nucleus_export  0.153447  0.083307  0.846553
SIGNAL          0.967290  0.030312  0.032710
chloroplast     0.876712  0.046225  0.123288
Thylakoid       0.888889  0.017805  0.111111
===========================================

 cs acc: 

                       0
Nucleus         0.041322
ER              0.689655
Peroxisome      0.384615
Mitochondrion   0.333333
Nucleus_export  0.000000
SIGNAL          0.875389
chloroplast     0.328767
Thylakoid       0.777778
===========================================

 Class prediction performance: 

                roc_auc_score  average_precision_score  matthews_corrcoef  \
Nucleus              0.112789                 0.062711           0.000000   
ER                   0.656917                 0.039663           0.000000   
Peroxisome           0.416225                 0.011854           0.000000   
Mitochondrion        0.598531                 0.186719           0.000000   
Nucleus_export       0.101977                 0.013164           0.000000   
SIGNAL               0.226555                 0.450234           0.000000   
chloroplast          0.381035                 0.051299           0.000000   
Thylakoid            0.702396                 0.070656           0.007566   

                recall_score  precision_score  f1_score  
Nucleus                  1.0         0.114475  0.205433  
ER                       1.0         0.027436  0.053407  
Peroxisome               1.0         0.012299  0.024299  
Mitochondrion            1.0         0.150426  0.261513  
Nucleus_export           1.0         0.023652  0.046211  
SIGNAL                   1.0         0.607379  0.755739  
chloroplast              1.0         0.069063  0.129204  
Thylakoid                1.0         0.008571  0.016997  
===================Test protein results constrain: True========================

 optimized cutoffs: 

             Nucleus   ER  Peroxisome  Mitochondrion  Nucleus_export  SIGNAL  \
cutoffs_pro      0.1  0.1         0.1            0.1             0.1     0.1   
cutoffs_aa       0.3  0.1         0.1            0.1             0.4     0.1   

             chloroplast  Thylakoid  
cutoffs_pro          0.1        0.5  
cutoffs_aa           0.1        0.1  
===========================================

 Jaccard Index (protein): 

                       0
Nucleus         0.646750
ER              0.952154
Peroxisome      0.912108
Mitochondrion   0.779316
Nucleus_export  0.143007
SIGNAL          0.939343
chloroplast     0.838845
Thylakoid       0.873672
===========================================

 TPR, FPR, FNR (protein): 

                       0         1         2
Nucleus         0.776017  0.222699  0.223983
ER              0.965517  0.013566  0.034483
Peroxisome      0.923077  0.011906  0.076923
Mitochondrion   0.792453  0.016106  0.207547
Nucleus_export  0.153447  0.083307  0.846553
SIGNAL          0.967290  0.030312  0.032710
chloroplast     0.876712  0.046225  0.123288
Thylakoid       0.888889  0.017805  0.111111
===========================================

 cs acc: 

                       0
Nucleus         0.041322
ER              0.689655
Peroxisome      0.384615
Mitochondrion   0.333333
Nucleus_export  0.000000
SIGNAL          0.875389
chloroplast     0.328767
Thylakoid       0.777778
===========================================

 Class prediction performance: 

                roc_auc_score  average_precision_score  matthews_corrcoef  \
Nucleus              0.112789                 0.062711           0.000000   
ER                   0.656917                 0.039663           0.000000   
Peroxisome           0.416225                 0.011854           0.000000   
Mitochondrion        0.598531                 0.186719           0.000000   
Nucleus_export       0.101977                 0.013164           0.000000   
SIGNAL               0.226555                 0.450234           0.000000   
chloroplast          0.381035                 0.051299           0.000000   
Thylakoid            0.702396                 0.070656           0.007566   

                recall_score  precision_score  f1_score  
Nucleus                  1.0         0.114475  0.205433  
ER                       1.0         0.027436  0.053407  
Peroxisome               1.0         0.012299  0.024299  
Mitochondrion            1.0         0.150426  0.261513  
Nucleus_export           1.0         0.023652  0.046211  
SIGNAL                   1.0         0.607379  0.755739  
chloroplast              1.0         0.069063  0.129204  
Thylakoid                1.0         0.008571  0.016997  




Comparable Test Data
-------------------------------

===================Test protein results constrain: False========================

 optimized cutoffs: 

             Nucleus   ER  Peroxisome  Mitochondrion  Nucleus_export  SIGNAL  \
cutoffs_pro      0.1  0.1         0.1            0.1             0.1     0.1   
cutoffs_aa       0.3  0.1         0.1            0.1             0.4     0.1   

             chloroplast  Thylakoid  
cutoffs_pro          0.1        0.5  
cutoffs_aa           0.1        0.1  
===========================================

 Jaccard Index (protein): 

                       0
Nucleus         0.965039
ER                   NaN
Peroxisome           NaN
Mitochondrion        NaN
Nucleus_export  0.000000
SIGNAL               NaN
chloroplast          NaN
Thylakoid            NaN
===========================================

 TPR, FPR, FNR (protein): 

                  0         1    2
Nucleus         1.0  0.036284  0.0
ER              NaN       NaN  NaN
Peroxisome      NaN       NaN  NaN
Mitochondrion   NaN       NaN  NaN
Nucleus_export  0.0  0.115633  1.0
SIGNAL          NaN       NaN  NaN
chloroplast     NaN       NaN  NaN
Thylakoid       NaN       NaN  NaN
===========================================

 cs acc: 

                  0
Nucleus         0.0
ER              NaN
Peroxisome      NaN
Mitochondrion   NaN
Nucleus_export  0.0
SIGNAL          NaN
chloroplast     NaN
Thylakoid       NaN
===========================================

 Class prediction performance: 

                roc_auc_score  average_precision_score  matthews_corrcoef  \
Nucleus                   1.0                      1.0                0.0   
ER                        NaN                     -0.0                0.0   
Peroxisome                NaN                     -0.0                0.0   
Mitochondrion             NaN                     -0.0                0.0   
Nucleus_export            NaN                      1.0                0.0   
SIGNAL                    NaN                     -0.0                0.0   
chloroplast               NaN                     -0.0                0.0   
Thylakoid                 NaN                     -0.0                0.0   

                recall_score  precision_score  f1_score  
Nucleus                  1.0              0.4  0.571429  
ER                       0.0              0.0  0.000000  
Peroxisome               0.0              0.0  0.000000  
Mitochondrion            0.0              0.0  0.000000  
Nucleus_export           1.0              1.0  1.000000  
SIGNAL                   0.0              0.0  0.000000  
chloroplast              0.0              0.0  0.000000  
Thylakoid                0.0              0.0  0.000000  
===================Test protein results constrain: True========================

 optimized cutoffs: 

             Nucleus   ER  Peroxisome  Mitochondrion  Nucleus_export  SIGNAL  \
cutoffs_pro      0.1  0.1         0.1            0.1             0.1     0.1   
cutoffs_aa       0.3  0.1         0.1            0.1             0.4     0.1   

             chloroplast  Thylakoid  
cutoffs_pro          0.1        0.5  
cutoffs_aa           0.1        0.1  
===========================================

 Jaccard Index (protein): 

                       0
Nucleus         0.965039
ER                   NaN
Peroxisome           NaN
Mitochondrion        NaN
Nucleus_export  0.000000
SIGNAL               NaN
chloroplast          NaN
Thylakoid            NaN
===========================================

 TPR, FPR, FNR (protein): 

                  0         1    2
Nucleus         1.0  0.036284  0.0
ER              NaN       NaN  NaN
Peroxisome      NaN       NaN  NaN
Mitochondrion   NaN       NaN  NaN
Nucleus_export  0.0  0.115633  1.0
SIGNAL          NaN       NaN  NaN
chloroplast     NaN       NaN  NaN
Thylakoid       NaN       NaN  NaN
===========================================

 cs acc: 

                  0
Nucleus         0.0
ER              NaN
Peroxisome      NaN
Mitochondrion   NaN
Nucleus_export  0.0
SIGNAL          NaN
chloroplast     NaN
Thylakoid       NaN
===========================================

 Class prediction performance: 

                roc_auc_score  average_precision_score  matthews_corrcoef  \
Nucleus                   1.0                      1.0                0.0   
ER                        NaN                     -0.0                0.0   
Peroxisome                NaN                     -0.0                0.0   
Mitochondrion             NaN                     -0.0                0.0   
Nucleus_export            NaN                      1.0                0.0   
SIGNAL                    NaN                     -0.0                0.0   
chloroplast               NaN                     -0.0                0.0   
Thylakoid                 NaN                     -0.0                0.0   

                recall_score  precision_score  f1_score  
Nucleus                  1.0              0.4  0.571429  
ER                       0.0              0.0  0.000000  
Peroxisome               0.0              0.0  0.000000  
Mitochondrion            0.0              0.0  0.000000  
Nucleus_export           1.0              1.0  1.000000  
SIGNAL                   0.0              0.0  0.000000  
chloroplast              0.0              0.0  0.000000  
Thylakoid                0.0              0.0  0.000000  
