use k-fold index: 0

Done Loading data

number of steps for training data: 221

number of steps for valid data: 67

number of steps for test data: 67

Done initialize tokenizer

trainable params: 40286342 || all params: 653285403 || trainable%: 6.166729244982074

Done initialize model

preparing optimizer is done

number of train steps per epoch: 221

Start training...

Fold 0 Epoch 1 train...
-------------------------------

0 loss: 0.761529  [   16/ 3543]

0 class loss: 0.023986 position_loss:0.737543

30 loss: 0.765461  [  496/ 3543]

30 class loss: 0.067179 position_loss:0.698282

60 loss: 0.761198  [  976/ 3543]

60 class loss: 0.112244 position_loss:0.648954

90 loss: 0.596859  [ 1456/ 3543]

90 class loss: 0.060742 position_loss:0.536117

120 loss: 0.400394  [ 1936/ 3543]

120 class loss: 0.034930 position_loss:0.365464

150 loss: 0.324529  [ 2416/ 3543]

150 class loss: 0.111336 position_loss:0.213193

180 loss: 0.190256  [ 2896/ 3543]

180 class loss: 0.040675 position_loss:0.149580

210 loss: 0.166906  [ 3376/ 3543]

210 class loss: 0.047464 position_loss:0.119442

Epoch 1: train loss: 0.500855

Fold 0 Epoch 1 validation...
-------------------------------

number of test steps per epoch: 67

Epoch 1: valid loss:0.156979

Epoch 1: valid_class_loss:0.030908	valid_position_loss:0.126071

Epoch 1: valid loss 0.15697914867673837 smaller than best loss inf
-------------------------------

Epoch 1: A better checkpoint is saved into /mnt/pixstor/data/yz3qt/MUTargetCLEAN0513/result_nosupcon/0531_1/2024-06-01__05-16-19/checkpoints/best_model.pth 
-------------------------------

Epoch 1: valid position loss 0.12607148449515654 smaller than best position loss inf
-------------------------------

Epoch 1: A better checkpoint is saved into /mnt/pixstor/data/yz3qt/MUTargetCLEAN0513/result_nosupcon/0531_1/2024-06-01__05-16-19/checkpoints/best_position_model.pth 
-------------------------------

Fold 0 Epoch 2 train...
-------------------------------

221 loss: 0.232855  [   16/ 3543]

221 class loss: 0.113273 position_loss:0.119582

251 loss: 0.192145  [  496/ 3543]

251 class loss: 0.057416 position_loss:0.134729

281 loss: 0.117257  [  976/ 3543]

281 class loss: 0.039284 position_loss:0.077972

311 loss: 0.086571  [ 1456/ 3543]

311 class loss: 0.019595 position_loss:0.066975

341 loss: 0.105518  [ 1936/ 3543]

341 class loss: 0.036142 position_loss:0.069376

371 loss: 0.125743  [ 2416/ 3543]

371 class loss: 0.065215 position_loss:0.060528

401 loss: 0.080187  [ 2896/ 3543]

401 class loss: 0.042552 position_loss:0.037635

431 loss: 0.086810  [ 3376/ 3543]

431 class loss: 0.020500 position_loss:0.066310

Epoch 2: train loss: 0.123215

Fold 0 Epoch 2 validation...
-------------------------------

number of test steps per epoch: 67

Epoch 2: valid loss:0.070871

Epoch 2: valid_class_loss:0.022537	valid_position_loss:0.048334

Epoch 2: valid loss 0.07087093541568663 smaller than best loss 0.15697914867673837
-------------------------------

Epoch 2: A better checkpoint is saved into /mnt/pixstor/data/yz3qt/MUTargetCLEAN0513/result_nosupcon/0531_1/2024-06-01__05-16-19/checkpoints/best_model.pth 
-------------------------------

Epoch 2: valid position loss 0.04833391150429446 smaller than best position loss 0.12607148449515654
-------------------------------

Epoch 2: A better checkpoint is saved into /mnt/pixstor/data/yz3qt/MUTargetCLEAN0513/result_nosupcon/0531_1/2024-06-01__05-16-19/checkpoints/best_position_model.pth 
-------------------------------

Fold 0 Epoch 3 train...
-------------------------------

442 loss: 0.059897  [   16/ 3543]

442 class loss: 0.015652 position_loss:0.044245

472 loss: 0.077134  [  496/ 3543]

472 class loss: 0.040932 position_loss:0.036202

502 loss: 0.053187  [  976/ 3543]

502 class loss: 0.022713 position_loss:0.030475

532 loss: 0.053407  [ 1456/ 3543]

532 class loss: 0.022696 position_loss:0.030712

562 loss: 0.043616  [ 1936/ 3543]

562 class loss: 0.020255 position_loss:0.023361

592 loss: 0.045937  [ 2416/ 3543]

592 class loss: 0.014804 position_loss:0.031133

622 loss: 0.047191  [ 2896/ 3543]

622 class loss: 0.022224 position_loss:0.024968

652 loss: 0.075347  [ 3376/ 3543]

652 class loss: 0.036351 position_loss:0.038996

Epoch 3: train loss: 0.061922

Fold 0 Epoch 3 validation...
-------------------------------

number of test steps per epoch: 67

Epoch 3: valid loss:0.043989

Epoch 3: valid_class_loss:0.016784	valid_position_loss:0.027205

Epoch 3: valid loss 0.04398893968269395 smaller than best loss 0.07087093541568663
-------------------------------

Epoch 3: A better checkpoint is saved into /mnt/pixstor/data/yz3qt/MUTargetCLEAN0513/result_nosupcon/0531_1/2024-06-01__05-16-19/checkpoints/best_model.pth 
-------------------------------

Epoch 3: valid position loss 0.027204712802425195 smaller than best position loss 0.04833391150429446
-------------------------------

Epoch 3: A better checkpoint is saved into /mnt/pixstor/data/yz3qt/MUTargetCLEAN0513/result_nosupcon/0531_1/2024-06-01__05-16-19/checkpoints/best_position_model.pth 
-------------------------------

Fold 0 Epoch 4 train...
-------------------------------

663 loss: 0.050792  [   16/ 3543]

663 class loss: 0.015222 position_loss:0.035569

693 loss: 0.058446  [  496/ 3543]

693 class loss: 0.016154 position_loss:0.042292

723 loss: 0.053481  [  976/ 3543]

723 class loss: 0.022747 position_loss:0.030735

753 loss: 0.063415  [ 1456/ 3543]

753 class loss: 0.024021 position_loss:0.039394

783 loss: 0.093742  [ 1936/ 3543]

783 class loss: 0.036921 position_loss:0.056821

813 loss: 0.024508  [ 2416/ 3543]

813 class loss: 0.015849 position_loss:0.008659

843 loss: 0.049881  [ 2896/ 3543]

843 class loss: 0.015954 position_loss:0.033927

873 loss: 0.020091  [ 3376/ 3543]

873 class loss: 0.008286 position_loss:0.011805

Epoch 4: train loss: 0.038650

Fold 0 Epoch 4 validation...
-------------------------------

number of test steps per epoch: 67

Epoch 4: valid loss:0.033125

Epoch 4: valid_class_loss:0.014714	valid_position_loss:0.018411

Epoch 4: valid loss 0.03312522306394847 smaller than best loss 0.04398893968269395
-------------------------------

Epoch 4: A better checkpoint is saved into /mnt/pixstor/data/yz3qt/MUTargetCLEAN0513/result_nosupcon/0531_1/2024-06-01__05-16-19/checkpoints/best_model.pth 
-------------------------------

Epoch 4: valid position loss 0.01841117948650086 smaller than best position loss 0.027204712802425195
-------------------------------

Epoch 4: A better checkpoint is saved into /mnt/pixstor/data/yz3qt/MUTargetCLEAN0513/result_nosupcon/0531_1/2024-06-01__05-16-19/checkpoints/best_position_model.pth 
-------------------------------

Fold 0 Epoch 5 train...
-------------------------------

884 loss: 0.020721  [   16/ 3543]

884 class loss: 0.008370 position_loss:0.012351

914 loss: 0.026331  [  496/ 3543]

914 class loss: 0.010216 position_loss:0.016115

944 loss: 0.027968  [  976/ 3543]

944 class loss: 0.014113 position_loss:0.013855

974 loss: 0.029620  [ 1456/ 3543]

974 class loss: 0.013303 position_loss:0.016317

1004 loss: 0.015588  [ 1936/ 3543]

1004 class loss: 0.009514 position_loss:0.006074

1034 loss: 0.033820  [ 2416/ 3543]

1034 class loss: 0.019287 position_loss:0.014533

1064 loss: 0.073111  [ 2896/ 3543]

1064 class loss: 0.024031 position_loss:0.049080

1094 loss: 0.033844  [ 3376/ 3543]

1094 class loss: 0.016195 position_loss:0.017649

Epoch 5: train loss: 0.028021

Fold 0 Epoch 5 validation...
-------------------------------

number of test steps per epoch: 67

Epoch 5: valid loss:0.032596

Epoch 5: valid_class_loss:0.014069	valid_position_loss:0.018527

Epoch 5: valid loss 0.032596106095604344 smaller than best loss 0.03312522306394847
-------------------------------

Epoch 5: A better checkpoint is saved into /mnt/pixstor/data/yz3qt/MUTargetCLEAN0513/result_nosupcon/0531_1/2024-06-01__05-16-19/checkpoints/best_model.pth 
-------------------------------

Fold 0 Epoch 6 train...
-------------------------------

1105 loss: 0.021404  [   16/ 3543]

1105 class loss: 0.009478 position_loss:0.011926

1135 loss: 0.023898  [  496/ 3543]

1135 class loss: 0.010315 position_loss:0.013583

1165 loss: 0.017479  [  976/ 3543]

1165 class loss: 0.007533 position_loss:0.009945

1195 loss: 0.014789  [ 1456/ 3543]

1195 class loss: 0.008341 position_loss:0.006448

1225 loss: 0.015181  [ 1936/ 3543]

1225 class loss: 0.004131 position_loss:0.011050

1255 loss: 0.020777  [ 2416/ 3543]

1255 class loss: 0.013212 position_loss:0.007565

1285 loss: 0.005153  [ 2896/ 3543]

1285 class loss: 0.001517 position_loss:0.003635

1315 loss: 0.018490  [ 3376/ 3543]

1315 class loss: 0.004132 position_loss:0.014358

Epoch 6: train loss: 0.021819

Fold 0 Epoch 6 validation...
-------------------------------

number of test steps per epoch: 67

Epoch 6: valid loss:0.028617

Epoch 6: valid_class_loss:0.013803	valid_position_loss:0.014814

Epoch 6: valid loss 0.02861717388641673 smaller than best loss 0.032596106095604344
-------------------------------

Epoch 6: A better checkpoint is saved into /mnt/pixstor/data/yz3qt/MUTargetCLEAN0513/result_nosupcon/0531_1/2024-06-01__05-16-19/checkpoints/best_model.pth 
-------------------------------

Epoch 6: valid position loss 0.01481405104566602 smaller than best position loss 0.01841117948650086
-------------------------------

Epoch 6: A better checkpoint is saved into /mnt/pixstor/data/yz3qt/MUTargetCLEAN0513/result_nosupcon/0531_1/2024-06-01__05-16-19/checkpoints/best_position_model.pth 
-------------------------------

Fold 0 Epoch 7 train...
-------------------------------

1326 loss: 0.011423  [   16/ 3543]

1326 class loss: 0.004800 position_loss:0.006623

1356 loss: 0.014192  [  496/ 3543]

1356 class loss: 0.004589 position_loss:0.009602

1386 loss: 0.009394  [  976/ 3543]

1386 class loss: 0.003855 position_loss:0.005538

1416 loss: 0.021204  [ 1456/ 3543]

1416 class loss: 0.004834 position_loss:0.016369

1446 loss: 0.021105  [ 1936/ 3543]

1446 class loss: 0.011111 position_loss:0.009994

1476 loss: 0.011774  [ 2416/ 3543]

1476 class loss: 0.006057 position_loss:0.005717

1506 loss: 0.023964  [ 2896/ 3543]

1506 class loss: 0.014307 position_loss:0.009657

1536 loss: 0.015076  [ 3376/ 3543]

1536 class loss: 0.007790 position_loss:0.007286

Epoch 7: train loss: 0.018106

Fold 0 Epoch 7 validation...
-------------------------------

number of test steps per epoch: 67

Epoch 7: valid loss:0.033729

Epoch 7: valid_class_loss:0.013545	valid_position_loss:0.020183

Fold 0 Epoch 8 train...
-------------------------------

1547 loss: 0.007885  [   16/ 3543]

1547 class loss: 0.002643 position_loss:0.005243

1577 loss: 0.011028  [  496/ 3543]

1577 class loss: 0.005591 position_loss:0.005437

1607 loss: 0.012817  [  976/ 3543]

1607 class loss: 0.005342 position_loss:0.007475

1637 loss: 0.031614  [ 1456/ 3543]

1637 class loss: 0.011683 position_loss:0.019931

1667 loss: 0.008369  [ 1936/ 3543]

1667 class loss: 0.004190 position_loss:0.004179

1697 loss: 0.007545  [ 2416/ 3543]

1697 class loss: 0.003935 position_loss:0.003610

1727 loss: 0.010596  [ 2896/ 3543]

1727 class loss: 0.006376 position_loss:0.004220

1757 loss: 0.009851  [ 3376/ 3543]

1757 class loss: 0.003230 position_loss:0.006621

Epoch 8: train loss: 0.014594

Fold 0 Epoch 8 validation...
-------------------------------

number of test steps per epoch: 67

Epoch 8: valid loss:0.031390

Epoch 8: valid_class_loss:0.015768	valid_position_loss:0.015622

Fold 0 Epoch 9 train...
-------------------------------

1768 loss: 0.006971  [   16/ 3543]

1768 class loss: 0.002152 position_loss:0.004819

1798 loss: 0.007231  [  496/ 3543]

1798 class loss: 0.002789 position_loss:0.004441

1828 loss: 0.013244  [  976/ 3543]

1828 class loss: 0.003898 position_loss:0.009347

1858 loss: 0.010534  [ 1456/ 3543]

1858 class loss: 0.003249 position_loss:0.007285

1888 loss: 0.010130  [ 1936/ 3543]

1888 class loss: 0.003939 position_loss:0.006191

1918 loss: 0.013166  [ 2416/ 3543]

1918 class loss: 0.005189 position_loss:0.007977

1948 loss: 0.008680  [ 2896/ 3543]

1948 class loss: 0.002705 position_loss:0.005975

1978 loss: 0.009244  [ 3376/ 3543]

1978 class loss: 0.003882 position_loss:0.005362

Epoch 9: train loss: 0.012317

Fold 0 Epoch 9 validation...
-------------------------------

number of test steps per epoch: 67

Epoch 9: valid loss:0.046721

Epoch 9: valid_class_loss:0.016881	valid_position_loss:0.029840

Fold 0 Epoch 10 train...
-------------------------------

1989 loss: 0.011976  [   16/ 3543]

1989 class loss: 0.005557 position_loss:0.006419

2019 loss: 0.008638  [  496/ 3543]

2019 class loss: 0.004088 position_loss:0.004550

2049 loss: 0.012672  [  976/ 3543]

2049 class loss: 0.006446 position_loss:0.006226

2079 loss: 0.004387  [ 1456/ 3543]

2079 class loss: 0.000944 position_loss:0.003444

2109 loss: 0.008008  [ 1936/ 3543]

2109 class loss: 0.003677 position_loss:0.004331

2139 loss: 0.017629  [ 2416/ 3543]

2139 class loss: 0.007180 position_loss:0.010449

2169 loss: 0.012917  [ 2896/ 3543]

2169 class loss: 0.008760 position_loss:0.004157

2199 loss: 0.008579  [ 3376/ 3543]

2199 class loss: 0.003793 position_loss:0.004786

Epoch 10: train loss: 0.011916

Fold 0 Epoch 10 validation...
-------------------------------

number of test steps per epoch: 67

Epoch 10: valid loss:0.026162

Epoch 10: valid_class_loss:0.013123	valid_position_loss:0.013039

Epoch 10: valid loss 0.02616232707706981 smaller than best loss 0.02861717388641673
-------------------------------

Epoch 10: A better checkpoint is saved into /mnt/pixstor/data/yz3qt/MUTargetCLEAN0513/result_nosupcon/0531_1/2024-06-01__05-16-19/checkpoints/best_model.pth 
-------------------------------

Epoch 10: valid position loss 0.013038910955084642 smaller than best position loss 0.01481405104566602
-------------------------------

Epoch 10: A better checkpoint is saved into /mnt/pixstor/data/yz3qt/MUTargetCLEAN0513/result_nosupcon/0531_1/2024-06-01__05-16-19/checkpoints/best_position_model.pth 
-------------------------------

Fold 0 Epoch 11 train...
-------------------------------

2210 loss: 0.011665  [   16/ 3543]

2210 class loss: 0.003525 position_loss:0.008141

2240 loss: 0.005847  [  496/ 3543]

2240 class loss: 0.001870 position_loss:0.003977

2270 loss: 0.016895  [  976/ 3543]

2270 class loss: 0.009426 position_loss:0.007469

2300 loss: 0.009620  [ 1456/ 3543]

2300 class loss: 0.003045 position_loss:0.006575

2330 loss: 0.013186  [ 1936/ 3543]

2330 class loss: 0.003761 position_loss:0.009425

2360 loss: 0.005946  [ 2416/ 3543]

2360 class loss: 0.002198 position_loss:0.003749

2390 loss: 0.008812  [ 2896/ 3543]

2390 class loss: 0.001646 position_loss:0.007166

2420 loss: 0.009485  [ 3376/ 3543]

2420 class loss: 0.005187 position_loss:0.004298

Epoch 11: train loss: 0.011134

Fold 0 Epoch 11 validation...
-------------------------------

number of test steps per epoch: 67

Epoch 11: valid loss:0.034334

Epoch 11: valid_class_loss:0.014049	valid_position_loss:0.020285

Fold 0 Epoch 12 train...
-------------------------------

2431 loss: 0.008320  [   16/ 3543]

2431 class loss: 0.003090 position_loss:0.005230

2461 loss: 0.012959  [  496/ 3543]

2461 class loss: 0.004409 position_loss:0.008549

2491 loss: 0.007536  [  976/ 3543]

2491 class loss: 0.004345 position_loss:0.003191

2521 loss: 0.007184  [ 1456/ 3543]

2521 class loss: 0.002808 position_loss:0.004376

2551 loss: 0.009313  [ 1936/ 3543]

2551 class loss: 0.004069 position_loss:0.005244

2581 loss: 0.008570  [ 2416/ 3543]

2581 class loss: 0.004718 position_loss:0.003852

2611 loss: 0.005750  [ 2896/ 3543]

2611 class loss: 0.002455 position_loss:0.003295

2641 loss: 0.024340  [ 3376/ 3543]

2641 class loss: 0.008696 position_loss:0.015644

Epoch 12: train loss: 0.010547

Fold 0 Epoch 12 validation...
-------------------------------

number of test steps per epoch: 67

Epoch 12: valid loss:0.037619

Epoch 12: valid_class_loss:0.016676	valid_position_loss:0.020943

Fold 0 Epoch 13 train...
-------------------------------

2652 loss: 0.038673  [   16/ 3543]

2652 class loss: 0.015211 position_loss:0.023463

2682 loss: 0.007880  [  496/ 3543]

2682 class loss: 0.004334 position_loss:0.003546

2712 loss: 0.004493  [  976/ 3543]

2712 class loss: 0.001440 position_loss:0.003053

2742 loss: 0.008973  [ 1456/ 3543]

2742 class loss: 0.003748 position_loss:0.005225

2772 loss: 0.014073  [ 1936/ 3543]

2772 class loss: 0.004943 position_loss:0.009130

2802 loss: 0.004932  [ 2416/ 3543]

2802 class loss: 0.002539 position_loss:0.002393

2832 loss: 0.003787  [ 2896/ 3543]

2832 class loss: 0.001617 position_loss:0.002170

2862 loss: 0.005723  [ 3376/ 3543]

2862 class loss: 0.001546 position_loss:0.004177

Epoch 13: train loss: 0.009074

Fold 0 Epoch 13 validation...
-------------------------------

number of test steps per epoch: 67

Epoch 13: valid loss:0.051529

Epoch 13: valid_class_loss:0.019169	valid_position_loss:0.032361

Fold 0 Epoch 14 train...
-------------------------------

2873 loss: 0.012978  [   16/ 3543]

2873 class loss: 0.004495 position_loss:0.008483

2903 loss: 0.006600  [  496/ 3543]

2903 class loss: 0.001379 position_loss:0.005221

2933 loss: 0.004633  [  976/ 3543]

2933 class loss: 0.000804 position_loss:0.003830

2963 loss: 0.008960  [ 1456/ 3543]

2963 class loss: 0.003589 position_loss:0.005371

2993 loss: 0.009268  [ 1936/ 3543]

2993 class loss: 0.004154 position_loss:0.005114

3023 loss: 0.005474  [ 2416/ 3543]

3023 class loss: 0.000705 position_loss:0.004769

3053 loss: 0.003357  [ 2896/ 3543]

3053 class loss: 0.001323 position_loss:0.002034

3083 loss: 0.004808  [ 3376/ 3543]

3083 class loss: 0.001441 position_loss:0.003367

Epoch 14: train loss: 0.007699

Fold 0 Epoch 14 validation...
-------------------------------

number of test steps per epoch: 67

Epoch 14: valid loss:0.038803

Epoch 14: valid_class_loss:0.016120	valid_position_loss:0.022683

Fold 0 Epoch 15 train...
-------------------------------

3094 loss: 0.008739  [   16/ 3543]

3094 class loss: 0.003771 position_loss:0.004968

3124 loss: 0.003809  [  496/ 3543]

3124 class loss: 0.001279 position_loss:0.002530

3154 loss: 0.008983  [  976/ 3543]

3154 class loss: 0.003402 position_loss:0.005581

3184 loss: 0.005060  [ 1456/ 3543]

3184 class loss: 0.001554 position_loss:0.003507

3214 loss: 0.013487  [ 1936/ 3543]

3214 class loss: 0.008324 position_loss:0.005162

3244 loss: 0.013088  [ 2416/ 3543]

3244 class loss: 0.005890 position_loss:0.007198

3274 loss: 0.011135  [ 2896/ 3543]

3274 class loss: 0.001734 position_loss:0.009401

3304 loss: 0.001888  [ 3376/ 3543]

3304 class loss: 0.000473 position_loss:0.001415

Epoch 15: train loss: 0.007205

Fold 0 Epoch 15 validation...
-------------------------------

number of test steps per epoch: 67

Epoch 15: valid loss:0.040936

Epoch 15: valid_class_loss:0.017186	valid_position_loss:0.023750

Loading checkpoint from /mnt/pixstor/data/yz3qt/MUTargetCLEAN0513/result_nosupcon/0531_1/2024-06-01__05-16-19/checkpoints/best_position_model.pth

Fold 0 test
-------------------------------

===================Evaluate protein results========================

 optimized cutoffs: 

             Nucleus   ER  Peroxisome  Mitochondrion  Nucleus_export  SIGNAL  \
cutoffs_pro      0.7  0.1         0.5            0.2             0.8     0.2   
cutoffs_aa       0.2  0.1         0.1            0.1             0.1     0.1   

             chloroplast  Thylakoid  
cutoffs_pro          0.1        0.4  
cutoffs_aa           0.1        0.1  
===========================================

 Jaccard Index (protein): 

                       0
Nucleus         0.732118
ER              0.864061
Peroxisome      0.229441
Mitochondrion   0.814100
Nucleus_export  0.513013
SIGNAL          0.934138
chloroplast     0.639658
Thylakoid       0.841006
===========================================

 cs acc: 

                       0
Nucleus         0.078125
ER              0.000000
Peroxisome      0.230769
Mitochondrion   0.481250
Nucleus_export  0.000000
SIGNAL          0.866359
chloroplast     0.539474
Thylakoid       0.200000
===========================================

 Class prediction performance: 

                roc_auc_score  average_precision_score  matthews_corrcoef  \
Nucleus              0.991216                 0.948408           0.847040   
ER                   0.927966                 0.637089           0.772317   
Peroxisome           0.951409                 0.261344           0.414229   
Mitochondrion        0.976706                 0.968397           0.932679   
Nucleus_export       0.984517                 0.732034           0.701329   
SIGNAL               0.994249                 0.996536           0.940959   
chloroplast          0.964040                 0.892510           0.868465   
Thylakoid            0.997621                 0.787491           0.788310   

                recall_score  precision_score  f1_score  
Nucleus             0.851562         0.879032  0.865079  
ER                  0.933333         0.651163  0.767123  
Peroxisome          0.307692         0.571429  0.400000  
Mitochondrion       0.912500         0.973333  0.941935  
Nucleus_export      0.600000         0.833333  0.697674  
SIGNAL              0.967742         0.985915  0.976744  
chloroplast         0.842105         0.914286  0.876712  
Thylakoid           1.000000         0.625000  0.769231  
===================Test protein results constrain: False========================

 optimized cutoffs: 

             Nucleus   ER  Peroxisome  Mitochondrion  Nucleus_export  SIGNAL  \
cutoffs_pro      0.7  0.1         0.5            0.2             0.8     0.2   
cutoffs_aa       0.2  0.1         0.1            0.1             0.1     0.1   

             chloroplast  Thylakoid  
cutoffs_pro          0.1        0.4  
cutoffs_aa           0.1        0.1  
===========================================

 Jaccard Index (protein): 

                       0
Nucleus         0.663682
ER              0.963118
Peroxisome      0.607568
Mitochondrion   0.795559
Nucleus_export  0.156859
SIGNAL          0.953861
chloroplast     0.662532
Thylakoid       0.744885
===========================================

 cs acc: 

                       0
Nucleus         0.041322
ER              0.000000
Peroxisome      0.461538
Mitochondrion   0.408805
Nucleus_export  0.000000
SIGNAL          0.890966
chloroplast     0.301370
Thylakoid       0.555556
===========================================

 Class prediction performance: 

                roc_auc_score  average_precision_score  matthews_corrcoef  \
Nucleus              0.989846                 0.936550           0.859331   
ER                   0.998692                 0.949027           0.921299   
Peroxisome           0.992116                 0.570485           0.372543   
Mitochondrion        0.979899                 0.978812           0.958934   
Nucleus_export       0.871550                 0.493503           0.335909   
SIGNAL               0.999328                 0.999576           0.970301   
chloroplast          0.982612                 0.946998           0.872719   
Thylakoid            0.993109                 0.379831           0.650895   

                recall_score  precision_score  f1_score  
Nucleus             0.900826         0.851562  0.875502  
ER                  1.000000         0.852941  0.920635  
Peroxisome          0.461538         0.315789  0.375000  
Mitochondrion       0.930818         1.000000  0.964169  
Nucleus_export      0.240000         0.500000  0.324324  
SIGNAL              0.985981         0.990610  0.988290  
chloroplast         0.863014         0.900000  0.881119  
Thylakoid           1.000000         0.428571  0.600000  
===================Test protein results constrain: True========================

 optimized cutoffs: 

             Nucleus   ER  Peroxisome  Mitochondrion  Nucleus_export  SIGNAL  \
cutoffs_pro      0.7  0.1         0.5            0.2             0.8     0.2   
cutoffs_aa       0.2  0.1         0.1            0.1             0.1     0.1   

             chloroplast  Thylakoid  
cutoffs_pro          0.1        0.4  
cutoffs_aa           0.1        0.1  
===========================================

 Jaccard Index (protein): 

                       0
Nucleus         0.646637
ER              0.963118
Peroxisome      0.377552
Mitochondrion   0.795559
Nucleus_export  0.148949
SIGNAL          0.952303
chloroplast     0.662532
Thylakoid       0.744885
===========================================

 cs acc: 

                       0
Nucleus         0.045872
ER              0.000000
Peroxisome      0.833333
Mitochondrion   0.439189
Nucleus_export  0.000000
SIGNAL          0.892575
chloroplast     0.333333
Thylakoid       0.555556
===========================================

 Class prediction performance: 

                roc_auc_score  average_precision_score  matthews_corrcoef  \
Nucleus              0.989846                 0.936550           0.859331   
ER                   0.998692                 0.949027           0.921299   
Peroxisome           0.992116                 0.570485           0.372543   
Mitochondrion        0.979899                 0.978812           0.958934   
Nucleus_export       0.871550                 0.493503           0.335909   
SIGNAL               0.999328                 0.999576           0.970301   
chloroplast          0.982612                 0.946998           0.872719   
Thylakoid            0.993109                 0.379831           0.650895   

                recall_score  precision_score  f1_score  
Nucleus             0.900826         0.851562  0.875502  
ER                  1.000000         0.852941  0.920635  
Peroxisome          0.461538         0.315789  0.375000  
Mitochondrion       0.930818         1.000000  0.964169  
Nucleus_export      0.240000         0.500000  0.324324  
SIGNAL              0.985981         0.990610  0.988290  
chloroplast         0.863014         0.900000  0.881119  
Thylakoid           1.000000         0.428571  0.600000  
