use k-fold index: 0

Done Loading data

number of steps for training data: 221

number of steps for valid data: 67

number of steps for test data: 67

Done initialize tokenizer

trainable params: 39950470 || all params: 652949531 || trainable%: 6.118462163349038

Done initialize model

preparing optimizer is done

number of train steps per epoch: 221

Start training...

Fold 0 Epoch 1 train...
-------------------------------

0 loss: 0.125493  [   16/ 3543]

0 class loss: 0.026850 position_loss:0.024024

30 loss: 0.441396  [  496/ 3543]

30 class loss: 0.112301 position_loss:0.083787

60 loss: 0.088761  [  976/ 3543]

60 class loss: 0.019485 position_loss:0.016973

90 loss: 0.765117  [ 1456/ 3543]

90 class loss: 0.159699 position_loss:0.146635

120 loss: 0.619671  [ 1936/ 3543]

120 class loss: 0.122426 position_loss:0.119037

150 loss: 0.370887  [ 2416/ 3543]

150 class loss: 0.080797 position_loss:0.070946

180 loss: 0.452577  [ 2896/ 3543]

180 class loss: 0.096295 position_loss:0.086664

210 loss: 0.953611  [ 3376/ 3543]

210 class loss: 0.201151 position_loss:0.182676

Epoch 1: train loss: 0.483755

Fold 0 Epoch 1 validation...
-------------------------------

number of test steps per epoch: 67

Epoch 1: valid loss:0.290296

Epoch 1: valid_class_loss:0.059912	valid_position_loss:0.055663

Epoch 1: valid loss 0.29029628521540446 smaller than best loss inf
-------------------------------

Epoch 1: A better checkpoint is saved into /mnt/pixstor/data/yz3qt/MUTargetCLEAN0513/result_0621_lowlr/2024-06-21__16-27-40/checkpoints/best_model.pth 
-------------------------------

Epoch 1: valid position loss 0.05566278144448072 smaller than best position loss inf
-------------------------------

Epoch 1: A better checkpoint is saved into /mnt/pixstor/data/yz3qt/MUTargetCLEAN0513/result_0621_lowlr/2024-06-21__16-27-40/checkpoints/best_position_model.pth 
-------------------------------

Fold 0 Epoch 2 train...
-------------------------------

221 loss: 0.234734  [   16/ 3543]

221 class loss: 0.051980 position_loss:0.044868

251 loss: 0.071995  [  496/ 3543]

251 class loss: 0.015450 position_loss:0.013781

281 loss: 0.660164  [  976/ 3543]

281 class loss: 0.160727 position_loss:0.125604

311 loss: 0.615060  [ 1456/ 3543]

311 class loss: 0.140102 position_loss:0.117408

341 loss: 0.476956  [ 1936/ 3543]

341 class loss: 0.092598 position_loss:0.091687

371 loss: 0.415308  [ 2416/ 3543]

371 class loss: 0.091439 position_loss:0.079404

401 loss: 0.246515  [ 2896/ 3543]

401 class loss: 0.053532 position_loss:0.047162

431 loss: 0.398196  [ 3376/ 3543]

431 class loss: 0.084294 position_loss:0.076267

Epoch 2: train loss: 0.460658

Fold 0 Epoch 2 validation...
-------------------------------

number of test steps per epoch: 67

Epoch 2: valid loss:0.271959

Epoch 2: valid_class_loss:0.057580	valid_position_loss:0.052089

Epoch 2: valid loss 0.27195917032529515 smaller than best loss 0.29029628521540446
-------------------------------

Epoch 2: A better checkpoint is saved into /mnt/pixstor/data/yz3qt/MUTargetCLEAN0513/result_0621_lowlr/2024-06-21__16-27-40/checkpoints/best_model.pth 
-------------------------------

Epoch 2: valid position loss 0.05208861454719549 smaller than best position loss 0.05566278144448072
-------------------------------

Epoch 2: A better checkpoint is saved into /mnt/pixstor/data/yz3qt/MUTargetCLEAN0513/result_0621_lowlr/2024-06-21__16-27-40/checkpoints/best_position_model.pth 
-------------------------------

Fold 0 Epoch 3 train...
-------------------------------

442 loss: 0.618852  [   16/ 3543]

442 class loss: 0.135433 position_loss:0.118353

472 loss: 0.332392  [  496/ 3543]

472 class loss: 0.080076 position_loss:0.063275

502 loss: 0.520905  [  976/ 3543]

502 class loss: 0.105147 position_loss:0.099975

532 loss: 0.253375  [ 1456/ 3543]

532 class loss: 0.057767 position_loss:0.048364

562 loss: 0.571684  [ 1936/ 3543]

562 class loss: 0.136655 position_loss:0.108871

592 loss: 0.183536  [ 2416/ 3543]

592 class loss: 0.039933 position_loss:0.035110

622 loss: 0.377253  [ 2896/ 3543]

622 class loss: 0.086959 position_loss:0.071972

652 loss: 0.658980  [ 3376/ 3543]

652 class loss: 0.154062 position_loss:0.125633

Epoch 3: train loss: 0.396843

Fold 0 Epoch 3 validation...
-------------------------------

number of test steps per epoch: 67

Epoch 3: valid loss:0.215380

Epoch 3: valid_class_loss:0.049450	valid_position_loss:0.041098

Epoch 3: valid loss 0.2153799118453522 smaller than best loss 0.27195917032529515
-------------------------------

Epoch 3: A better checkpoint is saved into /mnt/pixstor/data/yz3qt/MUTargetCLEAN0513/result_0621_lowlr/2024-06-21__16-27-40/checkpoints/best_model.pth 
-------------------------------

Epoch 3: valid position loss 0.041097972657893264 smaller than best position loss 0.05208861454719549
-------------------------------

Epoch 3: A better checkpoint is saved into /mnt/pixstor/data/yz3qt/MUTargetCLEAN0513/result_0621_lowlr/2024-06-21__16-27-40/checkpoints/best_position_model.pth 
-------------------------------

Fold 0 Epoch 4 train...
-------------------------------

663 loss: 0.385245  [   16/ 3543]

663 class loss: 0.094161 position_loss:0.073283

693 loss: 0.355808  [  496/ 3543]

693 class loss: 0.076345 position_loss:0.068108

723 loss: 0.337770  [  976/ 3543]

723 class loss: 0.090364 position_loss:0.063939

753 loss: 0.507500  [ 1456/ 3543]

753 class loss: 0.140389 position_loss:0.095884

783 loss: 0.108064  [ 1936/ 3543]

783 class loss: 0.028222 position_loss:0.020484

813 loss: 0.199948  [ 2416/ 3543]

813 class loss: 0.059515 position_loss:0.037609

843 loss: 0.425261  [ 2896/ 3543]

843 class loss: 0.125255 position_loss:0.080042

873 loss: 0.276308  [ 3376/ 3543]

873 class loss: 0.087487 position_loss:0.051762

Epoch 4: train loss: 0.281597

Fold 0 Epoch 4 validation...
-------------------------------

number of test steps per epoch: 67

Epoch 4: valid loss:0.138327

Epoch 4: valid_class_loss:0.040614	valid_position_loss:0.026041

Epoch 4: valid loss 0.1383273885473623 smaller than best loss 0.2153799118453522
-------------------------------

Epoch 4: A better checkpoint is saved into /mnt/pixstor/data/yz3qt/MUTargetCLEAN0513/result_0621_lowlr/2024-06-21__16-27-40/checkpoints/best_model.pth 
-------------------------------

Epoch 4: valid position loss 0.026040921840527198 smaller than best position loss 0.041097972657893264
-------------------------------

Epoch 4: A better checkpoint is saved into /mnt/pixstor/data/yz3qt/MUTargetCLEAN0513/result_0621_lowlr/2024-06-21__16-27-40/checkpoints/best_position_model.pth 
-------------------------------

Fold 0 Epoch 5 train...
-------------------------------

884 loss: 0.321329  [   16/ 3543]

884 class loss: 0.105982 position_loss:0.060026

914 loss: 0.162649  [  496/ 3543]

914 class loss: 0.058106 position_loss:0.030205

944 loss: 0.209574  [  976/ 3543]

944 class loss: 0.070322 position_loss:0.039102

974 loss: 0.113778  [ 1456/ 3543]

974 class loss: 0.041265 position_loss:0.021105

1004 loss: 0.105302  [ 1936/ 3543]

1004 class loss: 0.050045 position_loss:0.019059

1034 loss: 0.092823  [ 2416/ 3543]

1034 class loss: 0.027114 position_loss:0.017480

1064 loss: 0.209257  [ 2896/ 3543]

1064 class loss: 0.100014 position_loss:0.037851

1094 loss: 0.083533  [ 3376/ 3543]

1094 class loss: 0.040712 position_loss:0.015078

Epoch 5: train loss: 0.174330

Fold 0 Epoch 5 validation...
-------------------------------

number of test steps per epoch: 67

Epoch 5: valid loss:0.083400

Epoch 5: valid_class_loss:0.034436	valid_position_loss:0.015303

Epoch 5: valid loss 0.08340047141686896 smaller than best loss 0.1383273885473623
-------------------------------

Epoch 5: A better checkpoint is saved into /mnt/pixstor/data/yz3qt/MUTargetCLEAN0513/result_0621_lowlr/2024-06-21__16-27-40/checkpoints/best_model.pth 
-------------------------------

Epoch 5: valid position loss 0.01530267110514806 smaller than best position loss 0.026040921840527198
-------------------------------

Epoch 5: A better checkpoint is saved into /mnt/pixstor/data/yz3qt/MUTargetCLEAN0513/result_0621_lowlr/2024-06-21__16-27-40/checkpoints/best_position_model.pth 
-------------------------------

Fold 0 Epoch 6 train...
-------------------------------

1105 loss: 0.108995  [   16/ 3543]

1105 class loss: 0.087092 position_loss:0.018315

1135 loss: 0.128649  [  496/ 3543]

1135 class loss: 0.059991 position_loss:0.023330

1165 loss: 0.038027  [  976/ 3543]

1165 class loss: 0.010593 position_loss:0.007182

1195 loss: 0.061102  [ 1456/ 3543]

1195 class loss: 0.033857 position_loss:0.010866

1225 loss: 0.082698  [ 1936/ 3543]

1225 class loss: 0.052466 position_loss:0.014441

1255 loss: 0.128302  [ 2416/ 3543]

1255 class loss: 0.087150 position_loss:0.022174

1285 loss: 0.166395  [ 2896/ 3543]

1285 class loss: 0.129460 position_loss:0.028101

1315 loss: 0.118509  [ 3376/ 3543]

1315 class loss: 0.077532 position_loss:0.020601

Epoch 6: train loss: 0.115354

Fold 0 Epoch 6 validation...
-------------------------------

number of test steps per epoch: 67

Epoch 6: valid loss:0.071289

Epoch 6: valid_class_loss:0.033030	valid_position_loss:0.012937

Epoch 6: valid loss 0.07128908743193185 smaller than best loss 0.08340047141686896
-------------------------------

Epoch 6: A better checkpoint is saved into /mnt/pixstor/data/yz3qt/MUTargetCLEAN0513/result_0621_lowlr/2024-06-21__16-27-40/checkpoints/best_model.pth 
-------------------------------

Epoch 6: valid position loss 0.012936607242324438 smaller than best position loss 0.01530267110514806
-------------------------------

Epoch 6: A better checkpoint is saved into /mnt/pixstor/data/yz3qt/MUTargetCLEAN0513/result_0621_lowlr/2024-06-21__16-27-40/checkpoints/best_position_model.pth 
-------------------------------

Fold 0 Epoch 7 train...
-------------------------------

1326 loss: 0.162751  [   16/ 3543]

1326 class loss: 0.113584 position_loss:0.028007

1356 loss: 0.137532  [  496/ 3543]

1356 class loss: 0.073379 position_loss:0.024571

1386 loss: 0.057034  [  976/ 3543]

1386 class loss: 0.043660 position_loss:0.009660

1416 loss: 0.088712  [ 1456/ 3543]

1416 class loss: 0.084253 position_loss:0.014372

1446 loss: 0.061196  [ 1936/ 3543]

1446 class loss: 0.047108 position_loss:0.010355

1476 loss: 0.037001  [ 2416/ 3543]

1476 class loss: 0.028599 position_loss:0.006256

1506 loss: 0.047800  [ 2896/ 3543]

1506 class loss: 0.039075 position_loss:0.007997

1536 loss: 0.081499  [ 3376/ 3543]

1536 class loss: 0.034656 position_loss:0.014913

Epoch 7: train loss: 0.095590

Fold 0 Epoch 7 validation...
-------------------------------

number of test steps per epoch: 67

Epoch 7: valid loss:0.062078

Epoch 7: valid_class_loss:0.031366	valid_position_loss:0.011161

Epoch 7: valid loss 0.06207845062416287 smaller than best loss 0.07128908743193185
-------------------------------

Epoch 7: A better checkpoint is saved into /mnt/pixstor/data/yz3qt/MUTargetCLEAN0513/result_0621_lowlr/2024-06-21__16-27-40/checkpoints/best_model.pth 
-------------------------------

Epoch 7: valid position loss 0.011161059953775254 smaller than best position loss 0.012936607242324438
-------------------------------

Epoch 7: A better checkpoint is saved into /mnt/pixstor/data/yz3qt/MUTargetCLEAN0513/result_0621_lowlr/2024-06-21__16-27-40/checkpoints/best_position_model.pth 
-------------------------------

Fold 0 Epoch 8 train...
-------------------------------

1547 loss: 0.082109  [   16/ 3543]

1547 class loss: 0.050537 position_loss:0.014400

1577 loss: 0.071723  [  496/ 3543]

1577 class loss: 0.022839 position_loss:0.013431

1607 loss: 0.123534  [  976/ 3543]

1607 class loss: 0.057234 position_loss:0.022417

1637 loss: 0.123158  [ 1456/ 3543]

1637 class loss: 0.070161 position_loss:0.021825

1667 loss: 0.183985  [ 1936/ 3543]

1667 class loss: 0.126551 position_loss:0.031735

1697 loss: 0.114410  [ 2416/ 3543]

1697 class loss: 0.069064 position_loss:0.020119

1727 loss: 0.093885  [ 2896/ 3543]

1727 class loss: 0.071052 position_loss:0.015935

1757 loss: 0.130757  [ 3376/ 3543]

1757 class loss: 0.082841 position_loss:0.022838

Epoch 8: train loss: 0.085547

Fold 0 Epoch 8 validation...
-------------------------------

number of test steps per epoch: 67

Epoch 8: valid loss:0.056143

Epoch 8: valid_class_loss:0.031034	valid_position_loss:0.009987

Epoch 8: valid loss 0.05614268788185745 smaller than best loss 0.06207845062416287
-------------------------------

Epoch 8: A better checkpoint is saved into /mnt/pixstor/data/yz3qt/MUTargetCLEAN0513/result_0621_lowlr/2024-06-21__16-27-40/checkpoints/best_model.pth 
-------------------------------

Epoch 8: valid position loss 0.009987193792080601 smaller than best position loss 0.011161059953775254
-------------------------------

Epoch 8: A better checkpoint is saved into /mnt/pixstor/data/yz3qt/MUTargetCLEAN0513/result_0621_lowlr/2024-06-21__16-27-40/checkpoints/best_position_model.pth 
-------------------------------

Fold 0 Epoch 9 train...
-------------------------------

1768 loss: 0.082339  [   16/ 3543]

1768 class loss: 0.079115 position_loss:0.013303

1798 loss: 0.050425  [  496/ 3543]

1798 class loss: 0.021321 position_loss:0.009232

1828 loss: 0.170047  [  976/ 3543]

1828 class loss: 0.145470 position_loss:0.028191

1858 loss: 0.075209  [ 1456/ 3543]

1858 class loss: 0.082922 position_loss:0.011725

1888 loss: 0.098286  [ 1936/ 3543]

1888 class loss: 0.070398 position_loss:0.016841

1918 loss: 0.093939  [ 2416/ 3543]

1918 class loss: 0.083092 position_loss:0.015464

1948 loss: 0.076729  [ 2896/ 3543]

1948 class loss: 0.081037 position_loss:0.012104

1978 loss: 0.078890  [ 3376/ 3543]

1978 class loss: 0.028170 position_loss:0.014651

Epoch 9: train loss: 0.077548

Fold 0 Epoch 9 validation...
-------------------------------

number of test steps per epoch: 67

Epoch 9: valid loss:0.049880

Epoch 9: valid_class_loss:0.030007	valid_position_loss:0.008776

Epoch 9: valid loss 0.04988037899272555 smaller than best loss 0.05614268788185745
-------------------------------

Epoch 9: A better checkpoint is saved into /mnt/pixstor/data/yz3qt/MUTargetCLEAN0513/result_0621_lowlr/2024-06-21__16-27-40/checkpoints/best_model.pth 
-------------------------------

Epoch 9: valid position loss 0.008775814505624237 smaller than best position loss 0.009987193792080601
-------------------------------

Epoch 9: A better checkpoint is saved into /mnt/pixstor/data/yz3qt/MUTargetCLEAN0513/result_0621_lowlr/2024-06-21__16-27-40/checkpoints/best_position_model.pth 
-------------------------------

Fold 0 Epoch 10 train...
-------------------------------

1989 loss: 0.030459  [   16/ 3543]

1989 class loss: 0.029350 position_loss:0.004918

2019 loss: 0.060151  [  496/ 3543]

2019 class loss: 0.049733 position_loss:0.010041

2049 loss: 0.134217  [  976/ 3543]

2049 class loss: 0.044621 position_loss:0.025059

2079 loss: 0.020762  [ 1456/ 3543]

2079 class loss: 0.024139 position_loss:0.003187

2109 loss: 0.063448  [ 1936/ 3543]

2109 class loss: 0.067421 position_loss:0.009993

2139 loss: 0.060275  [ 2416/ 3543]

2139 class loss: 0.046087 position_loss:0.010212

2169 loss: 0.079604  [ 2896/ 3543]

2169 class loss: 0.051816 position_loss:0.013848

2199 loss: 0.069652  [ 3376/ 3543]

2199 class loss: 0.043257 position_loss:0.012200

Epoch 10: train loss: 0.069613

Fold 0 Epoch 10 validation...
-------------------------------

number of test steps per epoch: 67

Epoch 10: valid loss:0.042576

Epoch 10: valid_class_loss:0.028197	valid_position_loss:0.007387

Epoch 10: valid loss 0.042576287382861504 smaller than best loss 0.04988037899272555
-------------------------------

Epoch 10: A better checkpoint is saved into /mnt/pixstor/data/yz3qt/MUTargetCLEAN0513/result_0621_lowlr/2024-06-21__16-27-40/checkpoints/best_model.pth 
-------------------------------

Epoch 10: valid position loss 0.007387364364169652 smaller than best position loss 0.008775814505624237
-------------------------------

Epoch 10: A better checkpoint is saved into /mnt/pixstor/data/yz3qt/MUTargetCLEAN0513/result_0621_lowlr/2024-06-21__16-27-40/checkpoints/best_position_model.pth 
-------------------------------

Fold 0 Epoch 11 train...
-------------------------------

2210 loss: 0.056714  [   16/ 3543]

2210 class loss: 0.028231 position_loss:0.010214

2240 loss: 0.071282  [  496/ 3543]

2240 class loss: 0.034318 position_loss:0.012884

2270 loss: 0.045976  [  976/ 3543]

2270 class loss: 0.056555 position_loss:0.006933

2300 loss: 0.026634  [ 1456/ 3543]

2300 class loss: 0.024551 position_loss:0.004345

2330 loss: 0.091084  [ 1936/ 3543]

2330 class loss: 0.080421 position_loss:0.015000

2360 loss: 0.075498  [ 2416/ 3543]

2360 class loss: 0.031436 position_loss:0.013842

2390 loss: 0.092776  [ 2896/ 3543]

2390 class loss: 0.089665 position_loss:0.014969

2420 loss: 0.038463  [ 3376/ 3543]

2420 class loss: 0.044762 position_loss:0.005902

Epoch 11: train loss: 0.059361

Fold 0 Epoch 11 validation...
-------------------------------

number of test steps per epoch: 67

Epoch 11: valid loss:0.040343

Epoch 11: valid_class_loss:0.029092	valid_position_loss:0.006905

Epoch 11: valid loss 0.040342916678058595 smaller than best loss 0.042576287382861504
-------------------------------

Epoch 11: A better checkpoint is saved into /mnt/pixstor/data/yz3qt/MUTargetCLEAN0513/result_0621_lowlr/2024-06-21__16-27-40/checkpoints/best_model.pth 
-------------------------------

Epoch 11: valid position loss 0.006904894185769975 smaller than best position loss 0.007387364364169652
-------------------------------

Epoch 11: A better checkpoint is saved into /mnt/pixstor/data/yz3qt/MUTargetCLEAN0513/result_0621_lowlr/2024-06-21__16-27-40/checkpoints/best_position_model.pth 
-------------------------------

Fold 0 Epoch 12 train...
-------------------------------

2431 loss: 0.019002  [   16/ 3543]

2431 class loss: 0.015890 position_loss:0.003165

2461 loss: 0.009784  [  496/ 3543]

2461 class loss: 0.013299 position_loss:0.001425

2491 loss: 0.021342  [  976/ 3543]

2491 class loss: 0.018313 position_loss:0.003536

2521 loss: 0.068708  [ 1456/ 3543]

2521 class loss: 0.087162 position_loss:0.010255

2551 loss: 0.013396  [ 1936/ 3543]

2551 class loss: 0.014674 position_loss:0.002092

2581 loss: 0.036018  [ 2416/ 3543]

2581 class loss: 0.044238 position_loss:0.005434

2611 loss: 0.038202  [ 2896/ 3543]

2611 class loss: 0.029263 position_loss:0.006470

2641 loss: 0.036259  [ 3376/ 3543]

2641 class loss: 0.051160 position_loss:0.005205

Epoch 12: train loss: 0.050788

Fold 0 Epoch 12 validation...
-------------------------------

number of test steps per epoch: 67

Epoch 12: valid loss:0.037955

Epoch 12: valid_class_loss:0.030174	valid_position_loss:0.006384

Epoch 12: valid loss 0.0379550631409744 smaller than best loss 0.040342916678058595
-------------------------------

Epoch 12: A better checkpoint is saved into /mnt/pixstor/data/yz3qt/MUTargetCLEAN0513/result_0621_lowlr/2024-06-21__16-27-40/checkpoints/best_model.pth 
-------------------------------

Epoch 12: valid position loss 0.00638406973647343 smaller than best position loss 0.006904894185769975
-------------------------------

Epoch 12: A better checkpoint is saved into /mnt/pixstor/data/yz3qt/MUTargetCLEAN0513/result_0621_lowlr/2024-06-21__16-27-40/checkpoints/best_position_model.pth 
-------------------------------

Fold 0 Epoch 13 train...
-------------------------------

2652 loss: 0.050862  [   16/ 3543]

2652 class loss: 0.035120 position_loss:0.008768

2682 loss: 0.081686  [  496/ 3543]

2682 class loss: 0.092758 position_loss:0.012627

2712 loss: 0.011772  [  976/ 3543]

2712 class loss: 0.011386 position_loss:0.001899

2742 loss: 0.051189  [ 1456/ 3543]

2742 class loss: 0.057120 position_loss:0.007953

2772 loss: 0.021158  [ 1936/ 3543]

2772 class loss: 0.028712 position_loss:0.003083

2802 loss: 0.044990  [ 2416/ 3543]

2802 class loss: 0.021091 position_loss:0.008154

2832 loss: 0.028685  [ 2896/ 3543]

2832 class loss: 0.040484 position_loss:0.004118

2862 loss: 0.019505  [ 3376/ 3543]

2862 class loss: 0.033781 position_loss:0.002550

Epoch 13: train loss: 0.044328

Fold 0 Epoch 13 validation...
-------------------------------

number of test steps per epoch: 67

Epoch 13: valid loss:0.034387

Epoch 13: valid_class_loss:0.029501	valid_position_loss:0.005697

Epoch 13: valid loss 0.03438748553738675 smaller than best loss 0.0379550631409744
-------------------------------

Epoch 13: A better checkpoint is saved into /mnt/pixstor/data/yz3qt/MUTargetCLEAN0513/result_0621_lowlr/2024-06-21__16-27-40/checkpoints/best_model.pth 
-------------------------------

Epoch 13: valid position loss 0.005697441259686331 smaller than best position loss 0.00638406973647343
-------------------------------

Epoch 13: A better checkpoint is saved into /mnt/pixstor/data/yz3qt/MUTargetCLEAN0513/result_0621_lowlr/2024-06-21__16-27-40/checkpoints/best_position_model.pth 
-------------------------------

Fold 0 Epoch 14 train...
-------------------------------

2873 loss: 0.055893  [   16/ 3543]

2873 class loss: 0.083680 position_loss:0.007831

2903 loss: 0.043457  [  496/ 3543]

2903 class loss: 0.054866 position_loss:0.006497

2933 loss: 0.025751  [  976/ 3543]

2933 class loss: 0.040278 position_loss:0.003539

2963 loss: 0.056280  [ 1456/ 3543]

2963 class loss: 0.077699 position_loss:0.008148

2993 loss: 0.045692  [ 1936/ 3543]

2993 class loss: 0.063369 position_loss:0.006604

3023 loss: 0.021150  [ 2416/ 3543]

3023 class loss: 0.029613 position_loss:0.003045

3053 loss: 0.035643  [ 2896/ 3543]

3053 class loss: 0.034905 position_loss:0.005732

3083 loss: 0.024465  [ 3376/ 3543]

3083 class loss: 0.025830 position_loss:0.003860

Epoch 14: train loss: 0.039977

Fold 0 Epoch 14 validation...
-------------------------------

number of test steps per epoch: 67

Epoch 14: valid loss:0.031273

Epoch 14: valid_class_loss:0.028258	valid_position_loss:0.005124

Epoch 14: valid loss 0.03127283938025527 smaller than best loss 0.03438748553738675
-------------------------------

Epoch 14: A better checkpoint is saved into /mnt/pixstor/data/yz3qt/MUTargetCLEAN0513/result_0621_lowlr/2024-06-21__16-27-40/checkpoints/best_model.pth 
-------------------------------

Epoch 14: valid position loss 0.005124239387036852 smaller than best position loss 0.005697441259686331
-------------------------------

Epoch 14: A better checkpoint is saved into /mnt/pixstor/data/yz3qt/MUTargetCLEAN0513/result_0621_lowlr/2024-06-21__16-27-40/checkpoints/best_position_model.pth 
-------------------------------

Fold 0 Epoch 15 train...
-------------------------------

3094 loss: 0.085379  [   16/ 3543]

3094 class loss: 0.095219 position_loss:0.013267

3124 loss: 0.054403  [  496/ 3543]

3124 class loss: 0.045030 position_loss:0.009079

3154 loss: 0.028319  [  976/ 3543]

3154 class loss: 0.031769 position_loss:0.004393

3184 loss: 0.030103  [ 1456/ 3543]

3184 class loss: 0.042159 position_loss:0.004334

3214 loss: 0.007053  [ 1936/ 3543]

3214 class loss: 0.010610 position_loss:0.000986

3244 loss: 0.037241  [ 2416/ 3543]

3244 class loss: 0.025499 position_loss:0.006428

3274 loss: 0.058906  [ 2896/ 3543]

3274 class loss: 0.021447 position_loss:0.010923

3304 loss: 0.028393  [ 3376/ 3543]

3304 class loss: 0.033427 position_loss:0.004341

Epoch 15: train loss: 0.035996

Fold 0 Epoch 15 validation...
-------------------------------

number of test steps per epoch: 67

Epoch 15: valid loss:0.028790

Epoch 15: valid_class_loss:0.027930	valid_position_loss:0.004641

Epoch 15: valid loss 0.02878973295417147 smaller than best loss 0.03127283938025527
-------------------------------

Epoch 15: A better checkpoint is saved into /mnt/pixstor/data/yz3qt/MUTargetCLEAN0513/result_0621_lowlr/2024-06-21__16-27-40/checkpoints/best_model.pth 
-------------------------------

Epoch 15: valid position loss 0.0046407321660420775 smaller than best position loss 0.005124239387036852
-------------------------------

Epoch 15: A better checkpoint is saved into /mnt/pixstor/data/yz3qt/MUTargetCLEAN0513/result_0621_lowlr/2024-06-21__16-27-40/checkpoints/best_position_model.pth 
-------------------------------

Fold 0 Epoch 16 train...
-------------------------------

3315 loss: 0.045543  [   16/ 3543]

3315 class loss: 0.057158 position_loss:0.006822

3345 loss: 0.028868  [  496/ 3543]

3345 class loss: 0.046362 position_loss:0.003919

3375 loss: 0.021198  [  976/ 3543]

3375 class loss: 0.029581 position_loss:0.003056

3405 loss: 0.030510  [ 1456/ 3543]

3405 class loss: 0.036998 position_loss:0.004622

3435 loss: 0.022079  [ 1936/ 3543]

3435 class loss: 0.032474 position_loss:0.003117

3465 loss: 0.006450  [ 2416/ 3543]

3465 class loss: 0.011459 position_loss:0.000832

3495 loss: 0.018669  [ 2896/ 3543]

3495 class loss: 0.032019 position_loss:0.002453

3525 loss: 0.030325  [ 3376/ 3543]

3525 class loss: 0.033484 position_loss:0.004726

Epoch 16: train loss: 0.033111

Fold 0 Epoch 16 validation...
-------------------------------

number of test steps per epoch: 67

Epoch 16: valid loss:0.027337

Epoch 16: valid_class_loss:0.027024	valid_position_loss:0.004386

Epoch 16: valid loss 0.027336848119560723 smaller than best loss 0.02878973295417147
-------------------------------

Epoch 16: A better checkpoint is saved into /mnt/pixstor/data/yz3qt/MUTargetCLEAN0513/result_0621_lowlr/2024-06-21__16-27-40/checkpoints/best_model.pth 
-------------------------------

Epoch 16: valid position loss 0.004386417189583456 smaller than best position loss 0.0046407321660420775
-------------------------------

Epoch 16: A better checkpoint is saved into /mnt/pixstor/data/yz3qt/MUTargetCLEAN0513/result_0621_lowlr/2024-06-21__16-27-40/checkpoints/best_position_model.pth 
-------------------------------

Fold 0 Epoch 17 train...
-------------------------------

3536 loss: 0.045850  [   16/ 3543]

3536 class loss: 0.056403 position_loss:0.006914

3566 loss: 0.063824  [  496/ 3543]

3566 class loss: 0.081994 position_loss:0.009485

3596 loss: 0.053128  [  976/ 3543]

3596 class loss: 0.036412 position_loss:0.009169

3626 loss: 0.054638  [ 1456/ 3543]

3626 class loss: 0.067096 position_loss:0.008244

3656 loss: 0.023294  [ 1936/ 3543]

3656 class loss: 0.043829 position_loss:0.002906

3686 loss: 0.021055  [ 2416/ 3543]

3686 class loss: 0.037517 position_loss:0.002710

3716 loss: 0.043675  [ 2896/ 3543]

3716 class loss: 0.048020 position_loss:0.006814

3746 loss: 0.006650  [ 3376/ 3543]

3746 class loss: 0.011561 position_loss:0.000868

Epoch 17: train loss: 0.030578

Fold 0 Epoch 17 validation...
-------------------------------

number of test steps per epoch: 67

Epoch 17: valid loss:0.025120

Epoch 17: valid_class_loss:0.025254	valid_position_loss:0.004014

Epoch 17: valid loss 0.0251199826096689 smaller than best loss 0.027336848119560723
-------------------------------

Epoch 17: A better checkpoint is saved into /mnt/pixstor/data/yz3qt/MUTargetCLEAN0513/result_0621_lowlr/2024-06-21__16-27-40/checkpoints/best_model.pth 
-------------------------------

Epoch 17: valid position loss 0.004013826387906491 smaller than best position loss 0.004386417189583456
-------------------------------

Epoch 17: A better checkpoint is saved into /mnt/pixstor/data/yz3qt/MUTargetCLEAN0513/result_0621_lowlr/2024-06-21__16-27-40/checkpoints/best_position_model.pth 
-------------------------------

Fold 0 Epoch 18 train...
-------------------------------

3757 loss: 0.017792  [   16/ 3543]

3757 class loss: 0.029079 position_loss:0.002395

3787 loss: 0.030636  [  496/ 3543]

3787 class loss: 0.047615 position_loss:0.004223

3817 loss: 0.036913  [  976/ 3543]

3817 class loss: 0.035952 position_loss:0.005944

3847 loss: 0.018258  [ 1456/ 3543]

3847 class loss: 0.027935 position_loss:0.002534

3877 loss: 0.016117  [ 1936/ 3543]

3877 class loss: 0.008830 position_loss:0.002870

3907 loss: 0.021088  [ 2416/ 3543]

3907 class loss: 0.034047 position_loss:0.002856

3937 loss: 0.028262  [ 2896/ 3543]

3937 class loss: 0.027104 position_loss:0.004568

3967 loss: 0.043707  [ 3376/ 3543]

3967 class loss: 0.047311 position_loss:0.006849

Epoch 18: train loss: 0.028661

Fold 0 Epoch 18 validation...
-------------------------------

number of test steps per epoch: 67

Epoch 18: valid loss:0.023508

Epoch 18: valid_class_loss:0.024394	valid_position_loss:0.003726

Epoch 18: valid loss 0.02350838764620437 smaller than best loss 0.0251199826096689
-------------------------------

Epoch 18: A better checkpoint is saved into /mnt/pixstor/data/yz3qt/MUTargetCLEAN0513/result_0621_lowlr/2024-06-21__16-27-40/checkpoints/best_model.pth 
-------------------------------

Epoch 18: valid position loss 0.0037259041696427763 smaller than best position loss 0.004013826387906491
-------------------------------

Epoch 18: A better checkpoint is saved into /mnt/pixstor/data/yz3qt/MUTargetCLEAN0513/result_0621_lowlr/2024-06-21__16-27-40/checkpoints/best_position_model.pth 
-------------------------------

Loading checkpoint from /mnt/pixstor/data/yz3qt/MUTargetCLEAN0513/result_0621_lowlr/2024-06-21__16-27-40/checkpoints/best_model.pth

Fold 0 test
-------------------------------

===================Evaluate protein results========================

 optimized cutoffs: 

             Nucleus   ER  Peroxisome  Mitochondrion  Nucleus_export  SIGNAL  \
cutoffs_pro      0.6  0.5         0.5            0.2             0.9     0.2   
cutoffs_aa       0.2  0.1         0.1            0.1             0.5     0.1   

             chloroplast  Thylakoid  
cutoffs_pro          0.4        0.7  
cutoffs_aa           0.1        0.1  
===========================================

 Jaccard Index (protein): 

                       0
Nucleus         0.726907
Nucleus_export  0.579399
===========================================

 TPR, FPR, FNR: 

                       0         1         2
Nucleus         0.874652  0.214981  0.125348
Nucleus_export  0.689522  0.147055  0.310478
===========================================

 cs acc: 

                      0
ER             0.866667
Peroxisome     0.230769
Mitochondrion  0.375000
SIGNAL         0.855607
chloroplast    0.486842
Thylakoid      0.800000
===========================================

 Class prediction performance: 

                roc_auc_score  average_precision_score  matthews_corrcoef  \
Nucleus              0.988461                 0.903559           0.844789   
ER                   0.907307                 0.612928           0.743803   
Peroxisome           0.498238                 0.127198           0.275776   
Mitochondrion        0.739921                 0.501321           0.470933   
Nucleus_export       0.959807                 0.407178           0.398945   
SIGNAL               0.881499                 0.931733           0.628847   
chloroplast          0.828694                 0.556163           0.557067   
Thylakoid            0.945195                 0.434867           0.432471   

                recall_score  precision_score  f1_score  
Nucleus             0.929688         0.804054  0.862319  
ER                  0.800000         0.705882  0.750000  
Peroxisome          0.076923         1.000000  0.142857  
Mitochondrion       0.362500         0.753247  0.489451  
Nucleus_export      0.520000         0.333333  0.406250  
SIGNAL              0.769585         0.907609  0.832918  
chloroplast         0.486842         0.698113  0.573643  
Thylakoid           0.500000         0.384615  0.434783  
===================Test protein results constrain: False========================

 optimized cutoffs: 

             Nucleus   ER  Peroxisome  Mitochondrion  Nucleus_export  SIGNAL  \
cutoffs_pro      0.6  0.5         0.5            0.2             0.9     0.2   
cutoffs_aa       0.2  0.1         0.1            0.1             0.5     0.1   

             chloroplast  Thylakoid  
cutoffs_pro          0.4        0.7  
cutoffs_aa           0.1        0.1  
===========================================

 Jaccard Index (protein): 

                       0
Nucleus         0.545947
Nucleus_export  0.280816
===========================================

 TPR, FPR, FNR: 

                       0         1         2
Nucleus         0.663534  0.240710  0.336466
Nucleus_export  0.347500  0.146132  0.652500
===========================================

 cs acc: 

                      0
ER             0.965517
Peroxisome     0.461538
Mitochondrion  0.245283
SIGNAL         0.883178
chloroplast    0.424658
Thylakoid      0.777778
===========================================

 Class prediction performance: 

                roc_auc_score  average_precision_score  matthews_corrcoef  \
Nucleus              0.979763                 0.871810           0.834411   
ER                   0.984335                 0.878160           0.784335   
Peroxisome           0.445844                 0.244752           0.390182   
Mitochondrion        0.711308                 0.451666           0.326933   
Nucleus_export       0.944419                 0.274702           0.294974   
SIGNAL               0.872364                 0.921168           0.597760   
chloroplast          0.907075                 0.599925           0.604190   
Thylakoid            0.994487                 0.503367           0.561119   

                recall_score  precision_score  f1_score  
Nucleus             0.909091         0.802920  0.852713  
ER                  0.655172         0.950000  0.775510  
Peroxisome          0.153846         1.000000  0.266667  
Mitochondrion       0.270440         0.573333  0.367521  
Nucleus_export      0.440000         0.229167  0.301370  
SIGNAL              0.744548         0.896811  0.813617  
chloroplast         0.534247         0.735849  0.619048  
Thylakoid           0.777778         0.411765  0.538462  
===================Test protein results constrain: True========================

 optimized cutoffs: 

             Nucleus   ER  Peroxisome  Mitochondrion  Nucleus_export  SIGNAL  \
cutoffs_pro      0.6  0.5         0.5            0.2             0.9     0.2   
cutoffs_aa       0.2  0.1         0.1            0.1             0.5     0.1   

             chloroplast  Thylakoid  
cutoffs_pro          0.4        0.7  
cutoffs_aa           0.1        0.1  
===========================================

 Jaccard Index (protein): 

                       0
Nucleus         0.520873
Nucleus_export  0.280816
===========================================

 TPR, FPR, FNR: 

                       0         1         2
Nucleus         0.635642  0.234690  0.273449
Nucleus_export  0.347500  0.108196  0.092500
===========================================

 cs acc: 

                      0
ER             0.947368
Peroxisome     1.000000
Mitochondrion  0.279070
SIGNAL         0.905858
chloroplast    0.410256
Thylakoid      0.714286
===========================================

 Class prediction performance: 

                roc_auc_score  average_precision_score  matthews_corrcoef  \
Nucleus              0.979763                 0.871810           0.834411   
ER                   0.984335                 0.878160           0.784335   
Peroxisome           0.445844                 0.244752           0.390182   
Mitochondrion        0.711308                 0.451666           0.326933   
Nucleus_export       0.944419                 0.274702           0.294974   
SIGNAL               0.872364                 0.921168           0.597760   
chloroplast          0.907075                 0.599925           0.604190   
Thylakoid            0.994487                 0.503367           0.561119   

                recall_score  precision_score  f1_score  
Nucleus             0.909091         0.802920  0.852713  
ER                  0.655172         0.950000  0.775510  
Peroxisome          0.153846         1.000000  0.266667  
Mitochondrion       0.270440         0.573333  0.367521  
Nucleus_export      0.440000         0.229167  0.301370  
SIGNAL              0.744548         0.896811  0.813617  
chloroplast         0.534247         0.735849  0.619048  
Thylakoid           0.777778         0.411765  0.538462  




Comparable Test Data
-------------------------------

===================Test protein results constrain: False========================

 optimized cutoffs: 

             Nucleus   ER  Peroxisome  Mitochondrion  Nucleus_export  SIGNAL  \
cutoffs_pro      0.6  0.5         0.5            0.2             0.9     0.2   
cutoffs_aa       0.2  0.1         0.1            0.1             0.5     0.1   

             chloroplast  Thylakoid  
cutoffs_pro          0.4        0.7  
cutoffs_aa           0.1        0.1  
===========================================

 Jaccard Index (protein): 

                       0
Nucleus         0.788890
Nucleus_export  0.272558
===========================================

 TPR, FPR, FNR: 

                   0         1     2
Nucleus         1.00  0.269099  0.00
Nucleus_export  0.34  0.243317  0.66
===========================================

 cs acc: 

                0
ER            NaN
Peroxisome    NaN
Mitochondrion NaN
SIGNAL        NaN
chloroplast   NaN
Thylakoid     NaN
===========================================

 Class prediction performance: 

                roc_auc_score  average_precision_score  matthews_corrcoef  \
Nucleus              0.666667                     0.75                0.0   
ER                        NaN                    -0.00                0.0   
Peroxisome                NaN                    -0.00                0.0   
Mitochondrion             NaN                    -0.00                0.0   
Nucleus_export            NaN                     1.00                0.0   
SIGNAL                    NaN                    -0.00                0.0   
chloroplast               NaN                    -0.00                0.0   
Thylakoid                 NaN                    -0.00                0.0   

                recall_score  precision_score  f1_score  
Nucleus                  1.0              0.4  0.571429  
ER                       0.0              0.0  0.000000  
Peroxisome               0.0              0.0  0.000000  
Mitochondrion            0.0              0.0  0.000000  
Nucleus_export           0.6              1.0  0.750000  
SIGNAL                   0.0              0.0  0.000000  
chloroplast              0.0              0.0  0.000000  
Thylakoid                0.0              0.0  0.000000  
===================Test protein results constrain: True========================

 optimized cutoffs: 

             Nucleus   ER  Peroxisome  Mitochondrion  Nucleus_export  SIGNAL  \
cutoffs_pro      0.6  0.5         0.5            0.2             0.9     0.2   
cutoffs_aa       0.2  0.1         0.1            0.1             0.5     0.1   

             chloroplast  Thylakoid  
cutoffs_pro          0.4        0.7  
cutoffs_aa           0.1        0.1  
===========================================

 Jaccard Index (protein): 

                       0
Nucleus         0.788890
Nucleus_export  0.272558
===========================================

 TPR, FPR, FNR: 

                   0         1     2
Nucleus         1.00  0.269099  0.00
Nucleus_export  0.34  0.176455  0.26
===========================================

 cs acc: 

                0
ER            NaN
Peroxisome    NaN
Mitochondrion NaN
SIGNAL        NaN
chloroplast   NaN
Thylakoid     NaN
===========================================

 Class prediction performance: 

                roc_auc_score  average_precision_score  matthews_corrcoef  \
Nucleus              0.666667                     0.75                0.0   
ER                        NaN                    -0.00                0.0   
Peroxisome                NaN                    -0.00                0.0   
Mitochondrion             NaN                    -0.00                0.0   
Nucleus_export            NaN                     1.00                0.0   
SIGNAL                    NaN                    -0.00                0.0   
chloroplast               NaN                    -0.00                0.0   
Thylakoid                 NaN                    -0.00                0.0   

                recall_score  precision_score  f1_score  
Nucleus                  1.0              0.4  0.571429  
ER                       0.0              0.0  0.000000  
Peroxisome               0.0              0.0  0.000000  
Mitochondrion            0.0              0.0  0.000000  
Nucleus_export           0.6              1.0  0.750000  
SIGNAL                   0.0              0.0  0.000000  
chloroplast              0.0              0.0  0.000000  
Thylakoid                0.0              0.0  0.000000  
