use k-fold index: 0

Done Loading data

number of steps for training data: 221

number of steps for valid data: 67

number of steps for test data: 67

Done initialize tokenizer

trainable params: 40128654 || all params: 653127715 || trainable%: 6.144074593435374

Done initialize model

preparing optimizer is done

number of train steps per epoch: 221

Start training...

Fold 0 Epoch 1 train...
-------------------------------

0 loss: 1.447300  [   16/ 3543]

0 class loss: 0.694333 position_loss:0.752967

30 loss: 1.392100  [  496/ 3543]

30 class loss: 0.678299 position_loss:0.713801

60 loss: 1.293268  [  976/ 3543]

60 class loss: 0.637471 position_loss:0.655796

90 loss: 1.103801  [ 1456/ 3543]

90 class loss: 0.551621 position_loss:0.552180

120 loss: 0.853784  [ 1936/ 3543]

120 class loss: 0.453239 position_loss:0.400545

150 loss: 0.637349  [ 2416/ 3543]

150 class loss: 0.377125 position_loss:0.260224

180 loss: 0.489323  [ 2896/ 3543]

180 class loss: 0.314231 position_loss:0.175093

210 loss: 0.419595  [ 3376/ 3543]

210 class loss: 0.286557 position_loss:0.133037

Epoch 1: train loss: 0.939992

Fold 0 Epoch 1 validation...
-------------------------------

number of test steps per epoch: 67

Epoch 1: valid loss:0.170281

Epoch 1: valid_class_loss:0.032979	valid_position_loss:0.137302

Epoch 1: valid loss 0.17028142997273515 smaller than best loss inf
-------------------------------

Epoch 1: A better checkpoint is saved into /mnt/pixstor/data/yz3qt/MUTargetCLEAN0513/result_nosupcon/0530_new/2024-05-31__10-26-45/checkpoints/best_model.pth 
-------------------------------

Fold 0 Epoch 2 train...
-------------------------------

221 loss: 0.457323  [   16/ 3543]

221 class loss: 0.307021 position_loss:0.150302

251 loss: 0.375061  [  496/ 3543]

251 class loss: 0.289537 position_loss:0.085524

281 loss: 0.438620  [  976/ 3543]

281 class loss: 0.335570 position_loss:0.103049

311 loss: 0.400873  [ 1456/ 3543]

311 class loss: 0.285762 position_loss:0.115111

341 loss: 0.285658  [ 1936/ 3543]

341 class loss: 0.224006 position_loss:0.061653

371 loss: 0.327525  [ 2416/ 3543]

371 class loss: 0.260277 position_loss:0.067248

401 loss: 0.365017  [ 2896/ 3543]

401 class loss: 0.276787 position_loss:0.088230

431 loss: 0.227638  [ 3376/ 3543]

431 class loss: 0.189542 position_loss:0.038096

Epoch 2: train loss: 0.339144

Fold 0 Epoch 2 validation...
-------------------------------

number of test steps per epoch: 67

Epoch 2: valid loss:0.080101

Epoch 2: valid_class_loss:0.024871	valid_position_loss:0.055230

Epoch 2: valid loss 0.08010102545372945 smaller than best loss 0.17028142997273515
-------------------------------

Epoch 2: A better checkpoint is saved into /mnt/pixstor/data/yz3qt/MUTargetCLEAN0513/result_nosupcon/0530_new/2024-05-31__10-26-45/checkpoints/best_model.pth 
-------------------------------

Fold 0 Epoch 3 train...
-------------------------------

442 loss: 0.264420  [   16/ 3543]

442 class loss: 0.226594 position_loss:0.037825

472 loss: 0.171382  [  496/ 3543]

472 class loss: 0.134442 position_loss:0.036940

502 loss: 0.297769  [  976/ 3543]

502 class loss: 0.250786 position_loss:0.046983

532 loss: 0.277532  [ 1456/ 3543]

532 class loss: 0.221493 position_loss:0.056039

562 loss: 0.140993  [ 1936/ 3543]

562 class loss: 0.102365 position_loss:0.038628

592 loss: 0.137479  [ 2416/ 3543]

592 class loss: 0.104309 position_loss:0.033171

622 loss: 0.168515  [ 2896/ 3543]

622 class loss: 0.147864 position_loss:0.020651

652 loss: 0.162192  [ 3376/ 3543]

652 class loss: 0.126972 position_loss:0.035220

Epoch 3: train loss: 0.187032

Fold 0 Epoch 3 validation...
-------------------------------

number of test steps per epoch: 67

Epoch 3: valid loss:0.049001

Epoch 3: valid_class_loss:0.017445	valid_position_loss:0.031556

Epoch 3: valid loss 0.04900078736753688 smaller than best loss 0.08010102545372945
-------------------------------

Epoch 3: A better checkpoint is saved into /mnt/pixstor/data/yz3qt/MUTargetCLEAN0513/result_nosupcon/0530_new/2024-05-31__10-26-45/checkpoints/best_model.pth 
-------------------------------

Fold 0 Epoch 4 train...
-------------------------------

663 loss: 0.112978  [   16/ 3543]

663 class loss: 0.096415 position_loss:0.016563

693 loss: 0.110916  [  496/ 3543]

693 class loss: 0.081323 position_loss:0.029594

723 loss: 0.091770  [  976/ 3543]

723 class loss: 0.063002 position_loss:0.028768

753 loss: 0.106457  [ 1456/ 3543]

753 class loss: 0.088762 position_loss:0.017695

783 loss: 0.081086  [ 1936/ 3543]

783 class loss: 0.061642 position_loss:0.019444

813 loss: 0.090042  [ 2416/ 3543]

813 class loss: 0.074872 position_loss:0.015170

843 loss: 0.148813  [ 2896/ 3543]

843 class loss: 0.102480 position_loss:0.046332

873 loss: 0.071743  [ 3376/ 3543]

873 class loss: 0.058849 position_loss:0.012894

Epoch 4: train loss: 0.119200

Fold 0 Epoch 4 validation...
-------------------------------

number of test steps per epoch: 67

Epoch 4: valid loss:0.035794

Epoch 4: valid_class_loss:0.013862	valid_position_loss:0.021932

Epoch 4: valid loss 0.03579369639293705 smaller than best loss 0.04900078736753688
-------------------------------

Epoch 4: A better checkpoint is saved into /mnt/pixstor/data/yz3qt/MUTargetCLEAN0513/result_nosupcon/0530_new/2024-05-31__10-26-45/checkpoints/best_model.pth 
-------------------------------

Fold 0 Epoch 5 train...
-------------------------------

884 loss: 0.107106  [   16/ 3543]

884 class loss: 0.081288 position_loss:0.025818

914 loss: 0.095893  [  496/ 3543]

914 class loss: 0.081278 position_loss:0.014615

944 loss: 0.059864  [  976/ 3543]

944 class loss: 0.048489 position_loss:0.011375

974 loss: 0.077599  [ 1456/ 3543]

974 class loss: 0.060015 position_loss:0.017584

1004 loss: 0.060419  [ 1936/ 3543]

1004 class loss: 0.049213 position_loss:0.011206

1034 loss: 0.066472  [ 2416/ 3543]

1034 class loss: 0.056790 position_loss:0.009682

1064 loss: 0.067689  [ 2896/ 3543]

1064 class loss: 0.046392 position_loss:0.021296

1094 loss: 0.059241  [ 3376/ 3543]

1094 class loss: 0.048333 position_loss:0.010909

Epoch 5: train loss: 0.083194

Fold 0 Epoch 5 validation...
-------------------------------

number of test steps per epoch: 67

Epoch 5: valid loss:0.030571

Epoch 5: valid_class_loss:0.015136	valid_position_loss:0.015435

Epoch 5: valid loss 0.030570904685610013 smaller than best loss 0.03579369639293705
-------------------------------

Epoch 5: A better checkpoint is saved into /mnt/pixstor/data/yz3qt/MUTargetCLEAN0513/result_nosupcon/0530_new/2024-05-31__10-26-45/checkpoints/best_model.pth 
-------------------------------

Fold 0 Epoch 6 train...
-------------------------------

1105 loss: 0.137414  [   16/ 3543]

1105 class loss: 0.119315 position_loss:0.018099

1135 loss: 0.092395  [  496/ 3543]

1135 class loss: 0.074165 position_loss:0.018230

1165 loss: 0.082784  [  976/ 3543]

1165 class loss: 0.066350 position_loss:0.016433

1195 loss: 0.056947  [ 1456/ 3543]

1195 class loss: 0.040824 position_loss:0.016123

1225 loss: 0.085841  [ 1936/ 3543]

1225 class loss: 0.071539 position_loss:0.014302

1255 loss: 0.078081  [ 2416/ 3543]

1255 class loss: 0.059948 position_loss:0.018133

1285 loss: 0.044810  [ 2896/ 3543]

1285 class loss: 0.031261 position_loss:0.013550

1315 loss: 0.040343  [ 3376/ 3543]

1315 class loss: 0.029161 position_loss:0.011181

Epoch 6: train loss: 0.065366

Fold 0 Epoch 6 validation...
-------------------------------

number of test steps per epoch: 67

Epoch 6: valid loss:0.027783

Epoch 6: valid_class_loss:0.012853	valid_position_loss:0.014931

Epoch 6: valid loss 0.027783496437556534 smaller than best loss 0.030570904685610013
-------------------------------

Epoch 6: A better checkpoint is saved into /mnt/pixstor/data/yz3qt/MUTargetCLEAN0513/result_nosupcon/0530_new/2024-05-31__10-26-45/checkpoints/best_model.pth 
-------------------------------

Fold 0 Epoch 7 train...
-------------------------------

1326 loss: 0.079154  [   16/ 3543]

1326 class loss: 0.065489 position_loss:0.013665

1356 loss: 0.029666  [  496/ 3543]

1356 class loss: 0.022194 position_loss:0.007472

1386 loss: 0.032761  [  976/ 3543]

1386 class loss: 0.023917 position_loss:0.008844

1416 loss: 0.047490  [ 1456/ 3543]

1416 class loss: 0.033192 position_loss:0.014299

1446 loss: 0.063525  [ 1936/ 3543]

1446 class loss: 0.052150 position_loss:0.011376

1476 loss: 0.038215  [ 2416/ 3543]

1476 class loss: 0.030994 position_loss:0.007221

1506 loss: 0.023412  [ 2896/ 3543]

1506 class loss: 0.018745 position_loss:0.004667

1536 loss: 0.062624  [ 3376/ 3543]

1536 class loss: 0.054207 position_loss:0.008417

Epoch 7: train loss: 0.050402

Fold 0 Epoch 7 validation...
-------------------------------

number of test steps per epoch: 67

Epoch 7: valid loss:0.027612

Epoch 7: valid_class_loss:0.011905	valid_position_loss:0.015707

Epoch 7: valid loss 0.027612241781939904 smaller than best loss 0.027783496437556534
-------------------------------

Epoch 7: A better checkpoint is saved into /mnt/pixstor/data/yz3qt/MUTargetCLEAN0513/result_nosupcon/0530_new/2024-05-31__10-26-45/checkpoints/best_model.pth 
-------------------------------

Fold 0 Epoch 8 train...
-------------------------------

1547 loss: 0.036177  [   16/ 3543]

1547 class loss: 0.029438 position_loss:0.006740

1577 loss: 0.027761  [  496/ 3543]

1577 class loss: 0.017609 position_loss:0.010153

1607 loss: 0.038276  [  976/ 3543]

1607 class loss: 0.028493 position_loss:0.009784

1637 loss: 0.071323  [ 1456/ 3543]

1637 class loss: 0.058098 position_loss:0.013225

1667 loss: 0.047452  [ 1936/ 3543]

1667 class loss: 0.037383 position_loss:0.010069

1697 loss: 0.016913  [ 2416/ 3543]

1697 class loss: 0.012316 position_loss:0.004597

1727 loss: 0.046760  [ 2896/ 3543]

1727 class loss: 0.035162 position_loss:0.011598

1757 loss: 0.029105  [ 3376/ 3543]

1757 class loss: 0.020697 position_loss:0.008408

Epoch 8: train loss: 0.040941

Fold 0 Epoch 8 validation...
-------------------------------

number of test steps per epoch: 67

Epoch 8: valid loss:0.024654

Epoch 8: valid_class_loss:0.010614	valid_position_loss:0.014040

Epoch 8: valid loss 0.02465412442294696 smaller than best loss 0.027612241781939904
-------------------------------

Epoch 8: A better checkpoint is saved into /mnt/pixstor/data/yz3qt/MUTargetCLEAN0513/result_nosupcon/0530_new/2024-05-31__10-26-45/checkpoints/best_model.pth 
-------------------------------

Fold 0 Epoch 9 train...
-------------------------------

1768 loss: 0.027389  [   16/ 3543]

1768 class loss: 0.020743 position_loss:0.006646

1798 loss: 0.082423  [  496/ 3543]

1798 class loss: 0.070762 position_loss:0.011661

1828 loss: 0.019533  [  976/ 3543]

1828 class loss: 0.014556 position_loss:0.004977

1858 loss: 0.026869  [ 1456/ 3543]

1858 class loss: 0.020327 position_loss:0.006542

1888 loss: 0.024108  [ 1936/ 3543]

1888 class loss: 0.015982 position_loss:0.008126

1918 loss: 0.019070  [ 2416/ 3543]

1918 class loss: 0.013414 position_loss:0.005657

1948 loss: 0.053731  [ 2896/ 3543]

1948 class loss: 0.019848 position_loss:0.033883

1978 loss: 0.024495  [ 3376/ 3543]

1978 class loss: 0.019057 position_loss:0.005438

Epoch 9: train loss: 0.033083

Fold 0 Epoch 9 validation...
-------------------------------

number of test steps per epoch: 67

Epoch 9: valid loss:0.026888

Epoch 9: valid_class_loss:0.012767	valid_position_loss:0.014121

Fold 0 Epoch 10 train...
-------------------------------

1989 loss: 0.027522  [   16/ 3543]

1989 class loss: 0.020592 position_loss:0.006929

2019 loss: 0.036134  [  496/ 3543]

2019 class loss: 0.027649 position_loss:0.008485

2049 loss: 0.037427  [  976/ 3543]

2049 class loss: 0.026622 position_loss:0.010804

2079 loss: 0.013019  [ 1456/ 3543]

2079 class loss: 0.006096 position_loss:0.006923

2109 loss: 0.021631  [ 1936/ 3543]

2109 class loss: 0.016674 position_loss:0.004957

2139 loss: 0.049114  [ 2416/ 3543]

2139 class loss: 0.039976 position_loss:0.009138

2169 loss: 0.012898  [ 2896/ 3543]

2169 class loss: 0.008282 position_loss:0.004616

2199 loss: 0.038090  [ 3376/ 3543]

2199 class loss: 0.025754 position_loss:0.012336

Epoch 10: train loss: 0.029483

Fold 0 Epoch 10 validation...
-------------------------------

number of test steps per epoch: 67

Epoch 10: valid loss:0.027530

Epoch 10: valid_class_loss:0.013773	valid_position_loss:0.013757

Fold 0 Epoch 11 train...
-------------------------------

2210 loss: 0.016159  [   16/ 3543]

2210 class loss: 0.010335 position_loss:0.005824

2240 loss: 0.019356  [  496/ 3543]

2240 class loss: 0.013801 position_loss:0.005555

2270 loss: 0.016804  [  976/ 3543]

2270 class loss: 0.013402 position_loss:0.003402

2300 loss: 0.017424  [ 1456/ 3543]

2300 class loss: 0.010179 position_loss:0.007245

2330 loss: 0.014697  [ 1936/ 3543]

2330 class loss: 0.006613 position_loss:0.008083

2360 loss: 0.020353  [ 2416/ 3543]

2360 class loss: 0.015055 position_loss:0.005298

2390 loss: 0.013815  [ 2896/ 3543]

2390 class loss: 0.009931 position_loss:0.003884

2420 loss: 0.014247  [ 3376/ 3543]

2420 class loss: 0.010136 position_loss:0.004111

Epoch 11: train loss: 0.024193

Fold 0 Epoch 11 validation...
-------------------------------

number of test steps per epoch: 67

Epoch 11: valid loss:0.033136

Epoch 11: valid_class_loss:0.015960	valid_position_loss:0.017176

Fold 0 Epoch 12 train...
-------------------------------

2431 loss: 0.017404  [   16/ 3543]

2431 class loss: 0.012550 position_loss:0.004855

2461 loss: 0.087579  [  496/ 3543]

2461 class loss: 0.078894 position_loss:0.008685

2491 loss: 0.081121  [  976/ 3543]

2491 class loss: 0.072771 position_loss:0.008350

2521 loss: 0.036468  [ 1456/ 3543]

2521 class loss: 0.029317 position_loss:0.007150

2551 loss: 0.020681  [ 1936/ 3543]

2551 class loss: 0.008845 position_loss:0.011836

2581 loss: 0.043577  [ 2416/ 3543]

2581 class loss: 0.039365 position_loss:0.004211

2611 loss: 0.011608  [ 2896/ 3543]

2611 class loss: 0.006659 position_loss:0.004949

2641 loss: 0.017106  [ 3376/ 3543]

2641 class loss: 0.009006 position_loss:0.008101

Epoch 12: train loss: 0.023972

Fold 0 Epoch 12 validation...
-------------------------------

number of test steps per epoch: 67

Epoch 12: valid loss:0.028998

Epoch 12: valid_class_loss:0.013498	valid_position_loss:0.015500

Fold 0 Epoch 13 train...
-------------------------------

2652 loss: 0.006904  [   16/ 3543]

2652 class loss: 0.004731 position_loss:0.002173

2682 loss: 0.005983  [  496/ 3543]

2682 class loss: 0.002549 position_loss:0.003434

2712 loss: 0.010423  [  976/ 3543]

2712 class loss: 0.007061 position_loss:0.003362

2742 loss: 0.014546  [ 1456/ 3543]

2742 class loss: 0.008144 position_loss:0.006403

2772 loss: 0.052102  [ 1936/ 3543]

2772 class loss: 0.044198 position_loss:0.007904

2802 loss: 0.057687  [ 2416/ 3543]

2802 class loss: 0.052437 position_loss:0.005250

2832 loss: 0.008337  [ 2896/ 3543]

2832 class loss: 0.003468 position_loss:0.004869

2862 loss: 0.008414  [ 3376/ 3543]

2862 class loss: 0.003453 position_loss:0.004961

Epoch 13: train loss: 0.019362

Fold 0 Epoch 13 validation...
-------------------------------

number of test steps per epoch: 67

Epoch 13: valid loss:0.033291

Epoch 13: valid_class_loss:0.015910	valid_position_loss:0.017381

Fold 0 Epoch 14 train...
-------------------------------

2873 loss: 0.013398  [   16/ 3543]

2873 class loss: 0.004532 position_loss:0.008866

2903 loss: 0.014207  [  496/ 3543]

2903 class loss: 0.009182 position_loss:0.005025

2933 loss: 0.014986  [  976/ 3543]

2933 class loss: 0.007401 position_loss:0.007585

2963 loss: 0.060882  [ 1456/ 3543]

2963 class loss: 0.054794 position_loss:0.006088

2993 loss: 0.006718  [ 1936/ 3543]

2993 class loss: 0.004204 position_loss:0.002515

3023 loss: 0.011812  [ 2416/ 3543]

3023 class loss: 0.009427 position_loss:0.002385

3053 loss: 0.007530  [ 2896/ 3543]

3053 class loss: 0.004127 position_loss:0.003403

3083 loss: 0.008854  [ 3376/ 3543]

3083 class loss: 0.003963 position_loss:0.004891

Epoch 14: train loss: 0.017904

Fold 0 Epoch 14 validation...
-------------------------------

number of test steps per epoch: 67

Epoch 14: valid loss:0.031945

Epoch 14: valid_class_loss:0.014403	valid_position_loss:0.017542

Fold 0 Epoch 15 train...
-------------------------------

3094 loss: 0.005322  [   16/ 3543]

3094 class loss: 0.002766 position_loss:0.002555

3124 loss: 0.011645  [  496/ 3543]

3124 class loss: 0.008284 position_loss:0.003361

3154 loss: 0.011943  [  976/ 3543]

3154 class loss: 0.008955 position_loss:0.002988

3184 loss: 0.009405  [ 1456/ 3543]

3184 class loss: 0.005353 position_loss:0.004051

3214 loss: 0.009573  [ 1936/ 3543]

3214 class loss: 0.004406 position_loss:0.005167

3244 loss: 0.011896  [ 2416/ 3543]

3244 class loss: 0.006667 position_loss:0.005230

3274 loss: 0.014895  [ 2896/ 3543]

3274 class loss: 0.012570 position_loss:0.002325

3304 loss: 0.012193  [ 3376/ 3543]

3304 class loss: 0.004999 position_loss:0.007193

Epoch 15: train loss: 0.014947

Fold 0 Epoch 15 validation...
-------------------------------

number of test steps per epoch: 67

Epoch 15: valid loss:0.038867

Epoch 15: valid_class_loss:0.018176	valid_position_loss:0.020690

Loading checkpoint from /mnt/pixstor/data/yz3qt/MUTargetCLEAN0513/result_nosupcon/0530_new/2024-05-31__10-26-45/checkpoints/best_model.pth

Fold 0 test
-------------------------------

===================Evaluate protein results========================

 optimized cutoffs: 

             Nucleus   ER  Peroxisome  Mitochondrion  Nucleus_export  SIGNAL  \
cutoffs_pro      0.3  0.8         0.8            0.2             0.5     0.5   
cutoffs_aa       0.2  0.1         0.1            0.1             0.1     0.1   

             chloroplast  Thylakoid  
cutoffs_pro          0.6        0.2  
cutoffs_aa           0.1        0.1  
===========================================

 Jaccard Index (protein): 

                       0
Nucleus         0.775102
ER              0.895705
Peroxisome      0.456383
Mitochondrion   0.875537
Nucleus_export  0.525389
SIGNAL          0.953690
chloroplast     0.868589
Thylakoid       0.890866
===========================================

 cs acc: 

                       0
Nucleus         0.015625
ER              0.866667
Peroxisome      0.230769
Mitochondrion   0.531250
Nucleus_export  0.000000
SIGNAL          0.875576
chloroplast     0.565789
Thylakoid       0.800000
===========================================

 Class prediction performance: 

                roc_auc_score  average_precision_score  matthews_corrcoef  \
Nucleus              0.992958                 0.957521           0.891518   
ER                   0.971937                 0.840323           0.815993   
Peroxisome           0.955226                 0.368859           0.412537   
Mitochondrion        0.997350                 0.984856           0.921421   
Nucleus_export       0.983784                 0.633641           0.618405   
SIGNAL               0.997767                 0.998593           0.954738   
chloroplast          0.997021                 0.972220           0.934664   
Thylakoid            0.995718                 0.639129           0.742514   

                recall_score  precision_score  f1_score  
Nucleus             0.882812         0.926230  0.904000  
ER                  0.900000         0.750000  0.818182  
Peroxisome          0.230769         0.750000  0.352941  
Mitochondrion       0.906250         0.960265  0.932476  
Nucleus_export      0.640000         0.615385  0.627451  
SIGNAL              0.973886         0.990625  0.982184  
chloroplast         0.881579         1.000000  0.937063  
Thylakoid           1.000000         0.555556  0.714286  
===================Test protein results constrain: False========================

 optimized cutoffs: 

             Nucleus   ER  Peroxisome  Mitochondrion  Nucleus_export  SIGNAL  \
cutoffs_pro      0.3  0.8         0.8            0.2             0.5     0.5   
cutoffs_aa       0.2  0.1         0.1            0.1             0.1     0.1   

             chloroplast  Thylakoid  
cutoffs_pro          0.6        0.2  
cutoffs_aa           0.1        0.1  
===========================================

 Jaccard Index (protein): 

                       0
Nucleus         0.680549
ER              0.962711
Peroxisome      0.915709
Mitochondrion   0.861862
Nucleus_export  0.146706
SIGNAL          0.965387
chloroplast     0.816399
Thylakoid       0.881301
===========================================

 cs acc: 

                       0
Nucleus         0.016529
ER              0.965517
Peroxisome      0.692308
Mitochondrion   0.471698
Nucleus_export  0.000000
SIGNAL          0.892523
chloroplast     0.369863
Thylakoid       0.777778
===========================================

 Class prediction performance: 

                roc_auc_score  average_precision_score  matthews_corrcoef  \
Nucleus              0.994905                 0.954106           0.905829   
ER                   0.995807                 0.827147           0.386290   
Peroxisome           0.999411                 0.961233           0.731700   
Mitochondrion        0.997640                 0.991546           0.928579   
Nucleus_export       0.973992                 0.444945           0.423985   
SIGNAL               0.999512                 0.999694           0.964295   
chloroplast          0.998928                 0.984087           0.940489   
Thylakoid            0.995017                 0.595726           0.607456   

                recall_score  precision_score  f1_score  
Nucleus             0.950413         0.884615  0.916335  
ER                  0.206897         0.750000  0.324324  
Peroxisome          0.538462         1.000000  0.700000  
Mitochondrion       0.880503         1.000000  0.936455  
Nucleus_export      0.400000         0.476190  0.434783  
SIGNAL              0.992212         0.980000  0.986068  
chloroplast         0.931507         0.957746  0.944444  
Thylakoid           0.888889         0.421053  0.571429  
===================Test protein results constrain: True========================

 optimized cutoffs: 

             Nucleus   ER  Peroxisome  Mitochondrion  Nucleus_export  SIGNAL  \
cutoffs_pro      0.3  0.8         0.8            0.2             0.5     0.5   
cutoffs_aa       0.2  0.1         0.1            0.1             0.1     0.1   

             chloroplast  Thylakoid  
cutoffs_pro          0.6        0.2  
cutoffs_aa           0.1        0.1  
===========================================

 Jaccard Index (protein): 

                       0
Nucleus         0.666242
ER              0.206350
Peroxisome      0.534552
Mitochondrion   0.781140
Nucleus_export  0.146706
SIGNAL          0.957708
chloroplast     0.764689
Thylakoid       0.770746
===========================================

 cs acc: 

                       0
Nucleus         0.017391
ER              1.000000
Peroxisome      0.857143
Mitochondrion   0.471429
Nucleus_export  0.000000
SIGNAL          0.891680
chloroplast     0.397059
Thylakoid       0.750000
===========================================

 Class prediction performance: 

                roc_auc_score  average_precision_score  matthews_corrcoef  \
Nucleus              0.994905                 0.954106           0.905829   
ER                   0.995807                 0.827147           0.386290   
Peroxisome           0.999411                 0.961233           0.731700   
Mitochondrion        0.997640                 0.991546           0.928579   
Nucleus_export       0.973992                 0.444945           0.423985   
SIGNAL               0.999512                 0.999694           0.964295   
chloroplast          0.998928                 0.984087           0.940489   
Thylakoid            0.995017                 0.595726           0.607456   

                recall_score  precision_score  f1_score  
Nucleus             0.950413         0.884615  0.916335  
ER                  0.206897         0.750000  0.324324  
Peroxisome          0.538462         1.000000  0.700000  
Mitochondrion       0.880503         1.000000  0.936455  
Nucleus_export      0.400000         0.476190  0.434783  
SIGNAL              0.992212         0.980000  0.986068  
chloroplast         0.931507         0.957746  0.944444  
Thylakoid           0.888889         0.421053  0.571429  
