use k-fold index: 0

Done Loading data

number of steps for training data: 221

number of steps for valid data: 67

number of steps for test data: 67

Done initialize tokenizer

trainable params: 39950470 || all params: 652949531 || trainable%: 6.118462163349038

Done initialize model

preparing optimizer is done

number of train steps per epoch: 221

Start training...

Fold 0 Epoch 1 train...
-------------------------------

0 loss: 0.120693  [   16/ 3543]

0 class loss: 0.026852 position_loss:0.024139

30 loss: 0.418519  [  496/ 3543]

30 class loss: 0.111611 position_loss:0.083704

60 loss: 0.084105  [  976/ 3543]

60 class loss: 0.019324 position_loss:0.016821

90 loss: 0.724083  [ 1456/ 3543]

90 class loss: 0.160273 position_loss:0.144817

120 loss: 0.585599  [ 1936/ 3543]

120 class loss: 0.120831 position_loss:0.117120

150 loss: 0.346049  [ 2416/ 3543]

150 class loss: 0.079507 position_loss:0.069210

180 loss: 0.422594  [ 2896/ 3543]

180 class loss: 0.095146 position_loss:0.084519

210 loss: 0.886854  [ 3376/ 3543]

210 class loss: 0.197700 position_loss:0.177371

Epoch 1: train loss: 0.456360

Fold 0 Epoch 1 validation...
-------------------------------

number of test steps per epoch: 67

Epoch 1: valid loss:0.271583

Epoch 1: valid_class_loss:0.059276	valid_position_loss:0.054317

Epoch 1: valid loss 0.2715827923749149 smaller than best loss inf
-------------------------------

Epoch 1: A better checkpoint is saved into /mnt/pixstor/data/yz3qt/MUTargetCLEAN0513/result_0613/2024-06-13__11-28-45/checkpoints/best_model.pth 
-------------------------------

Epoch 1: valid position loss 0.05431655847498298 smaller than best position loss inf
-------------------------------

Epoch 1: A better checkpoint is saved into /mnt/pixstor/data/yz3qt/MUTargetCLEAN0513/result_0613/2024-06-13__11-28-45/checkpoints/best_position_model.pth 
-------------------------------

Fold 0 Epoch 2 train...
-------------------------------

221 loss: 0.218197  [   16/ 3543]

221 class loss: 0.051200 position_loss:0.043639

251 loss: 0.066304  [  496/ 3543]

251 class loss: 0.015028 position_loss:0.013261

281 loss: 0.589889  [  976/ 3543]

281 class loss: 0.154734 position_loss:0.117978

311 loss: 0.539601  [ 1456/ 3543]

311 class loss: 0.134399 position_loss:0.107920

341 loss: 0.418844  [ 1936/ 3543]

341 class loss: 0.085656 position_loss:0.083769

371 loss: 0.343525  [ 2416/ 3543]

371 class loss: 0.082941 position_loss:0.068705

401 loss: 0.200076  [ 2896/ 3543]

401 class loss: 0.047335 position_loss:0.040015

431 loss: 0.298976  [ 3376/ 3543]

431 class loss: 0.068039 position_loss:0.059795

Epoch 2: train loss: 0.395219

Fold 0 Epoch 2 validation...
-------------------------------

number of test steps per epoch: 67

Epoch 2: valid loss:0.206540

Epoch 2: valid_class_loss:0.049604	valid_position_loss:0.041308

Epoch 2: valid loss 0.20654013784067296 smaller than best loss 0.2715827923749149
-------------------------------

Epoch 2: A better checkpoint is saved into /mnt/pixstor/data/yz3qt/MUTargetCLEAN0513/result_0613/2024-06-13__11-28-45/checkpoints/best_model.pth 
-------------------------------

Epoch 2: valid position loss 0.04130802756813462 smaller than best position loss 0.05431655847498298
-------------------------------

Epoch 2: A better checkpoint is saved into /mnt/pixstor/data/yz3qt/MUTargetCLEAN0513/result_0613/2024-06-13__11-28-45/checkpoints/best_position_model.pth 
-------------------------------

Fold 0 Epoch 3 train...
-------------------------------

442 loss: 0.455023  [   16/ 3543]

442 class loss: 0.111688 position_loss:0.091005

472 loss: 0.235147  [  496/ 3543]

472 class loss: 0.064041 position_loss:0.047029

502 loss: 0.345460  [  976/ 3543]

502 class loss: 0.081701 position_loss:0.069092

532 loss: 0.161477  [ 1456/ 3543]

532 class loss: 0.044416 position_loss:0.032295

562 loss: 0.339948  [ 1936/ 3543]

562 class loss: 0.113555 position_loss:0.067990

592 loss: 0.107154  [ 2416/ 3543]

592 class loss: 0.027965 position_loss:0.021431

622 loss: 0.203927  [ 2896/ 3543]

622 class loss: 0.076673 position_loss:0.040785

652 loss: 0.313906  [ 3376/ 3543]

652 class loss: 0.133519 position_loss:0.062781

Epoch 3: train loss: 0.241609

Fold 0 Epoch 3 validation...
-------------------------------

number of test steps per epoch: 67

Epoch 3: valid loss:0.099984

Epoch 3: valid_class_loss:0.039006	valid_position_loss:0.019997

Epoch 3: valid loss 0.09998422144573162 smaller than best loss 0.20654013784067296
-------------------------------

Epoch 3: A better checkpoint is saved into /mnt/pixstor/data/yz3qt/MUTargetCLEAN0513/result_0613/2024-06-13__11-28-45/checkpoints/best_model.pth 
-------------------------------

Epoch 3: valid position loss 0.019996844289146325 smaller than best position loss 0.04130802756813462
-------------------------------

Epoch 3: A better checkpoint is saved into /mnt/pixstor/data/yz3qt/MUTargetCLEAN0513/result_0613/2024-06-13__11-28-45/checkpoints/best_position_model.pth 
-------------------------------

Fold 0 Epoch 4 train...
-------------------------------

663 loss: 0.178316  [   16/ 3543]

663 class loss: 0.082255 position_loss:0.035663

693 loss: 0.174420  [  496/ 3543]

693 class loss: 0.062857 position_loss:0.034884

723 loss: 0.140295  [  976/ 3543]

723 class loss: 0.081156 position_loss:0.028059

753 loss: 0.185105  [ 1456/ 3543]

753 class loss: 0.121001 position_loss:0.037021

783 loss: 0.035314  [ 1936/ 3543]

783 class loss: 0.023638 position_loss:0.007063

813 loss: 0.065830  [ 2416/ 3543]

813 class loss: 0.054132 position_loss:0.013166

843 loss: 0.145191  [ 2896/ 3543]

843 class loss: 0.112900 position_loss:0.029038

873 loss: 0.105661  [ 3376/ 3543]

873 class loss: 0.076248 position_loss:0.021132

Epoch 4: train loss: 0.115844

Fold 0 Epoch 4 validation...
-------------------------------

number of test steps per epoch: 67

Epoch 4: valid loss:0.067758

Epoch 4: valid_class_loss:0.034071	valid_position_loss:0.013552

Epoch 4: valid loss 0.06775770048083717 smaller than best loss 0.09998422144573162
-------------------------------

Epoch 4: A better checkpoint is saved into /mnt/pixstor/data/yz3qt/MUTargetCLEAN0513/result_0613/2024-06-13__11-28-45/checkpoints/best_model.pth 
-------------------------------

Epoch 4: valid position loss 0.013551540096167434 smaller than best position loss 0.019996844289146325
-------------------------------

Epoch 4: A better checkpoint is saved into /mnt/pixstor/data/yz3qt/MUTargetCLEAN0513/result_0613/2024-06-13__11-28-45/checkpoints/best_position_model.pth 
-------------------------------

Fold 0 Epoch 5 train...
-------------------------------

884 loss: 0.117638  [   16/ 3543]

884 class loss: 0.091565 position_loss:0.023528

914 loss: 0.050363  [  496/ 3543]

914 class loss: 0.049723 position_loss:0.010073

944 loss: 0.086949  [  976/ 3543]

944 class loss: 0.067237 position_loss:0.017390

974 loss: 0.044862  [ 1456/ 3543]

974 class loss: 0.038804 position_loss:0.008972

1004 loss: 0.039548  [ 1936/ 3543]

1004 class loss: 0.046943 position_loss:0.007910

1034 loss: 0.062742  [ 2416/ 3543]

1034 class loss: 0.023622 position_loss:0.012548

1064 loss: 0.092599  [ 2896/ 3543]

1064 class loss: 0.097726 position_loss:0.018520

1094 loss: 0.037372  [ 3376/ 3543]

1094 class loss: 0.038600 position_loss:0.007474

Epoch 5: train loss: 0.078200

Fold 0 Epoch 5 validation...
-------------------------------

number of test steps per epoch: 67

Epoch 5: valid loss:0.050980

Epoch 5: valid_class_loss:0.032938	valid_position_loss:0.010196

Epoch 5: valid loss 0.05097985218247788 smaller than best loss 0.06775770048083717
-------------------------------

Epoch 5: A better checkpoint is saved into /mnt/pixstor/data/yz3qt/MUTargetCLEAN0513/result_0613/2024-06-13__11-28-45/checkpoints/best_model.pth 
-------------------------------

Epoch 5: valid position loss 0.010195970436495578 smaller than best position loss 0.013551540096167434
-------------------------------

Epoch 5: A better checkpoint is saved into /mnt/pixstor/data/yz3qt/MUTargetCLEAN0513/result_0613/2024-06-13__11-28-45/checkpoints/best_position_model.pth 
-------------------------------

Fold 0 Epoch 6 train...
-------------------------------

1105 loss: 0.041540  [   16/ 3543]

1105 class loss: 0.092739 position_loss:0.008308

1135 loss: 0.072678  [  496/ 3543]

1135 class loss: 0.061096 position_loss:0.014536

1165 loss: 0.027907  [  976/ 3543]

1165 class loss: 0.009215 position_loss:0.005581

1195 loss: 0.028225  [ 1456/ 3543]

1195 class loss: 0.034327 position_loss:0.005645

1225 loss: 0.036394  [ 1936/ 3543]

1225 class loss: 0.058131 position_loss:0.007279

1255 loss: 0.063477  [ 2416/ 3543]

1255 class loss: 0.097639 position_loss:0.012695

1285 loss: 0.075219  [ 2896/ 3543]

1285 class loss: 0.140307 position_loss:0.015044

1315 loss: 0.059810  [ 3376/ 3543]

1315 class loss: 0.079171 position_loss:0.011962

Epoch 6: train loss: 0.063545

Fold 0 Epoch 6 validation...
-------------------------------

number of test steps per epoch: 67

Epoch 6: valid loss:0.040281

Epoch 6: valid_class_loss:0.033646	valid_position_loss:0.008056

Epoch 6: valid loss 0.04028094543343646 smaller than best loss 0.05097985218247788
-------------------------------

Epoch 6: A better checkpoint is saved into /mnt/pixstor/data/yz3qt/MUTargetCLEAN0513/result_0613/2024-06-13__11-28-45/checkpoints/best_model.pth 
-------------------------------

Epoch 6: valid position loss 0.00805618908668729 smaller than best position loss 0.010195970436495578
-------------------------------

Epoch 6: A better checkpoint is saved into /mnt/pixstor/data/yz3qt/MUTargetCLEAN0513/result_0613/2024-06-13__11-28-45/checkpoints/best_position_model.pth 
-------------------------------

Fold 0 Epoch 7 train...
-------------------------------

1326 loss: 0.087384  [   16/ 3543]

1326 class loss: 0.119368 position_loss:0.017477

1356 loss: 0.079339  [  496/ 3543]

1356 class loss: 0.076327 position_loss:0.015868

1386 loss: 0.027736  [  976/ 3543]

1386 class loss: 0.042760 position_loss:0.005547

1416 loss: 0.039638  [ 1456/ 3543]

1416 class loss: 0.082149 position_loss:0.007928

1446 loss: 0.027968  [ 1936/ 3543]

1446 class loss: 0.047799 position_loss:0.005594

1476 loss: 0.017462  [ 2416/ 3543]

1476 class loss: 0.030140 position_loss:0.003492

1506 loss: 0.020506  [ 2896/ 3543]

1506 class loss: 0.038923 position_loss:0.004101

1536 loss: 0.041598  [ 3376/ 3543]

1536 class loss: 0.027325 position_loss:0.008320

Epoch 7: train loss: 0.049908

Fold 0 Epoch 7 validation...
-------------------------------

number of test steps per epoch: 67

Epoch 7: valid loss:0.036267

Epoch 7: valid_class_loss:0.033560	valid_position_loss:0.007253

Epoch 7: valid loss 0.036267482352647824 smaller than best loss 0.04028094543343646
-------------------------------

Epoch 7: A better checkpoint is saved into /mnt/pixstor/data/yz3qt/MUTargetCLEAN0513/result_0613/2024-06-13__11-28-45/checkpoints/best_model.pth 
-------------------------------

Epoch 7: valid position loss 0.007253496470529567 smaller than best position loss 0.00805618908668729
-------------------------------

Epoch 7: A better checkpoint is saved into /mnt/pixstor/data/yz3qt/MUTargetCLEAN0513/result_0613/2024-06-13__11-28-45/checkpoints/best_position_model.pth 
-------------------------------

Fold 0 Epoch 8 train...
-------------------------------

1547 loss: 0.042013  [   16/ 3543]

1547 class loss: 0.047497 position_loss:0.008403

1577 loss: 0.026760  [  496/ 3543]

1577 class loss: 0.021084 position_loss:0.005352

1607 loss: 0.057125  [  976/ 3543]

1607 class loss: 0.063052 position_loss:0.011425

1637 loss: 0.053924  [ 1456/ 3543]

1637 class loss: 0.076699 position_loss:0.010785

1667 loss: 0.079324  [ 1936/ 3543]

1667 class loss: 0.109288 position_loss:0.015865

1697 loss: 0.041409  [ 2416/ 3543]

1697 class loss: 0.059847 position_loss:0.008282

1727 loss: 0.032919  [ 2896/ 3543]

1727 class loss: 0.056345 position_loss:0.006584

1757 loss: 0.062580  [ 3376/ 3543]

1757 class loss: 0.082648 position_loss:0.012516

Epoch 8: train loss: 0.036766

Fold 0 Epoch 8 validation...
-------------------------------

number of test steps per epoch: 67

Epoch 8: valid loss:0.031349

Epoch 8: valid_class_loss:0.036386	valid_position_loss:0.006270

Epoch 8: valid loss 0.031349371291407725 smaller than best loss 0.036267482352647824
-------------------------------

Epoch 8: A better checkpoint is saved into /mnt/pixstor/data/yz3qt/MUTargetCLEAN0513/result_0613/2024-06-13__11-28-45/checkpoints/best_model.pth 
-------------------------------

Epoch 8: valid position loss 0.006269874258281544 smaller than best position loss 0.007253496470529567
-------------------------------

Epoch 8: A better checkpoint is saved into /mnt/pixstor/data/yz3qt/MUTargetCLEAN0513/result_0613/2024-06-13__11-28-45/checkpoints/best_position_model.pth 
-------------------------------

Fold 0 Epoch 9 train...
-------------------------------

1768 loss: 0.028863  [   16/ 3543]

1768 class loss: 0.074791 position_loss:0.005773

1798 loss: 0.029595  [  496/ 3543]

1798 class loss: 0.018758 position_loss:0.005919

1828 loss: 0.053038  [  976/ 3543]

1828 class loss: 0.115756 position_loss:0.010608

1858 loss: 0.026493  [ 1456/ 3543]

1858 class loss: 0.074843 position_loss:0.005299

1888 loss: 0.035410  [ 1936/ 3543]

1888 class loss: 0.060113 position_loss:0.007082

1918 loss: 0.036370  [ 2416/ 3543]

1918 class loss: 0.073424 position_loss:0.007274

1948 loss: 0.025386  [ 2896/ 3543]

1948 class loss: 0.078058 position_loss:0.005077

1978 loss: 0.030536  [ 3376/ 3543]

1978 class loss: 0.024804 position_loss:0.006107

Epoch 9: train loss: 0.029174

Fold 0 Epoch 9 validation...
-------------------------------

number of test steps per epoch: 67

Epoch 9: valid loss:0.023453

Epoch 9: valid_class_loss:0.035081	valid_position_loss:0.004691

Epoch 9: valid loss 0.02345275565777098 smaller than best loss 0.031349371291407725
-------------------------------

Epoch 9: A better checkpoint is saved into /mnt/pixstor/data/yz3qt/MUTargetCLEAN0513/result_0613/2024-06-13__11-28-45/checkpoints/best_model.pth 
-------------------------------

Epoch 9: valid position loss 0.004690551131554194 smaller than best position loss 0.006269874258281544
-------------------------------

Epoch 9: A better checkpoint is saved into /mnt/pixstor/data/yz3qt/MUTargetCLEAN0513/result_0613/2024-06-13__11-28-45/checkpoints/best_position_model.pth 
-------------------------------

Fold 0 Epoch 10 train...
-------------------------------

1989 loss: 0.010253  [   16/ 3543]

1989 class loss: 0.033704 position_loss:0.002051

2019 loss: 0.024065  [  496/ 3543]

2019 class loss: 0.052896 position_loss:0.004813

2049 loss: 0.045135  [  976/ 3543]

2049 class loss: 0.052113 position_loss:0.009027

2079 loss: 0.006906  [ 1456/ 3543]

2079 class loss: 0.027365 position_loss:0.001381

2109 loss: 0.026321  [ 1936/ 3543]

2109 class loss: 0.098432 position_loss:0.005264

2139 loss: 0.019320  [ 2416/ 3543]

2139 class loss: 0.044664 position_loss:0.003864

2169 loss: 0.020003  [ 2896/ 3543]

2169 class loss: 0.057805 position_loss:0.004001

2199 loss: 0.033221  [ 3376/ 3543]

2199 class loss: 0.043060 position_loss:0.006644

Epoch 10: train loss: 0.024737

Fold 0 Epoch 10 validation...
-------------------------------

number of test steps per epoch: 67

Epoch 10: valid loss:0.021588

Epoch 10: valid_class_loss:0.037713	valid_position_loss:0.004318

Epoch 10: valid loss 0.021587722670859857 smaller than best loss 0.02345275565777098
-------------------------------

Epoch 10: A better checkpoint is saved into /mnt/pixstor/data/yz3qt/MUTargetCLEAN0513/result_0613/2024-06-13__11-28-45/checkpoints/best_model.pth 
-------------------------------

Epoch 10: valid position loss 0.004317544534171972 smaller than best position loss 0.004690551131554194
-------------------------------

Epoch 10: A better checkpoint is saved into /mnt/pixstor/data/yz3qt/MUTargetCLEAN0513/result_0613/2024-06-13__11-28-45/checkpoints/best_position_model.pth 
-------------------------------

Fold 0 Epoch 11 train...
-------------------------------

2210 loss: 0.023418  [   16/ 3543]

2210 class loss: 0.034904 position_loss:0.004684

2240 loss: 0.038156  [  496/ 3543]

2240 class loss: 0.031645 position_loss:0.007631

2270 loss: 0.016926  [  976/ 3543]

2270 class loss: 0.067319 position_loss:0.003385

2300 loss: 0.008111  [ 1456/ 3543]

2300 class loss: 0.029938 position_loss:0.001622

2330 loss: 0.041659  [ 1936/ 3543]

2330 class loss: 0.095841 position_loss:0.008332

2360 loss: 0.052209  [ 2416/ 3543]

2360 class loss: 0.035388 position_loss:0.010442

2390 loss: 0.038760  [ 2896/ 3543]

2390 class loss: 0.113835 position_loss:0.007752

2420 loss: 0.013299  [ 3376/ 3543]

2420 class loss: 0.059927 position_loss:0.002660

Epoch 11: train loss: 0.021321

Fold 0 Epoch 11 validation...
-------------------------------

number of test steps per epoch: 67

Epoch 11: valid loss:0.019813

Epoch 11: valid_class_loss:0.038172	valid_position_loss:0.003963

Epoch 11: valid loss 0.019812722722330218 smaller than best loss 0.021587722670859857
-------------------------------

Epoch 11: A better checkpoint is saved into /mnt/pixstor/data/yz3qt/MUTargetCLEAN0513/result_0613/2024-06-13__11-28-45/checkpoints/best_model.pth 
-------------------------------

Epoch 11: valid position loss 0.003962544544466046 smaller than best position loss 0.004317544534171972
-------------------------------

Epoch 11: A better checkpoint is saved into /mnt/pixstor/data/yz3qt/MUTargetCLEAN0513/result_0613/2024-06-13__11-28-45/checkpoints/best_position_model.pth 
-------------------------------

Fold 0 Epoch 12 train...
-------------------------------

2431 loss: 0.011112  [   16/ 3543]

2431 class loss: 0.017090 position_loss:0.002222

2461 loss: 0.003227  [  496/ 3543]

2461 class loss: 0.013419 position_loss:0.000645

2491 loss: 0.008112  [  976/ 3543]

2491 class loss: 0.022763 position_loss:0.001622

2521 loss: 0.019047  [ 1456/ 3543]

2521 class loss: 0.128650 position_loss:0.003809

2551 loss: 0.004697  [ 1936/ 3543]

2551 class loss: 0.017748 position_loss:0.000939

2581 loss: 0.012070  [ 2416/ 3543]

2581 class loss: 0.058459 position_loss:0.002414

2611 loss: 0.015088  [ 2896/ 3543]

2611 class loss: 0.038437 position_loss:0.003018

2641 loss: 0.010088  [ 3376/ 3543]

2641 class loss: 0.063954 position_loss:0.002018

Epoch 12: train loss: 0.018863

Fold 0 Epoch 12 validation...
-------------------------------

number of test steps per epoch: 67

Epoch 12: valid loss:0.017481

Epoch 12: valid_class_loss:0.038360	valid_position_loss:0.003496

Epoch 12: valid loss 0.01748117922518961 smaller than best loss 0.019812722722330218
-------------------------------

Epoch 12: A better checkpoint is saved into /mnt/pixstor/data/yz3qt/MUTargetCLEAN0513/result_0613/2024-06-13__11-28-45/checkpoints/best_model.pth 
-------------------------------

Epoch 12: valid position loss 0.0034962358450379206 smaller than best position loss 0.003962544544466046
-------------------------------

Epoch 12: A better checkpoint is saved into /mnt/pixstor/data/yz3qt/MUTargetCLEAN0513/result_0613/2024-06-13__11-28-45/checkpoints/best_position_model.pth 
-------------------------------

Fold 0 Epoch 13 train...
-------------------------------

2652 loss: 0.016152  [   16/ 3543]

2652 class loss: 0.040066 position_loss:0.003230

2682 loss: 0.033276  [  496/ 3543]

2682 class loss: 0.129526 position_loss:0.006655

2712 loss: 0.003700  [  976/ 3543]

2712 class loss: 0.013908 position_loss:0.000740

2742 loss: 0.016562  [ 1456/ 3543]

2742 class loss: 0.090470 position_loss:0.003312

2772 loss: 0.006433  [ 1936/ 3543]

2772 class loss: 0.043327 position_loss:0.001287

2802 loss: 0.028655  [ 2416/ 3543]

2802 class loss: 0.023659 position_loss:0.005731

2832 loss: 0.009845  [ 2896/ 3543]

2832 class loss: 0.046248 position_loss:0.001969

2862 loss: 0.005445  [ 3376/ 3543]

2862 class loss: 0.040322 position_loss:0.001089

Epoch 13: train loss: 0.016800

Fold 0 Epoch 13 validation...
-------------------------------

number of test steps per epoch: 67

Epoch 13: valid loss:0.016241

Epoch 13: valid_class_loss:0.038836	valid_position_loss:0.003248

Epoch 13: valid loss 0.016240673533905726 smaller than best loss 0.01748117922518961
-------------------------------

Epoch 13: A better checkpoint is saved into /mnt/pixstor/data/yz3qt/MUTargetCLEAN0513/result_0613/2024-06-13__11-28-45/checkpoints/best_model.pth 
-------------------------------

Epoch 13: valid position loss 0.0032481347067811472 smaller than best position loss 0.0034962358450379206
-------------------------------

Epoch 13: A better checkpoint is saved into /mnt/pixstor/data/yz3qt/MUTargetCLEAN0513/result_0613/2024-06-13__11-28-45/checkpoints/best_position_model.pth 
-------------------------------

Loading checkpoint from /mnt/pixstor/data/yz3qt/MUTargetCLEAN0513/result_0613/2024-06-13__11-28-45/checkpoints/best_position_model.pth

Fold 0 test
-------------------------------

===================Evaluate protein results========================

 optimized cutoffs: 

             Nucleus   ER  Peroxisome  Mitochondrion  Nucleus_export  SIGNAL  \
cutoffs_pro      0.9  0.6         0.7            0.2             0.9     0.5   
cutoffs_aa       0.3  0.1         0.1            0.1             0.5     0.1   

             chloroplast  Thylakoid  
cutoffs_pro          0.6        0.8  
cutoffs_aa           0.1        0.1  
===========================================

 Jaccard Index (protein): 

                       0
Nucleus         0.754681
ER              0.854604
Peroxisome      0.454139
Mitochondrion   0.805024
Nucleus_export  0.639041
SIGNAL          0.915129
chloroplast     0.800734
Thylakoid       0.876388
===========================================

 TPR, FPR, FNR (protein): 

                       0         1         2
Nucleus         0.877261  0.166543  0.122739
ER              0.866667  0.013924  0.133333
Peroxisome      0.461538  0.009206  0.538462
Mitochondrion   0.818750  0.021054  0.181250
Nucleus_export  0.744752  0.147544  0.255248
SIGNAL          0.930876  0.020302  0.069124
chloroplast     0.815789  0.017927  0.184211
Thylakoid       0.900000  0.025659  0.100000
===========================================

 cs acc: 

                       0
Nucleus         0.000000
ER              0.866667
Peroxisome      0.230769
Mitochondrion   0.468750
Nucleus_export  0.000000
SIGNAL          0.866359
chloroplast     0.460526
Thylakoid       0.800000
===========================================

 Class prediction performance: 

                roc_auc_score  average_precision_score  matthews_corrcoef  \
Nucleus              0.984852                 0.892498           0.787715   
ER                   0.902328                 0.565581           0.742419   
Peroxisome           0.344099                 0.101205           0.155416   
Mitochondrion        0.264304                 0.099160          -0.009822   
Nucleus_export       0.965830                 0.402454           0.384804   
SIGNAL               0.908048                 0.927633           0.724723   
chloroplast          0.666952                 0.226694           0.211885   
Thylakoid            0.943863                 0.384002           0.178026   

                recall_score  precision_score  f1_score  
Nucleus             0.835938         0.792593  0.813688  
ER                  0.833333         0.675676  0.746269  
Peroxisome          0.076923         0.333333  0.125000  
Mitochondrion       0.843750         0.149336  0.253759  
Nucleus_export      0.720000         0.230769  0.349515  
SIGNAL              0.854071         0.920530  0.886056  
chloroplast         0.486842         0.185000  0.268116  
Thylakoid           0.900000         0.045226  0.086124  
===================Test protein results constrain: False========================

 optimized cutoffs: 

             Nucleus   ER  Peroxisome  Mitochondrion  Nucleus_export  SIGNAL  \
cutoffs_pro      0.9  0.6         0.7            0.2             0.9     0.5   
cutoffs_aa       0.3  0.1         0.1            0.1             0.5     0.1   

             chloroplast  Thylakoid  
cutoffs_pro          0.6        0.8  
cutoffs_aa           0.1        0.1  
===========================================

 Jaccard Index (protein): 

                       0
Nucleus         0.567106
ER              0.992497
Peroxisome      0.459127
Mitochondrion   0.714948
Nucleus_export  0.308775
SIGNAL          0.927874
chloroplast     0.791970
Thylakoid       0.872546
===========================================

 TPR, FPR, FNR (protein): 

                       0         1         2
Nucleus         0.661099  0.186948  0.338901
ER              1.000000  0.007566  0.000000
Peroxisome      0.461538  0.003330  0.538462
Mitochondrion   0.723270  0.011590  0.276730
Nucleus_export  0.362024  0.120091  0.637976
SIGNAL          0.942368  0.017187  0.057632
chloroplast     0.808219  0.020345  0.191781
Thylakoid       0.888889  0.019308  0.111111
===========================================

 cs acc: 

                       0
Nucleus         0.024793
ER              0.862069
Peroxisome      0.461538
Mitochondrion   0.295597
Nucleus_export  0.000000
SIGNAL          0.883178
chloroplast     0.410959
Thylakoid       0.777778
===========================================

 Class prediction performance: 

                roc_auc_score  average_precision_score  matthews_corrcoef  \
Nucleus              0.976611                 0.862838           0.837261   
ER                   0.962398                 0.816461           0.853835   
Peroxisome           0.406941                 0.219922           0.390182   
Mitochondrion        0.272892                 0.099076          -0.006984   
Nucleus_export       0.942713                 0.253644           0.301732   
SIGNAL               0.893739                 0.912497           0.716168   
chloroplast          0.682523                 0.183206           0.108347   
Thylakoid            0.992684                 0.483736           0.191240   

                recall_score  precision_score  f1_score  
Nucleus             0.884298         0.829457  0.856000  
ER                  0.827586         0.888889  0.857143  
Peroxisome          0.153846         1.000000  0.266667  
Mitochondrion       0.830189         0.149321  0.253116  
Nucleus_export      0.600000         0.180723  0.277778  
SIGNAL              0.852025         0.913189  0.881547  
chloroplast         0.356164         0.124402  0.184397  
Thylakoid           1.000000         0.044776  0.085714  
===================Test protein results constrain: True========================

 optimized cutoffs: 

             Nucleus   ER  Peroxisome  Mitochondrion  Nucleus_export  SIGNAL  \
cutoffs_pro      0.9  0.6         0.7            0.2             0.9     0.5   
cutoffs_aa       0.3  0.1         0.1            0.1             0.5     0.1   

             chloroplast  Thylakoid  
cutoffs_pro          0.6        0.8  
cutoffs_aa           0.1        0.1  
===========================================

 Jaccard Index (protein): 

                       0
Nucleus         0.542940
ER              0.820950
Peroxisome      0.151744
Mitochondrion   0.677609
Nucleus_export  0.298031
SIGNAL          0.803823
chloroplast     0.321492
Thylakoid       0.872546
===========================================

 TPR, FPR, FNR (protein): 

                       0         1         2
Nucleus         0.634240  0.178689  0.250058
ER              0.827586  0.006695  0.000000
Peroxisome      0.153846  0.002142  0.000000
Mitochondrion   0.685535  0.010674  0.144654
Nucleus_export  0.349643  0.105215  0.250357
SIGNAL          0.817757  0.015980  0.034268
chloroplast     0.328767  0.008117  0.027397
Thylakoid       0.888889  0.019308  0.111111
===========================================

 cs acc: 

                       0
Nucleus         0.028037
ER              0.958333
Peroxisome      1.000000
Mitochondrion   0.340909
Nucleus_export  0.000000
SIGNAL          0.906764
chloroplast     0.538462
Thylakoid       0.777778
===========================================

 Class prediction performance: 

                roc_auc_score  average_precision_score  matthews_corrcoef  \
Nucleus              0.976611                 0.862838           0.837261   
ER                   0.962398                 0.816461           0.853835   
Peroxisome           0.406941                 0.219922           0.390182   
Mitochondrion        0.272892                 0.099076          -0.006984   
Nucleus_export       0.942713                 0.253644           0.301732   
SIGNAL               0.893739                 0.912497           0.716168   
chloroplast          0.682523                 0.183206           0.108347   
Thylakoid            0.992684                 0.483736           0.191240   

                recall_score  precision_score  f1_score  
Nucleus             0.884298         0.829457  0.856000  
ER                  0.827586         0.888889  0.857143  
Peroxisome          0.153846         1.000000  0.266667  
Mitochondrion       0.830189         0.149321  0.253116  
Nucleus_export      0.600000         0.180723  0.277778  
SIGNAL              0.852025         0.913189  0.881547  
chloroplast         0.356164         0.124402  0.184397  
Thylakoid           1.000000         0.044776  0.085714  




Comparable Test Data
-------------------------------

===================Test protein results constrain: False========================

 optimized cutoffs: 

             Nucleus   ER  Peroxisome  Mitochondrion  Nucleus_export  SIGNAL  \
cutoffs_pro      0.9  0.6         0.7            0.2             0.9     0.5   
cutoffs_aa       0.3  0.1         0.1            0.1             0.5     0.1   

             chloroplast  Thylakoid  
cutoffs_pro          0.6        0.8  
cutoffs_aa           0.1        0.1  
===========================================

 Jaccard Index (protein): 

                       0
Nucleus         0.867760
ER                   NaN
Peroxisome           NaN
Mitochondrion        NaN
Nucleus_export  0.272899
SIGNAL               NaN
chloroplast          NaN
Thylakoid            NaN
===========================================

 TPR, FPR, FNR (protein): 

                       0         1         2
Nucleus         1.000000  0.153187  0.000000
ER                   NaN       NaN       NaN
Peroxisome           NaN       NaN       NaN
Mitochondrion        NaN       NaN       NaN
Nucleus_export  0.313333  0.184868  0.686667
SIGNAL               NaN       NaN       NaN
chloroplast          NaN       NaN       NaN
Thylakoid            NaN       NaN       NaN
===========================================

 cs acc: 

                  0
Nucleus         0.0
ER              NaN
Peroxisome      NaN
Mitochondrion   NaN
Nucleus_export  0.0
SIGNAL          NaN
chloroplast     NaN
Thylakoid       NaN
===========================================

 Class prediction performance: 

                roc_auc_score  average_precision_score  matthews_corrcoef  \
Nucleus                   0.5                      0.7                0.0   
ER                        NaN                     -0.0                0.0   
Peroxisome                NaN                     -0.0                0.0   
Mitochondrion             NaN                     -0.0                0.0   
Nucleus_export            NaN                      1.0                0.0   
SIGNAL                    NaN                     -0.0                0.0   
chloroplast               NaN                     -0.0                0.0   
Thylakoid                 NaN                     -0.0                0.0   

                recall_score  precision_score  f1_score  
Nucleus                  1.0              0.4  0.571429  
ER                       0.0              0.0  0.000000  
Peroxisome               0.0              0.0  0.000000  
Mitochondrion            0.0              0.0  0.000000  
Nucleus_export           0.8              1.0  0.888889  
SIGNAL                   0.0              0.0  0.000000  
chloroplast              0.0              0.0  0.000000  
Thylakoid                0.0              0.0  0.000000  
===================Test protein results constrain: True========================

 optimized cutoffs: 

             Nucleus   ER  Peroxisome  Mitochondrion  Nucleus_export  SIGNAL  \
cutoffs_pro      0.9  0.6         0.7            0.2             0.9     0.5   
cutoffs_aa       0.3  0.1         0.1            0.1             0.5     0.1   

             chloroplast  Thylakoid  
cutoffs_pro          0.6        0.8  
cutoffs_aa           0.1        0.1  
===========================================

 Jaccard Index (protein): 

                       0
Nucleus         0.867760
ER                   NaN
Peroxisome           NaN
Mitochondrion        NaN
Nucleus_export  0.243303
SIGNAL               NaN
chloroplast          NaN
Thylakoid            NaN
===========================================

 TPR, FPR, FNR (protein): 

                   0         1     2
Nucleus         1.00  0.153187  0.00
ER               NaN       NaN   NaN
Peroxisome       NaN       NaN   NaN
Mitochondrion    NaN       NaN   NaN
Nucleus_export  0.28  0.159616  0.52
SIGNAL           NaN       NaN   NaN
chloroplast      NaN       NaN   NaN
Thylakoid        NaN       NaN   NaN
===========================================

 cs acc: 

                  0
Nucleus         0.0
ER              NaN
Peroxisome      NaN
Mitochondrion   NaN
Nucleus_export  0.0
SIGNAL          NaN
chloroplast     NaN
Thylakoid       NaN
===========================================

 Class prediction performance: 

                roc_auc_score  average_precision_score  matthews_corrcoef  \
Nucleus                   0.5                      0.7                0.0   
ER                        NaN                     -0.0                0.0   
Peroxisome                NaN                     -0.0                0.0   
Mitochondrion             NaN                     -0.0                0.0   
Nucleus_export            NaN                      1.0                0.0   
SIGNAL                    NaN                     -0.0                0.0   
chloroplast               NaN                     -0.0                0.0   
Thylakoid                 NaN                     -0.0                0.0   

                recall_score  precision_score  f1_score  
Nucleus                  1.0              0.4  0.571429  
ER                       0.0              0.0  0.000000  
Peroxisome               0.0              0.0  0.000000  
Mitochondrion            0.0              0.0  0.000000  
Nucleus_export           0.8              1.0  0.888889  
SIGNAL                   0.0              0.0  0.000000  
chloroplast              0.0              0.0  0.000000  
Thylakoid                0.0              0.0  0.000000  
