use k-fold index: 0

Done Loading data

number of steps for training data: 221

number of steps for valid data: 67

number of steps for test data: 67

Done initialize tokenizer

trainable params: 39950470 || all params: 652949531 || trainable%: 6.118462163349038

Done initialize model

preparing optimizer is done

number of train steps per epoch: 221

Start training...

Fold 0 Epoch 1 train...
-------------------------------

0 loss: 0.080462  [   16/ 3543]

0 class loss: 0.026852 position_loss:0.024139

30 loss: 0.279012  [  496/ 3543]

30 class loss: 0.111612 position_loss:0.083704

60 loss: 0.056070  [  976/ 3543]

60 class loss: 0.019324 position_loss:0.016821

90 loss: 0.482722  [ 1456/ 3543]

90 class loss: 0.160270 position_loss:0.144817

120 loss: 0.390404  [ 1936/ 3543]

120 class loss: 0.120833 position_loss:0.117121

150 loss: 0.230699  [ 2416/ 3543]

150 class loss: 0.079505 position_loss:0.069210

180 loss: 0.281729  [ 2896/ 3543]

180 class loss: 0.095144 position_loss:0.084519

210 loss: 0.591236  [ 3376/ 3543]

210 class loss: 0.197702 position_loss:0.177371

Epoch 1: train loss: 0.304240

Fold 0 Epoch 1 validation...
-------------------------------

number of test steps per epoch: 67

Epoch 1: valid loss:0.181055

Epoch 1: valid_class_loss:0.059276	valid_position_loss:0.054317

Epoch 1: valid loss 0.1810553397227457 smaller than best loss inf
-------------------------------

Epoch 1: A better checkpoint is saved into /mnt/pixstor/data/yz3qt/MUTargetCLEAN0513/result_0612/2024-06-12__21-38-10/checkpoints/best_model.pth 
-------------------------------

Epoch 1: valid position loss 0.054316601916823685 smaller than best position loss inf
-------------------------------

Epoch 1: A better checkpoint is saved into /mnt/pixstor/data/yz3qt/MUTargetCLEAN0513/result_0612/2024-06-12__21-38-10/checkpoints/best_position_model.pth 
-------------------------------

Fold 0 Epoch 2 train...
-------------------------------

221 loss: 0.145464  [   16/ 3543]

221 class loss: 0.051200 position_loss:0.043639

251 loss: 0.044202  [  496/ 3543]

251 class loss: 0.015028 position_loss:0.013261

281 loss: 0.393260  [  976/ 3543]

281 class loss: 0.154729 position_loss:0.117978

311 loss: 0.359734  [ 1456/ 3543]

311 class loss: 0.134399 position_loss:0.107920

341 loss: 0.279230  [ 1936/ 3543]

341 class loss: 0.085658 position_loss:0.083769

371 loss: 0.229017  [ 2416/ 3543]

371 class loss: 0.082941 position_loss:0.068705

401 loss: 0.133384  [ 2896/ 3543]

401 class loss: 0.047335 position_loss:0.040015

431 loss: 0.199319  [ 3376/ 3543]

431 class loss: 0.068039 position_loss:0.059796

Epoch 2: train loss: 0.263480

Fold 0 Epoch 2 validation...
-------------------------------

number of test steps per epoch: 67

Epoch 2: valid loss:0.137694

Epoch 2: valid_class_loss:0.049604	valid_position_loss:0.041308

Epoch 2: valid loss 0.13769391675614295 smaller than best loss 0.1810553397227457
-------------------------------

Epoch 2: A better checkpoint is saved into /mnt/pixstor/data/yz3qt/MUTargetCLEAN0513/result_0612/2024-06-12__21-38-10/checkpoints/best_model.pth 
-------------------------------

Epoch 2: valid position loss 0.041308175026842885 smaller than best position loss 0.054316601916823685
-------------------------------

Epoch 2: A better checkpoint is saved into /mnt/pixstor/data/yz3qt/MUTargetCLEAN0513/result_0612/2024-06-12__21-38-10/checkpoints/best_position_model.pth 
-------------------------------

Fold 0 Epoch 3 train...
-------------------------------

442 loss: 0.303349  [   16/ 3543]

442 class loss: 0.111687 position_loss:0.091005

472 loss: 0.156765  [  496/ 3543]

472 class loss: 0.064040 position_loss:0.047030

502 loss: 0.230308  [  976/ 3543]

502 class loss: 0.081701 position_loss:0.069092

532 loss: 0.107652  [ 1456/ 3543]

532 class loss: 0.044418 position_loss:0.032296

562 loss: 0.226633  [ 1936/ 3543]

562 class loss: 0.113554 position_loss:0.067990

592 loss: 0.071437  [ 2416/ 3543]

592 class loss: 0.027965 position_loss:0.021431

622 loss: 0.135951  [ 2896/ 3543]

622 class loss: 0.076669 position_loss:0.040785

652 loss: 0.209276  [ 3376/ 3543]

652 class loss: 0.133500 position_loss:0.062783

Epoch 3: train loss: 0.161073

Fold 0 Epoch 3 validation...
-------------------------------

number of test steps per epoch: 67

Epoch 3: valid loss:0.066657

Epoch 3: valid_class_loss:0.039010	valid_position_loss:0.019997

Epoch 3: valid loss 0.06665714550677306 smaller than best loss 0.13769391675614295
-------------------------------

Epoch 3: A better checkpoint is saved into /mnt/pixstor/data/yz3qt/MUTargetCLEAN0513/result_0612/2024-06-12__21-38-10/checkpoints/best_model.pth 
-------------------------------

Epoch 3: valid position loss 0.019997143652031913 smaller than best position loss 0.041308175026842885
-------------------------------

Epoch 3: A better checkpoint is saved into /mnt/pixstor/data/yz3qt/MUTargetCLEAN0513/result_0612/2024-06-12__21-38-10/checkpoints/best_position_model.pth 
-------------------------------

Fold 0 Epoch 4 train...
-------------------------------

663 loss: 0.118877  [   16/ 3543]

663 class loss: 0.082271 position_loss:0.035663

693 loss: 0.116282  [  496/ 3543]

693 class loss: 0.062861 position_loss:0.034884

723 loss: 0.093529  [  976/ 3543]

723 class loss: 0.081155 position_loss:0.028059

753 loss: 0.123406  [ 1456/ 3543]

753 class loss: 0.121013 position_loss:0.037022

783 loss: 0.023543  [ 1936/ 3543]

783 class loss: 0.023635 position_loss:0.007063

813 loss: 0.043887  [ 2416/ 3543]

813 class loss: 0.054117 position_loss:0.013166

843 loss: 0.096802  [ 2896/ 3543]

843 class loss: 0.112883 position_loss:0.029041

873 loss: 0.070438  [ 3376/ 3543]

873 class loss: 0.076253 position_loss:0.021131

Epoch 4: train loss: 0.077229

Fold 0 Epoch 4 validation...
-------------------------------

number of test steps per epoch: 67

Epoch 4: valid loss:0.045181

Epoch 4: valid_class_loss:0.034121	valid_position_loss:0.013554

Epoch 4: valid loss 0.045181202757193666 smaller than best loss 0.06665714550677306
-------------------------------

Epoch 4: A better checkpoint is saved into /mnt/pixstor/data/yz3qt/MUTargetCLEAN0513/result_0612/2024-06-12__21-38-10/checkpoints/best_model.pth 
-------------------------------

Epoch 4: valid position loss 0.013554360827158092 smaller than best position loss 0.019997143652031913
-------------------------------

Epoch 4: A better checkpoint is saved into /mnt/pixstor/data/yz3qt/MUTargetCLEAN0513/result_0612/2024-06-12__21-38-10/checkpoints/best_position_model.pth 
-------------------------------

Fold 0 Epoch 5 train...
-------------------------------

884 loss: 0.078392  [   16/ 3543]

884 class loss: 0.091543 position_loss:0.023518

914 loss: 0.033572  [  496/ 3543]

914 class loss: 0.049730 position_loss:0.010072

944 loss: 0.057964  [  976/ 3543]

944 class loss: 0.067207 position_loss:0.017389

974 loss: 0.029908  [ 1456/ 3543]

974 class loss: 0.038809 position_loss:0.008972

1004 loss: 0.026359  [ 1936/ 3543]

1004 class loss: 0.046940 position_loss:0.007908

1034 loss: 0.041808  [ 2416/ 3543]

1034 class loss: 0.023617 position_loss:0.012542

1064 loss: 0.061757  [ 2896/ 3543]

1064 class loss: 0.097789 position_loss:0.018527

1094 loss: 0.024915  [ 3376/ 3543]

1094 class loss: 0.038605 position_loss:0.007474

Epoch 5: train loss: 0.052134

Fold 0 Epoch 5 validation...
-------------------------------

number of test steps per epoch: 67

Epoch 5: valid loss:0.034003

Epoch 5: valid_class_loss:0.032934	valid_position_loss:0.010201

Epoch 5: valid loss 0.03400266792131993 smaller than best loss 0.045181202757193666
-------------------------------

Epoch 5: A better checkpoint is saved into /mnt/pixstor/data/yz3qt/MUTargetCLEAN0513/result_0612/2024-06-12__21-38-10/checkpoints/best_model.pth 
-------------------------------

Epoch 5: valid position loss 0.010200800376395985 smaller than best position loss 0.013554360827158092
-------------------------------

Epoch 5: A better checkpoint is saved into /mnt/pixstor/data/yz3qt/MUTargetCLEAN0513/result_0612/2024-06-12__21-38-10/checkpoints/best_position_model.pth 
-------------------------------

Fold 0 Epoch 6 train...
-------------------------------

1105 loss: 0.027691  [   16/ 3543]

1105 class loss: 0.092734 position_loss:0.008307

1135 loss: 0.048465  [  496/ 3543]

1135 class loss: 0.061103 position_loss:0.014540

1165 loss: 0.018621  [  976/ 3543]

1165 class loss: 0.009214 position_loss:0.005586

1195 loss: 0.018825  [ 1456/ 3543]

1195 class loss: 0.034531 position_loss:0.005648

1225 loss: 0.024265  [ 1936/ 3543]

1225 class loss: 0.058116 position_loss:0.007279

1255 loss: 0.042320  [ 2416/ 3543]

1255 class loss: 0.097647 position_loss:0.012696

1285 loss: 0.050182  [ 2896/ 3543]

1285 class loss: 0.140186 position_loss:0.015055

1315 loss: 0.039867  [ 3376/ 3543]

1315 class loss: 0.079135 position_loss:0.011960

Epoch 6: train loss: 0.042359

Fold 0 Epoch 6 validation...
-------------------------------

number of test steps per epoch: 67

Epoch 6: valid loss:0.026718

Epoch 6: valid_class_loss:0.033630	valid_position_loss:0.008015

Epoch 6: valid loss 0.026717550024568673 smaller than best loss 0.03400266792131993
-------------------------------

Epoch 6: A better checkpoint is saved into /mnt/pixstor/data/yz3qt/MUTargetCLEAN0513/result_0612/2024-06-12__21-38-10/checkpoints/best_model.pth 
-------------------------------

Epoch 6: valid position loss 0.008015265007370603 smaller than best position loss 0.010200800376395985
-------------------------------

Epoch 6: A better checkpoint is saved into /mnt/pixstor/data/yz3qt/MUTargetCLEAN0513/result_0612/2024-06-12__21-38-10/checkpoints/best_position_model.pth 
-------------------------------

Fold 0 Epoch 7 train...
-------------------------------

1326 loss: 0.058178  [   16/ 3543]

1326 class loss: 0.119369 position_loss:0.017453

1356 loss: 0.052704  [  496/ 3543]

1356 class loss: 0.076003 position_loss:0.015811

1386 loss: 0.018452  [  976/ 3543]

1386 class loss: 0.042758 position_loss:0.005536

1416 loss: 0.026393  [ 1456/ 3543]

1416 class loss: 0.082006 position_loss:0.007918

1446 loss: 0.018585  [ 1936/ 3543]

1446 class loss: 0.047797 position_loss:0.005576

1476 loss: 0.011614  [ 2416/ 3543]

1476 class loss: 0.030128 position_loss:0.003484

1506 loss: 0.013670  [ 2896/ 3543]

1506 class loss: 0.038959 position_loss:0.004101

1536 loss: 0.027635  [ 3376/ 3543]

1536 class loss: 0.027298 position_loss:0.008290

Epoch 7: train loss: 0.033197

Fold 0 Epoch 7 validation...
-------------------------------

number of test steps per epoch: 67

Epoch 7: valid loss:0.024147

Epoch 7: valid_class_loss:0.033592	valid_position_loss:0.007244

Epoch 7: valid loss 0.02414663716850455 smaller than best loss 0.026717550024568673
-------------------------------

Epoch 7: A better checkpoint is saved into /mnt/pixstor/data/yz3qt/MUTargetCLEAN0513/result_0612/2024-06-12__21-38-10/checkpoints/best_model.pth 
-------------------------------

Epoch 7: valid position loss 0.007243991150551364 smaller than best position loss 0.008015265007370603
-------------------------------

Epoch 7: A better checkpoint is saved into /mnt/pixstor/data/yz3qt/MUTargetCLEAN0513/result_0612/2024-06-12__21-38-10/checkpoints/best_position_model.pth 
-------------------------------

Fold 0 Epoch 8 train...
-------------------------------

1547 loss: 0.028009  [   16/ 3543]

1547 class loss: 0.047505 position_loss:0.008403

1577 loss: 0.017788  [  496/ 3543]

1577 class loss: 0.021100 position_loss:0.005336

1607 loss: 0.038063  [  976/ 3543]

1607 class loss: 0.063165 position_loss:0.011419

1637 loss: 0.035975  [ 1456/ 3543]

1637 class loss: 0.076963 position_loss:0.010793

1667 loss: 0.052882  [ 1936/ 3543]

1667 class loss: 0.109280 position_loss:0.015864

1697 loss: 0.027611  [ 2416/ 3543]

1697 class loss: 0.059913 position_loss:0.008283

1727 loss: 0.021943  [ 2896/ 3543]

1727 class loss: 0.056369 position_loss:0.006583

1757 loss: 0.041730  [ 3376/ 3543]

1757 class loss: 0.082617 position_loss:0.012519

Epoch 8: train loss: 0.024506

Fold 0 Epoch 8 validation...
-------------------------------

number of test steps per epoch: 67

Epoch 8: valid loss:0.020899

Epoch 8: valid_class_loss:0.036382	valid_position_loss:0.006270

Epoch 8: valid loss 0.02089871506449787 smaller than best loss 0.02414663716850455
-------------------------------

Epoch 8: A better checkpoint is saved into /mnt/pixstor/data/yz3qt/MUTargetCLEAN0513/result_0612/2024-06-12__21-38-10/checkpoints/best_model.pth 
-------------------------------

Epoch 8: valid position loss 0.006269614519349362 smaller than best position loss 0.007243991150551364
-------------------------------

Epoch 8: A better checkpoint is saved into /mnt/pixstor/data/yz3qt/MUTargetCLEAN0513/result_0612/2024-06-12__21-38-10/checkpoints/best_position_model.pth 
-------------------------------

Fold 0 Epoch 9 train...
-------------------------------

1768 loss: 0.019239  [   16/ 3543]

1768 class loss: 0.074807 position_loss:0.005772

1798 loss: 0.019718  [  496/ 3543]

1798 class loss: 0.018778 position_loss:0.005915

1828 loss: 0.035355  [  976/ 3543]

1828 class loss: 0.115741 position_loss:0.010607

1858 loss: 0.017676  [ 1456/ 3543]

1858 class loss: 0.074955 position_loss:0.005303

1888 loss: 0.023586  [ 1936/ 3543]

1888 class loss: 0.060108 position_loss:0.007076

1918 loss: 0.024232  [ 2416/ 3543]

1918 class loss: 0.073489 position_loss:0.007270

1948 loss: 0.016934  [ 2896/ 3543]

1948 class loss: 0.078082 position_loss:0.005080

1978 loss: 0.020365  [ 3376/ 3543]

1978 class loss: 0.024792 position_loss:0.006109

Epoch 9: train loss: 0.019449

Fold 0 Epoch 9 validation...
-------------------------------

number of test steps per epoch: 67

Epoch 9: valid loss:0.015638

Epoch 9: valid_class_loss:0.035077	valid_position_loss:0.004691

Epoch 9: valid loss 0.015637842503550613 smaller than best loss 0.02089871506449787
-------------------------------

Epoch 9: A better checkpoint is saved into /mnt/pixstor/data/yz3qt/MUTargetCLEAN0513/result_0612/2024-06-12__21-38-10/checkpoints/best_model.pth 
-------------------------------

Epoch 9: valid position loss 0.004691352751065184 smaller than best position loss 0.006269614519349362
-------------------------------

Epoch 9: A better checkpoint is saved into /mnt/pixstor/data/yz3qt/MUTargetCLEAN0513/result_0612/2024-06-12__21-38-10/checkpoints/best_position_model.pth 
-------------------------------

Fold 0 Epoch 10 train...
-------------------------------

1989 loss: 0.006839  [   16/ 3543]

1989 class loss: 0.033689 position_loss:0.002052

2019 loss: 0.016058  [  496/ 3543]

2019 class loss: 0.052955 position_loss:0.004818

2049 loss: 0.030101  [  976/ 3543]

2049 class loss: 0.052181 position_loss:0.009030

2079 loss: 0.004605  [ 1456/ 3543]

2079 class loss: 0.027377 position_loss:0.001381

2109 loss: 0.017571  [ 1936/ 3543]

2109 class loss: 0.098546 position_loss:0.005271

2139 loss: 0.012890  [ 2416/ 3543]

2139 class loss: 0.044683 position_loss:0.003867

2169 loss: 0.013335  [ 2896/ 3543]

2169 class loss: 0.057736 position_loss:0.004001

2199 loss: 0.022163  [ 3376/ 3543]

2199 class loss: 0.043040 position_loss:0.006649

Epoch 10: train loss: 0.016493

Fold 0 Epoch 10 validation...
-------------------------------

number of test steps per epoch: 67

Epoch 10: valid loss:0.014409

Epoch 10: valid_class_loss:0.037731	valid_position_loss:0.004323

Epoch 10: valid loss 0.014408823077893776 smaller than best loss 0.015637842503550613
-------------------------------

Epoch 10: A better checkpoint is saved into /mnt/pixstor/data/yz3qt/MUTargetCLEAN0513/result_0612/2024-06-12__21-38-10/checkpoints/best_model.pth 
-------------------------------

Epoch 10: valid position loss 0.004322646923368134 smaller than best position loss 0.004691352751065184
-------------------------------

Epoch 10: A better checkpoint is saved into /mnt/pixstor/data/yz3qt/MUTargetCLEAN0513/result_0612/2024-06-12__21-38-10/checkpoints/best_position_model.pth 
-------------------------------

Fold 0 Epoch 11 train...
-------------------------------

2210 loss: 0.015660  [   16/ 3543]

2210 class loss: 0.034926 position_loss:0.004698

2240 loss: 0.025477  [  496/ 3543]

2240 class loss: 0.031560 position_loss:0.007643

2270 loss: 0.011284  [  976/ 3543]

2270 class loss: 0.067336 position_loss:0.003385

2300 loss: 0.005402  [ 1456/ 3543]

2300 class loss: 0.029929 position_loss:0.001621

2330 loss: 0.027740  [ 1936/ 3543]

2330 class loss: 0.095837 position_loss:0.008322

2360 loss: 0.034858  [ 2416/ 3543]

2360 class loss: 0.035418 position_loss:0.010458

2390 loss: 0.025861  [ 2896/ 3543]

2390 class loss: 0.113803 position_loss:0.007758

2420 loss: 0.008866  [ 3376/ 3543]

2420 class loss: 0.059931 position_loss:0.002660

Epoch 11: train loss: 0.014215

Fold 0 Epoch 11 validation...
-------------------------------

number of test steps per epoch: 67

Epoch 11: valid loss:0.013208

Epoch 11: valid_class_loss:0.038164	valid_position_loss:0.003962

Epoch 11: valid loss 0.013207906694992807 smaller than best loss 0.014408823077893776
-------------------------------

Epoch 11: A better checkpoint is saved into /mnt/pixstor/data/yz3qt/MUTargetCLEAN0513/result_0612/2024-06-12__21-38-10/checkpoints/best_model.pth 
-------------------------------

Epoch 11: valid position loss 0.003962372008497841 smaller than best position loss 0.004322646923368134
-------------------------------

Epoch 11: A better checkpoint is saved into /mnt/pixstor/data/yz3qt/MUTargetCLEAN0513/result_0612/2024-06-12__21-38-10/checkpoints/best_position_model.pth 
-------------------------------

Fold 0 Epoch 12 train...
-------------------------------

2431 loss: 0.007402  [   16/ 3543]

2431 class loss: 0.017083 position_loss:0.002220

2461 loss: 0.002152  [  496/ 3543]

2461 class loss: 0.013418 position_loss:0.000646

2491 loss: 0.005409  [  976/ 3543]

2491 class loss: 0.022735 position_loss:0.001623

2521 loss: 0.012701  [ 1456/ 3543]

2521 class loss: 0.128639 position_loss:0.003810

2551 loss: 0.003131  [ 1936/ 3543]

2551 class loss: 0.017753 position_loss:0.000939

2581 loss: 0.008047  [ 2416/ 3543]

2581 class loss: 0.058488 position_loss:0.002414

2611 loss: 0.010061  [ 2896/ 3543]

2611 class loss: 0.038408 position_loss:0.003018

2641 loss: 0.006728  [ 3376/ 3543]

2641 class loss: 0.063942 position_loss:0.002019

Epoch 12: train loss: 0.012578

Fold 0 Epoch 12 validation...
-------------------------------

number of test steps per epoch: 67

Epoch 12: valid loss:0.011658

Epoch 12: valid_class_loss:0.038356	valid_position_loss:0.003497

Epoch 12: valid loss 0.011658306960375453 smaller than best loss 0.013207906694992807
-------------------------------

Epoch 12: A better checkpoint is saved into /mnt/pixstor/data/yz3qt/MUTargetCLEAN0513/result_0612/2024-06-12__21-38-10/checkpoints/best_model.pth 
-------------------------------

Epoch 12: valid position loss 0.0034974920881126375 smaller than best position loss 0.003962372008497841
-------------------------------

Epoch 12: A better checkpoint is saved into /mnt/pixstor/data/yz3qt/MUTargetCLEAN0513/result_0612/2024-06-12__21-38-10/checkpoints/best_position_model.pth 
-------------------------------

Fold 0 Epoch 13 train...
-------------------------------

2652 loss: 0.010768  [   16/ 3543]

2652 class loss: 0.040008 position_loss:0.003230

2682 loss: 0.022176  [  496/ 3543]

2682 class loss: 0.129444 position_loss:0.006653

2712 loss: 0.002467  [  976/ 3543]

2712 class loss: 0.013909 position_loss:0.000740

2742 loss: 0.011052  [ 1456/ 3543]

2742 class loss: 0.090411 position_loss:0.003316

2772 loss: 0.004290  [ 1936/ 3543]

2772 class loss: 0.043316 position_loss:0.001287

2802 loss: 0.019098  [ 2416/ 3543]

2802 class loss: 0.023669 position_loss:0.005729

2832 loss: 0.006564  [ 2896/ 3543]

2832 class loss: 0.046224 position_loss:0.001969

2862 loss: 0.003631  [ 3376/ 3543]

2862 class loss: 0.040313 position_loss:0.001089

Epoch 13: train loss: 0.011205

Fold 0 Epoch 13 validation...
-------------------------------

number of test steps per epoch: 67

Epoch 13: valid loss:0.010826

Epoch 13: valid_class_loss:0.038813	valid_position_loss:0.003248

Epoch 13: valid loss 0.010825678036423536 smaller than best loss 0.011658306960375453
-------------------------------

Epoch 13: A better checkpoint is saved into /mnt/pixstor/data/yz3qt/MUTargetCLEAN0513/result_0612/2024-06-12__21-38-10/checkpoints/best_model.pth 
-------------------------------

Epoch 13: valid position loss 0.003247703410927061 smaller than best position loss 0.0034974920881126375
-------------------------------

Epoch 13: A better checkpoint is saved into /mnt/pixstor/data/yz3qt/MUTargetCLEAN0513/result_0612/2024-06-12__21-38-10/checkpoints/best_position_model.pth 
-------------------------------

Fold 0 Epoch 14 train...
-------------------------------

2873 loss: 0.010672  [   16/ 3543]

2873 class loss: 0.111076 position_loss:0.003202

2903 loss: 0.011767  [  496/ 3543]

2903 class loss: 0.071157 position_loss:0.003530

2933 loss: 0.007315  [  976/ 3543]

2933 class loss: 0.044161 position_loss:0.002194

2963 loss: 0.014489  [ 1456/ 3543]

2963 class loss: 0.125713 position_loss:0.004347

2993 loss: 0.008895  [ 1936/ 3543]

2993 class loss: 0.098186 position_loss:0.002668

3023 loss: 0.004811  [ 2416/ 3543]

3023 class loss: 0.040111 position_loss:0.001443

3053 loss: 0.008901  [ 2896/ 3543]

3053 class loss: 0.044752 position_loss:0.002670

3083 loss: 0.005632  [ 3376/ 3543]

3083 class loss: 0.038301 position_loss:0.001690

Epoch 14: train loss: 0.009914

Fold 0 Epoch 14 validation...
-------------------------------

number of test steps per epoch: 67

Epoch 14: valid loss:0.010442

Epoch 14: valid_class_loss:0.038073	valid_position_loss:0.003133

Epoch 14: valid loss 0.010441840732681897 smaller than best loss 0.010825678036423536
-------------------------------

Epoch 14: A better checkpoint is saved into /mnt/pixstor/data/yz3qt/MUTargetCLEAN0513/result_0612/2024-06-12__21-38-10/checkpoints/best_model.pth 
-------------------------------

Epoch 14: valid position loss 0.0031325522198045693 smaller than best position loss 0.003247703410927061
-------------------------------

Epoch 14: A better checkpoint is saved into /mnt/pixstor/data/yz3qt/MUTargetCLEAN0513/result_0612/2024-06-12__21-38-10/checkpoints/best_position_model.pth 
-------------------------------

Fold 0 Epoch 15 train...
-------------------------------

3094 loss: 0.023757  [   16/ 3543]

3094 class loss: 0.147027 position_loss:0.007127

3124 loss: 0.015695  [  496/ 3543]

3124 class loss: 0.069015 position_loss:0.004709

3154 loss: 0.005444  [  976/ 3543]

3154 class loss: 0.039461 position_loss:0.001633

3184 loss: 0.007768  [ 1456/ 3543]

3184 class loss: 0.062737 position_loss:0.002331

3214 loss: 0.001659  [ 1936/ 3543]

3214 class loss: 0.012859 position_loss:0.000498

3244 loss: 0.014458  [ 2416/ 3543]

3244 class loss: 0.042662 position_loss:0.004338

3274 loss: 0.016867  [ 2896/ 3543]

3274 class loss: 0.031775 position_loss:0.005060

3304 loss: 0.010252  [ 3376/ 3543]

3304 class loss: 0.062577 position_loss:0.003076

Epoch 15: train loss: 0.009273

Fold 0 Epoch 15 validation...
-------------------------------

number of test steps per epoch: 67

Epoch 15: valid loss:0.009216

Epoch 15: valid_class_loss:0.040767	valid_position_loss:0.002765

Epoch 15: valid loss 0.009215696495286018 smaller than best loss 0.010441840732681897
-------------------------------

Epoch 15: A better checkpoint is saved into /mnt/pixstor/data/yz3qt/MUTargetCLEAN0513/result_0612/2024-06-12__21-38-10/checkpoints/best_model.pth 
-------------------------------

Epoch 15: valid position loss 0.0027647089485858035 smaller than best position loss 0.0031325522198045693
-------------------------------

Epoch 15: A better checkpoint is saved into /mnt/pixstor/data/yz3qt/MUTargetCLEAN0513/result_0612/2024-06-12__21-38-10/checkpoints/best_position_model.pth 
-------------------------------

Loading checkpoint from /mnt/pixstor/data/yz3qt/MUTargetCLEAN0513/result_0612/2024-06-12__21-38-10/checkpoints/best_position_model.pth

Fold 0 test
-------------------------------

===================Evaluate protein results========================

 optimized cutoffs: 

             Nucleus   ER  Peroxisome  Mitochondrion  Nucleus_export  SIGNAL  \
cutoffs_pro      0.9  0.7         0.7            0.2             0.9     0.5   
cutoffs_aa       0.4  0.1         0.1            0.1             0.2     0.1   

             chloroplast  Thylakoid  
cutoffs_pro          0.7        0.9  
cutoffs_aa           0.1        0.1  
===========================================

 Jaccard Index (protein): 

                       0
Nucleus         0.772050
ER              0.857473
Peroxisome      0.454086
Mitochondrion   0.826737
Nucleus_export  0.653717
SIGNAL          0.917330
chloroplast     0.812543
Thylakoid       0.877396
===========================================

 TPR, FPR, FNR (protein): 

                       0         1         2
Nucleus         0.870270  0.129291  0.129730
ER              0.866667  0.010658  0.133333
Peroxisome      0.461538  0.010340  0.538462
Mitochondrion   0.843750  0.023724  0.156250
Nucleus_export  0.816297  0.236748  0.183703
SIGNAL          0.930876  0.017207  0.069124
chloroplast     0.828947  0.019675  0.171053
Thylakoid       0.900000  0.024375  0.100000
===========================================

 cs acc: 

                       0
Nucleus         0.007812
ER              0.866667
Peroxisome      0.230769
Mitochondrion   0.518750
Nucleus_export  0.000000
SIGNAL          0.867896
chloroplast     0.473684
Thylakoid       0.800000
===========================================

 Class prediction performance: 

                roc_auc_score  average_precision_score  matthews_corrcoef  \
Nucleus              0.983261                 0.889656           0.748021   
ER                   0.906305                 0.558019           0.743803   
Peroxisome           0.366486                 0.132055           0.220103   
Mitochondrion        0.310294                 0.104059           0.026407   
Nucleus_export       0.971506                 0.492614           0.463551   
SIGNAL               0.917201                 0.939309           0.731829   
chloroplast          0.702111                 0.306317           0.250686   
Thylakoid            0.944719                 0.384284           0.672580   

                recall_score  precision_score  f1_score  
Nucleus             0.859375         0.709677  0.777385  
ER                  0.800000         0.705882  0.750000  
Peroxisome          0.153846         0.333333  0.210526  
Mitochondrion       0.887500         0.154516  0.263207  
Nucleus_export      0.720000         0.321429  0.444444  
SIGNAL              0.912442         0.885246  0.898638  
chloroplast         0.171053         0.464286  0.250000  
Thylakoid           0.800000         0.571429  0.666667  
===================Test protein results constrain: False========================

 optimized cutoffs: 

             Nucleus   ER  Peroxisome  Mitochondrion  Nucleus_export  SIGNAL  \
cutoffs_pro      0.9  0.7         0.7            0.2             0.9     0.5   
cutoffs_aa       0.4  0.1         0.1            0.1             0.2     0.1   

             chloroplast  Thylakoid  
cutoffs_pro          0.7        0.9  
cutoffs_aa           0.1        0.1  
===========================================

 Jaccard Index (protein): 

                       0
Nucleus         0.586333
ER              0.994149
Peroxisome      0.459402
Mitochondrion   0.756819
Nucleus_export  0.370235
SIGNAL          0.925312
chloroplast     0.803093
Thylakoid       0.875209
===========================================

 TPR, FPR, FNR (protein): 

                       0         1         2
Nucleus         0.659813  0.143384  0.340187
ER              1.000000  0.005889  0.000000
Peroxisome      0.461538  0.003081  0.538462
Mitochondrion   0.767296  0.013385  0.232704
Nucleus_export  0.462905  0.173767  0.537095
SIGNAL          0.937695  0.014573  0.062305
chloroplast     0.821918  0.023412  0.178082
Thylakoid       0.888889  0.016246  0.111111
===========================================

 cs acc: 

                       0
Nucleus         0.016529
ER              0.965517
Peroxisome      0.461538
Mitochondrion   0.327044
Nucleus_export  0.000000
SIGNAL          0.884735
chloroplast     0.424658
Thylakoid       0.777778
===========================================

 Class prediction performance: 

                roc_auc_score  average_precision_score  matthews_corrcoef  \
Nucleus              0.975224                 0.865083           0.782938   
ER                   0.968167                 0.813133           0.833314   
Peroxisome           0.472222                 0.242412           0.308379   
Mitochondrion        0.311489                 0.103270           0.051211   
Nucleus_export       0.945814                 0.258172           0.368328   
SIGNAL               0.905003                 0.923144           0.726431   
chloroplast          0.711869                 0.221312           0.230007   
Thylakoid            0.992472                 0.524109           0.619734   

                recall_score  precision_score  f1_score  
Nucleus             0.892562         0.734694  0.805970  
ER                  0.793103         0.884615  0.836364  
Peroxisome          0.230769         0.428571  0.300000  
Mitochondrion       0.893082         0.158129  0.268685  
Nucleus_export      0.640000         0.238806  0.347826  
SIGNAL              0.909657         0.880845  0.895019  
chloroplast         0.178082         0.393939  0.245283  
Thylakoid           0.777778         0.500000  0.608696  
===================Test protein results constrain: True========================

 optimized cutoffs: 

             Nucleus   ER  Peroxisome  Mitochondrion  Nucleus_export  SIGNAL  \
cutoffs_pro      0.9  0.7         0.7            0.2             0.9     0.5   
cutoffs_aa       0.4  0.1         0.1            0.1             0.2     0.1   

             chloroplast  Thylakoid  
cutoffs_pro          0.7        0.9  
cutoffs_aa           0.1        0.1  
===========================================

 Jaccard Index (protein): 

                       0
Nucleus         0.568407
ER              0.788404
Peroxisome      0.228633
Mitochondrion   0.738064
Nucleus_export  0.327623
SIGNAL          0.853916
chloroplast     0.160609
Thylakoid       0.654631
===========================================

 TPR, FPR, FNR (protein): 

                       0         1         2
Nucleus         0.639979  0.137438  0.252583
ER              0.793103  0.004731  0.000000
Peroxisome      0.230769  0.002166  0.000000
Mitochondrion   0.748428  0.013023  0.144654
Nucleus_export  0.411000  0.150085  0.229000
SIGNAL          0.866044  0.013749  0.043614
chloroplast     0.164384  0.004154  0.013699
Thylakoid       0.666667  0.014590  0.111111
===========================================

 cs acc: 

                       0
Nucleus         0.018519
ER              0.956522
Peroxisome      1.000000
Mitochondrion   0.366197
Nucleus_export  0.000000
SIGNAL          0.907534
chloroplast     0.615385
Thylakoid       0.714286
===========================================

 Class prediction performance: 

                roc_auc_score  average_precision_score  matthews_corrcoef  \
Nucleus              0.975224                 0.865083           0.782938   
ER                   0.968167                 0.813133           0.833314   
Peroxisome           0.472222                 0.242412           0.308379   
Mitochondrion        0.311489                 0.103270           0.051211   
Nucleus_export       0.945814                 0.258172           0.368328   
SIGNAL               0.905003                 0.923144           0.726431   
chloroplast          0.711869                 0.221312           0.230007   
Thylakoid            0.992472                 0.524109           0.619734   

                recall_score  precision_score  f1_score  
Nucleus             0.892562         0.734694  0.805970  
ER                  0.793103         0.884615  0.836364  
Peroxisome          0.230769         0.428571  0.300000  
Mitochondrion       0.893082         0.158129  0.268685  
Nucleus_export      0.640000         0.238806  0.347826  
SIGNAL              0.909657         0.880845  0.895019  
chloroplast         0.178082         0.393939  0.245283  
Thylakoid           0.777778         0.500000  0.608696  




Comparable Test Data
-------------------------------

===================Test protein results constrain: False========================

 optimized cutoffs: 

             Nucleus   ER  Peroxisome  Mitochondrion  Nucleus_export  SIGNAL  \
cutoffs_pro      0.9  0.7         0.7            0.2             0.9     0.5   
cutoffs_aa       0.4  0.1         0.1            0.1             0.2     0.1   

             chloroplast  Thylakoid  
cutoffs_pro          0.7        0.9  
cutoffs_aa           0.1        0.1  
===========================================

 Jaccard Index (protein): 

                       0
Nucleus         0.928270
ER                   NaN
Peroxisome           NaN
Mitochondrion        NaN
Nucleus_export  0.455055
SIGNAL               NaN
chloroplast          NaN
Thylakoid            NaN
===========================================

 TPR, FPR, FNR (protein): 

                       0         1         2
Nucleus         1.000000  0.078130  0.000000
ER                   NaN       NaN       NaN
Peroxisome           NaN       NaN       NaN
Mitochondrion        NaN       NaN       NaN
Nucleus_export  0.566667  0.252048  0.433333
SIGNAL               NaN       NaN       NaN
chloroplast          NaN       NaN       NaN
Thylakoid            NaN       NaN       NaN
===========================================

 cs acc: 

                  0
Nucleus         0.0
ER              NaN
Peroxisome      NaN
Mitochondrion   NaN
Nucleus_export  0.0
SIGNAL          NaN
chloroplast     NaN
Thylakoid       NaN
===========================================

 Class prediction performance: 

                roc_auc_score  average_precision_score  matthews_corrcoef  \
Nucleus              0.666667                     0.75                0.0   
ER                        NaN                    -0.00                0.0   
Peroxisome                NaN                    -0.00                0.0   
Mitochondrion             NaN                    -0.00                0.0   
Nucleus_export            NaN                     1.00                0.0   
SIGNAL                    NaN                    -0.00                0.0   
chloroplast               NaN                    -0.00                0.0   
Thylakoid                 NaN                    -0.00                0.0   

                recall_score  precision_score  f1_score  
Nucleus                  1.0              0.4  0.571429  
ER                       0.0              0.0  0.000000  
Peroxisome               0.0              0.0  0.000000  
Mitochondrion            0.0              0.0  0.000000  
Nucleus_export           0.8              1.0  0.888889  
SIGNAL                   0.0              0.0  0.000000  
chloroplast              0.0              0.0  0.000000  
Thylakoid                0.0              0.0  0.000000  
===================Test protein results constrain: True========================

 optimized cutoffs: 

             Nucleus   ER  Peroxisome  Mitochondrion  Nucleus_export  SIGNAL  \
cutoffs_pro      0.9  0.7         0.7            0.2             0.9     0.5   
cutoffs_aa       0.4  0.1         0.1            0.1             0.2     0.1   

             chloroplast  Thylakoid  
cutoffs_pro          0.7        0.9  
cutoffs_aa           0.1        0.1  
===========================================

 Jaccard Index (protein): 

                       0
Nucleus         0.928270
ER                   NaN
Peroxisome           NaN
Mitochondrion        NaN
Nucleus_export  0.311577
SIGNAL               NaN
chloroplast          NaN
Thylakoid            NaN
===========================================

 TPR, FPR, FNR (protein): 

                  0         1    2
Nucleus         1.0  0.078130  0.0
ER              NaN       NaN  NaN
Peroxisome      NaN       NaN  NaN
Mitochondrion   NaN       NaN  NaN
Nucleus_export  0.4  0.219725  0.4
SIGNAL          NaN       NaN  NaN
chloroplast     NaN       NaN  NaN
Thylakoid       NaN       NaN  NaN
===========================================

 cs acc: 

                  0
Nucleus         0.0
ER              NaN
Peroxisome      NaN
Mitochondrion   NaN
Nucleus_export  0.0
SIGNAL          NaN
chloroplast     NaN
Thylakoid       NaN
===========================================

 Class prediction performance: 

                roc_auc_score  average_precision_score  matthews_corrcoef  \
Nucleus              0.666667                     0.75                0.0   
ER                        NaN                    -0.00                0.0   
Peroxisome                NaN                    -0.00                0.0   
Mitochondrion             NaN                    -0.00                0.0   
Nucleus_export            NaN                     1.00                0.0   
SIGNAL                    NaN                    -0.00                0.0   
chloroplast               NaN                    -0.00                0.0   
Thylakoid                 NaN                    -0.00                0.0   

                recall_score  precision_score  f1_score  
Nucleus                  1.0              0.4  0.571429  
ER                       0.0              0.0  0.000000  
Peroxisome               0.0              0.0  0.000000  
Mitochondrion            0.0              0.0  0.000000  
Nucleus_export           0.8              1.0  0.888889  
SIGNAL                   0.0              0.0  0.000000  
chloroplast              0.0              0.0  0.000000  
Thylakoid                0.0              0.0  0.000000  
