use k-fold index: 0

Done Loading data

number of steps for training data: 221

number of steps for valid data: 67

number of steps for test data: 67

Done initialize tokenizer

trainable params: 39950470 || all params: 652949531 || trainable%: 6.118462163349038

Done initialize model

preparing optimizer is done

number of train steps per epoch: 221

Start training...

Fold 0 Epoch 1 train...
-------------------------------

0 loss: 0.096554  [   16/ 3543]

0 class loss: 0.026852 position_loss:0.024139

30 loss: 0.334815  [  496/ 3543]

30 class loss: 0.111610 position_loss:0.083704

60 loss: 0.067284  [  976/ 3543]

60 class loss: 0.019323 position_loss:0.016821

90 loss: 0.579266  [ 1456/ 3543]

90 class loss: 0.160272 position_loss:0.144817

120 loss: 0.468485  [ 1936/ 3543]

120 class loss: 0.120832 position_loss:0.117121

150 loss: 0.276839  [ 2416/ 3543]

150 class loss: 0.079505 position_loss:0.069210

180 loss: 0.338075  [ 2896/ 3543]

180 class loss: 0.095144 position_loss:0.084519

210 loss: 0.709483  [ 3376/ 3543]

210 class loss: 0.197699 position_loss:0.177371

Epoch 1: train loss: 0.365088

Fold 0 Epoch 1 validation...
-------------------------------

number of test steps per epoch: 67

Epoch 1: valid loss:0.217266

Epoch 1: valid_class_loss:0.059276	valid_position_loss:0.054317

Epoch 1: valid loss 0.2172663446010181 smaller than best loss inf
-------------------------------

Epoch 1: A better checkpoint is saved into /mnt/pixstor/data/yz3qt/MUTargetCLEAN0513/result_0612/2024-06-13__05-47-58/checkpoints/best_model.pth 
-------------------------------

Epoch 1: valid position loss 0.054316586150254524 smaller than best position loss inf
-------------------------------

Epoch 1: A better checkpoint is saved into /mnt/pixstor/data/yz3qt/MUTargetCLEAN0513/result_0612/2024-06-13__05-47-58/checkpoints/best_position_model.pth 
-------------------------------

Fold 0 Epoch 2 train...
-------------------------------

221 loss: 0.174557  [   16/ 3543]

221 class loss: 0.051200 position_loss:0.043639

251 loss: 0.053043  [  496/ 3543]

251 class loss: 0.015028 position_loss:0.013261

281 loss: 0.471912  [  976/ 3543]

281 class loss: 0.154728 position_loss:0.117978

311 loss: 0.431680  [ 1456/ 3543]

311 class loss: 0.134401 position_loss:0.107920

341 loss: 0.335075  [ 1936/ 3543]

341 class loss: 0.085656 position_loss:0.083769

371 loss: 0.274820  [ 2416/ 3543]

371 class loss: 0.082942 position_loss:0.068705

401 loss: 0.160060  [ 2896/ 3543]

401 class loss: 0.047334 position_loss:0.040015

431 loss: 0.239181  [ 3376/ 3543]

431 class loss: 0.068039 position_loss:0.059795

Epoch 2: train loss: 0.316176

Fold 0 Epoch 2 validation...
-------------------------------

number of test steps per epoch: 67

Epoch 2: valid loss:0.165232

Epoch 2: valid_class_loss:0.049604	valid_position_loss:0.041308

Epoch 2: valid loss 0.16523230804656655 smaller than best loss 0.2172663446010181
-------------------------------

Epoch 2: A better checkpoint is saved into /mnt/pixstor/data/yz3qt/MUTargetCLEAN0513/result_0612/2024-06-13__05-47-58/checkpoints/best_model.pth 
-------------------------------

Epoch 2: valid position loss 0.04130807701164164 smaller than best position loss 0.054316586150254524
-------------------------------

Epoch 2: A better checkpoint is saved into /mnt/pixstor/data/yz3qt/MUTargetCLEAN0513/result_0612/2024-06-13__05-47-58/checkpoints/best_position_model.pth 
-------------------------------

Fold 0 Epoch 3 train...
-------------------------------

442 loss: 0.364017  [   16/ 3543]

442 class loss: 0.111686 position_loss:0.091004

472 loss: 0.188117  [  496/ 3543]

472 class loss: 0.064040 position_loss:0.047029

502 loss: 0.276368  [  976/ 3543]

502 class loss: 0.081702 position_loss:0.069092

532 loss: 0.129181  [ 1456/ 3543]

532 class loss: 0.044417 position_loss:0.032295

562 loss: 0.271954  [ 1936/ 3543]

562 class loss: 0.113554 position_loss:0.067988

592 loss: 0.085722  [ 2416/ 3543]

592 class loss: 0.027966 position_loss:0.021431

622 loss: 0.163135  [ 2896/ 3543]

622 class loss: 0.076669 position_loss:0.040784

652 loss: 0.251123  [ 3376/ 3543]

652 class loss: 0.133493 position_loss:0.062781

Epoch 3: train loss: 0.193285

Fold 0 Epoch 3 validation...
-------------------------------

number of test steps per epoch: 67

Epoch 3: valid loss:0.079985

Epoch 3: valid_class_loss:0.039008	valid_position_loss:0.019996

Epoch 3: valid loss 0.07998501987652341 smaller than best loss 0.16523230804656655
-------------------------------

Epoch 3: A better checkpoint is saved into /mnt/pixstor/data/yz3qt/MUTargetCLEAN0513/result_0612/2024-06-13__05-47-58/checkpoints/best_model.pth 
-------------------------------

Epoch 3: valid position loss 0.019996254969130853 smaller than best position loss 0.04130807701164164
-------------------------------

Epoch 3: A better checkpoint is saved into /mnt/pixstor/data/yz3qt/MUTargetCLEAN0513/result_0612/2024-06-13__05-47-58/checkpoints/best_position_model.pth 
-------------------------------

Fold 0 Epoch 4 train...
-------------------------------

663 loss: 0.142648  [   16/ 3543]

663 class loss: 0.082258 position_loss:0.035662

693 loss: 0.139538  [  496/ 3543]

693 class loss: 0.062863 position_loss:0.034884

723 loss: 0.112236  [  976/ 3543]

723 class loss: 0.081150 position_loss:0.028059

753 loss: 0.148091  [ 1456/ 3543]

753 class loss: 0.121020 position_loss:0.037023

783 loss: 0.028252  [ 1936/ 3543]

783 class loss: 0.023635 position_loss:0.007063

813 loss: 0.052666  [ 2416/ 3543]

813 class loss: 0.054123 position_loss:0.013166

843 loss: 0.116159  [ 2896/ 3543]

843 class loss: 0.112897 position_loss:0.029040

873 loss: 0.084525  [ 3376/ 3543]

873 class loss: 0.076243 position_loss:0.021131

Epoch 4: train loss: 0.092675

Fold 0 Epoch 4 validation...
-------------------------------

number of test steps per epoch: 67

Epoch 4: valid loss:0.054211

Epoch 4: valid_class_loss:0.034119	valid_position_loss:0.013553

Epoch 4: valid loss 0.05421109982916007 smaller than best loss 0.07998501987652341
-------------------------------

Epoch 4: A better checkpoint is saved into /mnt/pixstor/data/yz3qt/MUTargetCLEAN0513/result_0612/2024-06-13__05-47-58/checkpoints/best_model.pth 
-------------------------------

Epoch 4: valid position loss 0.013552774957290018 smaller than best position loss 0.019996254969130853
-------------------------------

Epoch 4: A better checkpoint is saved into /mnt/pixstor/data/yz3qt/MUTargetCLEAN0513/result_0612/2024-06-13__05-47-58/checkpoints/best_position_model.pth 
-------------------------------

Fold 0 Epoch 5 train...
-------------------------------

884 loss: 0.094070  [   16/ 3543]

884 class loss: 0.091538 position_loss:0.023517

914 loss: 0.040287  [  496/ 3543]

914 class loss: 0.049727 position_loss:0.010072

944 loss: 0.069559  [  976/ 3543]

944 class loss: 0.067201 position_loss:0.017390

974 loss: 0.035893  [ 1456/ 3543]

974 class loss: 0.038813 position_loss:0.008973

1004 loss: 0.031641  [ 1936/ 3543]

1004 class loss: 0.046932 position_loss:0.007910

1034 loss: 0.050196  [ 2416/ 3543]

1034 class loss: 0.023607 position_loss:0.012549

1064 loss: 0.074077  [ 2896/ 3543]

1064 class loss: 0.097689 position_loss:0.018519

1094 loss: 0.029898  [ 3376/ 3543]

1094 class loss: 0.038577 position_loss:0.007475

Epoch 5: train loss: 0.062561

Fold 0 Epoch 5 validation...
-------------------------------

number of test steps per epoch: 67

Epoch 5: valid loss:0.040778

Epoch 5: valid_class_loss:0.032945	valid_position_loss:0.010195

Epoch 5: valid loss 0.04077840613344568 smaller than best loss 0.05421109982916007
-------------------------------

Epoch 5: A better checkpoint is saved into /mnt/pixstor/data/yz3qt/MUTargetCLEAN0513/result_0612/2024-06-13__05-47-58/checkpoints/best_model.pth 
-------------------------------

Epoch 5: valid position loss 0.01019460153336142 smaller than best position loss 0.013552774957290018
-------------------------------

Epoch 5: A better checkpoint is saved into /mnt/pixstor/data/yz3qt/MUTargetCLEAN0513/result_0612/2024-06-13__05-47-58/checkpoints/best_position_model.pth 
-------------------------------

Fold 0 Epoch 6 train...
-------------------------------

1105 loss: 0.033229  [   16/ 3543]

1105 class loss: 0.092864 position_loss:0.008307

1135 loss: 0.058156  [  496/ 3543]

1135 class loss: 0.061206 position_loss:0.014539

1165 loss: 0.022348  [  976/ 3543]

1165 class loss: 0.009203 position_loss:0.005587

1195 loss: 0.022585  [ 1456/ 3543]

1195 class loss: 0.034330 position_loss:0.005646

1225 loss: 0.029112  [ 1936/ 3543]

1225 class loss: 0.058196 position_loss:0.007278

1255 loss: 0.050771  [ 2416/ 3543]

1255 class loss: 0.097604 position_loss:0.012693

1285 loss: 0.060157  [ 2896/ 3543]

1285 class loss: 0.140399 position_loss:0.015039

1315 loss: 0.047834  [ 3376/ 3543]

1315 class loss: 0.079206 position_loss:0.011958

Epoch 6: train loss: 0.050845

Fold 0 Epoch 6 validation...
-------------------------------

number of test steps per epoch: 67

Epoch 6: valid loss:0.032307

Epoch 6: valid_class_loss:0.033626	valid_position_loss:0.008077

Epoch 6: valid loss 0.03230717945472324 smaller than best loss 0.04077840613344568
-------------------------------

Epoch 6: A better checkpoint is saved into /mnt/pixstor/data/yz3qt/MUTargetCLEAN0513/result_0612/2024-06-13__05-47-58/checkpoints/best_model.pth 
-------------------------------

Epoch 6: valid position loss 0.00807679486368081 smaller than best position loss 0.01019460153336142
-------------------------------

Epoch 6: A better checkpoint is saved into /mnt/pixstor/data/yz3qt/MUTargetCLEAN0513/result_0612/2024-06-13__05-47-58/checkpoints/best_position_model.pth 
-------------------------------

Fold 0 Epoch 7 train...
-------------------------------

1326 loss: 0.069987  [   16/ 3543]

1326 class loss: 0.119327 position_loss:0.017497

1356 loss: 0.063624  [  496/ 3543]

1356 class loss: 0.076097 position_loss:0.015906

1386 loss: 0.022256  [  976/ 3543]

1386 class loss: 0.042749 position_loss:0.005564

1416 loss: 0.031718  [ 1456/ 3543]

1416 class loss: 0.082171 position_loss:0.007929

1446 loss: 0.022425  [ 1936/ 3543]

1446 class loss: 0.047812 position_loss:0.005606

1476 loss: 0.013970  [ 2416/ 3543]

1476 class loss: 0.030141 position_loss:0.003493

1506 loss: 0.016405  [ 2896/ 3543]

1506 class loss: 0.038890 position_loss:0.004101

1536 loss: 0.033395  [ 3376/ 3543]

1536 class loss: 0.027507 position_loss:0.008349

Epoch 7: train loss: 0.039982

Fold 0 Epoch 7 validation...
-------------------------------

number of test steps per epoch: 67

Epoch 7: valid loss:0.029167

Epoch 7: valid_class_loss:0.033567	valid_position_loss:0.007292

Epoch 7: valid loss 0.029166652843182494 smaller than best loss 0.03230717945472324
-------------------------------

Epoch 7: A better checkpoint is saved into /mnt/pixstor/data/yz3qt/MUTargetCLEAN0513/result_0612/2024-06-13__05-47-58/checkpoints/best_model.pth 
-------------------------------

Epoch 7: valid position loss 0.0072916632107956235 smaller than best position loss 0.00807679486368081
-------------------------------

Epoch 7: A better checkpoint is saved into /mnt/pixstor/data/yz3qt/MUTargetCLEAN0513/result_0612/2024-06-13__05-47-58/checkpoints/best_position_model.pth 
-------------------------------

Fold 0 Epoch 8 train...
-------------------------------

1547 loss: 0.033560  [   16/ 3543]

1547 class loss: 0.047531 position_loss:0.008390

1577 loss: 0.021422  [  496/ 3543]

1577 class loss: 0.021083 position_loss:0.005356

1607 loss: 0.045743  [  976/ 3543]

1607 class loss: 0.063017 position_loss:0.011436

1637 loss: 0.043064  [ 1456/ 3543]

1637 class loss: 0.076506 position_loss:0.010766

1667 loss: 0.063595  [ 1936/ 3543]

1667 class loss: 0.109232 position_loss:0.015899

1697 loss: 0.033219  [ 2416/ 3543]

1697 class loss: 0.059904 position_loss:0.008305

1727 loss: 0.026421  [ 2896/ 3543]

1727 class loss: 0.056352 position_loss:0.006605

1757 loss: 0.050150  [ 3376/ 3543]

1757 class loss: 0.082569 position_loss:0.012537

Epoch 8: train loss: 0.029438

Fold 0 Epoch 8 validation...
-------------------------------

number of test steps per epoch: 67

Epoch 8: valid loss:0.025190

Epoch 8: valid_class_loss:0.036431	valid_position_loss:0.006297

Epoch 8: valid loss 0.025189548889626198 smaller than best loss 0.029166652843182494
-------------------------------

Epoch 8: A better checkpoint is saved into /mnt/pixstor/data/yz3qt/MUTargetCLEAN0513/result_0612/2024-06-13__05-47-58/checkpoints/best_model.pth 
-------------------------------

Epoch 8: valid position loss 0.0062973872224065496 smaller than best position loss 0.0072916632107956235
-------------------------------

Epoch 8: A better checkpoint is saved into /mnt/pixstor/data/yz3qt/MUTargetCLEAN0513/result_0612/2024-06-13__05-47-58/checkpoints/best_position_model.pth 
-------------------------------

Fold 0 Epoch 9 train...
-------------------------------

1768 loss: 0.023100  [   16/ 3543]

1768 class loss: 0.074841 position_loss:0.005775

1798 loss: 0.023689  [  496/ 3543]

1798 class loss: 0.018803 position_loss:0.005922

1828 loss: 0.042412  [  976/ 3543]

1828 class loss: 0.115833 position_loss:0.010603

1858 loss: 0.021211  [ 1456/ 3543]

1858 class loss: 0.075047 position_loss:0.005303

1888 loss: 0.028273  [ 1936/ 3543]

1888 class loss: 0.060159 position_loss:0.007068

1918 loss: 0.029175  [ 2416/ 3543]

1918 class loss: 0.073355 position_loss:0.007294

1948 loss: 0.020309  [ 2896/ 3543]

1948 class loss: 0.078023 position_loss:0.005077

1978 loss: 0.024429  [ 3376/ 3543]

1978 class loss: 0.024797 position_loss:0.006107

Epoch 9: train loss: 0.023340

Fold 0 Epoch 9 validation...
-------------------------------

number of test steps per epoch: 67

Epoch 9: valid loss:0.018782

Epoch 9: valid_class_loss:0.035072	valid_position_loss:0.004695

Epoch 9: valid loss 0.018781955906219585 smaller than best loss 0.025189548889626198
-------------------------------

Epoch 9: A better checkpoint is saved into /mnt/pixstor/data/yz3qt/MUTargetCLEAN0513/result_0612/2024-06-13__05-47-58/checkpoints/best_model.pth 
-------------------------------

Epoch 9: valid position loss 0.004695488976554896 smaller than best position loss 0.0062973872224065496
-------------------------------

Epoch 9: A better checkpoint is saved into /mnt/pixstor/data/yz3qt/MUTargetCLEAN0513/result_0612/2024-06-13__05-47-58/checkpoints/best_position_model.pth 
-------------------------------

Fold 0 Epoch 10 train...
-------------------------------

1989 loss: 0.008202  [   16/ 3543]

1989 class loss: 0.033673 position_loss:0.002050

2019 loss: 0.019247  [  496/ 3543]

2019 class loss: 0.052925 position_loss:0.004812

2049 loss: 0.036168  [  976/ 3543]

2049 class loss: 0.052077 position_loss:0.009042

2079 loss: 0.005525  [ 1456/ 3543]

2079 class loss: 0.027401 position_loss:0.001381

2109 loss: 0.021111  [ 1936/ 3543]

2109 class loss: 0.098430 position_loss:0.005278

2139 loss: 0.015456  [ 2416/ 3543]

2139 class loss: 0.044700 position_loss:0.003864

2169 loss: 0.016002  [ 2896/ 3543]

2169 class loss: 0.057853 position_loss:0.004000

2199 loss: 0.026607  [ 3376/ 3543]

2199 class loss: 0.043093 position_loss:0.006652

Epoch 10: train loss: 0.019794

Fold 0 Epoch 10 validation...
-------------------------------

number of test steps per epoch: 67

Epoch 10: valid loss:0.017304

Epoch 10: valid_class_loss:0.037741	valid_position_loss:0.004326

Epoch 10: valid loss 0.017303621236303364 smaller than best loss 0.018781955906219585
-------------------------------

Epoch 10: A better checkpoint is saved into /mnt/pixstor/data/yz3qt/MUTargetCLEAN0513/result_0612/2024-06-13__05-47-58/checkpoints/best_model.pth 
-------------------------------

Epoch 10: valid position loss 0.004325905309075841 smaller than best position loss 0.004695488976554896
-------------------------------

Epoch 10: A better checkpoint is saved into /mnt/pixstor/data/yz3qt/MUTargetCLEAN0513/result_0612/2024-06-13__05-47-58/checkpoints/best_position_model.pth 
-------------------------------

Fold 0 Epoch 11 train...
-------------------------------

2210 loss: 0.018819  [   16/ 3543]

2210 class loss: 0.034908 position_loss:0.004705

2240 loss: 0.030569  [  496/ 3543]

2240 class loss: 0.031603 position_loss:0.007642

2270 loss: 0.013544  [  976/ 3543]

2270 class loss: 0.067340 position_loss:0.003386

2300 loss: 0.006485  [ 1456/ 3543]

2300 class loss: 0.029916 position_loss:0.001621

2330 loss: 0.033271  [ 1936/ 3543]

2330 class loss: 0.095860 position_loss:0.008318

2360 loss: 0.041783  [ 2416/ 3543]

2360 class loss: 0.035399 position_loss:0.010446

2390 loss: 0.031067  [ 2896/ 3543]

2390 class loss: 0.113821 position_loss:0.007767

2420 loss: 0.010638  [ 3376/ 3543]

2420 class loss: 0.059902 position_loss:0.002660

Epoch 11: train loss: 0.017058

Fold 0 Epoch 11 validation...
-------------------------------

number of test steps per epoch: 67

Epoch 11: valid loss:0.015856

Epoch 11: valid_class_loss:0.038164	valid_position_loss:0.003964

Epoch 11: valid loss 0.01585593190575838 smaller than best loss 0.017303621236303364
-------------------------------

Epoch 11: A better checkpoint is saved into /mnt/pixstor/data/yz3qt/MUTargetCLEAN0513/result_0612/2024-06-13__05-47-58/checkpoints/best_model.pth 
-------------------------------

Epoch 11: valid position loss 0.003963982976439595 smaller than best position loss 0.004325905309075841
-------------------------------

Epoch 11: A better checkpoint is saved into /mnt/pixstor/data/yz3qt/MUTargetCLEAN0513/result_0612/2024-06-13__05-47-58/checkpoints/best_position_model.pth 
-------------------------------

Fold 0 Epoch 12 train...
-------------------------------

2431 loss: 0.008882  [   16/ 3543]

2431 class loss: 0.017103 position_loss:0.002221

2461 loss: 0.002582  [  496/ 3543]

2461 class loss: 0.013421 position_loss:0.000646

2491 loss: 0.006491  [  976/ 3543]

2491 class loss: 0.022739 position_loss:0.001623

2521 loss: 0.015243  [ 1456/ 3543]

2521 class loss: 0.128655 position_loss:0.003811

2551 loss: 0.003759  [ 1936/ 3543]

2551 class loss: 0.017749 position_loss:0.000940

2581 loss: 0.009659  [ 2416/ 3543]

2581 class loss: 0.058396 position_loss:0.002415

2611 loss: 0.012079  [ 2896/ 3543]

2611 class loss: 0.038455 position_loss:0.003020

2641 loss: 0.008075  [ 3376/ 3543]

2641 class loss: 0.063975 position_loss:0.002019

Epoch 12: train loss: 0.015092

Fold 0 Epoch 12 validation...
-------------------------------

number of test steps per epoch: 67

Epoch 12: valid loss:0.013988

Epoch 12: valid_class_loss:0.038360	valid_position_loss:0.003497

Epoch 12: valid loss 0.01398772082481346 smaller than best loss 0.01585593190575838
-------------------------------

Epoch 12: A better checkpoint is saved into /mnt/pixstor/data/yz3qt/MUTargetCLEAN0513/result_0612/2024-06-13__05-47-58/checkpoints/best_model.pth 
-------------------------------

Epoch 12: valid position loss 0.003496930206203365 smaller than best position loss 0.003963982976439595
-------------------------------

Epoch 12: A better checkpoint is saved into /mnt/pixstor/data/yz3qt/MUTargetCLEAN0513/result_0612/2024-06-13__05-47-58/checkpoints/best_position_model.pth 
-------------------------------

Fold 0 Epoch 13 train...
-------------------------------

2652 loss: 0.012918  [   16/ 3543]

2652 class loss: 0.040005 position_loss:0.003229

2682 loss: 0.026644  [  496/ 3543]

2682 class loss: 0.129558 position_loss:0.006661

2712 loss: 0.002959  [  976/ 3543]

2712 class loss: 0.013894 position_loss:0.000740

2742 loss: 0.013271  [ 1456/ 3543]

2742 class loss: 0.090463 position_loss:0.003318

2772 loss: 0.005148  [ 1936/ 3543]

2772 class loss: 0.043313 position_loss:0.001287

2802 loss: 0.022809  [ 2416/ 3543]

2802 class loss: 0.023662 position_loss:0.005702

2832 loss: 0.007877  [ 2896/ 3543]

2832 class loss: 0.046200 position_loss:0.001969

2862 loss: 0.004357  [ 3376/ 3543]

2862 class loss: 0.040301 position_loss:0.001089

Epoch 13: train loss: 0.013445

Fold 0 Epoch 13 validation...
-------------------------------

number of test steps per epoch: 67

Epoch 13: valid loss:0.012997

Epoch 13: valid_class_loss:0.038848	valid_position_loss:0.003249

Epoch 13: valid loss 0.012996838849769808 smaller than best loss 0.01398772082481346
-------------------------------

Epoch 13: A better checkpoint is saved into /mnt/pixstor/data/yz3qt/MUTargetCLEAN0513/result_0612/2024-06-13__05-47-58/checkpoints/best_model.pth 
-------------------------------

Epoch 13: valid position loss 0.003249209712442452 smaller than best position loss 0.003496930206203365
-------------------------------

Epoch 13: A better checkpoint is saved into /mnt/pixstor/data/yz3qt/MUTargetCLEAN0513/result_0612/2024-06-13__05-47-58/checkpoints/best_position_model.pth 
-------------------------------

Fold 0 Epoch 14 train...
-------------------------------

2873 loss: 0.012814  [   16/ 3543]

2873 class loss: 0.111089 position_loss:0.003203

2903 loss: 0.014139  [  496/ 3543]

2903 class loss: 0.071099 position_loss:0.003535

2933 loss: 0.008780  [  976/ 3543]

2933 class loss: 0.044187 position_loss:0.002195

2963 loss: 0.017391  [ 1456/ 3543]

2963 class loss: 0.125673 position_loss:0.004348

2993 loss: 0.010676  [ 1936/ 3543]

2993 class loss: 0.098187 position_loss:0.002669

3023 loss: 0.005764  [ 2416/ 3543]

3023 class loss: 0.040093 position_loss:0.001441

3053 loss: 0.010664  [ 2896/ 3543]

3053 class loss: 0.044814 position_loss:0.002666

3083 loss: 0.006778  [ 3376/ 3543]

3083 class loss: 0.038281 position_loss:0.001694

Epoch 14: train loss: 0.011895

Fold 0 Epoch 14 validation...
-------------------------------

number of test steps per epoch: 67

Epoch 14: valid loss:0.012510

Epoch 14: valid_class_loss:0.038040	valid_position_loss:0.003127

Epoch 14: valid loss 0.012509586650645036 smaller than best loss 0.012996838849769808
-------------------------------

Epoch 14: A better checkpoint is saved into /mnt/pixstor/data/yz3qt/MUTargetCLEAN0513/result_0612/2024-06-13__05-47-58/checkpoints/best_model.pth 
-------------------------------

Epoch 14: valid position loss 0.003127396662661259 smaller than best position loss 0.003249209712442452
-------------------------------

Epoch 14: A better checkpoint is saved into /mnt/pixstor/data/yz3qt/MUTargetCLEAN0513/result_0612/2024-06-13__05-47-58/checkpoints/best_position_model.pth 
-------------------------------

Fold 0 Epoch 15 train...
-------------------------------

3094 loss: 0.028476  [   16/ 3543]

3094 class loss: 0.146934 position_loss:0.007119

3124 loss: 0.018807  [  496/ 3543]

3124 class loss: 0.069014 position_loss:0.004702

3154 loss: 0.006540  [  976/ 3543]

3154 class loss: 0.039418 position_loss:0.001635

3184 loss: 0.009325  [ 1456/ 3543]

3184 class loss: 0.062686 position_loss:0.002331

3214 loss: 0.001991  [ 1936/ 3543]

3214 class loss: 0.012863 position_loss:0.000498

3244 loss: 0.017395  [ 2416/ 3543]

3244 class loss: 0.042674 position_loss:0.004349

3274 loss: 0.020139  [ 2896/ 3543]

3274 class loss: 0.031701 position_loss:0.005035

3304 loss: 0.012336  [ 3376/ 3543]

3304 class loss: 0.062535 position_loss:0.003084

Epoch 15: train loss: 0.011127

Fold 0 Epoch 15 validation...
-------------------------------

number of test steps per epoch: 67

Epoch 15: valid loss:0.011044

Epoch 15: valid_class_loss:0.040722	valid_position_loss:0.002761

Epoch 15: valid loss 0.01104387312063789 smaller than best loss 0.012509586650645036
-------------------------------

Epoch 15: A better checkpoint is saved into /mnt/pixstor/data/yz3qt/MUTargetCLEAN0513/result_0612/2024-06-13__05-47-58/checkpoints/best_model.pth 
-------------------------------

Epoch 15: valid position loss 0.0027609682801594724 smaller than best position loss 0.003127396662661259
-------------------------------

Epoch 15: A better checkpoint is saved into /mnt/pixstor/data/yz3qt/MUTargetCLEAN0513/result_0612/2024-06-13__05-47-58/checkpoints/best_position_model.pth 
-------------------------------

Loading checkpoint from /mnt/pixstor/data/yz3qt/MUTargetCLEAN0513/result_0612/2024-06-13__05-47-58/checkpoints/best_position_model.pth

Fold 0 test
-------------------------------

===================Evaluate protein results========================

 optimized cutoffs: 

             Nucleus   ER  Peroxisome  Mitochondrion  Nucleus_export  SIGNAL  \
cutoffs_pro      0.9  0.7         0.7            0.2             0.9     0.5   
cutoffs_aa       0.4  0.1         0.1            0.1             0.2     0.1   

             chloroplast  Thylakoid  
cutoffs_pro          0.7        0.9  
cutoffs_aa           0.1        0.1  
===========================================

 Jaccard Index (protein): 

                       0
Nucleus         0.772361
ER              0.857473
Peroxisome      0.454086
Mitochondrion   0.826737
Nucleus_export  0.653776
SIGNAL          0.917321
chloroplast     0.812585
Thylakoid       0.877396
===========================================

 TPR, FPR, FNR (protein): 

                       0         1         2
Nucleus         0.870270  0.128804  0.129730
ER              0.866667  0.010658  0.133333
Peroxisome      0.461538  0.010340  0.538462
Mitochondrion   0.843750  0.023822  0.156250
Nucleus_export  0.816297  0.236575  0.183703
SIGNAL          0.930876  0.017212  0.069124
chloroplast     0.828947  0.019570  0.171053
Thylakoid       0.900000  0.024375  0.100000
===========================================

 cs acc: 

                       0
Nucleus         0.007812
ER              0.866667
Peroxisome      0.230769
Mitochondrion   0.518750
Nucleus_export  0.000000
SIGNAL          0.866359
chloroplast     0.473684
Thylakoid       0.800000
===========================================

 Class prediction performance: 

                roc_auc_score  average_precision_score  matthews_corrcoef  \
Nucleus              0.983261                 0.889448           0.748021   
ER                   0.906305                 0.558019           0.743803   
Peroxisome           0.365972                 0.132044           0.220103   
Mitochondrion        0.310752                 0.104111           0.027492   
Nucleus_export       0.971660                 0.493775           0.463551   
SIGNAL               0.917099                 0.939270           0.731829   
chloroplast          0.702578                 0.307190           0.250686   
Thylakoid            0.944244                 0.384230           0.672580   

                recall_score  precision_score  f1_score  
Nucleus             0.859375         0.709677  0.777385  
ER                  0.800000         0.705882  0.750000  
Peroxisome          0.153846         0.333333  0.210526  
Mitochondrion       0.887500         0.154684  0.263451  
Nucleus_export      0.720000         0.321429  0.444444  
SIGNAL              0.912442         0.885246  0.898638  
chloroplast         0.171053         0.464286  0.250000  
Thylakoid           0.800000         0.571429  0.666667  
===================Test protein results constrain: False========================

 optimized cutoffs: 

             Nucleus   ER  Peroxisome  Mitochondrion  Nucleus_export  SIGNAL  \
cutoffs_pro      0.9  0.7         0.7            0.2             0.9     0.5   
cutoffs_aa       0.4  0.1         0.1            0.1             0.2     0.1   

             chloroplast  Thylakoid  
cutoffs_pro          0.7        0.9  
cutoffs_aa           0.1        0.1  
===========================================

 Jaccard Index (protein): 

                       0
Nucleus         0.585192
ER              0.994149
Peroxisome      0.459402
Mitochondrion   0.756887
Nucleus_export  0.370361
SIGNAL          0.925288
chloroplast     0.803106
Thylakoid       0.875209
===========================================

 TPR, FPR, FNR (protein): 

                       0         1         2
Nucleus         0.658470  0.143091  0.341530
ER              1.000000  0.005889  0.000000
Peroxisome      0.461538  0.003081  0.538462
Mitochondrion   0.767296  0.013316  0.232704
Nucleus_export  0.462905  0.173467  0.537095
SIGNAL          0.937695  0.014608  0.062305
chloroplast     0.821918  0.023363  0.178082
Thylakoid       0.888889  0.016246  0.111111
===========================================

 cs acc: 

                       0
Nucleus         0.016529
ER              0.965517
Peroxisome      0.461538
Mitochondrion   0.327044
Nucleus_export  0.000000
SIGNAL          0.884735
chloroplast     0.424658
Thylakoid       0.777778
===========================================

 Class prediction performance: 

                roc_auc_score  average_precision_score  matthews_corrcoef  \
Nucleus              0.975101                 0.864627           0.786169   
ER                   0.967832                 0.813028           0.833314   
Peroxisome           0.470675                 0.242323           0.308379   
Mitochondrion        0.311734                 0.103297           0.052190   
Nucleus_export       0.945698                 0.258307           0.371529   
SIGNAL               0.905011                 0.923253           0.726431   
chloroplast          0.712231                 0.221871           0.230007   
Thylakoid            0.992366                 0.512998           0.619734   

                recall_score  precision_score  f1_score  
Nucleus             0.892562         0.739726  0.808989  
ER                  0.793103         0.884615  0.836364  
Peroxisome          0.230769         0.428571  0.300000  
Mitochondrion       0.893082         0.158305  0.268939  
Nucleus_export      0.640000         0.242424  0.351648  
SIGNAL              0.909657         0.880845  0.895019  
chloroplast         0.178082         0.393939  0.245283  
Thylakoid           0.777778         0.500000  0.608696  
===================Test protein results constrain: True========================

 optimized cutoffs: 

             Nucleus   ER  Peroxisome  Mitochondrion  Nucleus_export  SIGNAL  \
cutoffs_pro      0.9  0.7         0.7            0.2             0.9     0.5   
cutoffs_aa       0.4  0.1         0.1            0.1             0.2     0.1   

             chloroplast  Thylakoid  
cutoffs_pro          0.7        0.9  
cutoffs_aa           0.1        0.1  
===========================================

 Jaccard Index (protein): 

                       0
Nucleus         0.568092
ER              0.788404
Peroxisome      0.228633
Mitochondrion   0.738110
Nucleus_export  0.327776
SIGNAL          0.853891
chloroplast     0.160643
Thylakoid       0.654631
===========================================

 TPR, FPR, FNR (protein): 

                       0         1         2
Nucleus         0.639462  0.137145  0.253100
ER              0.793103  0.004731  0.000000
Peroxisome      0.230769  0.002166  0.000000
Mitochondrion   0.748428  0.012976  0.144654
Nucleus_export  0.411000  0.149693  0.229000
SIGNAL          0.866044  0.013783  0.043614
chloroplast     0.164384  0.004120  0.013699
Thylakoid       0.666667  0.014590  0.111111
===========================================

 cs acc: 

                       0
Nucleus         0.018519
ER              0.956522
Peroxisome      1.000000
Mitochondrion   0.366197
Nucleus_export  0.000000
SIGNAL          0.907534
chloroplast     0.615385
Thylakoid       0.714286
===========================================

 Class prediction performance: 

                roc_auc_score  average_precision_score  matthews_corrcoef  \
Nucleus              0.975101                 0.864627           0.786169   
ER                   0.967832                 0.813028           0.833314   
Peroxisome           0.470675                 0.242323           0.308379   
Mitochondrion        0.311734                 0.103297           0.052190   
Nucleus_export       0.945698                 0.258307           0.371529   
SIGNAL               0.905011                 0.923253           0.726431   
chloroplast          0.712231                 0.221871           0.230007   
Thylakoid            0.992366                 0.512998           0.619734   

                recall_score  precision_score  f1_score  
Nucleus             0.892562         0.739726  0.808989  
ER                  0.793103         0.884615  0.836364  
Peroxisome          0.230769         0.428571  0.300000  
Mitochondrion       0.893082         0.158305  0.268939  
Nucleus_export      0.640000         0.242424  0.351648  
SIGNAL              0.909657         0.880845  0.895019  
chloroplast         0.178082         0.393939  0.245283  
Thylakoid           0.777778         0.500000  0.608696  




Comparable Test Data
-------------------------------

===================Test protein results constrain: False========================

 optimized cutoffs: 

             Nucleus   ER  Peroxisome  Mitochondrion  Nucleus_export  SIGNAL  \
cutoffs_pro      0.9  0.7         0.7            0.2             0.9     0.5   
cutoffs_aa       0.4  0.1         0.1            0.1             0.2     0.1   

             chloroplast  Thylakoid  
cutoffs_pro          0.7        0.9  
cutoffs_aa           0.1        0.1  
===========================================

 Jaccard Index (protein): 

                       0
Nucleus         0.927727
ER                   NaN
Peroxisome           NaN
Mitochondrion        NaN
Nucleus_export  0.455430
SIGNAL               NaN
chloroplast          NaN
Thylakoid            NaN
===========================================

 TPR, FPR, FNR (protein): 

                       0         1         2
Nucleus         1.000000  0.078727  0.000000
ER                   NaN       NaN       NaN
Peroxisome           NaN       NaN       NaN
Mitochondrion        NaN       NaN       NaN
Nucleus_export  0.566667  0.251152  0.433333
SIGNAL               NaN       NaN       NaN
chloroplast          NaN       NaN       NaN
Thylakoid            NaN       NaN       NaN
===========================================

 cs acc: 

                  0
Nucleus         0.0
ER              NaN
Peroxisome      NaN
Mitochondrion   NaN
Nucleus_export  0.0
SIGNAL          NaN
chloroplast     NaN
Thylakoid       NaN
===========================================

 Class prediction performance: 

                roc_auc_score  average_precision_score  matthews_corrcoef  \
Nucleus              0.666667                     0.75                0.0   
ER                        NaN                    -0.00                0.0   
Peroxisome                NaN                    -0.00                0.0   
Mitochondrion             NaN                    -0.00                0.0   
Nucleus_export            NaN                     1.00                0.0   
SIGNAL                    NaN                    -0.00                0.0   
chloroplast               NaN                    -0.00                0.0   
Thylakoid                 NaN                    -0.00                0.0   

                recall_score  precision_score  f1_score  
Nucleus                  1.0              0.4  0.571429  
ER                       0.0              0.0  0.000000  
Peroxisome               0.0              0.0  0.000000  
Mitochondrion            0.0              0.0  0.000000  
Nucleus_export           0.8              1.0  0.888889  
SIGNAL                   0.0              0.0  0.000000  
chloroplast              0.0              0.0  0.000000  
Thylakoid                0.0              0.0  0.000000  
===================Test protein results constrain: True========================

 optimized cutoffs: 

             Nucleus   ER  Peroxisome  Mitochondrion  Nucleus_export  SIGNAL  \
cutoffs_pro      0.9  0.7         0.7            0.2             0.9     0.5   
cutoffs_aa       0.4  0.1         0.1            0.1             0.2     0.1   

             chloroplast  Thylakoid  
cutoffs_pro          0.7        0.9  
cutoffs_aa           0.1        0.1  
===========================================

 Jaccard Index (protein): 

                       0
Nucleus         0.927727
ER                   NaN
Peroxisome           NaN
Mitochondrion        NaN
Nucleus_export  0.311952
SIGNAL               NaN
chloroplast          NaN
Thylakoid            NaN
===========================================

 TPR, FPR, FNR (protein): 

                  0         1    2
Nucleus         1.0  0.078727  0.0
ER              NaN       NaN  NaN
Peroxisome      NaN       NaN  NaN
Mitochondrion   NaN       NaN  NaN
Nucleus_export  0.4  0.218828  0.4
SIGNAL          NaN       NaN  NaN
chloroplast     NaN       NaN  NaN
Thylakoid       NaN       NaN  NaN
===========================================

 cs acc: 

                  0
Nucleus         0.0
ER              NaN
Peroxisome      NaN
Mitochondrion   NaN
Nucleus_export  0.0
SIGNAL          NaN
chloroplast     NaN
Thylakoid       NaN
===========================================

 Class prediction performance: 

                roc_auc_score  average_precision_score  matthews_corrcoef  \
Nucleus              0.666667                     0.75                0.0   
ER                        NaN                    -0.00                0.0   
Peroxisome                NaN                    -0.00                0.0   
Mitochondrion             NaN                    -0.00                0.0   
Nucleus_export            NaN                     1.00                0.0   
SIGNAL                    NaN                    -0.00                0.0   
chloroplast               NaN                    -0.00                0.0   
Thylakoid                 NaN                    -0.00                0.0   

                recall_score  precision_score  f1_score  
Nucleus                  1.0              0.4  0.571429  
ER                       0.0              0.0  0.000000  
Peroxisome               0.0              0.0  0.000000  
Mitochondrion            0.0              0.0  0.000000  
Nucleus_export           0.8              1.0  0.888889  
SIGNAL                   0.0              0.0  0.000000  
chloroplast              0.0              0.0  0.000000  
Thylakoid                0.0              0.0  0.000000  
