use k-fold index: 0

Done Loading data

number of steps for training data: 221

number of steps for valid data: 67

number of steps for test data: 67

Done initialize tokenizer

trainable params: 39950470 || all params: 652949531 || trainable%: 6.118462163349038

Done initialize model

preparing optimizer is done

number of train steps per epoch: 221

Start training...

Fold 0 Epoch 1 train...
-------------------------------

0 loss: 0.120693  [   16/ 3543]

0 class loss: 0.026852 position_loss:0.024139

30 loss: 0.418519  [  496/ 3543]

30 class loss: 0.111611 position_loss:0.083704

60 loss: 0.084105  [  976/ 3543]

60 class loss: 0.019324 position_loss:0.016821

90 loss: 0.724083  [ 1456/ 3543]

90 class loss: 0.160273 position_loss:0.144817

120 loss: 0.585599  [ 1936/ 3543]

120 class loss: 0.120831 position_loss:0.117120

150 loss: 0.346049  [ 2416/ 3543]

150 class loss: 0.079507 position_loss:0.069210

180 loss: 0.422594  [ 2896/ 3543]

180 class loss: 0.095146 position_loss:0.084519

210 loss: 0.886854  [ 3376/ 3543]

210 class loss: 0.197700 position_loss:0.177371

Epoch 1: train loss: 0.456360

Fold 0 Epoch 1 validation...
-------------------------------

number of test steps per epoch: 67

Epoch 1: valid loss:0.271583

Epoch 1: valid_class_loss:0.059276	valid_position_loss:0.054317

Epoch 1: valid loss 0.2715827923749149 smaller than best loss inf
-------------------------------

Epoch 1: A better checkpoint is saved into /mnt/pixstor/data/yz3qt/MUTargetCLEAN0513/result_0610/2024-06-11__04-47-03/checkpoints/best_model.pth 
-------------------------------

Epoch 1: valid position loss 0.05431655847498298 smaller than best position loss inf
-------------------------------

Epoch 1: A better checkpoint is saved into /mnt/pixstor/data/yz3qt/MUTargetCLEAN0513/result_0610/2024-06-11__04-47-03/checkpoints/best_position_model.pth 
-------------------------------

Fold 0 Epoch 2 train...
-------------------------------

221 loss: 0.218197  [   16/ 3543]

221 class loss: 0.051200 position_loss:0.043639

251 loss: 0.066304  [  496/ 3543]

251 class loss: 0.015028 position_loss:0.013261

281 loss: 0.589889  [  976/ 3543]

281 class loss: 0.154734 position_loss:0.117978

311 loss: 0.539601  [ 1456/ 3543]

311 class loss: 0.134399 position_loss:0.107920

341 loss: 0.418844  [ 1936/ 3543]

341 class loss: 0.085656 position_loss:0.083769

371 loss: 0.343525  [ 2416/ 3543]

371 class loss: 0.082941 position_loss:0.068705

401 loss: 0.200076  [ 2896/ 3543]

401 class loss: 0.047335 position_loss:0.040015

431 loss: 0.298976  [ 3376/ 3543]

431 class loss: 0.068039 position_loss:0.059795

Epoch 2: train loss: 0.395219

Fold 0 Epoch 2 validation...
-------------------------------

number of test steps per epoch: 67

Epoch 2: valid loss:0.206540

Epoch 2: valid_class_loss:0.049604	valid_position_loss:0.041308

Epoch 2: valid loss 0.20654013784067296 smaller than best loss 0.2715827923749149
-------------------------------

Epoch 2: A better checkpoint is saved into /mnt/pixstor/data/yz3qt/MUTargetCLEAN0513/result_0610/2024-06-11__04-47-03/checkpoints/best_model.pth 
-------------------------------

Epoch 2: valid position loss 0.04130802756813462 smaller than best position loss 0.05431655847498298
-------------------------------

Epoch 2: A better checkpoint is saved into /mnt/pixstor/data/yz3qt/MUTargetCLEAN0513/result_0610/2024-06-11__04-47-03/checkpoints/best_position_model.pth 
-------------------------------

Fold 0 Epoch 3 train...
-------------------------------

442 loss: 0.455023  [   16/ 3543]

442 class loss: 0.111688 position_loss:0.091005

472 loss: 0.235147  [  496/ 3543]

472 class loss: 0.064041 position_loss:0.047029

502 loss: 0.345460  [  976/ 3543]

502 class loss: 0.081701 position_loss:0.069092

532 loss: 0.161477  [ 1456/ 3543]

532 class loss: 0.044416 position_loss:0.032295

562 loss: 0.339948  [ 1936/ 3543]

562 class loss: 0.113555 position_loss:0.067990

592 loss: 0.107154  [ 2416/ 3543]

592 class loss: 0.027965 position_loss:0.021431

622 loss: 0.203927  [ 2896/ 3543]

622 class loss: 0.076673 position_loss:0.040785

652 loss: 0.313906  [ 3376/ 3543]

652 class loss: 0.133519 position_loss:0.062781

Epoch 3: train loss: 0.241609

Fold 0 Epoch 3 validation...
-------------------------------

number of test steps per epoch: 67

Epoch 3: valid loss:0.099984

Epoch 3: valid_class_loss:0.039006	valid_position_loss:0.019997

Epoch 3: valid loss 0.09998422144573162 smaller than best loss 0.20654013784067296
-------------------------------

Epoch 3: A better checkpoint is saved into /mnt/pixstor/data/yz3qt/MUTargetCLEAN0513/result_0610/2024-06-11__04-47-03/checkpoints/best_model.pth 
-------------------------------

Epoch 3: valid position loss 0.019996844289146325 smaller than best position loss 0.04130802756813462
-------------------------------

Epoch 3: A better checkpoint is saved into /mnt/pixstor/data/yz3qt/MUTargetCLEAN0513/result_0610/2024-06-11__04-47-03/checkpoints/best_position_model.pth 
-------------------------------

Fold 0 Epoch 4 train...
-------------------------------

663 loss: 0.178316  [   16/ 3543]

663 class loss: 0.082255 position_loss:0.035663

693 loss: 0.174420  [  496/ 3543]

693 class loss: 0.062857 position_loss:0.034884

723 loss: 0.140295  [  976/ 3543]

723 class loss: 0.081156 position_loss:0.028059

753 loss: 0.185105  [ 1456/ 3543]

753 class loss: 0.121001 position_loss:0.037021

783 loss: 0.035314  [ 1936/ 3543]

783 class loss: 0.023638 position_loss:0.007063

813 loss: 0.065830  [ 2416/ 3543]

813 class loss: 0.054132 position_loss:0.013166

843 loss: 0.145191  [ 2896/ 3543]

843 class loss: 0.112900 position_loss:0.029038

873 loss: 0.105661  [ 3376/ 3543]

873 class loss: 0.076248 position_loss:0.021132

Epoch 4: train loss: 0.115844

Fold 0 Epoch 4 validation...
-------------------------------

number of test steps per epoch: 67

Epoch 4: valid loss:0.067758

Epoch 4: valid_class_loss:0.034071	valid_position_loss:0.013552

Epoch 4: valid loss 0.06775770048083717 smaller than best loss 0.09998422144573162
-------------------------------

Epoch 4: A better checkpoint is saved into /mnt/pixstor/data/yz3qt/MUTargetCLEAN0513/result_0610/2024-06-11__04-47-03/checkpoints/best_model.pth 
-------------------------------

Epoch 4: valid position loss 0.013551540096167434 smaller than best position loss 0.019996844289146325
-------------------------------

Epoch 4: A better checkpoint is saved into /mnt/pixstor/data/yz3qt/MUTargetCLEAN0513/result_0610/2024-06-11__04-47-03/checkpoints/best_position_model.pth 
-------------------------------

Fold 0 Epoch 5 train...
-------------------------------

884 loss: 0.117638  [   16/ 3543]

884 class loss: 0.091565 position_loss:0.023528

914 loss: 0.050363  [  496/ 3543]

914 class loss: 0.049723 position_loss:0.010073

944 loss: 0.086949  [  976/ 3543]

944 class loss: 0.067237 position_loss:0.017390

974 loss: 0.044862  [ 1456/ 3543]

974 class loss: 0.038804 position_loss:0.008972

1004 loss: 0.039548  [ 1936/ 3543]

1004 class loss: 0.046943 position_loss:0.007910

1034 loss: 0.062742  [ 2416/ 3543]

1034 class loss: 0.023622 position_loss:0.012548

1064 loss: 0.092599  [ 2896/ 3543]

1064 class loss: 0.097726 position_loss:0.018520

1094 loss: 0.037372  [ 3376/ 3543]

1094 class loss: 0.038600 position_loss:0.007474

Epoch 5: train loss: 0.078200

Fold 0 Epoch 5 validation...
-------------------------------

number of test steps per epoch: 67

Epoch 5: valid loss:0.050980

Epoch 5: valid_class_loss:0.032938	valid_position_loss:0.010196

Epoch 5: valid loss 0.05097985218247788 smaller than best loss 0.06775770048083717
-------------------------------

Epoch 5: A better checkpoint is saved into /mnt/pixstor/data/yz3qt/MUTargetCLEAN0513/result_0610/2024-06-11__04-47-03/checkpoints/best_model.pth 
-------------------------------

Epoch 5: valid position loss 0.010195970436495578 smaller than best position loss 0.013551540096167434
-------------------------------

Epoch 5: A better checkpoint is saved into /mnt/pixstor/data/yz3qt/MUTargetCLEAN0513/result_0610/2024-06-11__04-47-03/checkpoints/best_position_model.pth 
-------------------------------

Fold 0 Epoch 6 train...
-------------------------------

1105 loss: 0.041540  [   16/ 3543]

1105 class loss: 0.092739 position_loss:0.008308

1135 loss: 0.072678  [  496/ 3543]

1135 class loss: 0.061096 position_loss:0.014536

1165 loss: 0.027907  [  976/ 3543]

1165 class loss: 0.009215 position_loss:0.005581

1195 loss: 0.028225  [ 1456/ 3543]

1195 class loss: 0.034327 position_loss:0.005645

1225 loss: 0.036394  [ 1936/ 3543]

1225 class loss: 0.058131 position_loss:0.007279

1255 loss: 0.063477  [ 2416/ 3543]

1255 class loss: 0.097639 position_loss:0.012695

1285 loss: 0.075219  [ 2896/ 3543]

1285 class loss: 0.140307 position_loss:0.015044

1315 loss: 0.059810  [ 3376/ 3543]

1315 class loss: 0.079171 position_loss:0.011962

Epoch 6: train loss: 0.063545

Fold 0 Epoch 6 validation...
-------------------------------

number of test steps per epoch: 67

Epoch 6: valid loss:0.040281

Epoch 6: valid_class_loss:0.033646	valid_position_loss:0.008056

Epoch 6: valid loss 0.04028094543343646 smaller than best loss 0.05097985218247788
-------------------------------

Epoch 6: A better checkpoint is saved into /mnt/pixstor/data/yz3qt/MUTargetCLEAN0513/result_0610/2024-06-11__04-47-03/checkpoints/best_model.pth 
-------------------------------

Epoch 6: valid position loss 0.00805618908668729 smaller than best position loss 0.010195970436495578
-------------------------------

Epoch 6: A better checkpoint is saved into /mnt/pixstor/data/yz3qt/MUTargetCLEAN0513/result_0610/2024-06-11__04-47-03/checkpoints/best_position_model.pth 
-------------------------------

Fold 0 Epoch 7 train...
-------------------------------

1326 loss: 0.087384  [   16/ 3543]

1326 class loss: 0.119368 position_loss:0.017477

1356 loss: 0.079339  [  496/ 3543]

1356 class loss: 0.076327 position_loss:0.015868

1386 loss: 0.027736  [  976/ 3543]

1386 class loss: 0.042760 position_loss:0.005547

1416 loss: 0.039638  [ 1456/ 3543]

1416 class loss: 0.082149 position_loss:0.007928

1446 loss: 0.027968  [ 1936/ 3543]

1446 class loss: 0.047799 position_loss:0.005594

1476 loss: 0.017462  [ 2416/ 3543]

1476 class loss: 0.030140 position_loss:0.003492

1506 loss: 0.020506  [ 2896/ 3543]

1506 class loss: 0.038923 position_loss:0.004101

1536 loss: 0.041598  [ 3376/ 3543]

1536 class loss: 0.027325 position_loss:0.008320

Epoch 7: train loss: 0.049908

Fold 0 Epoch 7 validation...
-------------------------------

number of test steps per epoch: 67

Epoch 7: valid loss:0.036267

Epoch 7: valid_class_loss:0.033560	valid_position_loss:0.007253

Epoch 7: valid loss 0.036267482352647824 smaller than best loss 0.04028094543343646
-------------------------------

Epoch 7: A better checkpoint is saved into /mnt/pixstor/data/yz3qt/MUTargetCLEAN0513/result_0610/2024-06-11__04-47-03/checkpoints/best_model.pth 
-------------------------------

Epoch 7: valid position loss 0.007253496470529567 smaller than best position loss 0.00805618908668729
-------------------------------

Epoch 7: A better checkpoint is saved into /mnt/pixstor/data/yz3qt/MUTargetCLEAN0513/result_0610/2024-06-11__04-47-03/checkpoints/best_position_model.pth 
-------------------------------

Fold 0 Epoch 8 train...
-------------------------------

1547 loss: 0.042013  [   16/ 3543]

1547 class loss: 0.047497 position_loss:0.008403

1577 loss: 0.026760  [  496/ 3543]

1577 class loss: 0.021084 position_loss:0.005352

1607 loss: 0.057125  [  976/ 3543]

1607 class loss: 0.063052 position_loss:0.011425

1637 loss: 0.053924  [ 1456/ 3543]

1637 class loss: 0.076699 position_loss:0.010785

1667 loss: 0.079324  [ 1936/ 3543]

1667 class loss: 0.109288 position_loss:0.015865

1697 loss: 0.041409  [ 2416/ 3543]

1697 class loss: 0.059847 position_loss:0.008282

1727 loss: 0.032919  [ 2896/ 3543]

1727 class loss: 0.056345 position_loss:0.006584

1757 loss: 0.062580  [ 3376/ 3543]

1757 class loss: 0.082648 position_loss:0.012516

Epoch 8: train loss: 0.036766

Fold 0 Epoch 8 validation...
-------------------------------

number of test steps per epoch: 67

Epoch 8: valid loss:0.031349

Epoch 8: valid_class_loss:0.036386	valid_position_loss:0.006270

Epoch 8: valid loss 0.031349371291407725 smaller than best loss 0.036267482352647824
-------------------------------

Epoch 8: A better checkpoint is saved into /mnt/pixstor/data/yz3qt/MUTargetCLEAN0513/result_0610/2024-06-11__04-47-03/checkpoints/best_model.pth 
-------------------------------

Epoch 8: valid position loss 0.006269874258281544 smaller than best position loss 0.007253496470529567
-------------------------------

Epoch 8: A better checkpoint is saved into /mnt/pixstor/data/yz3qt/MUTargetCLEAN0513/result_0610/2024-06-11__04-47-03/checkpoints/best_position_model.pth 
-------------------------------

Fold 0 Epoch 9 train...
-------------------------------

1768 loss: 0.028863  [   16/ 3543]

1768 class loss: 0.074791 position_loss:0.005773

1798 loss: 0.029595  [  496/ 3543]

1798 class loss: 0.018758 position_loss:0.005919

1828 loss: 0.053038  [  976/ 3543]

1828 class loss: 0.115756 position_loss:0.010608

1858 loss: 0.026493  [ 1456/ 3543]

1858 class loss: 0.074843 position_loss:0.005299

1888 loss: 0.035410  [ 1936/ 3543]

1888 class loss: 0.060113 position_loss:0.007082

1918 loss: 0.036370  [ 2416/ 3543]

1918 class loss: 0.073424 position_loss:0.007274

1948 loss: 0.025386  [ 2896/ 3543]

1948 class loss: 0.078058 position_loss:0.005077

1978 loss: 0.030536  [ 3376/ 3543]

1978 class loss: 0.024804 position_loss:0.006107

Epoch 9: train loss: 0.029174

Fold 0 Epoch 9 validation...
-------------------------------

number of test steps per epoch: 67

Epoch 9: valid loss:0.023453

Epoch 9: valid_class_loss:0.035081	valid_position_loss:0.004691

Epoch 9: valid loss 0.02345275565777098 smaller than best loss 0.031349371291407725
-------------------------------

Epoch 9: A better checkpoint is saved into /mnt/pixstor/data/yz3qt/MUTargetCLEAN0513/result_0610/2024-06-11__04-47-03/checkpoints/best_model.pth 
-------------------------------

Epoch 9: valid position loss 0.004690551131554194 smaller than best position loss 0.006269874258281544
-------------------------------

Epoch 9: A better checkpoint is saved into /mnt/pixstor/data/yz3qt/MUTargetCLEAN0513/result_0610/2024-06-11__04-47-03/checkpoints/best_position_model.pth 
-------------------------------

Fold 0 Epoch 10 train...
-------------------------------

1989 loss: 0.010253  [   16/ 3543]

1989 class loss: 0.033704 position_loss:0.002051

2019 loss: 0.024065  [  496/ 3543]

2019 class loss: 0.052896 position_loss:0.004813

2049 loss: 0.045135  [  976/ 3543]

2049 class loss: 0.052113 position_loss:0.009027

2079 loss: 0.006906  [ 1456/ 3543]

2079 class loss: 0.027365 position_loss:0.001381

2109 loss: 0.026321  [ 1936/ 3543]

2109 class loss: 0.098432 position_loss:0.005264

2139 loss: 0.019320  [ 2416/ 3543]

2139 class loss: 0.044664 position_loss:0.003864

2169 loss: 0.020003  [ 2896/ 3543]

2169 class loss: 0.057805 position_loss:0.004001

2199 loss: 0.033221  [ 3376/ 3543]

2199 class loss: 0.043060 position_loss:0.006644

Epoch 10: train loss: 0.024737

Fold 0 Epoch 10 validation...
-------------------------------

number of test steps per epoch: 67

Epoch 10: valid loss:0.021588

Epoch 10: valid_class_loss:0.037713	valid_position_loss:0.004318

Epoch 10: valid loss 0.021587722670859857 smaller than best loss 0.02345275565777098
-------------------------------

Epoch 10: A better checkpoint is saved into /mnt/pixstor/data/yz3qt/MUTargetCLEAN0513/result_0610/2024-06-11__04-47-03/checkpoints/best_model.pth 
-------------------------------

Epoch 10: valid position loss 0.004317544534171972 smaller than best position loss 0.004690551131554194
-------------------------------

Epoch 10: A better checkpoint is saved into /mnt/pixstor/data/yz3qt/MUTargetCLEAN0513/result_0610/2024-06-11__04-47-03/checkpoints/best_position_model.pth 
-------------------------------

Fold 0 Epoch 11 train...
-------------------------------

2210 loss: 0.023418  [   16/ 3543]

2210 class loss: 0.034904 position_loss:0.004684

2240 loss: 0.038156  [  496/ 3543]

2240 class loss: 0.031645 position_loss:0.007631

2270 loss: 0.016926  [  976/ 3543]

2270 class loss: 0.067319 position_loss:0.003385

2300 loss: 0.008111  [ 1456/ 3543]

2300 class loss: 0.029938 position_loss:0.001622

2330 loss: 0.041659  [ 1936/ 3543]

2330 class loss: 0.095841 position_loss:0.008332

2360 loss: 0.052209  [ 2416/ 3543]

2360 class loss: 0.035388 position_loss:0.010442

2390 loss: 0.038760  [ 2896/ 3543]

2390 class loss: 0.113835 position_loss:0.007752

2420 loss: 0.013299  [ 3376/ 3543]

2420 class loss: 0.059927 position_loss:0.002660

Epoch 11: train loss: 0.021321

Fold 0 Epoch 11 validation...
-------------------------------

number of test steps per epoch: 67

Epoch 11: valid loss:0.019813

Epoch 11: valid_class_loss:0.038172	valid_position_loss:0.003963

Epoch 11: valid loss 0.019812722722330218 smaller than best loss 0.021587722670859857
-------------------------------

Epoch 11: A better checkpoint is saved into /mnt/pixstor/data/yz3qt/MUTargetCLEAN0513/result_0610/2024-06-11__04-47-03/checkpoints/best_model.pth 
-------------------------------

Epoch 11: valid position loss 0.003962544544466046 smaller than best position loss 0.004317544534171972
-------------------------------

Epoch 11: A better checkpoint is saved into /mnt/pixstor/data/yz3qt/MUTargetCLEAN0513/result_0610/2024-06-11__04-47-03/checkpoints/best_position_model.pth 
-------------------------------

Fold 0 Epoch 12 train...
-------------------------------

2431 loss: 0.011112  [   16/ 3543]

2431 class loss: 0.017090 position_loss:0.002222

2461 loss: 0.003227  [  496/ 3543]

2461 class loss: 0.013419 position_loss:0.000645

2491 loss: 0.008112  [  976/ 3543]

2491 class loss: 0.022763 position_loss:0.001622

2521 loss: 0.019047  [ 1456/ 3543]

2521 class loss: 0.128650 position_loss:0.003809

2551 loss: 0.004697  [ 1936/ 3543]

2551 class loss: 0.017748 position_loss:0.000939

2581 loss: 0.012070  [ 2416/ 3543]

2581 class loss: 0.058459 position_loss:0.002414

2611 loss: 0.015088  [ 2896/ 3543]

2611 class loss: 0.038437 position_loss:0.003018

2641 loss: 0.010088  [ 3376/ 3543]

2641 class loss: 0.063954 position_loss:0.002018

Epoch 12: train loss: 0.018863

Fold 0 Epoch 12 validation...
-------------------------------

number of test steps per epoch: 67

Epoch 12: valid loss:0.017481

Epoch 12: valid_class_loss:0.038360	valid_position_loss:0.003496

Epoch 12: valid loss 0.01748117922518961 smaller than best loss 0.019812722722330218
-------------------------------

Epoch 12: A better checkpoint is saved into /mnt/pixstor/data/yz3qt/MUTargetCLEAN0513/result_0610/2024-06-11__04-47-03/checkpoints/best_model.pth 
-------------------------------

Epoch 12: valid position loss 0.0034962358450379206 smaller than best position loss 0.003962544544466046
-------------------------------

Epoch 12: A better checkpoint is saved into /mnt/pixstor/data/yz3qt/MUTargetCLEAN0513/result_0610/2024-06-11__04-47-03/checkpoints/best_position_model.pth 
-------------------------------

Fold 0 Epoch 13 train...
-------------------------------

2652 loss: 0.016152  [   16/ 3543]

2652 class loss: 0.040066 position_loss:0.003230

2682 loss: 0.033276  [  496/ 3543]

2682 class loss: 0.129526 position_loss:0.006655

2712 loss: 0.003700  [  976/ 3543]

2712 class loss: 0.013908 position_loss:0.000740

2742 loss: 0.016562  [ 1456/ 3543]

2742 class loss: 0.090470 position_loss:0.003312

2772 loss: 0.006433  [ 1936/ 3543]

2772 class loss: 0.043327 position_loss:0.001287

2802 loss: 0.028655  [ 2416/ 3543]

2802 class loss: 0.023659 position_loss:0.005731

2832 loss: 0.009845  [ 2896/ 3543]

2832 class loss: 0.046248 position_loss:0.001969

2862 loss: 0.005445  [ 3376/ 3543]

2862 class loss: 0.040322 position_loss:0.001089

Epoch 13: train loss: 0.016800

Fold 0 Epoch 13 validation...
-------------------------------

number of test steps per epoch: 67

Epoch 13: valid loss:0.016241

Epoch 13: valid_class_loss:0.038836	valid_position_loss:0.003248

Epoch 13: valid loss 0.016240673533905726 smaller than best loss 0.01748117922518961
-------------------------------

Epoch 13: A better checkpoint is saved into /mnt/pixstor/data/yz3qt/MUTargetCLEAN0513/result_0610/2024-06-11__04-47-03/checkpoints/best_model.pth 
-------------------------------

Epoch 13: valid position loss 0.0032481347067811472 smaller than best position loss 0.0034962358450379206
-------------------------------

Epoch 13: A better checkpoint is saved into /mnt/pixstor/data/yz3qt/MUTargetCLEAN0513/result_0610/2024-06-11__04-47-03/checkpoints/best_position_model.pth 
-------------------------------

Fold 0 Epoch 14 train...
-------------------------------

2873 loss: 0.016006  [   16/ 3543]

2873 class loss: 0.111123 position_loss:0.003201

2903 loss: 0.017658  [  496/ 3543]

2903 class loss: 0.071143 position_loss:0.003532

2933 loss: 0.010964  [  976/ 3543]

2933 class loss: 0.044109 position_loss:0.002193

2963 loss: 0.021732  [ 1456/ 3543]

2963 class loss: 0.125690 position_loss:0.004346

2993 loss: 0.013339  [ 1936/ 3543]

2993 class loss: 0.098194 position_loss:0.002668

3023 loss: 0.007205  [ 2416/ 3543]

3023 class loss: 0.040114 position_loss:0.001441

3053 loss: 0.013360  [ 2896/ 3543]

3053 class loss: 0.044812 position_loss:0.002672

3083 loss: 0.008444  [ 3376/ 3543]

3083 class loss: 0.038339 position_loss:0.001689

Epoch 14: train loss: 0.014866

Fold 0 Epoch 14 validation...
-------------------------------

number of test steps per epoch: 67

Epoch 14: valid loss:0.015653

Epoch 14: valid_class_loss:0.038083	valid_position_loss:0.003131

Epoch 14: valid loss 0.015652755601062468 smaller than best loss 0.016240673533905726
-------------------------------

Epoch 14: A better checkpoint is saved into /mnt/pixstor/data/yz3qt/MUTargetCLEAN0513/result_0610/2024-06-11__04-47-03/checkpoints/best_model.pth 
-------------------------------

Epoch 14: valid position loss 0.0031305511202124937 smaller than best position loss 0.0032481347067811472
-------------------------------

Epoch 14: A better checkpoint is saved into /mnt/pixstor/data/yz3qt/MUTargetCLEAN0513/result_0610/2024-06-11__04-47-03/checkpoints/best_position_model.pth 
-------------------------------

Fold 0 Epoch 15 train...
-------------------------------

3094 loss: 0.035584  [   16/ 3543]

3094 class loss: 0.146979 position_loss:0.007117

3124 loss: 0.023506  [  496/ 3543]

3124 class loss: 0.069051 position_loss:0.004701

3154 loss: 0.008166  [  976/ 3543]

3154 class loss: 0.039450 position_loss:0.001633

3184 loss: 0.011646  [ 1456/ 3543]

3184 class loss: 0.062734 position_loss:0.002329

3214 loss: 0.002490  [ 1936/ 3543]

3214 class loss: 0.012862 position_loss:0.000498

3244 loss: 0.021723  [ 2416/ 3543]

3244 class loss: 0.042714 position_loss:0.004345

3274 loss: 0.025174  [ 2896/ 3543]

3274 class loss: 0.031759 position_loss:0.005035

3304 loss: 0.015364  [ 3376/ 3543]

3304 class loss: 0.062567 position_loss:0.003073

Epoch 15: train loss: 0.013903

Fold 0 Epoch 15 validation...
-------------------------------

number of test steps per epoch: 67

Epoch 15: valid loss:0.013820

Epoch 15: valid_class_loss:0.040779	valid_position_loss:0.002764

Epoch 15: valid loss 0.013819607015166751 smaller than best loss 0.015652755601062468
-------------------------------

Epoch 15: A better checkpoint is saved into /mnt/pixstor/data/yz3qt/MUTargetCLEAN0513/result_0610/2024-06-11__04-47-03/checkpoints/best_model.pth 
-------------------------------

Epoch 15: valid position loss 0.00276392140303335 smaller than best position loss 0.0031305511202124937
-------------------------------

Epoch 15: A better checkpoint is saved into /mnt/pixstor/data/yz3qt/MUTargetCLEAN0513/result_0610/2024-06-11__04-47-03/checkpoints/best_position_model.pth 
-------------------------------

Fold 0 Epoch 16 train...
-------------------------------

3315 loss: 0.014351  [   16/ 3543]

3315 class loss: 0.061227 position_loss:0.002870

3345 loss: 0.009058  [  496/ 3543]

3345 class loss: 0.093744 position_loss:0.001812

3375 loss: 0.009100  [  976/ 3543]

3375 class loss: 0.051356 position_loss:0.001820

3405 loss: 0.011689  [ 1456/ 3543]

3405 class loss: 0.065868 position_loss:0.002338

3435 loss: 0.008109  [ 1936/ 3543]

3435 class loss: 0.045040 position_loss:0.001622

3465 loss: 0.002323  [ 2416/ 3543]

3465 class loss: 0.015778 position_loss:0.000465

3495 loss: 0.005362  [ 2896/ 3543]

3495 class loss: 0.042843 position_loss:0.001072

3525 loss: 0.011306  [ 3376/ 3543]

3525 class loss: 0.059882 position_loss:0.002261

Epoch 16: train loss: 0.012478

Fold 0 Epoch 16 validation...
-------------------------------

number of test steps per epoch: 67

Epoch 16: valid loss:0.013671

Epoch 16: valid_class_loss:0.042044	valid_position_loss:0.002734

Epoch 16: valid loss 0.013670682536140056 smaller than best loss 0.013819607015166751
-------------------------------

Epoch 16: A better checkpoint is saved into /mnt/pixstor/data/yz3qt/MUTargetCLEAN0513/result_0610/2024-06-11__04-47-03/checkpoints/best_model.pth 
-------------------------------

Epoch 16: valid position loss 0.002734136507228011 smaller than best position loss 0.00276392140303335
-------------------------------

Epoch 16: A better checkpoint is saved into /mnt/pixstor/data/yz3qt/MUTargetCLEAN0513/result_0610/2024-06-11__04-47-03/checkpoints/best_position_model.pth 
-------------------------------

Fold 0 Epoch 17 train...
-------------------------------

3536 loss: 0.018737  [   16/ 3543]

3536 class loss: 0.103413 position_loss:0.003747

3566 loss: 0.017918  [  496/ 3543]

3566 class loss: 0.189964 position_loss:0.003584

3596 loss: 0.020354  [  976/ 3543]

3596 class loss: 0.047533 position_loss:0.004071

3626 loss: 0.013872  [ 1456/ 3543]

3626 class loss: 0.086468 position_loss:0.002774

3656 loss: 0.006612  [ 1936/ 3543]

3656 class loss: 0.096694 position_loss:0.001322

3686 loss: 0.005529  [ 2416/ 3543]

3686 class loss: 0.071233 position_loss:0.001106

3716 loss: 0.010441  [ 2896/ 3543]

3716 class loss: 0.051714 position_loss:0.002088

3746 loss: 0.002717  [ 3376/ 3543]

3746 class loss: 0.016327 position_loss:0.000543

Epoch 17: train loss: 0.011536

Fold 0 Epoch 17 validation...
-------------------------------

number of test steps per epoch: 67

Epoch 17: valid loss:0.013729

Epoch 17: valid_class_loss:0.040771	valid_position_loss:0.002746

Fold 0 Epoch 18 train...
-------------------------------

3757 loss: 0.004869  [   16/ 3543]

3757 class loss: 0.048114 position_loss:0.000974

3787 loss: 0.010524  [  496/ 3543]

3787 class loss: 0.104543 position_loss:0.002105

3817 loss: 0.012499  [  976/ 3543]

3817 class loss: 0.074497 position_loss:0.002500

3847 loss: 0.006368  [ 1456/ 3543]

3847 class loss: 0.045715 position_loss:0.001274

3877 loss: 0.006761  [ 1936/ 3543]

3877 class loss: 0.012173 position_loss:0.001352

3907 loss: 0.007344  [ 2416/ 3543]

3907 class loss: 0.068804 position_loss:0.001469

3937 loss: 0.007967  [ 2896/ 3543]

3937 class loss: 0.051996 position_loss:0.001593

3967 loss: 0.012859  [ 3376/ 3543]

3967 class loss: 0.097044 position_loss:0.002572

Epoch 18: train loss: 0.010443

Fold 0 Epoch 18 validation...
-------------------------------

number of test steps per epoch: 67

Epoch 18: valid loss:0.012910

Epoch 18: valid_class_loss:0.041774	valid_position_loss:0.002582

Epoch 18: valid loss 0.012910266118215177 smaller than best loss 0.013670682536140056
-------------------------------

Epoch 18: A better checkpoint is saved into /mnt/pixstor/data/yz3qt/MUTargetCLEAN0513/result_0610/2024-06-11__04-47-03/checkpoints/best_model.pth 
-------------------------------

Epoch 18: valid position loss 0.002582053223643034 smaller than best position loss 0.002734136507228011
-------------------------------

Epoch 18: A better checkpoint is saved into /mnt/pixstor/data/yz3qt/MUTargetCLEAN0513/result_0610/2024-06-11__04-47-03/checkpoints/best_position_model.pth 
-------------------------------

Fold 0 Epoch 19 train...
-------------------------------

3978 loss: 0.015699  [   16/ 3543]

3978 class loss: 0.117336 position_loss:0.003140

4008 loss: 0.015084  [  496/ 3543]

4008 class loss: 0.060973 position_loss:0.003017

4038 loss: 0.010076  [  976/ 3543]

4038 class loss: 0.140831 position_loss:0.002015

4068 loss: 0.008534  [ 1456/ 3543]

4068 class loss: 0.049031 position_loss:0.001707

4098 loss: 0.014752  [ 1936/ 3543]

4098 class loss: 0.118663 position_loss:0.002950

4128 loss: 0.006819  [ 2416/ 3543]

4128 class loss: 0.069471 position_loss:0.001364

4158 loss: 0.007569  [ 2896/ 3543]

4158 class loss: 0.091480 position_loss:0.001514

4188 loss: 0.007278  [ 3376/ 3543]

4188 class loss: 0.037198 position_loss:0.001456

Epoch 19: train loss: 0.010012

Fold 0 Epoch 19 validation...
-------------------------------

number of test steps per epoch: 67

Epoch 19: valid loss:0.013087

Epoch 19: valid_class_loss:0.039939	valid_position_loss:0.002617

Fold 0 Epoch 20 train...
-------------------------------

4199 loss: 0.007808  [   16/ 3543]

4199 class loss: 0.101221 position_loss:0.001562

4229 loss: 0.012219  [  496/ 3543]

4229 class loss: 0.114895 position_loss:0.002444

4259 loss: 0.006697  [  976/ 3543]

4259 class loss: 0.081218 position_loss:0.001339

4289 loss: 0.012165  [ 1456/ 3543]

4289 class loss: 0.098873 position_loss:0.002433

4319 loss: 0.003840  [ 1936/ 3543]

4319 class loss: 0.073684 position_loss:0.000768

4349 loss: 0.004672  [ 2416/ 3543]

4349 class loss: 0.059492 position_loss:0.000934

4379 loss: 0.007165  [ 2896/ 3543]

4379 class loss: 0.059191 position_loss:0.001433

4409 loss: 0.011007  [ 3376/ 3543]

4409 class loss: 0.089169 position_loss:0.002201

Epoch 20: train loss: 0.009443

Fold 0 Epoch 20 validation...
-------------------------------

number of test steps per epoch: 67

Epoch 20: valid loss:0.012799

Epoch 20: valid_class_loss:0.041230	valid_position_loss:0.002560

Epoch 20: valid loss 0.012799376641240864 smaller than best loss 0.012910266118215177
-------------------------------

Epoch 20: A better checkpoint is saved into /mnt/pixstor/data/yz3qt/MUTargetCLEAN0513/result_0610/2024-06-11__04-47-03/checkpoints/best_model.pth 
-------------------------------

Epoch 20: valid position loss 0.0025598753282481727 smaller than best position loss 0.002582053223643034
-------------------------------

Epoch 20: A better checkpoint is saved into /mnt/pixstor/data/yz3qt/MUTargetCLEAN0513/result_0610/2024-06-11__04-47-03/checkpoints/best_position_model.pth 
-------------------------------

Fold 0 Epoch 21 train...
-------------------------------

4420 loss: 0.025790  [   16/ 3543]

4420 class loss: 0.060084 position_loss:0.005158

4450 loss: 0.008408  [  496/ 3543]

4450 class loss: 0.043650 position_loss:0.001682

4480 loss: 0.011496  [  976/ 3543]

4480 class loss: 0.089124 position_loss:0.002299

4510 loss: 0.007156  [ 1456/ 3543]

4510 class loss: 0.050046 position_loss:0.001431

4540 loss: 0.009219  [ 1936/ 3543]

4540 class loss: 0.046931 position_loss:0.001844

4570 loss: 0.004124  [ 2416/ 3543]

4570 class loss: 0.038538 position_loss:0.000825

4600 loss: 0.008044  [ 2896/ 3543]

4600 class loss: 0.088994 position_loss:0.001609

4630 loss: 0.001528  [ 3376/ 3543]

4630 class loss: 0.018523 position_loss:0.000306

Epoch 21: train loss: 0.008653

Fold 0 Epoch 21 validation...
-------------------------------

number of test steps per epoch: 67

Epoch 21: valid loss:0.013167

Epoch 21: valid_class_loss:0.039537	valid_position_loss:0.002633

Fold 0 Epoch 22 train...
-------------------------------

4641 loss: 0.039849  [   16/ 3543]

4641 class loss: 0.177796 position_loss:0.007970

4671 loss: 0.007767  [  496/ 3543]

4671 class loss: 0.107389 position_loss:0.001553

4701 loss: 0.018163  [  976/ 3543]

4701 class loss: 0.040405 position_loss:0.003633

4731 loss: 0.012425  [ 1456/ 3543]

4731 class loss: 0.041195 position_loss:0.002485

4761 loss: 0.004966  [ 1936/ 3543]

4761 class loss: 0.037528 position_loss:0.000993

4791 loss: 0.006257  [ 2416/ 3543]

4791 class loss: 0.094981 position_loss:0.001251

4821 loss: 0.010074  [ 2896/ 3543]

4821 class loss: 0.060327 position_loss:0.002015

4851 loss: 0.014948  [ 3376/ 3543]

4851 class loss: 0.055465 position_loss:0.002990

Epoch 22: train loss: 0.008910

Fold 0 Epoch 22 validation...
-------------------------------

number of test steps per epoch: 67

Epoch 22: valid loss:0.012209

Epoch 22: valid_class_loss:0.041198	valid_position_loss:0.002442

Epoch 22: valid loss 0.012208556640367825 smaller than best loss 0.012799376641240864
-------------------------------

Epoch 22: A better checkpoint is saved into /mnt/pixstor/data/yz3qt/MUTargetCLEAN0513/result_0610/2024-06-11__04-47-03/checkpoints/best_model.pth 
-------------------------------

Epoch 22: valid position loss 0.002441711328073565 smaller than best position loss 0.0025598753282481727
-------------------------------

Epoch 22: A better checkpoint is saved into /mnt/pixstor/data/yz3qt/MUTargetCLEAN0513/result_0610/2024-06-11__04-47-03/checkpoints/best_position_model.pth 
-------------------------------

Fold 0 Epoch 23 train...
-------------------------------

4862 loss: 0.010662  [   16/ 3543]

4862 class loss: 0.103984 position_loss:0.002132

4892 loss: 0.007288  [  496/ 3543]

4892 class loss: 0.108696 position_loss:0.001458

4922 loss: 0.004484  [  976/ 3543]

4922 class loss: 0.100010 position_loss:0.000897

4952 loss: 0.002587  [ 1456/ 3543]

4952 class loss: 0.015674 position_loss:0.000517

4982 loss: 0.008870  [ 1936/ 3543]

4982 class loss: 0.046326 position_loss:0.001774

5012 loss: 0.014954  [ 2416/ 3543]

5012 class loss: 0.085982 position_loss:0.002991

5042 loss: 0.010241  [ 2896/ 3543]

5042 class loss: 0.079601 position_loss:0.002048

5072 loss: 0.007050  [ 3376/ 3543]

5072 class loss: 0.063014 position_loss:0.001410

Epoch 23: train loss: 0.007760

Fold 0 Epoch 23 validation...
-------------------------------

number of test steps per epoch: 67

Epoch 23: valid loss:0.012645

Epoch 23: valid_class_loss:0.040148	valid_position_loss:0.002529

Fold 0 Epoch 24 train...
-------------------------------

5083 loss: 0.004417  [   16/ 3543]

5083 class loss: 0.045502 position_loss:0.000883

5113 loss: 0.006391  [  496/ 3543]

5113 class loss: 0.064116 position_loss:0.001278

5143 loss: 0.015564  [  976/ 3543]

5143 class loss: 0.102430 position_loss:0.003113

5173 loss: 0.006824  [ 1456/ 3543]

5173 class loss: 0.064600 position_loss:0.001365

5203 loss: 0.004856  [ 1936/ 3543]

5203 class loss: 0.055062 position_loss:0.000971

5233 loss: 0.004605  [ 2416/ 3543]

5233 class loss: 0.048653 position_loss:0.000921

5263 loss: 0.010626  [ 2896/ 3543]

5263 class loss: 0.045056 position_loss:0.002125

5293 loss: 0.005779  [ 3376/ 3543]

5293 class loss: 0.066402 position_loss:0.001156

Epoch 24: train loss: 0.007032

Fold 0 Epoch 24 validation...
-------------------------------

number of test steps per epoch: 67

Epoch 24: valid loss:0.013642

Epoch 24: valid_class_loss:0.039029	valid_position_loss:0.002728

Fold 0 Epoch 25 train...
-------------------------------

5304 loss: 0.004261  [   16/ 3543]

5304 class loss: 0.049136 position_loss:0.000852

5334 loss: 0.003020  [  496/ 3543]

5334 class loss: 0.099118 position_loss:0.000604

5364 loss: 0.004413  [  976/ 3543]

5364 class loss: 0.051676 position_loss:0.000883

5394 loss: 0.004242  [ 1456/ 3543]

5394 class loss: 0.057895 position_loss:0.000848

5424 loss: 0.001930  [ 1936/ 3543]

5424 class loss: 0.027052 position_loss:0.000386

5454 loss: 0.015541  [ 2416/ 3543]

5454 class loss: 0.122410 position_loss:0.003108

5484 loss: 0.001694  [ 2896/ 3543]

5484 class loss: 0.026730 position_loss:0.000339

5514 loss: 0.004100  [ 3376/ 3543]

5514 class loss: 0.031391 position_loss:0.000820

Epoch 25: train loss: 0.006961

Fold 0 Epoch 25 validation...
-------------------------------

number of test steps per epoch: 67

Epoch 25: valid loss:0.012700

Epoch 25: valid_class_loss:0.040462	valid_position_loss:0.002540

Loading checkpoint from /mnt/pixstor/data/yz3qt/MUTargetCLEAN0513/result_0610/2024-06-11__04-47-03/checkpoints/best_position_model.pth

Fold 0 test
-------------------------------

===================Evaluate protein results========================

 optimized cutoffs: 

             Nucleus   ER  Peroxisome  Mitochondrion  Nucleus_export  SIGNAL  \
cutoffs_pro      0.9  0.7         0.8            0.1             0.9     0.6   
cutoffs_aa       0.2  0.1         0.1            0.1             0.1     0.1   

             chloroplast  Thylakoid  
cutoffs_pro          0.8        0.9  
cutoffs_aa           0.1        0.1  
===========================================

 Jaccard Index (protein): 

                       0
Nucleus         0.776055
ER              0.894996
Peroxisome      0.454654
Mitochondrion   0.854379
Nucleus_export  0.648081
SIGNAL          0.923789
chloroplast     0.825285
Thylakoid       0.883422
===========================================

 cs acc: 

                       0
Nucleus         0.007812
ER              0.866667
Peroxisome      0.307692
Mitochondrion   0.531250
Nucleus_export  0.000000
SIGNAL          0.867896
chloroplast     0.368421
Thylakoid       0.900000
===========================================

 Class prediction performance: 

                roc_auc_score  average_precision_score  matthews_corrcoef  \
Nucleus              0.981503                 0.883687           0.758119   
ER                   0.912803                 0.588207           0.762677   
Peroxisome           0.462566                 0.193919           0.390190   
Mitochondrion        0.514047                 0.199701           0.121959   
Nucleus_export       0.968996                 0.567042           0.423256   
SIGNAL               0.953745                 0.969006           0.814921   
chloroplast          0.790088                 0.406264           0.326451   
Thylakoid            0.949096                 0.461087           0.155191   

                recall_score  precision_score  f1_score  
Nucleus             0.851562         0.731544  0.787004  
ER                  0.866667         0.684211  0.764706  
Peroxisome          0.153846         1.000000  0.266667  
Mitochondrion       1.000000         0.163432  0.280948  
Nucleus_export      0.680000         0.288136  0.404762  
SIGNAL              0.930876         0.926606  0.928736  
chloroplast         0.210526         0.592593  0.310680  
Thylakoid           0.800000         0.041026  0.078049  
===================Test protein results constrain: False========================

 optimized cutoffs: 

             Nucleus   ER  Peroxisome  Mitochondrion  Nucleus_export  SIGNAL  \
cutoffs_pro      0.9  0.7         0.8            0.1             0.9     0.6   
cutoffs_aa       0.2  0.1         0.1            0.1             0.1     0.1   

             chloroplast  Thylakoid  
cutoffs_pro          0.8        0.9  
cutoffs_aa           0.1        0.1  
===========================================

 Jaccard Index (protein): 

                       0
Nucleus         0.654805
ER              0.962566
Peroxisome      0.537541
Mitochondrion   0.768327
Nucleus_export  0.228041
SIGNAL          0.934122
chloroplast     0.800182
Thylakoid       0.875718
===========================================

 cs acc: 

                       0
Nucleus         0.024793
ER              0.965517
Peroxisome      0.461538
Mitochondrion   0.490566
Nucleus_export  0.000000
SIGNAL          0.887850
chloroplast     0.356164
Thylakoid       0.777778
===========================================

 Class prediction performance: 

                roc_auc_score  average_precision_score  matthews_corrcoef  \
Nucleus              0.974350                 0.854136           0.786169   
ER                   0.998423                 0.893145           0.893633   
Peroxisome           0.618479                 0.393003           0.448590   
Mitochondrion        0.505953                 0.192414           0.059318   
Nucleus_export       0.828643                 0.272650           0.454583   
SIGNAL               0.944398                 0.955697           0.827499   
chloroplast          0.754455                 0.288928           0.251229   
Thylakoid            0.990776                 0.505321           0.186111   

                recall_score  precision_score  f1_score  
Nucleus             0.892562         0.739726  0.808989  
ER                  0.896552         0.896552  0.896552  
Peroxisome          0.307692         0.666667  0.421053  
Mitochondrion       0.949686         0.157128  0.269643  
Nucleus_export      0.720000         0.310345  0.433735  
SIGNAL              0.931464         0.932917  0.932190  
chloroplast         0.123288         0.600000  0.204545  
Thylakoid           1.000000         0.042857  0.082192  
===================Test protein results constrain: True========================

 optimized cutoffs: 

             Nucleus   ER  Peroxisome  Mitochondrion  Nucleus_export  SIGNAL  \
cutoffs_pro      0.9  0.7         0.8            0.1             0.9     0.6   
cutoffs_aa       0.2  0.1         0.1            0.1             0.1     0.1   

             chloroplast  Thylakoid  
cutoffs_pro          0.8        0.9  
cutoffs_aa           0.1        0.1  
===========================================

 Jaccard Index (protein): 

                       0
Nucleus         0.618166
ER              0.859415
Peroxisome      0.229995
Mitochondrion   0.768327
Nucleus_export  0.228041
SIGNAL          0.875616
chloroplast     0.120329
Thylakoid       0.875718
===========================================

 cs acc: 

                       0
Nucleus         0.027778
ER              0.961538
Peroxisome      0.750000
Mitochondrion   0.516556
Nucleus_export  0.000000
SIGNAL          0.904682
chloroplast     0.555556
Thylakoid       0.777778
===========================================

 Class prediction performance: 

                roc_auc_score  average_precision_score  matthews_corrcoef  \
Nucleus              0.974350                 0.854136           0.786169   
ER                   0.998423                 0.893145           0.893633   
Peroxisome           0.618479                 0.393003           0.448590   
Mitochondrion        0.505953                 0.192414           0.059318   
Nucleus_export       0.828643                 0.272650           0.454583   
SIGNAL               0.944398                 0.955697           0.827499   
chloroplast          0.754455                 0.288928           0.251229   
Thylakoid            0.990776                 0.505321           0.186111   

                recall_score  precision_score  f1_score  
Nucleus             0.892562         0.739726  0.808989  
ER                  0.896552         0.896552  0.896552  
Peroxisome          0.307692         0.666667  0.421053  
Mitochondrion       0.949686         0.157128  0.269643  
Nucleus_export      0.720000         0.310345  0.433735  
SIGNAL              0.931464         0.932917  0.932190  
chloroplast         0.123288         0.600000  0.204545  
Thylakoid           1.000000         0.042857  0.082192  




Comparable Test Data
-------------------------------

===================Test protein results constrain: False========================

 optimized cutoffs: 

             Nucleus   ER  Peroxisome  Mitochondrion  Nucleus_export  SIGNAL  \
cutoffs_pro      0.9  0.7         0.8            0.1             0.9     0.6   
cutoffs_aa       0.2  0.1         0.1            0.1             0.1     0.1   

             chloroplast  Thylakoid  
cutoffs_pro          0.8        0.9  
cutoffs_aa           0.1        0.1  
===========================================

 Jaccard Index (protein): 

                       0
Nucleus         0.951416
ER                   NaN
Peroxisome           NaN
Mitochondrion        NaN
Nucleus_export  0.131164
SIGNAL               NaN
chloroplast          NaN
Thylakoid            NaN
===========================================

 cs acc: 

                  0
Nucleus         0.0
ER              NaN
Peroxisome      NaN
Mitochondrion   NaN
Nucleus_export  0.0
SIGNAL          NaN
chloroplast     NaN
Thylakoid       NaN
===========================================

 Class prediction performance: 

                roc_auc_score  average_precision_score  matthews_corrcoef  \
Nucleus                   0.5                      0.5                0.0   
ER                        NaN                     -0.0                0.0   
Peroxisome                NaN                     -0.0                0.0   
Mitochondrion             NaN                     -0.0                0.0   
Nucleus_export            NaN                      1.0                0.0   
SIGNAL                    NaN                     -0.0                0.0   
chloroplast               NaN                     -0.0                0.0   
Thylakoid                 NaN                     -0.0                0.0   

                recall_score  precision_score  f1_score  
Nucleus                  1.0              0.4  0.571429  
ER                       0.0              0.0  0.000000  
Peroxisome               0.0              0.0  0.000000  
Mitochondrion            0.0              0.0  0.000000  
Nucleus_export           0.8              1.0  0.888889  
SIGNAL                   0.0              0.0  0.000000  
chloroplast              0.0              0.0  0.000000  
Thylakoid                0.0              0.0  0.000000  
===================Test protein results constrain: True========================

 optimized cutoffs: 

             Nucleus   ER  Peroxisome  Mitochondrion  Nucleus_export  SIGNAL  \
cutoffs_pro      0.9  0.7         0.8            0.1             0.9     0.6   
cutoffs_aa       0.2  0.1         0.1            0.1             0.1     0.1   

             chloroplast  Thylakoid  
cutoffs_pro          0.8        0.9  
cutoffs_aa           0.1        0.1  
===========================================

 Jaccard Index (protein): 

                       0
Nucleus         0.951416
ER                   NaN
Peroxisome           NaN
Mitochondrion        NaN
Nucleus_export  0.131164
SIGNAL               NaN
chloroplast          NaN
Thylakoid            NaN
===========================================

 cs acc: 

                  0
Nucleus         0.0
ER              NaN
Peroxisome      NaN
Mitochondrion   NaN
Nucleus_export  0.0
SIGNAL          NaN
chloroplast     NaN
Thylakoid       NaN
===========================================

 Class prediction performance: 

                roc_auc_score  average_precision_score  matthews_corrcoef  \
Nucleus                   0.5                      0.5                0.0   
ER                        NaN                     -0.0                0.0   
Peroxisome                NaN                     -0.0                0.0   
Mitochondrion             NaN                     -0.0                0.0   
Nucleus_export            NaN                      1.0                0.0   
SIGNAL                    NaN                     -0.0                0.0   
chloroplast               NaN                     -0.0                0.0   
Thylakoid                 NaN                     -0.0                0.0   

                recall_score  precision_score  f1_score  
Nucleus                  1.0              0.4  0.571429  
ER                       0.0              0.0  0.000000  
Peroxisome               0.0              0.0  0.000000  
Mitochondrion            0.0              0.0  0.000000  
Nucleus_export           0.8              1.0  0.888889  
SIGNAL                   0.0              0.0  0.000000  
chloroplast              0.0              0.0  0.000000  
Thylakoid                0.0              0.0  0.000000  
