use k-fold index: 0

Done Loading data

number of steps for training data: 221

number of steps for valid data: 67

number of steps for test data: 67

Done initialize tokenizer

trainable params: 39950470 || all params: 652949531 || trainable%: 6.118462163349038

Done initialize model

preparing optimizer is done

number of train steps per epoch: 221

Start training...

Fold 0 Epoch 1 train...
-------------------------------

0 loss: 0.125572  [   16/ 3543]

0 class loss: 0.026893 position_loss:0.024039

30 loss: 0.440262  [  496/ 3543]

30 class loss: 0.112149 position_loss:0.083566

60 loss: 0.088175  [  976/ 3543]

60 class loss: 0.019375 position_loss:0.016860

90 loss: 0.756295  [ 1456/ 3543]

90 class loss: 0.158683 position_loss:0.144912

120 loss: 0.612143  [ 1936/ 3543]

120 class loss: 0.121334 position_loss:0.117575

150 loss: 0.363781  [ 2416/ 3543]

150 class loss: 0.079912 position_loss:0.069560

180 loss: 0.442866  [ 2896/ 3543]

180 class loss: 0.094888 position_loss:0.084778

210 loss: 0.927761  [ 3376/ 3543]

210 class loss: 0.197916 position_loss:0.177636

Epoch 1: train loss: 0.477577

Fold 0 Epoch 1 validation...
-------------------------------

number of test steps per epoch: 67

Epoch 1: valid loss:0.282994

Epoch 1: valid_class_loss:0.059057	valid_position_loss:0.054237

Epoch 1: valid loss 0.282994312592473 smaller than best loss inf
-------------------------------

Epoch 1: A better checkpoint is saved into /mnt/pixstor/data/yz3qt/MUTargetCLEAN0513/result_0624_dpr/2024-06-24__18-42-12/checkpoints/best_model.pth 
-------------------------------

Epoch 1: valid position loss 0.054236578254379275 smaller than best position loss inf
-------------------------------

Epoch 1: A better checkpoint is saved into /mnt/pixstor/data/yz3qt/MUTargetCLEAN0513/result_0624_dpr/2024-06-24__18-42-12/checkpoints/best_position_model.pth 
-------------------------------

Fold 0 Epoch 2 train...
-------------------------------

221 loss: 0.227990  [   16/ 3543]

221 class loss: 0.050912 position_loss:0.043562

251 loss: 0.069437  [  496/ 3543]

251 class loss: 0.015053 position_loss:0.013285

281 loss: 0.625550  [  976/ 3543]

281 class loss: 0.156309 position_loss:0.118858

311 loss: 0.569250  [ 1456/ 3543]

311 class loss: 0.133308 position_loss:0.108518

341 loss: 0.438610  [ 1936/ 3543]

341 class loss: 0.086103 position_loss:0.084278

371 loss: 0.364423  [ 2416/ 3543]

371 class loss: 0.083659 position_loss:0.069538

401 loss: 0.207456  [ 2896/ 3543]

401 class loss: 0.047602 position_loss:0.039587

431 loss: 0.321273  [ 3376/ 3543]

431 class loss: 0.069692 position_loss:0.061467

Epoch 2: train loss: 0.416807

Fold 0 Epoch 2 validation...
-------------------------------

number of test steps per epoch: 67

Epoch 2: valid loss:0.216069

Epoch 2: valid_class_loss:0.049111	valid_position_loss:0.041249

Epoch 2: valid loss 0.216068588283723 smaller than best loss 0.282994312592473
-------------------------------

Epoch 2: A better checkpoint is saved into /mnt/pixstor/data/yz3qt/MUTargetCLEAN0513/result_0624_dpr/2024-06-24__18-42-12/checkpoints/best_model.pth 
-------------------------------

Epoch 2: valid position loss 0.041249282773747425 smaller than best position loss 0.054236578254379275
-------------------------------

Epoch 2: A better checkpoint is saved into /mnt/pixstor/data/yz3qt/MUTargetCLEAN0513/result_0624_dpr/2024-06-24__18-42-12/checkpoints/best_position_model.pth 
-------------------------------

Fold 0 Epoch 3 train...
-------------------------------

442 loss: 0.480988  [   16/ 3543]

442 class loss: 0.110766 position_loss:0.091767

472 loss: 0.251854  [  496/ 3543]

472 class loss: 0.064178 position_loss:0.047804

502 loss: 0.367978  [  976/ 3543]

502 class loss: 0.081779 position_loss:0.070324

532 loss: 0.174476  [ 1456/ 3543]

532 class loss: 0.044501 position_loss:0.033115

562 loss: 0.376311  [ 1936/ 3543]

562 class loss: 0.110570 position_loss:0.070839

592 loss: 0.118628  [ 2416/ 3543]

592 class loss: 0.028125 position_loss:0.022601

622 loss: 0.234656  [ 2896/ 3543]

622 class loss: 0.075608 position_loss:0.043907

652 loss: 0.376643  [ 3376/ 3543]

652 class loss: 0.132842 position_loss:0.070015

Epoch 3: train loss: 0.267208

Fold 0 Epoch 3 validation...
-------------------------------

number of test steps per epoch: 67

Epoch 3: valid loss:0.113809

Epoch 3: valid_class_loss:0.038256	valid_position_loss:0.021232

Epoch 3: valid loss 0.11380925748262344 smaller than best loss 0.216068588283723
-------------------------------

Epoch 3: A better checkpoint is saved into /mnt/pixstor/data/yz3qt/MUTargetCLEAN0513/result_0624_dpr/2024-06-24__18-42-12/checkpoints/best_model.pth 
-------------------------------

Epoch 3: valid position loss 0.02123162560305899 smaller than best position loss 0.041249282773747425
-------------------------------

Epoch 3: A better checkpoint is saved into /mnt/pixstor/data/yz3qt/MUTargetCLEAN0513/result_0624_dpr/2024-06-24__18-42-12/checkpoints/best_position_model.pth 
-------------------------------

Fold 0 Epoch 4 train...
-------------------------------

663 loss: 0.217195  [   16/ 3543]

663 class loss: 0.081936 position_loss:0.040162

693 loss: 0.198644  [  496/ 3543]

693 class loss: 0.063553 position_loss:0.037187

723 loss: 0.168483  [  976/ 3543]

723 class loss: 0.079321 position_loss:0.030524

753 loss: 0.227792  [ 1456/ 3543]

753 class loss: 0.120417 position_loss:0.040742

783 loss: 0.044273  [ 1936/ 3543]

783 class loss: 0.023481 position_loss:0.007915

813 loss: 0.079815  [ 2416/ 3543]

813 class loss: 0.052849 position_loss:0.013849

843 loss: 0.171138  [ 2896/ 3543]

843 class loss: 0.109418 position_loss:0.029851

873 loss: 0.121757  [ 3376/ 3543]

873 class loss: 0.071110 position_loss:0.021507

Epoch 4: train loss: 0.136080

Fold 0 Epoch 4 validation...
-------------------------------

number of test steps per epoch: 67

Epoch 4: valid loss:0.073943

Epoch 4: valid_class_loss:0.032351	valid_position_loss:0.013495

Epoch 4: valid loss 0.07394327763401991 smaller than best loss 0.11380925748262344
-------------------------------

Epoch 4: A better checkpoint is saved into /mnt/pixstor/data/yz3qt/MUTargetCLEAN0513/result_0624_dpr/2024-06-24__18-42-12/checkpoints/best_model.pth 
-------------------------------

Epoch 4: valid position loss 0.0134946320920697 smaller than best position loss 0.02123162560305899
-------------------------------

Epoch 4: A better checkpoint is saved into /mnt/pixstor/data/yz3qt/MUTargetCLEAN0513/result_0624_dpr/2024-06-24__18-42-12/checkpoints/best_position_model.pth 
-------------------------------

Fold 0 Epoch 5 train...
-------------------------------

884 loss: 0.137104  [   16/ 3543]

884 class loss: 0.088028 position_loss:0.023900

914 loss: 0.061285  [  496/ 3543]

914 class loss: 0.048488 position_loss:0.010318

944 loss: 0.102901  [  976/ 3543]

944 class loss: 0.067077 position_loss:0.017897

974 loss: 0.052840  [ 1456/ 3543]

974 class loss: 0.035502 position_loss:0.009148

1004 loss: 0.048632  [ 1936/ 3543]

1004 class loss: 0.043731 position_loss:0.007977

1034 loss: 0.069207  [ 2416/ 3543]

1034 class loss: 0.024634 position_loss:0.012856

1064 loss: 0.110790  [ 2896/ 3543]

1064 class loss: 0.086765 position_loss:0.018687

1094 loss: 0.045391  [ 3376/ 3543]

1094 class loss: 0.035641 position_loss:0.007653

Epoch 5: train loss: 0.091263

Fold 0 Epoch 5 validation...
-------------------------------

number of test steps per epoch: 67

Epoch 5: valid loss:0.057484

Epoch 5: valid_class_loss:0.031095	valid_position_loss:0.010253

Epoch 5: valid loss 0.05748355782755571 smaller than best loss 0.07394327763401991
-------------------------------

Epoch 5: A better checkpoint is saved into /mnt/pixstor/data/yz3qt/MUTargetCLEAN0513/result_0624_dpr/2024-06-24__18-42-12/checkpoints/best_model.pth 
-------------------------------

Epoch 5: valid position loss 0.010252922000670446 smaller than best position loss 0.0134946320920697
-------------------------------

Epoch 5: A better checkpoint is saved into /mnt/pixstor/data/yz3qt/MUTargetCLEAN0513/result_0624_dpr/2024-06-24__18-42-12/checkpoints/best_position_model.pth 
-------------------------------

Fold 0 Epoch 6 train...
-------------------------------

1105 loss: 0.058755  [   16/ 3543]

1105 class loss: 0.084117 position_loss:0.008386

1135 loss: 0.087301  [  496/ 3543]

1135 class loss: 0.056455 position_loss:0.015202

1165 loss: 0.030407  [  976/ 3543]

1165 class loss: 0.009249 position_loss:0.005711

1195 loss: 0.034990  [ 1456/ 3543]

1195 class loss: 0.032343 position_loss:0.005704

1225 loss: 0.046742  [ 1936/ 3543]

1225 class loss: 0.049340 position_loss:0.007375

1255 loss: 0.078624  [ 2416/ 3543]

1255 class loss: 0.075061 position_loss:0.012722

1285 loss: 0.096281  [ 2896/ 3543]

1285 class loss: 0.109811 position_loss:0.014864

1315 loss: 0.073941  [ 3376/ 3543]

1315 class loss: 0.067774 position_loss:0.012077

Epoch 6: train loss: 0.075517

Fold 0 Epoch 6 validation...
-------------------------------

number of test steps per epoch: 67

Epoch 6: valid loss:0.046885

Epoch 6: valid_class_loss:0.029993	valid_position_loss:0.008177

Epoch 6: valid loss 0.04688507100345379 smaller than best loss 0.05748355782755571
-------------------------------

Epoch 6: A better checkpoint is saved into /mnt/pixstor/data/yz3qt/MUTargetCLEAN0513/result_0624_dpr/2024-06-24__18-42-12/checkpoints/best_model.pth 
-------------------------------

Epoch 6: valid position loss 0.00817729304946874 smaller than best position loss 0.010252922000670446
-------------------------------

Epoch 6: A better checkpoint is saved into /mnt/pixstor/data/yz3qt/MUTargetCLEAN0513/result_0624_dpr/2024-06-24__18-42-12/checkpoints/best_position_model.pth 
-------------------------------

Fold 0 Epoch 7 train...
-------------------------------

1326 loss: 0.104833  [   16/ 3543]

1326 class loss: 0.095528 position_loss:0.017145

1356 loss: 0.095411  [  496/ 3543]

1356 class loss: 0.068428 position_loss:0.016345

1386 loss: 0.035017  [  976/ 3543]

1386 class loss: 0.037349 position_loss:0.005509

1416 loss: 0.049348  [ 1456/ 3543]

1416 class loss: 0.059318 position_loss:0.007497

1446 loss: 0.036054  [ 1936/ 3543]

1446 class loss: 0.042088 position_loss:0.005527

1476 loss: 0.022168  [ 2416/ 3543]

1476 class loss: 0.025266 position_loss:0.003423

1506 loss: 0.027186  [ 2896/ 3543]

1506 class loss: 0.035165 position_loss:0.004031

1536 loss: 0.050809  [ 3376/ 3543]

1536 class loss: 0.027597 position_loss:0.009058

Epoch 7: train loss: 0.059781

Fold 0 Epoch 7 validation...
-------------------------------

number of test steps per epoch: 67

Epoch 7: valid loss:0.042163

Epoch 7: valid_class_loss:0.031284	valid_position_loss:0.007181

Epoch 7: valid loss 0.04216258797118847 smaller than best loss 0.04688507100345379
-------------------------------

Epoch 7: A better checkpoint is saved into /mnt/pixstor/data/yz3qt/MUTargetCLEAN0513/result_0624_dpr/2024-06-24__18-42-12/checkpoints/best_model.pth 
-------------------------------

Epoch 7: valid position loss 0.007181145920120469 smaller than best position loss 0.00817729304946874
-------------------------------

Epoch 7: A better checkpoint is saved into /mnt/pixstor/data/yz3qt/MUTargetCLEAN0513/result_0624_dpr/2024-06-24__18-42-12/checkpoints/best_position_model.pth 
-------------------------------

Fold 0 Epoch 8 train...
-------------------------------

1547 loss: 0.052444  [   16/ 3543]

1547 class loss: 0.046321 position_loss:0.008636

1577 loss: 0.030108  [  496/ 3543]

1577 class loss: 0.019897 position_loss:0.005226

1607 loss: 0.067309  [  976/ 3543]

1607 class loss: 0.059681 position_loss:0.011075

1637 loss: 0.061428  [ 1456/ 3543]

1637 class loss: 0.060703 position_loss:0.009858

1667 loss: 0.090226  [ 1936/ 3543]

1667 class loss: 0.088538 position_loss:0.014504

1697 loss: 0.052047  [ 2416/ 3543]

1697 class loss: 0.050892 position_loss:0.008374

1727 loss: 0.044064  [ 2896/ 3543]

1727 class loss: 0.042991 position_loss:0.007093

1757 loss: 0.060269  [ 3376/ 3543]

1757 class loss: 0.071368 position_loss:0.009199

Epoch 8: train loss: 0.045279

Fold 0 Epoch 8 validation...
-------------------------------

number of test steps per epoch: 67

Epoch 8: valid loss:0.032362

Epoch 8: valid_class_loss:0.029556	valid_position_loss:0.005290

Epoch 8: valid loss 0.03236228663332735 smaller than best loss 0.04216258797118847
-------------------------------

Epoch 8: A better checkpoint is saved into /mnt/pixstor/data/yz3qt/MUTargetCLEAN0513/result_0624_dpr/2024-06-24__18-42-12/checkpoints/best_model.pth 
-------------------------------

Epoch 8: valid position loss 0.005290235010664808 smaller than best position loss 0.007181145920120469
-------------------------------

Epoch 8: A better checkpoint is saved into /mnt/pixstor/data/yz3qt/MUTargetCLEAN0513/result_0624_dpr/2024-06-24__18-42-12/checkpoints/best_position_model.pth 
-------------------------------

Fold 0 Epoch 9 train...
-------------------------------

1768 loss: 0.042446  [   16/ 3543]

1768 class loss: 0.059156 position_loss:0.006123

1798 loss: 0.026531  [  496/ 3543]

1798 class loss: 0.017328 position_loss:0.004613

1828 loss: 0.067456  [  976/ 3543]

1828 class loss: 0.083224 position_loss:0.010162

1858 loss: 0.035704  [ 1456/ 3543]

1858 class loss: 0.050998 position_loss:0.005101

1888 loss: 0.042763  [ 1936/ 3543]

1888 class loss: 0.039235 position_loss:0.006983

1918 loss: 0.040806  [ 2416/ 3543]

1918 class loss: 0.050244 position_loss:0.006151

1948 loss: 0.032345  [ 2896/ 3543]

1948 class loss: 0.046586 position_loss:0.004605

1978 loss: 0.030398  [ 3376/ 3543]

1978 class loss: 0.020520 position_loss:0.005259

Epoch 9: train loss: 0.036665

Fold 0 Epoch 9 validation...
-------------------------------

number of test steps per epoch: 67

Epoch 9: valid loss:0.027478

Epoch 9: valid_class_loss:0.026601	valid_position_loss:0.004432

Epoch 9: valid loss 0.0274784619031968 smaller than best loss 0.03236228663332735
-------------------------------

Epoch 9: A better checkpoint is saved into /mnt/pixstor/data/yz3qt/MUTargetCLEAN0513/result_0624_dpr/2024-06-24__18-42-12/checkpoints/best_model.pth 
-------------------------------

Epoch 9: valid position loss 0.004431642461381185 smaller than best position loss 0.005290235010664808
-------------------------------

Epoch 9: A better checkpoint is saved into /mnt/pixstor/data/yz3qt/MUTargetCLEAN0513/result_0624_dpr/2024-06-24__18-42-12/checkpoints/best_position_model.pth 
-------------------------------

Fold 0 Epoch 10 train...
-------------------------------

1989 loss: 0.013805  [   16/ 3543]

1989 class loss: 0.023115 position_loss:0.001836

2019 loss: 0.033707  [  496/ 3543]

2019 class loss: 0.042088 position_loss:0.005058

2049 loss: 0.053566  [  976/ 3543]

2049 class loss: 0.045262 position_loss:0.008903

2079 loss: 0.009836  [ 1456/ 3543]

2079 class loss: 0.018694 position_loss:0.001219

2109 loss: 0.031307  [ 1936/ 3543]

2109 class loss: 0.039697 position_loss:0.004674

2139 loss: 0.025532  [ 2416/ 3543]

2139 class loss: 0.032004 position_loss:0.003826

2169 loss: 0.026077  [ 2896/ 3543]

2169 class loss: 0.033406 position_loss:0.003879

2199 loss: 0.023162  [ 3376/ 3543]

2199 class loss: 0.032079 position_loss:0.003349

Epoch 10: train loss: 0.031512

Fold 0 Epoch 10 validation...
-------------------------------

number of test steps per epoch: 67

Epoch 10: valid loss:0.024845

Epoch 10: valid_class_loss:0.024908	valid_position_loss:0.003973

Epoch 10: valid loss 0.02484495060197193 smaller than best loss 0.0274784619031968
-------------------------------

Epoch 10: A better checkpoint is saved into /mnt/pixstor/data/yz3qt/MUTargetCLEAN0513/result_0624_dpr/2024-06-24__18-42-12/checkpoints/best_model.pth 
-------------------------------

Epoch 10: valid position loss 0.00397267373859437 smaller than best position loss 0.004431642461381185
-------------------------------

Epoch 10: A better checkpoint is saved into /mnt/pixstor/data/yz3qt/MUTargetCLEAN0513/result_0624_dpr/2024-06-24__18-42-12/checkpoints/best_position_model.pth 
-------------------------------

Fold 0 Epoch 11 train...
-------------------------------

2210 loss: 0.029562  [   16/ 3543]

2210 class loss: 0.024875 position_loss:0.004917

2240 loss: 0.041139  [  496/ 3543]

2240 class loss: 0.020860 position_loss:0.007393

2270 loss: 0.023427  [  976/ 3543]

2270 class loss: 0.037752 position_loss:0.003175

2300 loss: 0.015201  [ 1456/ 3543]

2300 class loss: 0.027584 position_loss:0.001937

2330 loss: 0.048135  [ 1936/ 3543]

2330 class loss: 0.055015 position_loss:0.007426

2360 loss: 0.039226  [ 2416/ 3543]

2360 class loss: 0.021814 position_loss:0.006973

2390 loss: 0.047608  [ 2896/ 3543]

2390 class loss: 0.058255 position_loss:0.007191

2420 loss: 0.021744  [ 3376/ 3543]

2420 class loss: 0.036087 position_loss:0.002905

Epoch 11: train loss: 0.027476

Fold 0 Epoch 11 validation...
-------------------------------

number of test steps per epoch: 67

Epoch 11: valid loss:0.023924

Epoch 11: valid_class_loss:0.024328	valid_position_loss:0.003812

Epoch 11: valid loss 0.023924172970554335 smaller than best loss 0.02484495060197193
-------------------------------

Epoch 11: A better checkpoint is saved into /mnt/pixstor/data/yz3qt/MUTargetCLEAN0513/result_0624_dpr/2024-06-24__18-42-12/checkpoints/best_model.pth 
-------------------------------

Epoch 11: valid position loss 0.0038117237733057262 smaller than best position loss 0.00397267373859437
-------------------------------

Epoch 11: A better checkpoint is saved into /mnt/pixstor/data/yz3qt/MUTargetCLEAN0513/result_0624_dpr/2024-06-24__18-42-12/checkpoints/best_position_model.pth 
-------------------------------

Fold 0 Epoch 12 train...
-------------------------------

2431 loss: 0.013461  [   16/ 3543]

2431 class loss: 0.012980 position_loss:0.002173

2461 loss: 0.004908  [  496/ 3543]

2461 class loss: 0.009366 position_loss:0.000607

2491 loss: 0.012108  [  976/ 3543]

2491 class loss: 0.016174 position_loss:0.001775

2521 loss: 0.029825  [ 1456/ 3543]

2521 class loss: 0.050575 position_loss:0.003942

2551 loss: 0.006588  [ 1936/ 3543]

2551 class loss: 0.011111 position_loss:0.000873

2581 loss: 0.017330  [ 2416/ 3543]

2581 class loss: 0.028726 position_loss:0.002317

2611 loss: 0.016614  [ 2896/ 3543]

2611 class loss: 0.018251 position_loss:0.002593

2641 loss: 0.015415  [ 3376/ 3543]

2641 class loss: 0.030655 position_loss:0.001857

Epoch 12: train loss: 0.024203

Fold 0 Epoch 12 validation...
-------------------------------

number of test steps per epoch: 67

Epoch 12: valid loss:0.021081

Epoch 12: valid_class_loss:0.022152	valid_position_loss:0.003330

Epoch 12: valid loss 0.021081195477555097 smaller than best loss 0.023924172970554335
-------------------------------

Epoch 12: A better checkpoint is saved into /mnt/pixstor/data/yz3qt/MUTargetCLEAN0513/result_0624_dpr/2024-06-24__18-42-12/checkpoints/best_model.pth 
-------------------------------

Epoch 12: valid position loss 0.003330160730380107 smaller than best position loss 0.0038117237733057262
-------------------------------

Epoch 12: A better checkpoint is saved into /mnt/pixstor/data/yz3qt/MUTargetCLEAN0513/result_0624_dpr/2024-06-24__18-42-12/checkpoints/best_position_model.pth 
-------------------------------

Fold 0 Epoch 13 train...
-------------------------------

2652 loss: 0.019501  [   16/ 3543]

2652 class loss: 0.025356 position_loss:0.002886

2682 loss: 0.043604  [  496/ 3543]

2682 class loss: 0.064012 position_loss:0.006160

2712 loss: 0.006539  [  976/ 3543]

2712 class loss: 0.008538 position_loss:0.000966

2742 loss: 0.023463  [ 1456/ 3543]

2742 class loss: 0.038136 position_loss:0.003167

2772 loss: 0.012383  [ 1936/ 3543]

2772 class loss: 0.019392 position_loss:0.001701

2802 loss: 0.022252  [ 2416/ 3543]

2802 class loss: 0.016585 position_loss:0.003787

2832 loss: 0.015544  [ 2896/ 3543]

2832 class loss: 0.032792 position_loss:0.001797

2862 loss: 0.010173  [ 3376/ 3543]

2862 class loss: 0.022400 position_loss:0.001139

Epoch 13: train loss: 0.021471

Fold 0 Epoch 13 validation...
-------------------------------

number of test steps per epoch: 67

Epoch 13: valid loss:0.019945

Epoch 13: valid_class_loss:0.022488	valid_position_loss:0.003089

Epoch 13: valid loss 0.01994495163767286 smaller than best loss 0.021081195477555097
-------------------------------

Epoch 13: A better checkpoint is saved into /mnt/pixstor/data/yz3qt/MUTargetCLEAN0513/result_0624_dpr/2024-06-24__18-42-12/checkpoints/best_model.pth 
-------------------------------

Epoch 13: valid position loss 0.0030894746156683623 smaller than best position loss 0.003330160730380107
-------------------------------

Epoch 13: A better checkpoint is saved into /mnt/pixstor/data/yz3qt/MUTargetCLEAN0513/result_0624_dpr/2024-06-24__18-42-12/checkpoints/best_position_model.pth 
-------------------------------

Fold 0 Epoch 14 train...
-------------------------------

2873 loss: 0.024507  [   16/ 3543]

2873 class loss: 0.047906 position_loss:0.002985

2903 loss: 0.022833  [  496/ 3543]

2903 class loss: 0.034996 position_loss:0.003167

2933 loss: 0.016948  [  976/ 3543]

2933 class loss: 0.036928 position_loss:0.001912

2963 loss: 0.030999  [ 1456/ 3543]

2963 class loss: 0.047223 position_loss:0.004311

2993 loss: 0.023323  [ 1936/ 3543]

2993 class loss: 0.042369 position_loss:0.002970

3023 loss: 0.010054  [ 2416/ 3543]

3023 class loss: 0.018180 position_loss:0.001284

3053 loss: 0.015423  [ 2896/ 3543]

3053 class loss: 0.022766 position_loss:0.002174

3083 loss: 0.011959  [ 3376/ 3543]

3083 class loss: 0.018284 position_loss:0.001661

Epoch 14: train loss: 0.019890

Fold 0 Epoch 14 validation...
-------------------------------

number of test steps per epoch: 67

Epoch 14: valid loss:0.019820

Epoch 14: valid_class_loss:0.020241	valid_position_loss:0.003154

Epoch 14: valid loss 0.019820109282758052 smaller than best loss 0.01994495163767286
-------------------------------

Epoch 14: A better checkpoint is saved into /mnt/pixstor/data/yz3qt/MUTargetCLEAN0513/result_0624_dpr/2024-06-24__18-42-12/checkpoints/best_model.pth 
-------------------------------

Fold 0 Epoch 15 train...
-------------------------------

3094 loss: 0.044960  [   16/ 3543]

3094 class loss: 0.051652 position_loss:0.006926

3124 loss: 0.026305  [  496/ 3543]

3124 class loss: 0.022977 position_loss:0.004342

3154 loss: 0.011537  [  976/ 3543]

3154 class loss: 0.016761 position_loss:0.001637

3184 loss: 0.013872  [ 1456/ 3543]

3184 class loss: 0.024648 position_loss:0.001789

3214 loss: 0.003970  [ 1936/ 3543]

3214 class loss: 0.007047 position_loss:0.000512

3244 loss: 0.015571  [ 2416/ 3543]

3244 class loss: 0.015567 position_loss:0.002491

3274 loss: 0.026214  [ 2896/ 3543]

3274 class loss: 0.018469 position_loss:0.004504

3304 loss: 0.014955  [ 3376/ 3543]

3304 class loss: 0.022541 position_loss:0.002089

Epoch 15: train loss: 0.017651

Fold 0 Epoch 15 validation...
-------------------------------

number of test steps per epoch: 67

Epoch 15: valid loss:0.018392

Epoch 15: valid_class_loss:0.020366	valid_position_loss:0.002864

Epoch 15: valid loss 0.018392054466412316 smaller than best loss 0.019820109282758052
-------------------------------

Epoch 15: A better checkpoint is saved into /mnt/pixstor/data/yz3qt/MUTargetCLEAN0513/result_0624_dpr/2024-06-24__18-42-12/checkpoints/best_model.pth 
-------------------------------

Epoch 15: valid position loss 0.002863779070836408 smaller than best position loss 0.0030894746156683623
-------------------------------

Epoch 15: A better checkpoint is saved into /mnt/pixstor/data/yz3qt/MUTargetCLEAN0513/result_0624_dpr/2024-06-24__18-42-12/checkpoints/best_position_model.pth 
-------------------------------

Loading checkpoint from /mnt/pixstor/data/yz3qt/MUTargetCLEAN0513/result_0624_dpr/2024-06-24__18-42-12/checkpoints/best_model.pth

Fold 0 test
-------------------------------

===================Evaluate protein results========================

 optimized cutoffs: 

             Nucleus   ER  Peroxisome  Mitochondrion  Nucleus_export  SIGNAL  \
cutoffs_pro      0.7  0.4         0.5            0.2             0.9     0.2   
cutoffs_aa       0.2  0.1         0.1            0.1             0.1     0.1   

             chloroplast  Thylakoid  
cutoffs_pro          0.4        0.8  
cutoffs_aa           0.1        0.1  
===========================================

 Jaccard Index (protein): 

                       0
Nucleus         0.760571
Nucleus_export  0.652180
===========================================

 TPR, FPR, FNR: 

                       0         1         2
Nucleus         0.882857  0.166436  0.117143
Nucleus_export  0.817736  0.239381  0.182264
===========================================

 cs acc: 

                      0
ER             0.866667
Peroxisome     0.307692
Mitochondrion  0.368750
SIGNAL         0.869432
chloroplast    0.394737
Thylakoid      0.800000
===========================================

 Class prediction performance: 

                roc_auc_score  average_precision_score  matthews_corrcoef  \
Nucleus              0.989617                 0.917130           0.826453   
ER                   0.955254                 0.626979           0.752349   
Peroxisome           0.615605                 0.332520           0.552334   
Mitochondrion        0.912112                 0.877786           0.816661   
Nucleus_export       0.970270                 0.507409           0.431967   
SIGNAL               0.965337                 0.978929           0.838211   
chloroplast          0.915375                 0.802295           0.682008   
Thylakoid            0.993720                 0.480382           0.635272   

                recall_score  precision_score  f1_score  
Nucleus             0.921875         0.781457  0.845878  
ER                  0.866667         0.666667  0.753623  
Peroxisome          0.307692         1.000000  0.470588  
Mitochondrion       0.825000         0.862745  0.843450  
Nucleus_export      0.560000         0.358974  0.437500  
SIGNAL              0.953917         0.924107  0.938776  
chloroplast         0.723684         0.687500  0.705128  
Thylakoid           0.700000         0.583333  0.636364  
===================Test protein results constrain: False========================

 optimized cutoffs: 

             Nucleus   ER  Peroxisome  Mitochondrion  Nucleus_export  SIGNAL  \
cutoffs_pro      0.7  0.4         0.5            0.2             0.9     0.2   
cutoffs_aa       0.2  0.1         0.1            0.1             0.1     0.1   

             chloroplast  Thylakoid  
cutoffs_pro          0.4        0.8  
cutoffs_aa           0.1        0.1  
===========================================

 Jaccard Index (protein): 

                       0
Nucleus         0.639995
Nucleus_export  0.370690
===========================================

 TPR, FPR, FNR: 

                       0         1         2
Nucleus         0.747253  0.180948  0.252747
Nucleus_export  0.473333  0.188625  0.526667
===========================================

 cs acc: 

                      0
ER             0.965517
Peroxisome     0.461538
Mitochondrion  0.257862
SIGNAL         0.881620
chloroplast    0.369863
Thylakoid      0.777778
===========================================

 Class prediction performance: 

                roc_auc_score  average_precision_score  matthews_corrcoef  \
Nucleus              0.980858                 0.895566           0.805427   
ER                   0.998390                 0.925748           0.897611   
Peroxisome           0.868774                 0.545339           0.683551   
Mitochondrion        0.902845                 0.875753           0.807860   
Nucleus_export       0.949264                 0.271294           0.299798   
SIGNAL               0.964148                 0.975755           0.836627   
chloroplast          0.970473                 0.809540           0.705692   
Thylakoid            0.994169                 0.438628           0.598266   

                recall_score  precision_score  f1_score  
Nucleus             0.917355         0.750000  0.825279  
ER                  0.931034         0.870968  0.900000  
Peroxisome          0.538462         0.875000  0.666667  
Mitochondrion       0.786164         0.886525  0.833333  
Nucleus_export      0.400000         0.256410  0.312500  
SIGNAL              0.950156         0.924242  0.937020  
chloroplast         0.821918         0.645161  0.722892  
Thylakoid           0.777778         0.466667  0.583333  
===================Test protein results constrain: True========================

 optimized cutoffs: 

             Nucleus   ER  Peroxisome  Mitochondrion  Nucleus_export  SIGNAL  \
cutoffs_pro      0.7  0.4         0.5            0.2             0.9     0.2   
cutoffs_aa       0.2  0.1         0.1            0.1             0.1     0.1   

             chloroplast  Thylakoid  
cutoffs_pro          0.4        0.8  
cutoffs_aa           0.1        0.1  
===========================================

 Jaccard Index (protein): 

                       0
Nucleus         0.632967
Nucleus_export  0.280065
===========================================

 TPR, FPR, FNR: 

                       0         1         2
Nucleus         0.738989  0.174606  0.178367
Nucleus_export  0.360000  0.122623  0.040000
===========================================

 cs acc: 

                      0
ER             0.962963
Peroxisome     0.857143
Mitochondrion  0.272000
SIGNAL         0.895082
chloroplast    0.400000
Thylakoid      0.714286
===========================================

 Class prediction performance: 

                roc_auc_score  average_precision_score  matthews_corrcoef  \
Nucleus              0.980858                 0.895566           0.805427   
ER                   0.998390                 0.925748           0.897611   
Peroxisome           0.868774                 0.545339           0.683551   
Mitochondrion        0.902845                 0.875753           0.807860   
Nucleus_export       0.949264                 0.271294           0.299798   
SIGNAL               0.964148                 0.975755           0.836627   
chloroplast          0.970473                 0.809540           0.705692   
Thylakoid            0.994169                 0.438628           0.598266   

                recall_score  precision_score  f1_score  
Nucleus             0.917355         0.750000  0.825279  
ER                  0.931034         0.870968  0.900000  
Peroxisome          0.538462         0.875000  0.666667  
Mitochondrion       0.786164         0.886525  0.833333  
Nucleus_export      0.400000         0.256410  0.312500  
SIGNAL              0.950156         0.924242  0.937020  
chloroplast         0.821918         0.645161  0.722892  
Thylakoid           0.777778         0.466667  0.583333  




Comparable Test Data
-------------------------------

===================Test protein results constrain: False========================

 optimized cutoffs: 

             Nucleus   ER  Peroxisome  Mitochondrion  Nucleus_export  SIGNAL  \
cutoffs_pro      0.7  0.4         0.5            0.2             0.9     0.2   
cutoffs_aa       0.2  0.1         0.1            0.1             0.1     0.1   

             chloroplast  Thylakoid  
cutoffs_pro          0.4        0.8  
cutoffs_aa           0.1        0.1  
===========================================

 Jaccard Index (protein): 

                       0
Nucleus         0.924002
Nucleus_export  0.449099
===========================================

 TPR, FPR, FNR: 

                       0         1         2
Nucleus         1.000000  0.082410  0.000000
Nucleus_export  0.566667  0.276276  0.433333
===========================================

 cs acc: 

                0
ER            NaN
Peroxisome    NaN
Mitochondrion NaN
SIGNAL        NaN
chloroplast   NaN
Thylakoid     NaN
===========================================

 Class prediction performance: 

                roc_auc_score  average_precision_score  matthews_corrcoef  \
Nucleus                   0.5                      0.7                0.0   
ER                        NaN                     -0.0                0.0   
Peroxisome                NaN                     -0.0                0.0   
Mitochondrion             NaN                     -0.0                0.0   
Nucleus_export            NaN                      1.0                0.0   
SIGNAL                    NaN                     -0.0                0.0   
chloroplast               NaN                     -0.0                0.0   
Thylakoid                 NaN                     -0.0                0.0   

                recall_score  precision_score  f1_score  
Nucleus                  1.0              0.4  0.571429  
ER                       0.0              0.0  0.000000  
Peroxisome               0.0              0.0  0.000000  
Mitochondrion            0.0              0.0  0.000000  
Nucleus_export           0.6              1.0  0.750000  
SIGNAL                   0.0              0.0  0.000000  
chloroplast              0.0              0.0  0.000000  
Thylakoid                0.0              0.0  0.000000  
===================Test protein results constrain: True========================

 optimized cutoffs: 

             Nucleus   ER  Peroxisome  Mitochondrion  Nucleus_export  SIGNAL  \
cutoffs_pro      0.7  0.4         0.5            0.2             0.9     0.2   
cutoffs_aa       0.2  0.1         0.1            0.1             0.1     0.1   

             chloroplast  Thylakoid  
cutoffs_pro          0.4        0.8  
cutoffs_aa           0.1        0.1  
===========================================

 Jaccard Index (protein): 

                       0
Nucleus         0.924002
Nucleus_export  0.298414
===========================================

 TPR, FPR, FNR: 

                  0         1    2
Nucleus         1.0  0.082410  0.0
Nucleus_export  0.4  0.229194  0.2
===========================================

 cs acc: 

                0
ER            NaN
Peroxisome    NaN
Mitochondrion NaN
SIGNAL        NaN
chloroplast   NaN
Thylakoid     NaN
===========================================

 Class prediction performance: 

                roc_auc_score  average_precision_score  matthews_corrcoef  \
Nucleus                   0.5                      0.7                0.0   
ER                        NaN                     -0.0                0.0   
Peroxisome                NaN                     -0.0                0.0   
Mitochondrion             NaN                     -0.0                0.0   
Nucleus_export            NaN                      1.0                0.0   
SIGNAL                    NaN                     -0.0                0.0   
chloroplast               NaN                     -0.0                0.0   
Thylakoid                 NaN                     -0.0                0.0   

                recall_score  precision_score  f1_score  
Nucleus                  1.0              0.4  0.571429  
ER                       0.0              0.0  0.000000  
Peroxisome               0.0              0.0  0.000000  
Mitochondrion            0.0              0.0  0.000000  
Nucleus_export           0.6              1.0  0.750000  
SIGNAL                   0.0              0.0  0.000000  
chloroplast              0.0              0.0  0.000000  
Thylakoid                0.0              0.0  0.000000  
