use k-fold index: 0

Done Loading data

number of steps for training data: 221

number of steps for valid data: 67

number of steps for test data: 67

Done initialize tokenizer

trainable params: 39950470 || all params: 652949531 || trainable%: 6.118462163349038

Done initialize model

preparing optimizer is done

number of train steps per epoch: 221

Start training...

Fold 0 Epoch 1 train...
-------------------------------

0 loss: 0.769696  [   16/ 3543]

0 class loss: 0.026852 position_loss:0.742844

30 loss: 0.812475  [  496/ 3543]

30 class loss: 0.107495 position_loss:0.704981

60 loss: 0.660233  [  976/ 3543]

60 class loss: 0.017567 position_loss:0.642666

90 loss: 0.700202  [ 1456/ 3543]

90 class loss: 0.140571 position_loss:0.559631

120 loss: 0.523533  [ 1936/ 3543]

120 class loss: 0.090238 position_loss:0.433294

150 loss: 0.375853  [ 2416/ 3543]

150 class loss: 0.051711 position_loss:0.324142

180 loss: 0.276298  [ 2896/ 3543]

180 class loss: 0.056262 position_loss:0.220036

210 loss: 0.302666  [ 3376/ 3543]

210 class loss: 0.129164 position_loss:0.173503

Epoch 1: train loss: 0.541449

Fold 0 Epoch 1 validation...
-------------------------------

number of test steps per epoch: 67

Epoch 1: valid loss:0.159236

Epoch 1: valid_class_loss:0.031569	valid_position_loss:0.127667

Epoch 1: valid loss 0.15923638183195915 smaller than best loss inf
-------------------------------

Epoch 1: A better checkpoint is saved into /mnt/pixstor/data/yz3qt/MUTargetCLEAN0513/result_nosupcon/0531_1/2024-05-31__17-41-56/checkpoints/best_model.pth 
-------------------------------

Epoch 1: valid position loss 0.12766695355280042 smaller than best position loss inf
-------------------------------

Epoch 1: A better checkpoint is saved into /mnt/pixstor/data/yz3qt/MUTargetCLEAN0513/result_nosupcon/0531_1/2024-05-31__17-41-56/checkpoints/best_position_model.pth 
-------------------------------

Fold 0 Epoch 2 train...
-------------------------------

221 loss: 0.142699  [   16/ 3543]

221 class loss: 0.027026 position_loss:0.115673

251 loss: 0.088075  [  496/ 3543]

251 class loss: 0.008462 position_loss:0.079613

281 loss: 0.199471  [  976/ 3543]

281 class loss: 0.115585 position_loss:0.083886

311 loss: 0.142069  [ 1456/ 3543]

311 class loss: 0.068982 position_loss:0.073087

341 loss: 0.181014  [ 1936/ 3543]

341 class loss: 0.044354 position_loss:0.136660

371 loss: 0.087521  [ 2416/ 3543]

371 class loss: 0.042174 position_loss:0.045346

401 loss: 0.109514  [ 2896/ 3543]

401 class loss: 0.023960 position_loss:0.085555

431 loss: 0.107466  [ 3376/ 3543]

431 class loss: 0.042193 position_loss:0.065273

Epoch 2: train loss: 0.132230

Fold 0 Epoch 2 validation...
-------------------------------

number of test steps per epoch: 67

Epoch 2: valid loss:0.073914

Epoch 2: valid_class_loss:0.024116	valid_position_loss:0.049798

Epoch 2: valid loss 0.07391427223103124 smaller than best loss 0.15923638183195915
-------------------------------

Epoch 2: A better checkpoint is saved into /mnt/pixstor/data/yz3qt/MUTargetCLEAN0513/result_nosupcon/0531_1/2024-05-31__17-41-56/checkpoints/best_model.pth 
-------------------------------

Epoch 2: valid position loss 0.04979787713498797 smaller than best position loss 0.12766695355280042
-------------------------------

Epoch 2: A better checkpoint is saved into /mnt/pixstor/data/yz3qt/MUTargetCLEAN0513/result_nosupcon/0531_1/2024-05-31__17-41-56/checkpoints/best_position_model.pth 
-------------------------------

Fold 0 Epoch 3 train...
-------------------------------

442 loss: 0.115455  [   16/ 3543]

442 class loss: 0.045851 position_loss:0.069603

472 loss: 0.095886  [  496/ 3543]

472 class loss: 0.033226 position_loss:0.062660

502 loss: 0.074078  [  976/ 3543]

502 class loss: 0.030314 position_loss:0.043764

532 loss: 0.053982  [ 1456/ 3543]

532 class loss: 0.018432 position_loss:0.035550

562 loss: 0.090614  [ 1936/ 3543]

562 class loss: 0.050290 position_loss:0.040324

592 loss: 0.046579  [ 2416/ 3543]

592 class loss: 0.014852 position_loss:0.031727

622 loss: 0.071331  [ 2896/ 3543]

622 class loss: 0.028507 position_loss:0.042824

652 loss: 0.059559  [ 3376/ 3543]

652 class loss: 0.037104 position_loss:0.022456

Epoch 3: train loss: 0.067677

Fold 0 Epoch 3 validation...
-------------------------------

number of test steps per epoch: 67

Epoch 3: valid loss:0.045101

Epoch 3: valid_class_loss:0.017868	valid_position_loss:0.027232

Epoch 3: valid loss 0.045100789359480586 smaller than best loss 0.07391427223103124
-------------------------------

Epoch 3: A better checkpoint is saved into /mnt/pixstor/data/yz3qt/MUTargetCLEAN0513/result_nosupcon/0531_1/2024-05-31__17-41-56/checkpoints/best_model.pth 
-------------------------------

Epoch 3: valid position loss 0.0272324129775986 smaller than best position loss 0.04979787713498797
-------------------------------

Epoch 3: A better checkpoint is saved into /mnt/pixstor/data/yz3qt/MUTargetCLEAN0513/result_nosupcon/0531_1/2024-05-31__17-41-56/checkpoints/best_position_model.pth 
-------------------------------

Fold 0 Epoch 4 train...
-------------------------------

663 loss: 0.048398  [   16/ 3543]

663 class loss: 0.028857 position_loss:0.019541

693 loss: 0.058309  [  496/ 3543]

693 class loss: 0.022511 position_loss:0.035798

723 loss: 0.059956  [  976/ 3543]

723 class loss: 0.039480 position_loss:0.020476

753 loss: 0.067809  [ 1456/ 3543]

753 class loss: 0.046697 position_loss:0.021112

783 loss: 0.024133  [ 1936/ 3543]

783 class loss: 0.011106 position_loss:0.013027

813 loss: 0.022899  [ 2416/ 3543]

813 class loss: 0.012113 position_loss:0.010786

843 loss: 0.041314  [ 2896/ 3543]

843 class loss: 0.026506 position_loss:0.014808

873 loss: 0.054702  [ 3376/ 3543]

873 class loss: 0.025519 position_loss:0.029184

Epoch 4: train loss: 0.041682

Fold 0 Epoch 4 validation...
-------------------------------

number of test steps per epoch: 67

Epoch 4: valid loss:0.041559

Epoch 4: valid_class_loss:0.016615	valid_position_loss:0.024944

Epoch 4: valid loss 0.04155858466851258 smaller than best loss 0.045100789359480586
-------------------------------

Epoch 4: A better checkpoint is saved into /mnt/pixstor/data/yz3qt/MUTargetCLEAN0513/result_nosupcon/0531_1/2024-05-31__17-41-56/checkpoints/best_model.pth 
-------------------------------

Epoch 4: valid position loss 0.02494395997148006 smaller than best position loss 0.0272324129775986
-------------------------------

Epoch 4: A better checkpoint is saved into /mnt/pixstor/data/yz3qt/MUTargetCLEAN0513/result_nosupcon/0531_1/2024-05-31__17-41-56/checkpoints/best_position_model.pth 
-------------------------------

Fold 0 Epoch 5 train...
-------------------------------

884 loss: 0.033166  [   16/ 3543]

884 class loss: 0.017008 position_loss:0.016158

914 loss: 0.016989  [  496/ 3543]

914 class loss: 0.008214 position_loss:0.008775

944 loss: 0.024363  [  976/ 3543]

944 class loss: 0.010116 position_loss:0.014247

974 loss: 0.025954  [ 1456/ 3543]

974 class loss: 0.009914 position_loss:0.016040

1004 loss: 0.026505  [ 1936/ 3543]

1004 class loss: 0.009467 position_loss:0.017037

1034 loss: 0.021168  [ 2416/ 3543]

1034 class loss: 0.009183 position_loss:0.011985

1064 loss: 0.038101  [ 2896/ 3543]

1064 class loss: 0.018740 position_loss:0.019360

1094 loss: 0.017623  [ 3376/ 3543]

1094 class loss: 0.006245 position_loss:0.011378

Epoch 5: train loss: 0.028080

Fold 0 Epoch 5 validation...
-------------------------------

number of test steps per epoch: 67

Epoch 5: valid loss:0.027656

Epoch 5: valid_class_loss:0.013453	valid_position_loss:0.014203

Epoch 5: valid loss 0.027655509798935756 smaller than best loss 0.04155858466851258
-------------------------------

Epoch 5: A better checkpoint is saved into /mnt/pixstor/data/yz3qt/MUTargetCLEAN0513/result_nosupcon/0531_1/2024-05-31__17-41-56/checkpoints/best_model.pth 
-------------------------------

Epoch 5: valid position loss 0.014202669514912641 smaller than best position loss 0.02494395997148006
-------------------------------

Epoch 5: A better checkpoint is saved into /mnt/pixstor/data/yz3qt/MUTargetCLEAN0513/result_nosupcon/0531_1/2024-05-31__17-41-56/checkpoints/best_position_model.pth 
-------------------------------

Fold 0 Epoch 6 train...
-------------------------------

1105 loss: 0.011980  [   16/ 3543]

1105 class loss: 0.006882 position_loss:0.005098

1135 loss: 0.013618  [  496/ 3543]

1135 class loss: 0.004778 position_loss:0.008840

1165 loss: 0.028529  [  976/ 3543]

1165 class loss: 0.002626 position_loss:0.025903

1195 loss: 0.020873  [ 1456/ 3543]

1195 class loss: 0.006986 position_loss:0.013887

1225 loss: 0.010116  [ 1936/ 3543]

1225 class loss: 0.004699 position_loss:0.005417

1255 loss: 0.022629  [ 2416/ 3543]

1255 class loss: 0.008739 position_loss:0.013890

1285 loss: 0.019100  [ 2896/ 3543]

1285 class loss: 0.012740 position_loss:0.006360

1315 loss: 0.018436  [ 3376/ 3543]

1315 class loss: 0.012209 position_loss:0.006227

Epoch 6: train loss: 0.021314

Fold 0 Epoch 6 validation...
-------------------------------

number of test steps per epoch: 67

Epoch 6: valid loss:0.028453

Epoch 6: valid_class_loss:0.012829	valid_position_loss:0.015624

Fold 0 Epoch 7 train...
-------------------------------

1326 loss: 0.024542  [   16/ 3543]

1326 class loss: 0.015794 position_loss:0.008748

1356 loss: 0.018086  [  496/ 3543]

1356 class loss: 0.006433 position_loss:0.011652

1386 loss: 0.009344  [  976/ 3543]

1386 class loss: 0.003755 position_loss:0.005589

1416 loss: 0.010460  [ 1456/ 3543]

1416 class loss: 0.005168 position_loss:0.005291

1446 loss: 0.009259  [ 1936/ 3543]

1446 class loss: 0.004536 position_loss:0.004722

1476 loss: 0.016006  [ 2416/ 3543]

1476 class loss: 0.006335 position_loss:0.009672

1506 loss: 0.005240  [ 2896/ 3543]

1506 class loss: 0.002382 position_loss:0.002858

1536 loss: 0.013151  [ 3376/ 3543]

1536 class loss: 0.003174 position_loss:0.009977

Epoch 7: train loss: 0.018002

Fold 0 Epoch 7 validation...
-------------------------------

number of test steps per epoch: 67

Epoch 7: valid loss:0.029394

Epoch 7: valid_class_loss:0.013360	valid_position_loss:0.016034

Fold 0 Epoch 8 train...
-------------------------------

1547 loss: 0.009194  [   16/ 3543]

1547 class loss: 0.005943 position_loss:0.003251

1577 loss: 0.014651  [  496/ 3543]

1577 class loss: 0.007076 position_loss:0.007574

1607 loss: 0.031219  [  976/ 3543]

1607 class loss: 0.011240 position_loss:0.019979

1637 loss: 0.013500  [ 1456/ 3543]

1637 class loss: 0.005846 position_loss:0.007655

1667 loss: 0.052734  [ 1936/ 3543]

1667 class loss: 0.015863 position_loss:0.036871

1697 loss: 0.012429  [ 2416/ 3543]

1697 class loss: 0.004284 position_loss:0.008145

1727 loss: 0.016680  [ 2896/ 3543]

1727 class loss: 0.005315 position_loss:0.011365

1757 loss: 0.017791  [ 3376/ 3543]

1757 class loss: 0.005990 position_loss:0.011802

Epoch 8: train loss: 0.015834

Fold 0 Epoch 8 validation...
-------------------------------

number of test steps per epoch: 67

Epoch 8: valid loss:0.029236

Epoch 8: valid_class_loss:0.014562	valid_position_loss:0.014674

Fold 0 Epoch 9 train...
-------------------------------

1768 loss: 0.010243  [   16/ 3543]

1768 class loss: 0.004948 position_loss:0.005295

1798 loss: 0.022349  [  496/ 3543]

1798 class loss: 0.004911 position_loss:0.017438

1828 loss: 0.014158  [  976/ 3543]

1828 class loss: 0.007091 position_loss:0.007066

1858 loss: 0.008143  [ 1456/ 3543]

1858 class loss: 0.004780 position_loss:0.003363

1888 loss: 0.015317  [ 1936/ 3543]

1888 class loss: 0.003946 position_loss:0.011372

1918 loss: 0.012535  [ 2416/ 3543]

1918 class loss: 0.005235 position_loss:0.007299

1948 loss: 0.011776  [ 2896/ 3543]

1948 class loss: 0.005219 position_loss:0.006557

1978 loss: 0.009611  [ 3376/ 3543]

1978 class loss: 0.001725 position_loss:0.007886

Epoch 9: train loss: 0.012689

Fold 0 Epoch 9 validation...
-------------------------------

number of test steps per epoch: 67

Epoch 9: valid loss:0.029908

Epoch 9: valid_class_loss:0.014445	valid_position_loss:0.015463

Fold 0 Epoch 10 train...
-------------------------------

1989 loss: 0.005891  [   16/ 3543]

1989 class loss: 0.002338 position_loss:0.003553

2019 loss: 0.029663  [  496/ 3543]

2019 class loss: 0.004816 position_loss:0.024847

2049 loss: 0.025222  [  976/ 3543]

2049 class loss: 0.016262 position_loss:0.008960

2079 loss: 0.003874  [ 1456/ 3543]

2079 class loss: 0.001850 position_loss:0.002023

2109 loss: 0.012078  [ 1936/ 3543]

2109 class loss: 0.002407 position_loss:0.009671

2139 loss: 0.007642  [ 2416/ 3543]

2139 class loss: 0.003258 position_loss:0.004384

2169 loss: 0.007118  [ 2896/ 3543]

2169 class loss: 0.003014 position_loss:0.004104

2199 loss: 0.045751  [ 3376/ 3543]

2199 class loss: 0.016296 position_loss:0.029454

Epoch 10: train loss: 0.011373

Fold 0 Epoch 10 validation...
-------------------------------

number of test steps per epoch: 67

Epoch 10: valid loss:0.030610

Epoch 10: valid_class_loss:0.014418	valid_position_loss:0.016192

Fold 0 Epoch 11 train...
-------------------------------

2210 loss: 0.010900  [   16/ 3543]

2210 class loss: 0.003095 position_loss:0.007805

2240 loss: 0.009790  [  496/ 3543]

2240 class loss: 0.001918 position_loss:0.007872

2270 loss: 0.005067  [  976/ 3543]

2270 class loss: 0.001718 position_loss:0.003349

2300 loss: 0.008381  [ 1456/ 3543]

2300 class loss: 0.001914 position_loss:0.006466

2330 loss: 0.014915  [ 1936/ 3543]

2330 class loss: 0.006526 position_loss:0.008390

2360 loss: 0.008640  [ 2416/ 3543]

2360 class loss: 0.001255 position_loss:0.007385

2390 loss: 0.015027  [ 2896/ 3543]

2390 class loss: 0.004571 position_loss:0.010456

2420 loss: 0.007097  [ 3376/ 3543]

2420 class loss: 0.002207 position_loss:0.004891

Epoch 11: train loss: 0.010435

Fold 0 Epoch 11 validation...
-------------------------------

number of test steps per epoch: 67

Epoch 11: valid loss:0.033074

Epoch 11: valid_class_loss:0.014574	valid_position_loss:0.018500

Fold 0 Epoch 12 train...
-------------------------------

2431 loss: 0.006334  [   16/ 3543]

2431 class loss: 0.002580 position_loss:0.003754

2461 loss: 0.002225  [  496/ 3543]

2461 class loss: 0.000547 position_loss:0.001678

2491 loss: 0.012246  [  976/ 3543]

2491 class loss: 0.007613 position_loss:0.004633

2521 loss: 0.008032  [ 1456/ 3543]

2521 class loss: 0.004860 position_loss:0.003172

2551 loss: 0.009149  [ 1936/ 3543]

2551 class loss: 0.003879 position_loss:0.005269

2581 loss: 0.004986  [ 2416/ 3543]

2581 class loss: 0.002743 position_loss:0.002242

2611 loss: 0.008154  [ 2896/ 3543]

2611 class loss: 0.001667 position_loss:0.006487

2641 loss: 0.005181  [ 3376/ 3543]

2641 class loss: 0.001936 position_loss:0.003245

Epoch 12: train loss: 0.010056

Fold 0 Epoch 12 validation...
-------------------------------

number of test steps per epoch: 67

Epoch 12: valid loss:0.036757

Epoch 12: valid_class_loss:0.014785	valid_position_loss:0.021972

Fold 0 Epoch 13 train...
-------------------------------

2652 loss: 0.005047  [   16/ 3543]

2652 class loss: 0.001267 position_loss:0.003780

2682 loss: 0.020574  [  496/ 3543]

2682 class loss: 0.016412 position_loss:0.004161

2712 loss: 0.003939  [  976/ 3543]

2712 class loss: 0.000548 position_loss:0.003391

2742 loss: 0.005609  [ 1456/ 3543]

2742 class loss: 0.002155 position_loss:0.003454

2772 loss: 0.004681  [ 1936/ 3543]

2772 class loss: 0.001826 position_loss:0.002855

2802 loss: 0.021250  [ 2416/ 3543]

2802 class loss: 0.002610 position_loss:0.018639

2832 loss: 0.004176  [ 2896/ 3543]

2832 class loss: 0.001267 position_loss:0.002909

2862 loss: 0.004419  [ 3376/ 3543]

2862 class loss: 0.002674 position_loss:0.001746

Epoch 13: train loss: 0.009046

Fold 0 Epoch 13 validation...
-------------------------------

number of test steps per epoch: 67

Epoch 13: valid loss:0.037231

Epoch 13: valid_class_loss:0.015522	valid_position_loss:0.021709

Fold 0 Epoch 14 train...
-------------------------------

2873 loss: 0.006619  [   16/ 3543]

2873 class loss: 0.002811 position_loss:0.003808

2903 loss: 0.008240  [  496/ 3543]

2903 class loss: 0.002714 position_loss:0.005527

2933 loss: 0.012553  [  976/ 3543]

2933 class loss: 0.008393 position_loss:0.004160

2963 loss: 0.009055  [ 1456/ 3543]

2963 class loss: 0.004403 position_loss:0.004652

2993 loss: 0.006610  [ 1936/ 3543]

2993 class loss: 0.003098 position_loss:0.003512

3023 loss: 0.011198  [ 2416/ 3543]

3023 class loss: 0.005722 position_loss:0.005476

3053 loss: 0.005630  [ 2896/ 3543]

3053 class loss: 0.001906 position_loss:0.003724

3083 loss: 0.005367  [ 3376/ 3543]

3083 class loss: 0.001100 position_loss:0.004267

Epoch 14: train loss: 0.007788

Fold 0 Epoch 14 validation...
-------------------------------

number of test steps per epoch: 67

Epoch 14: valid loss:0.044737

Epoch 14: valid_class_loss:0.017967	valid_position_loss:0.026770

Fold 0 Epoch 15 train...
-------------------------------

3094 loss: 0.010533  [   16/ 3543]

3094 class loss: 0.002342 position_loss:0.008191

3124 loss: 0.011133  [  496/ 3543]

3124 class loss: 0.002929 position_loss:0.008205

3154 loss: 0.002839  [  976/ 3543]

3154 class loss: 0.001079 position_loss:0.001760

3184 loss: 0.003957  [ 1456/ 3543]

3184 class loss: 0.001110 position_loss:0.002847

3214 loss: 0.005623  [ 1936/ 3543]

3214 class loss: 0.002677 position_loss:0.002946

3244 loss: 0.008373  [ 2416/ 3543]

3244 class loss: 0.001127 position_loss:0.007247

3274 loss: 0.004754  [ 2896/ 3543]

3274 class loss: 0.000798 position_loss:0.003957

3304 loss: 0.020313  [ 3376/ 3543]

3304 class loss: 0.001407 position_loss:0.018906

Epoch 15: train loss: 0.007415

Fold 0 Epoch 15 validation...
-------------------------------

number of test steps per epoch: 67

Epoch 15: valid loss:0.033660

Epoch 15: valid_class_loss:0.014661	valid_position_loss:0.019000

Loading checkpoint from /mnt/pixstor/data/yz3qt/MUTargetCLEAN0513/result_nosupcon/0531_1/2024-05-31__17-41-56/checkpoints/best_position_model.pth

Fold 0 test
-------------------------------

===================Evaluate protein results========================

 optimized cutoffs: 

             Nucleus   ER  Peroxisome  Mitochondrion  Nucleus_export  SIGNAL  \
cutoffs_pro      0.6  0.8         0.2            0.5             0.9     0.2   
cutoffs_aa       0.3  0.1         0.1            0.1             0.1     0.1   

             chloroplast  Thylakoid  
cutoffs_pro          0.3        0.9  
cutoffs_aa           0.1        0.1  
===========================================

 Jaccard Index (protein): 

                       0
Nucleus         0.777150
ER              0.862177
Peroxisome      0.229889
Mitochondrion   0.803382
Nucleus_export  0.562367
SIGNAL          0.942039
chloroplast     0.788667
Thylakoid       0.917049
===========================================

 cs acc: 

                       0
Nucleus         0.039062
ER              0.000000
Peroxisome      0.230769
Mitochondrion   0.356250
Nucleus_export  0.000000
SIGNAL          0.872504
chloroplast     0.460526
Thylakoid       0.000000
===========================================

 Class prediction performance: 

                roc_auc_score  average_precision_score  matthews_corrcoef  \
Nucleus              0.993192                 0.949437           0.862782   
ER                   0.901455                 0.655453           0.753181   
Peroxisome           0.906709                 0.120095           0.179593   
Mitochondrion        0.973620                 0.953669           0.917300   
Nucleus_export       0.980502                 0.565732           0.574229   
SIGNAL               0.993264                 0.995637           0.938630   
chloroplast          0.985814                 0.966146           0.942294   
Thylakoid            0.996194                 0.564893           0.814552   

                recall_score  precision_score  f1_score  
Nucleus             0.984375         0.787500  0.875000  
ER                  0.833333         0.694444  0.757576  
Peroxisome          0.384615         0.102041  0.161290  
Mitochondrion       0.881250         0.979167  0.927632  
Nucleus_export      0.560000         0.608696  0.583333  
SIGNAL              0.992320         0.961310  0.976568  
chloroplast         0.921053         0.972222  0.945946  
Thylakoid           1.000000         0.666667  0.800000  
===================Test protein results constrain: False========================

 optimized cutoffs: 

             Nucleus   ER  Peroxisome  Mitochondrion  Nucleus_export  SIGNAL  \
cutoffs_pro      0.6  0.8         0.2            0.5             0.9     0.2   
cutoffs_aa       0.3  0.1         0.1            0.1             0.1     0.1   

             chloroplast  Thylakoid  
cutoffs_pro          0.3        0.9  
cutoffs_aa           0.1        0.1  
===========================================

 Jaccard Index (protein): 

                       0
Nucleus         0.683346
ER              0.996055
Peroxisome      0.368744
Mitochondrion   0.832730
Nucleus_export  0.153685
SIGNAL          0.956507
chloroplast     0.820931
Thylakoid       0.826919
===========================================

 cs acc: 

                       0
Nucleus         0.049587
ER              0.000000
Peroxisome      0.384615
Mitochondrion   0.270440
Nucleus_export  0.000000
SIGNAL          0.883178
chloroplast     0.301370
Thylakoid       0.000000
===========================================

 Class prediction performance: 

                roc_auc_score  average_precision_score  matthews_corrcoef  \
Nucleus              0.986517                 0.925863           0.835781   
ER                   0.999161                 0.970116           0.833314   
Peroxisome           0.977306                 0.259744           0.330966   
Mitochondrion        0.960289                 0.955258           0.943716   
Nucleus_export       0.944225                 0.330977           0.321550   
SIGNAL               0.995192                 0.996798           0.952867   
chloroplast          0.987457                 0.956166           0.920795   
Thylakoid            0.993639                 0.398358           0.598266   

                recall_score  precision_score  f1_score  
Nucleus             0.975207         0.751592  0.848921  
ER                  0.793103         0.884615  0.836364  
Peroxisome          0.538462         0.218750  0.311111  
Mitochondrion       0.911950         0.993151  0.950820  
Nucleus_export      0.240000         0.461538  0.315789  
SIGNAL              0.998442         0.965361  0.981623  
chloroplast         0.945205         0.907895  0.926174  
Thylakoid           0.777778         0.466667  0.583333  
===================Test protein results constrain: True========================

 optimized cutoffs: 

             Nucleus   ER  Peroxisome  Mitochondrion  Nucleus_export  SIGNAL  \
cutoffs_pro      0.6  0.8         0.2            0.5             0.9     0.2   
cutoffs_aa       0.3  0.1         0.1            0.1             0.1     0.1   

             chloroplast  Thylakoid  
cutoffs_pro          0.3        0.9  
cutoffs_aa           0.1        0.1  
===========================================

 Jaccard Index (protein): 

                       0
Nucleus         0.683346
ER              0.789830
Peroxisome      0.368744
Mitochondrion   0.820402
Nucleus_export  0.078362
SIGNAL          0.956507
chloroplast     0.807303
Thylakoid       0.616023
===========================================

 cs acc: 

                       0
Nucleus         0.050847
ER              0.000000
Peroxisome      0.714286
Mitochondrion   0.289655
Nucleus_export  0.000000
SIGNAL          0.884555
chloroplast     0.318841
Thylakoid       0.000000
===========================================

 Class prediction performance: 

                roc_auc_score  average_precision_score  matthews_corrcoef  \
Nucleus              0.986517                 0.925863           0.835781   
ER                   0.999161                 0.970116           0.833314   
Peroxisome           0.977306                 0.259744           0.330966   
Mitochondrion        0.960289                 0.955258           0.943716   
Nucleus_export       0.944225                 0.330977           0.321550   
SIGNAL               0.995192                 0.996798           0.952867   
chloroplast          0.987457                 0.956166           0.920795   
Thylakoid            0.993639                 0.398358           0.598266   

                recall_score  precision_score  f1_score  
Nucleus             0.975207         0.751592  0.848921  
ER                  0.793103         0.884615  0.836364  
Peroxisome          0.538462         0.218750  0.311111  
Mitochondrion       0.911950         0.993151  0.950820  
Nucleus_export      0.240000         0.461538  0.315789  
SIGNAL              0.998442         0.965361  0.981623  
chloroplast         0.945205         0.907895  0.926174  
Thylakoid           0.777778         0.466667  0.583333  
