use k-fold index: 0

Done Loading data

number of steps for training data: 221

number of steps for valid data: 67

number of steps for test data: 67

Done initialize tokenizer

trainable params: 39950470 || all params: 652949531 || trainable%: 6.118462163349038

Done initialize model

preparing optimizer is done

number of train steps per epoch: 221

Start training...

Fold 0 Epoch 1 train...
-------------------------------

0 loss: 0.742844  [   16/ 3543]

0 class loss: 0.026852 position_loss:0.742844

30 loss: 0.702357  [  496/ 3543]

30 class loss: 0.107867 position_loss:0.702357

60 loss: 0.632656  [  976/ 3543]

60 class loss: 0.017551 position_loss:0.632656

90 loss: 0.536512  [ 1456/ 3543]

90 class loss: 0.141066 position_loss:0.536512

120 loss: 0.406085  [ 1936/ 3543]

120 class loss: 0.091626 position_loss:0.406085

150 loss: 0.273769  [ 2416/ 3543]

150 class loss: 0.054211 position_loss:0.273769

180 loss: 0.166180  [ 2896/ 3543]

180 class loss: 0.059789 position_loss:0.166180

210 loss: 0.162440  [ 3376/ 3543]

210 class loss: 0.141770 position_loss:0.162440

Epoch 1: train loss: 0.434586

Fold 0 Epoch 1 validation...
-------------------------------

number of test steps per epoch: 67

Epoch 1: valid loss:0.117785

Epoch 1: valid_class_loss:0.032637	valid_position_loss:0.117785

Epoch 1: valid loss 0.11778456384933768 smaller than best loss inf
-------------------------------

Epoch 1: A better checkpoint is saved into /mnt/pixstor/data/yz3qt/MUTargetCLEAN0513/result_0606test/2024-06-06__17-39-47/checkpoints/best_model.pth 
-------------------------------

Epoch 1: valid position loss 0.11778456384933768 smaller than best position loss inf
-------------------------------

Epoch 1: A better checkpoint is saved into /mnt/pixstor/data/yz3qt/MUTargetCLEAN0513/result_0606test/2024-06-06__17-39-47/checkpoints/best_position_model.pth 
-------------------------------

Fold 0 Epoch 2 train...
-------------------------------

221 loss: 0.101367  [   16/ 3543]

221 class loss: 0.029909 position_loss:0.101367

251 loss: 0.069952  [  496/ 3543]

251 class loss: 0.008849 position_loss:0.069952

281 loss: 0.075916  [  976/ 3543]

281 class loss: 0.146431 position_loss:0.075916

311 loss: 0.063842  [ 1456/ 3543]

311 class loss: 0.091516 position_loss:0.063842

341 loss: 0.103311  [ 1936/ 3543]

341 class loss: 0.041202 position_loss:0.103311

371 loss: 0.036839  [ 2416/ 3543]

371 class loss: 0.058704 position_loss:0.036839

401 loss: 0.070224  [ 2896/ 3543]

401 class loss: 0.031440 position_loss:0.070224

431 loss: 0.047617  [ 3376/ 3543]

431 class loss: 0.049954 position_loss:0.047617

Epoch 2: train loss: 0.070560

Fold 0 Epoch 2 validation...
-------------------------------

number of test steps per epoch: 67

Epoch 2: valid loss:0.039680

Epoch 2: valid_class_loss:0.040040	valid_position_loss:0.039680

Epoch 2: valid loss 0.039680002764679215 smaller than best loss 0.11778456384933768
-------------------------------

Epoch 2: A better checkpoint is saved into /mnt/pixstor/data/yz3qt/MUTargetCLEAN0513/result_0606test/2024-06-06__17-39-47/checkpoints/best_model.pth 
-------------------------------

Epoch 2: valid position loss 0.039680002764679215 smaller than best position loss 0.11778456384933768
-------------------------------

Epoch 2: A better checkpoint is saved into /mnt/pixstor/data/yz3qt/MUTargetCLEAN0513/result_0606test/2024-06-06__17-39-47/checkpoints/best_position_model.pth 
-------------------------------

Fold 0 Epoch 3 train...
-------------------------------

442 loss: 0.063994  [   16/ 3543]

442 class loss: 0.079864 position_loss:0.063994

472 loss: 0.047287  [  496/ 3543]

472 class loss: 0.043182 position_loss:0.047287

502 loss: 0.028553  [  976/ 3543]

502 class loss: 0.079619 position_loss:0.028553

532 loss: 0.024954  [ 1456/ 3543]

532 class loss: 0.041343 position_loss:0.024954

562 loss: 0.028604  [ 1936/ 3543]

562 class loss: 0.091620 position_loss:0.028604

592 loss: 0.025347  [ 2416/ 3543]

592 class loss: 0.025471 position_loss:0.025347

622 loss: 0.035053  [ 2896/ 3543]

622 class loss: 0.072827 position_loss:0.035053

652 loss: 0.020475  [ 3376/ 3543]

652 class loss: 0.138722 position_loss:0.020475

Epoch 3: train loss: 0.029957

Fold 0 Epoch 3 validation...
-------------------------------

number of test steps per epoch: 67

Epoch 3: valid loss:0.023170

Epoch 3: valid_class_loss:0.038661	valid_position_loss:0.023170

Epoch 3: valid loss 0.023170334567721208 smaller than best loss 0.039680002764679215
-------------------------------

Epoch 3: A better checkpoint is saved into /mnt/pixstor/data/yz3qt/MUTargetCLEAN0513/result_0606test/2024-06-06__17-39-47/checkpoints/best_model.pth 
-------------------------------

Epoch 3: valid position loss 0.023170334567721208 smaller than best position loss 0.039680002764679215
-------------------------------

Epoch 3: A better checkpoint is saved into /mnt/pixstor/data/yz3qt/MUTargetCLEAN0513/result_0606test/2024-06-06__17-39-47/checkpoints/best_position_model.pth 
-------------------------------

Fold 0 Epoch 4 train...
-------------------------------

663 loss: 0.016631  [   16/ 3543]

663 class loss: 0.079679 position_loss:0.016631

693 loss: 0.027093  [  496/ 3543]

693 class loss: 0.062877 position_loss:0.027093

723 loss: 0.019523  [  976/ 3543]

723 class loss: 0.105715 position_loss:0.019523

753 loss: 0.016313  [ 1456/ 3543]

753 class loss: 0.141484 position_loss:0.016313

783 loss: 0.011585  [ 1936/ 3543]

783 class loss: 0.027219 position_loss:0.011585

813 loss: 0.008064  [ 2416/ 3543]

813 class loss: 0.039515 position_loss:0.008064

843 loss: 0.013900  [ 2896/ 3543]

843 class loss: 0.135430 position_loss:0.013900

873 loss: 0.020307  [ 3376/ 3543]

873 class loss: 0.093236 position_loss:0.020307

Epoch 4: train loss: 0.018131

Fold 0 Epoch 4 validation...
-------------------------------

number of test steps per epoch: 67

Epoch 4: valid loss:0.018479

Epoch 4: valid_class_loss:0.032390	valid_position_loss:0.018479

Epoch 4: valid loss 0.018478718803533956 smaller than best loss 0.023170334567721208
-------------------------------

Epoch 4: A better checkpoint is saved into /mnt/pixstor/data/yz3qt/MUTargetCLEAN0513/result_0606test/2024-06-06__17-39-47/checkpoints/best_model.pth 
-------------------------------

Epoch 4: valid position loss 0.018478718803533956 smaller than best position loss 0.023170334567721208
-------------------------------

Epoch 4: A better checkpoint is saved into /mnt/pixstor/data/yz3qt/MUTargetCLEAN0513/result_0606test/2024-06-06__17-39-47/checkpoints/best_position_model.pth 
-------------------------------

Fold 0 Epoch 5 train...
-------------------------------

884 loss: 0.011642  [   16/ 3543]

884 class loss: 0.096851 position_loss:0.011642

914 loss: 0.008777  [  496/ 3543]

914 class loss: 0.072592 position_loss:0.008777

944 loss: 0.011145  [  976/ 3543]

944 class loss: 0.071035 position_loss:0.011145

974 loss: 0.010981  [ 1456/ 3543]

974 class loss: 0.033391 position_loss:0.010981

1004 loss: 0.016680  [ 1936/ 3543]

1004 class loss: 0.058037 position_loss:0.016680

1034 loss: 0.012420  [ 2416/ 3543]

1034 class loss: 0.019174 position_loss:0.012420

1064 loss: 0.016323  [ 2896/ 3543]

1064 class loss: 0.109975 position_loss:0.016323

1094 loss: 0.009319  [ 3376/ 3543]

1094 class loss: 0.047212 position_loss:0.009319

Epoch 5: train loss: 0.012228

Fold 0 Epoch 5 validation...
-------------------------------

number of test steps per epoch: 67

Epoch 5: valid loss:0.013917

Epoch 5: valid_class_loss:0.034743	valid_position_loss:0.013917

Epoch 5: valid loss 0.01391744850815564 smaller than best loss 0.018478718803533956
-------------------------------

Epoch 5: A better checkpoint is saved into /mnt/pixstor/data/yz3qt/MUTargetCLEAN0513/result_0606test/2024-06-06__17-39-47/checkpoints/best_model.pth 
-------------------------------

Epoch 5: valid position loss 0.01391744850815564 smaller than best position loss 0.018478718803533956
-------------------------------

Epoch 5: A better checkpoint is saved into /mnt/pixstor/data/yz3qt/MUTargetCLEAN0513/result_0606test/2024-06-06__17-39-47/checkpoints/best_position_model.pth 
-------------------------------

Fold 0 Epoch 6 train...
-------------------------------

1105 loss: 0.003966  [   16/ 3543]

1105 class loss: 0.098232 position_loss:0.003966

1135 loss: 0.007398  [  496/ 3543]

1135 class loss: 0.067760 position_loss:0.007398

1165 loss: 0.028728  [  976/ 3543]

1165 class loss: 0.003738 position_loss:0.028728

1195 loss: 0.007470  [ 1456/ 3543]

1195 class loss: 0.028978 position_loss:0.007470

1225 loss: 0.005385  [ 1936/ 3543]

1225 class loss: 0.077082 position_loss:0.005385

1255 loss: 0.012140  [ 2416/ 3543]

1255 class loss: 0.101855 position_loss:0.012140

1285 loss: 0.005042  [ 2896/ 3543]

1285 class loss: 0.184943 position_loss:0.005042

1315 loss: 0.005479  [ 3376/ 3543]

1315 class loss: 0.124861 position_loss:0.005479

Epoch 6: train loss: 0.009403

Fold 0 Epoch 6 validation...
-------------------------------

number of test steps per epoch: 67

Epoch 6: valid loss:0.013387

Epoch 6: valid_class_loss:0.033493	valid_position_loss:0.013387

Epoch 6: valid loss 0.013386774692956616 smaller than best loss 0.01391744850815564
-------------------------------

Epoch 6: A better checkpoint is saved into /mnt/pixstor/data/yz3qt/MUTargetCLEAN0513/result_0606test/2024-06-06__17-39-47/checkpoints/best_model.pth 
-------------------------------

Epoch 6: valid position loss 0.013386774692956616 smaller than best position loss 0.01391744850815564
-------------------------------

Epoch 6: A better checkpoint is saved into /mnt/pixstor/data/yz3qt/MUTargetCLEAN0513/result_0606test/2024-06-06__17-39-47/checkpoints/best_position_model.pth 
-------------------------------

Fold 0 Epoch 7 train...
-------------------------------

1326 loss: 0.005974  [   16/ 3543]

1326 class loss: 0.125842 position_loss:0.005974

1356 loss: 0.009236  [  496/ 3543]

1356 class loss: 0.080202 position_loss:0.009236

1386 loss: 0.005762  [  976/ 3543]

1386 class loss: 0.057686 position_loss:0.005762

1416 loss: 0.005212  [ 1456/ 3543]

1416 class loss: 0.110542 position_loss:0.005212

1446 loss: 0.004686  [ 1936/ 3543]

1446 class loss: 0.060813 position_loss:0.004686

1476 loss: 0.006989  [ 2416/ 3543]

1476 class loss: 0.012649 position_loss:0.006989

1506 loss: 0.002457  [ 2896/ 3543]

1506 class loss: 0.040070 position_loss:0.002457

1536 loss: 0.009552  [ 3376/ 3543]

1536 class loss: 0.022861 position_loss:0.009552

Epoch 7: train loss: 0.007903

Fold 0 Epoch 7 validation...
-------------------------------

number of test steps per epoch: 67

Epoch 7: valid loss:0.015843

Epoch 7: valid_class_loss:0.029687	valid_position_loss:0.015843

Fold 0 Epoch 8 train...
-------------------------------

1547 loss: 0.002777  [   16/ 3543]

1547 class loss: 0.042004 position_loss:0.002777

1577 loss: 0.007570  [  496/ 3543]

1577 class loss: 0.015228 position_loss:0.007570

1607 loss: 0.007921  [  976/ 3543]

1607 class loss: 0.054720 position_loss:0.007921

1637 loss: 0.005945  [ 1456/ 3543]

1637 class loss: 0.069428 position_loss:0.005945

1667 loss: 0.004733  [ 1936/ 3543]

1667 class loss: 0.118291 position_loss:0.004733

1697 loss: 0.008529  [ 2416/ 3543]

1697 class loss: 0.086478 position_loss:0.008529

1727 loss: 0.009280  [ 2896/ 3543]

1727 class loss: 0.069772 position_loss:0.009280

1757 loss: 0.010944  [ 3376/ 3543]

1757 class loss: 0.087831 position_loss:0.010944

Epoch 8: train loss: 0.006660

Fold 0 Epoch 8 validation...
-------------------------------

number of test steps per epoch: 67

Epoch 8: valid loss:0.013661

Epoch 8: valid_class_loss:0.029008	valid_position_loss:0.013661

Fold 0 Epoch 9 train...
-------------------------------

1768 loss: 0.004566  [   16/ 3543]

1768 class loss: 0.107222 position_loss:0.004566

1798 loss: 0.015162  [  496/ 3543]

1798 class loss: 0.011886 position_loss:0.015162

1828 loss: 0.007608  [  976/ 3543]

1828 class loss: 0.131316 position_loss:0.007608

1858 loss: 0.002732  [ 1456/ 3543]

1858 class loss: 0.088456 position_loss:0.002732

1888 loss: 0.008740  [ 1936/ 3543]

1888 class loss: 0.056614 position_loss:0.008740

1918 loss: 0.007515  [ 2416/ 3543]

1918 class loss: 0.078866 position_loss:0.007515

1948 loss: 0.005898  [ 2896/ 3543]

1948 class loss: 0.093557 position_loss:0.005898

1978 loss: 0.006526  [ 3376/ 3543]

1978 class loss: 0.008444 position_loss:0.006526

Epoch 9: train loss: 0.005898

Fold 0 Epoch 9 validation...
-------------------------------

number of test steps per epoch: 67

Epoch 9: valid loss:0.014775

Epoch 9: valid_class_loss:0.026374	valid_position_loss:0.014775

Fold 0 Epoch 10 train...
-------------------------------

1989 loss: 0.002779  [   16/ 3543]

1989 class loss: 0.030585 position_loss:0.002779

2019 loss: 0.020200  [  496/ 3543]

2019 class loss: 0.048623 position_loss:0.020200

2049 loss: 0.008249  [  976/ 3543]

2049 class loss: 0.043572 position_loss:0.008249

2079 loss: 0.002357  [ 1456/ 3543]

2079 class loss: 0.024270 position_loss:0.002357

2109 loss: 0.005347  [ 1936/ 3543]

2109 class loss: 0.057632 position_loss:0.005347

2139 loss: 0.005042  [ 2416/ 3543]

2139 class loss: 0.049113 position_loss:0.005042

2169 loss: 0.004538  [ 2896/ 3543]

2169 class loss: 0.059095 position_loss:0.004538

2199 loss: 0.019617  [ 3376/ 3543]

2199 class loss: 0.048332 position_loss:0.019617

Epoch 10: train loss: 0.005500

Fold 0 Epoch 10 validation...
-------------------------------

number of test steps per epoch: 67

Epoch 10: valid loss:0.015700

Epoch 10: valid_class_loss:0.024195	valid_position_loss:0.015700

Fold 0 Epoch 11 train...
-------------------------------

2210 loss: 0.005942  [   16/ 3543]

2210 class loss: 0.025851 position_loss:0.005942

2240 loss: 0.003977  [  496/ 3543]

2240 class loss: 0.017911 position_loss:0.003977

2270 loss: 0.002669  [  976/ 3543]

2270 class loss: 0.047854 position_loss:0.002669

2300 loss: 0.005033  [ 1456/ 3543]

2300 class loss: 0.016966 position_loss:0.005033

2330 loss: 0.006061  [ 1936/ 3543]

2330 class loss: 0.076353 position_loss:0.006061

2360 loss: 0.010575  [ 2416/ 3543]

2360 class loss: 0.019655 position_loss:0.010575

2390 loss: 0.006918  [ 2896/ 3543]

2390 class loss: 0.101254 position_loss:0.006918

2420 loss: 0.003914  [ 3376/ 3543]

2420 class loss: 0.045588 position_loss:0.003914

Epoch 11: train loss: 0.004967

Fold 0 Epoch 11 validation...
-------------------------------

number of test steps per epoch: 67

Epoch 11: valid loss:0.015844

Epoch 11: valid_class_loss:0.023724	valid_position_loss:0.015844

Fold 0 Epoch 12 train...
-------------------------------

2431 loss: 0.003141  [   16/ 3543]

2431 class loss: 0.006929 position_loss:0.003141

2461 loss: 0.001630  [  496/ 3543]

2461 class loss: 0.003610 position_loss:0.001630

2491 loss: 0.002259  [  976/ 3543]

2491 class loss: 0.009391 position_loss:0.002259

2521 loss: 0.003028  [ 1456/ 3543]

2521 class loss: 0.115264 position_loss:0.003028

2551 loss: 0.004051  [ 1936/ 3543]

2551 class loss: 0.008278 position_loss:0.004051

2581 loss: 0.002123  [ 2416/ 3543]

2581 class loss: 0.050943 position_loss:0.002123

2611 loss: 0.007190  [ 2896/ 3543]

2611 class loss: 0.022466 position_loss:0.007190

2641 loss: 0.002586  [ 3376/ 3543]

2641 class loss: 0.048632 position_loss:0.002586

Epoch 12: train loss: 0.004241

Fold 0 Epoch 12 validation...
-------------------------------

number of test steps per epoch: 67

Epoch 12: valid loss:0.021762

Epoch 12: valid_class_loss:0.020715	valid_position_loss:0.021762

Fold 0 Epoch 13 train...
-------------------------------

2652 loss: 0.003129  [   16/ 3543]

2652 class loss: 0.034277 position_loss:0.003129

2682 loss: 0.004563  [  496/ 3543]

2682 class loss: 0.165542 position_loss:0.004563

2712 loss: 0.002642  [  976/ 3543]

2712 class loss: 0.001962 position_loss:0.002642

2742 loss: 0.003090  [ 1456/ 3543]

2742 class loss: 0.050145 position_loss:0.003090

2772 loss: 0.002176  [ 1936/ 3543]

2772 class loss: 0.032448 position_loss:0.002176

2802 loss: 0.012585  [ 2416/ 3543]

2802 class loss: 0.016743 position_loss:0.012585

2832 loss: 0.002820  [ 2896/ 3543]

2832 class loss: 0.030438 position_loss:0.002820

2862 loss: 0.001751  [ 3376/ 3543]

2862 class loss: 0.013891 position_loss:0.001751

Epoch 13: train loss: 0.004284

Fold 0 Epoch 13 validation...
-------------------------------

number of test steps per epoch: 67

Epoch 13: valid loss:0.019339

Epoch 13: valid_class_loss:0.021101	valid_position_loss:0.019339

Fold 0 Epoch 14 train...
-------------------------------

2873 loss: 0.003588  [   16/ 3543]

2873 class loss: 0.073204 position_loss:0.003588

2903 loss: 0.003618  [  496/ 3543]

2903 class loss: 0.052936 position_loss:0.003618

2933 loss: 0.002380  [  976/ 3543]

2933 class loss: 0.034614 position_loss:0.002380

2963 loss: 0.002792  [ 1456/ 3543]

2963 class loss: 0.072039 position_loss:0.002792

2993 loss: 0.002435  [ 1936/ 3543]

2993 class loss: 0.089709 position_loss:0.002435

3023 loss: 0.002698  [ 2416/ 3543]

3023 class loss: 0.018459 position_loss:0.002698

3053 loss: 0.002459  [ 2896/ 3543]

3053 class loss: 0.021815 position_loss:0.002459

3083 loss: 0.003318  [ 3376/ 3543]

3083 class loss: 0.018988 position_loss:0.003318

Epoch 14: train loss: 0.003326

Fold 0 Epoch 14 validation...
-------------------------------

number of test steps per epoch: 67

Epoch 14: valid loss:0.031450

Epoch 14: valid_class_loss:0.022616	valid_position_loss:0.031450

Fold 0 Epoch 15 train...
-------------------------------

3094 loss: 0.005513  [   16/ 3543]

3094 class loss: 0.116694 position_loss:0.005513

3124 loss: 0.004300  [  496/ 3543]

3124 class loss: 0.038133 position_loss:0.004300

3154 loss: 0.002166  [  976/ 3543]

3154 class loss: 0.036084 position_loss:0.002166

3184 loss: 0.001880  [ 1456/ 3543]

3184 class loss: 0.028493 position_loss:0.001880

3214 loss: 0.003109  [ 1936/ 3543]

3214 class loss: 0.004301 position_loss:0.003109

3244 loss: 0.003752  [ 2416/ 3543]

3244 class loss: 0.015865 position_loss:0.003752

3274 loss: 0.002368  [ 2896/ 3543]

3274 class loss: 0.014737 position_loss:0.002368

3304 loss: 0.002918  [ 3376/ 3543]

3304 class loss: 0.019564 position_loss:0.002918

Epoch 15: train loss: 0.003531

Fold 0 Epoch 15 validation...
-------------------------------

number of test steps per epoch: 67

Epoch 15: valid loss:0.023025

Epoch 15: valid_class_loss:0.021349	valid_position_loss:0.023025

Loading checkpoint from /mnt/pixstor/data/yz3qt/MUTargetCLEAN0513/result_0606test/2024-06-06__17-39-47/checkpoints/best_position_model.pth

Fold 0 test
-------------------------------

===================Evaluate protein results========================

 optimized cutoffs: 

             Nucleus   ER  Peroxisome  Mitochondrion  Nucleus_export  SIGNAL  \
cutoffs_pro      0.7  0.6         0.8            0.8             0.8     0.9   
cutoffs_aa       0.2  0.1         0.1            0.1             0.1     0.1   

             chloroplast  Thylakoid  
cutoffs_pro          0.7        0.8  
cutoffs_aa           0.1        0.1  
===========================================

 Jaccard Index (protein): 

                       0
Nucleus         0.780552
ER              0.897796
Peroxisome      0.458819
Mitochondrion   0.873620
Nucleus_export  0.502441
SIGNAL          0.954401
chloroplast     0.820515
Thylakoid       0.889439
===========================================

 cs acc: 

                       0
Nucleus         0.000000
ER              0.866667
Peroxisome      0.307692
Mitochondrion   0.625000
Nucleus_export  0.000000
SIGNAL          0.874040
chloroplast     0.605263
Thylakoid       0.800000
===========================================

 Class prediction performance: 

                roc_auc_score  average_precision_score  matthews_corrcoef  \
Nucleus              0.992347                 0.944124           0.867865   
ER                   0.950857                 0.665912           0.732820   
Peroxisome           0.495449                 0.180966           0.390190   
Mitochondrion        0.985155                 0.960668           0.913555   
Nucleus_export       0.980232                 0.663996           0.571512   
SIGNAL               0.951886                 0.952859           0.899431   
chloroplast          0.952565                 0.900019           0.858269   
Thylakoid            0.995718                 0.565886           0.758062   

                recall_score  precision_score  f1_score  
Nucleus             0.960938         0.814570  0.881720  
ER                  0.866667         0.634146  0.732394  
Peroxisome          0.153846         1.000000  0.266667  
Mitochondrion       0.887500         0.965986  0.925081  
Nucleus_export      0.680000         0.500000  0.576271  
SIGNAL              0.989247         0.936047  0.961912  
chloroplast         0.868421         0.868421  0.868421  
Thylakoid           0.900000         0.642857  0.750000  
===================Test protein results constrain: False========================

 optimized cutoffs: 

             Nucleus   ER  Peroxisome  Mitochondrion  Nucleus_export  SIGNAL  \
cutoffs_pro      0.7  0.6         0.8            0.8             0.8     0.9   
cutoffs_aa       0.2  0.1         0.1            0.1             0.1     0.1   

             chloroplast  Thylakoid  
cutoffs_pro          0.7        0.8  
cutoffs_aa           0.1        0.1  
===========================================

 Jaccard Index (protein): 

                       0
Nucleus         0.650880
ER              0.963382
Peroxisome      0.995821
Mitochondrion   0.862568
Nucleus_export  0.205074
SIGNAL          0.959940
chloroplast     0.864637
Thylakoid       0.883107
===========================================

 cs acc: 

                       0
Nucleus         0.024793
ER              0.965517
Peroxisome      0.923077
Mitochondrion   0.572327
Nucleus_export  0.000000
SIGNAL          0.890966
chloroplast     0.383562
Thylakoid       0.777778
===========================================

 Class prediction performance: 

                roc_auc_score  average_precision_score  matthews_corrcoef  \
Nucleus              0.990800                 0.921345           0.862023   
ER                   0.998524                 0.934422           0.907599   
Peroxisome           0.959254                 0.344107           0.242509   
Mitochondrion        0.964771                 0.951026           0.947487   
Nucleus_export       0.862868                 0.322447           0.296827   
SIGNAL               0.944924                 0.931278           0.904177   
chloroplast          0.991814                 0.939539           0.882322   
Thylakoid            0.995123                 0.466709           0.747491   

                recall_score  precision_score  f1_score  
Nucleus             0.958678         0.805556  0.875472  
ER                  1.000000         0.828571  0.906250  
Peroxisome          0.153846         0.400000  0.222222  
Mitochondrion       0.924528         0.986577  0.954545  
Nucleus_export      0.320000         0.307692  0.313725  
SIGNAL              0.993769         0.934114  0.963019  
chloroplast         0.972603         0.816092  0.887500  
Thylakoid           1.000000         0.562500  0.720000  
===================Test protein results constrain: True========================

 optimized cutoffs: 

             Nucleus   ER  Peroxisome  Mitochondrion  Nucleus_export  SIGNAL  \
cutoffs_pro      0.7  0.6         0.8            0.8             0.8     0.9   
cutoffs_aa       0.2  0.1         0.1            0.1             0.1     0.1   

             chloroplast  Thylakoid  
cutoffs_pro          0.7        0.8  
cutoffs_aa           0.1        0.1  
===========================================

 Jaccard Index (protein): 

                       0
Nucleus         0.647825
ER              0.963382
Peroxisome      0.152996
Mitochondrion   0.826944
Nucleus_export  0.158070
SIGNAL          0.957148
chloroplast     0.864637
Thylakoid       0.883107
===========================================

 cs acc: 

                       0
Nucleus         0.025862
ER              0.965517
Peroxisome      1.000000
Mitochondrion   0.619048
Nucleus_export  0.000000
SIGNAL          0.896552
chloroplast     0.394366
Thylakoid       0.777778
===========================================

 Class prediction performance: 

                roc_auc_score  average_precision_score  matthews_corrcoef  \
Nucleus              0.990800                 0.921345           0.862023   
ER                   0.998524                 0.934422           0.907599   
Peroxisome           0.959254                 0.344107           0.242509   
Mitochondrion        0.964771                 0.951026           0.947487   
Nucleus_export       0.862868                 0.322447           0.296827   
SIGNAL               0.944924                 0.931278           0.904177   
chloroplast          0.991814                 0.939539           0.882322   
Thylakoid            0.995123                 0.466709           0.747491   

                recall_score  precision_score  f1_score  
Nucleus             0.958678         0.805556  0.875472  
ER                  1.000000         0.828571  0.906250  
Peroxisome          0.153846         0.400000  0.222222  
Mitochondrion       0.924528         0.986577  0.954545  
Nucleus_export      0.320000         0.307692  0.313725  
SIGNAL              0.993769         0.934114  0.963019  
chloroplast         0.972603         0.816092  0.887500  
Thylakoid           1.000000         0.562500  0.720000  




Comparable Test Data
-------------------------------

===================Test protein results constrain: False========================

 optimized cutoffs: 

             Nucleus   ER  Peroxisome  Mitochondrion  Nucleus_export  SIGNAL  \
cutoffs_pro      0.7  0.6         0.8            0.8             0.8     0.9   
cutoffs_aa       0.2  0.1         0.1            0.1             0.1     0.1   

             chloroplast  Thylakoid  
cutoffs_pro          0.7        0.8  
cutoffs_aa           0.1        0.1  
===========================================

 Jaccard Index (protein): 

                       0
Nucleus         0.955935
ER                   NaN
Peroxisome           NaN
Mitochondrion        NaN
Nucleus_export  0.153488
SIGNAL               NaN
chloroplast          NaN
Thylakoid            NaN
===========================================

 cs acc: 

                  0
Nucleus         0.0
ER              NaN
Peroxisome      NaN
Mitochondrion   NaN
Nucleus_export  0.0
SIGNAL          NaN
chloroplast     NaN
Thylakoid       NaN
===========================================

 Class prediction performance: 

                roc_auc_score  average_precision_score  matthews_corrcoef  \
Nucleus              0.666667                 0.583333                0.0   
ER                        NaN                -0.000000                0.0   
Peroxisome                NaN                -0.000000                0.0   
Mitochondrion             NaN                -0.000000                0.0   
Nucleus_export            NaN                 1.000000                0.0   
SIGNAL                    NaN                -0.000000                0.0   
chloroplast               NaN                -0.000000                0.0   
Thylakoid                 NaN                -0.000000                0.0   

                recall_score  precision_score  f1_score  
Nucleus                  1.0              0.4  0.571429  
ER                       0.0              0.0  0.000000  
Peroxisome               0.0              0.0  0.000000  
Mitochondrion            0.0              0.0  0.000000  
Nucleus_export           0.6              1.0  0.750000  
SIGNAL                   0.0              0.0  0.000000  
chloroplast              0.0              0.0  0.000000  
Thylakoid                0.0              0.0  0.000000  
===================Test protein results constrain: True========================

 optimized cutoffs: 

             Nucleus   ER  Peroxisome  Mitochondrion  Nucleus_export  SIGNAL  \
cutoffs_pro      0.7  0.6         0.8            0.8             0.8     0.9   
cutoffs_aa       0.2  0.1         0.1            0.1             0.1     0.1   

             chloroplast  Thylakoid  
cutoffs_pro          0.7        0.8  
cutoffs_aa           0.1        0.1  
===========================================

 Jaccard Index (protein): 

                       0
Nucleus         0.955935
ER                   NaN
Peroxisome           NaN
Mitochondrion        NaN
Nucleus_export  0.153488
SIGNAL               NaN
chloroplast          NaN
Thylakoid            NaN
===========================================

 cs acc: 

                  0
Nucleus         0.0
ER              NaN
Peroxisome      NaN
Mitochondrion   NaN
Nucleus_export  0.0
SIGNAL          NaN
chloroplast     NaN
Thylakoid       NaN
===========================================

 Class prediction performance: 

                roc_auc_score  average_precision_score  matthews_corrcoef  \
Nucleus              0.666667                 0.583333                0.0   
ER                        NaN                -0.000000                0.0   
Peroxisome                NaN                -0.000000                0.0   
Mitochondrion             NaN                -0.000000                0.0   
Nucleus_export            NaN                 1.000000                0.0   
SIGNAL                    NaN                -0.000000                0.0   
chloroplast               NaN                -0.000000                0.0   
Thylakoid                 NaN                -0.000000                0.0   

                recall_score  precision_score  f1_score  
Nucleus                  1.0              0.4  0.571429  
ER                       0.0              0.0  0.000000  
Peroxisome               0.0              0.0  0.000000  
Mitochondrion            0.0              0.0  0.000000  
Nucleus_export           0.6              1.0  0.750000  
SIGNAL                   0.0              0.0  0.000000  
chloroplast              0.0              0.0  0.000000  
Thylakoid                0.0              0.0  0.000000  
