use k-fold index: 0

Done Loading data

number of steps for training data: 221

number of steps for valid data: 67

number of steps for test data: 67

trainable params: 55929656 || all params: 667618030 || trainable%: 8.377493340016596

Done initialize model

Done initialize tokenizer

preparing optimizer is done

number of train steps per epoch: 221

Start training...

Fold 0 Epoch 1 train...
-------------------------------

0 loss: 0.237919  [   16/ 3543]

0 class loss: 0.079878 position_loss:0.083272

30 loss: 0.279618  [  496/ 3543]

30 class loss: 0.098865 position_loss:0.097866

60 loss: 0.163320  [  976/ 3543]

60 class loss: 0.064021 position_loss:0.057162

90 loss: 0.349657  [ 1456/ 3543]

90 class loss: 0.133548 position_loss:0.122380

120 loss: 0.074443  [ 1936/ 3543]

120 class loss: 0.031383 position_loss:0.026055

150 loss: 0.253334  [ 2416/ 3543]

150 class loss: 0.113542 position_loss:0.088667

180 loss: 0.076893  [ 2896/ 3543]

180 class loss: 0.043822 position_loss:0.026913

210 loss: 0.148224  [ 3376/ 3543]

210 class loss: 0.070681 position_loss:0.051878

Epoch 1: train loss: 0.212659

Fold 0 Epoch 1 validation...
-------------------------------

number of test steps per epoch: 67

Epoch 1: valid loss:0.095251

Epoch 1: valid_class_loss:0.053185	valid_position_loss:0.033338

Epoch 1: valid loss 0.0952511801209586 smaller than best loss inf
-------------------------------

Epoch 1: A better checkpoint is saved into /mnt/pixstor/data/yz3qt/MUTargetCLEAN0513/result_0612/2024-06-13__01-48-19/checkpoints/best_model.pth 
-------------------------------

Epoch 1: valid position loss 0.03333791304233552 smaller than best position loss inf
-------------------------------

Epoch 1: A better checkpoint is saved into /mnt/pixstor/data/yz3qt/MUTargetCLEAN0513/result_0612/2024-06-13__01-48-19/checkpoints/best_position_model.pth 
-------------------------------

Fold 0 Epoch 2 train...
-------------------------------

221 loss: 0.095659  [   16/ 3543]

221 class loss: 0.060920 position_loss:0.033481

251 loss: 0.078010  [  496/ 3543]

251 class loss: 0.055012 position_loss:0.027304

281 loss: 0.072147  [  976/ 3543]

281 class loss: 0.049975 position_loss:0.025251

311 loss: 0.031621  [ 1456/ 3543]

311 class loss: 0.027496 position_loss:0.011067

341 loss: 0.168739  [ 1936/ 3543]

341 class loss: 0.168808 position_loss:0.059059

371 loss: 0.079112  [ 2416/ 3543]

371 class loss: 0.086100 position_loss:0.027689

401 loss: 0.063567  [ 2896/ 3543]

401 class loss: 0.081703 position_loss:0.022249

431 loss: 0.111140  [ 3376/ 3543]

431 class loss: 0.147936 position_loss:0.038899

Epoch 2: train loss: 0.100583

Fold 0 Epoch 2 validation...
-------------------------------

number of test steps per epoch: 67

Epoch 2: valid loss:0.048305

Epoch 2: valid_class_loss:0.053010	valid_position_loss:0.016907

Epoch 2: valid loss 0.04830497329475982 smaller than best loss 0.0952511801209586
-------------------------------

Epoch 2: A better checkpoint is saved into /mnt/pixstor/data/yz3qt/MUTargetCLEAN0513/result_0612/2024-06-13__01-48-19/checkpoints/best_model.pth 
-------------------------------

Epoch 2: valid position loss 0.016906740653165945 smaller than best position loss 0.03333791304233552
-------------------------------

Epoch 2: A better checkpoint is saved into /mnt/pixstor/data/yz3qt/MUTargetCLEAN0513/result_0612/2024-06-13__01-48-19/checkpoints/best_position_model.pth 
-------------------------------

Fold 0 Epoch 3 train...
-------------------------------

442 loss: 0.069427  [   16/ 3543]

442 class loss: 0.098007 position_loss:0.024300

472 loss: 0.119158  [  496/ 3543]

472 class loss: 0.172490 position_loss:0.041705

502 loss: 0.045219  [  976/ 3543]

502 class loss: 0.077028 position_loss:0.015827

532 loss: 0.095191  [ 1456/ 3543]

532 class loss: 0.132485 position_loss:0.033317

562 loss: 0.058838  [ 1936/ 3543]

562 class loss: 0.113541 position_loss:0.020593

592 loss: 0.040723  [ 2416/ 3543]

592 class loss: 0.050727 position_loss:0.014253

622 loss: 0.042976  [ 2896/ 3543]

622 class loss: 0.091196 position_loss:0.015042

652 loss: 0.010586  [ 3376/ 3543]

652 class loss: 0.024704 position_loss:0.003705

Epoch 3: train loss: 0.056578

Fold 0 Epoch 3 validation...
-------------------------------

number of test steps per epoch: 67

Epoch 3: valid loss:0.033118

Epoch 3: valid_class_loss:0.052718	valid_position_loss:0.011591

Epoch 3: valid loss 0.03311773176165348 smaller than best loss 0.04830497329475982
-------------------------------

Epoch 3: A better checkpoint is saved into /mnt/pixstor/data/yz3qt/MUTargetCLEAN0513/result_0612/2024-06-13__01-48-19/checkpoints/best_model.pth 
-------------------------------

Epoch 3: valid position loss 0.011591206116578717 smaller than best position loss 0.016906740653165945
-------------------------------

Epoch 3: A better checkpoint is saved into /mnt/pixstor/data/yz3qt/MUTargetCLEAN0513/result_0612/2024-06-13__01-48-19/checkpoints/best_position_model.pth 
-------------------------------

Fold 0 Epoch 4 train...
-------------------------------

663 loss: 0.055255  [   16/ 3543]

663 class loss: 0.098586 position_loss:0.019339

693 loss: 0.011765  [  496/ 3543]

693 class loss: 0.025452 position_loss:0.004118

723 loss: 0.055386  [  976/ 3543]

723 class loss: 0.077830 position_loss:0.019385

753 loss: 0.030725  [ 1456/ 3543]

753 class loss: 0.081316 position_loss:0.010754

783 loss: 0.025997  [ 1936/ 3543]

783 class loss: 0.069619 position_loss:0.009099

813 loss: 0.010469  [ 2416/ 3543]

813 class loss: 0.022004 position_loss:0.003664

843 loss: 0.011504  [ 2896/ 3543]

843 class loss: 0.025730 position_loss:0.004026

873 loss: 0.040616  [ 3376/ 3543]

873 class loss: 0.117547 position_loss:0.014216

Epoch 4: train loss: 0.042242

Fold 0 Epoch 4 validation...
-------------------------------

number of test steps per epoch: 67

Epoch 4: valid loss:0.025943

Epoch 4: valid_class_loss:0.052079	valid_position_loss:0.009080

Epoch 4: valid loss 0.025943426968057626 smaller than best loss 0.03311773176165348
-------------------------------

Epoch 4: A better checkpoint is saved into /mnt/pixstor/data/yz3qt/MUTargetCLEAN0513/result_0612/2024-06-13__01-48-19/checkpoints/best_model.pth 
-------------------------------

Epoch 4: valid position loss 0.009080199438820167 smaller than best position loss 0.011591206116578717
-------------------------------

Epoch 4: A better checkpoint is saved into /mnt/pixstor/data/yz3qt/MUTargetCLEAN0513/result_0612/2024-06-13__01-48-19/checkpoints/best_position_model.pth 
-------------------------------

Fold 0 Epoch 5 train...
-------------------------------

884 loss: 0.062316  [   16/ 3543]

884 class loss: 0.204290 position_loss:0.021810

914 loss: 0.021615  [  496/ 3543]

914 class loss: 0.070131 position_loss:0.007565

944 loss: 0.006491  [  976/ 3543]

944 class loss: 0.020504 position_loss:0.002272

974 loss: 0.012908  [ 1456/ 3543]

974 class loss: 0.037085 position_loss:0.004518

1004 loss: 0.037093  [ 1936/ 3543]

1004 class loss: 0.082460 position_loss:0.012983

1034 loss: 0.039918  [ 2416/ 3543]

1034 class loss: 0.151269 position_loss:0.013971

1064 loss: 0.009877  [ 2896/ 3543]

1064 class loss: 0.033318 position_loss:0.003457

1094 loss: 0.012207  [ 3376/ 3543]

1094 class loss: 0.032538 position_loss:0.004272

Epoch 5: train loss: 0.034892

Fold 0 Epoch 5 validation...
-------------------------------

number of test steps per epoch: 67

Epoch 5: valid loss:0.022315

Epoch 5: valid_class_loss:0.053630	valid_position_loss:0.007810

Epoch 5: valid loss 0.022314584772423155 smaller than best loss 0.025943426968057626
-------------------------------

Epoch 5: A better checkpoint is saved into /mnt/pixstor/data/yz3qt/MUTargetCLEAN0513/result_0612/2024-06-13__01-48-19/checkpoints/best_model.pth 
-------------------------------

Epoch 5: valid position loss 0.007810104670348105 smaller than best position loss 0.009080199438820167
-------------------------------

Epoch 5: A better checkpoint is saved into /mnt/pixstor/data/yz3qt/MUTargetCLEAN0513/result_0612/2024-06-13__01-48-19/checkpoints/best_position_model.pth 
-------------------------------

Fold 0 Epoch 6 train...
-------------------------------

1105 loss: 0.013030  [   16/ 3543]

1105 class loss: 0.022057 position_loss:0.004560

1135 loss: 0.020770  [  496/ 3543]

1135 class loss: 0.107139 position_loss:0.007269

1165 loss: 0.009209  [  976/ 3543]

1165 class loss: 0.017612 position_loss:0.003223

1195 loss: 0.031665  [ 1456/ 3543]

1195 class loss: 0.047789 position_loss:0.011083

1225 loss: 0.035011  [ 1936/ 3543]

1225 class loss: 0.150674 position_loss:0.012254

1255 loss: 0.021551  [ 2416/ 3543]

1255 class loss: 0.104460 position_loss:0.007543

1285 loss: 0.027738  [ 2896/ 3543]

1285 class loss: 0.110665 position_loss:0.009708

1315 loss: 0.020069  [ 3376/ 3543]

1315 class loss: 0.076863 position_loss:0.007024

Epoch 6: train loss: 0.028323

Fold 0 Epoch 6 validation...
-------------------------------

number of test steps per epoch: 67

Epoch 6: valid loss:0.017721

Epoch 6: valid_class_loss:0.052204	valid_position_loss:0.006202

Epoch 6: valid loss 0.017720629797737142 smaller than best loss 0.022314584772423155
-------------------------------

Epoch 6: A better checkpoint is saved into /mnt/pixstor/data/yz3qt/MUTargetCLEAN0513/result_0612/2024-06-13__01-48-19/checkpoints/best_model.pth 
-------------------------------

Epoch 6: valid position loss 0.006202220429208003 smaller than best position loss 0.007810104670348105
-------------------------------

Epoch 6: A better checkpoint is saved into /mnt/pixstor/data/yz3qt/MUTargetCLEAN0513/result_0612/2024-06-13__01-48-19/checkpoints/best_position_model.pth 
-------------------------------

Fold 0 Epoch 7 train...
-------------------------------

1326 loss: 0.036158  [   16/ 3543]

1326 class loss: 0.175672 position_loss:0.012655

1356 loss: 0.003906  [  496/ 3543]

1356 class loss: 0.020031 position_loss:0.001367

1386 loss: 0.021366  [  976/ 3543]

1386 class loss: 0.065025 position_loss:0.007478

1416 loss: 0.029051  [ 1456/ 3543]

1416 class loss: 0.114007 position_loss:0.010168

1446 loss: 0.024997  [ 1936/ 3543]

1446 class loss: 0.073864 position_loss:0.008749

1476 loss: 0.033149  [ 2416/ 3543]

1476 class loss: 0.140262 position_loss:0.011602

1506 loss: 0.017975  [ 2896/ 3543]

1506 class loss: 0.066977 position_loss:0.006291

1536 loss: 0.015276  [ 3376/ 3543]

1536 class loss: 0.075000 position_loss:0.005347

Epoch 7: train loss: 0.022593

Fold 0 Epoch 7 validation...
-------------------------------

number of test steps per epoch: 67

Epoch 7: valid loss:0.014955

Epoch 7: valid_class_loss:0.052079	valid_position_loss:0.005234

Epoch 7: valid loss 0.014954664374090973 smaller than best loss 0.017720629797737142
-------------------------------

Epoch 7: A better checkpoint is saved into /mnt/pixstor/data/yz3qt/MUTargetCLEAN0513/result_0612/2024-06-13__01-48-19/checkpoints/best_model.pth 
-------------------------------

Epoch 7: valid position loss 0.005234132530931842 smaller than best position loss 0.006202220429208003
-------------------------------

Epoch 7: A better checkpoint is saved into /mnt/pixstor/data/yz3qt/MUTargetCLEAN0513/result_0612/2024-06-13__01-48-19/checkpoints/best_position_model.pth 
-------------------------------

Fold 0 Epoch 8 train...
-------------------------------

1547 loss: 0.021858  [   16/ 3543]

1547 class loss: 0.131983 position_loss:0.007650

1577 loss: 0.017091  [  496/ 3543]

1577 class loss: 0.061006 position_loss:0.005982

1607 loss: 0.027390  [  976/ 3543]

1607 class loss: 0.099069 position_loss:0.009586

1637 loss: 0.004833  [ 1456/ 3543]

1637 class loss: 0.023060 position_loss:0.001691

1667 loss: 0.014191  [ 1936/ 3543]

1667 class loss: 0.048512 position_loss:0.004967

1697 loss: 0.033606  [ 2416/ 3543]

1697 class loss: 0.121281 position_loss:0.011762

1727 loss: 0.038391  [ 2896/ 3543]

1727 class loss: 0.111466 position_loss:0.013437

1757 loss: 0.028305  [ 3376/ 3543]

1757 class loss: 0.111911 position_loss:0.009907

Epoch 8: train loss: 0.018583

Fold 0 Epoch 8 validation...
-------------------------------

number of test steps per epoch: 67

Epoch 8: valid loss:0.013010

Epoch 8: valid_class_loss:0.052168	valid_position_loss:0.004554

Epoch 8: valid loss 0.013010111823895772 smaller than best loss 0.014954664374090973
-------------------------------

Epoch 8: A better checkpoint is saved into /mnt/pixstor/data/yz3qt/MUTargetCLEAN0513/result_0612/2024-06-13__01-48-19/checkpoints/best_model.pth 
-------------------------------

Epoch 8: valid position loss 0.004553539138363521 smaller than best position loss 0.005234132530931842
-------------------------------

Epoch 8: A better checkpoint is saved into /mnt/pixstor/data/yz3qt/MUTargetCLEAN0513/result_0612/2024-06-13__01-48-19/checkpoints/best_position_model.pth 
-------------------------------

Fold 0 Epoch 9 train...
-------------------------------

1768 loss: 0.020531  [   16/ 3543]

1768 class loss: 0.150723 position_loss:0.007186

1798 loss: 0.020330  [  496/ 3543]

1798 class loss: 0.093462 position_loss:0.007116

1828 loss: 0.012168  [  976/ 3543]

1828 class loss: 0.072897 position_loss:0.004259

1858 loss: 0.005094  [ 1456/ 3543]

1858 class loss: 0.039561 position_loss:0.001783

1888 loss: 0.018922  [ 1936/ 3543]

1888 class loss: 0.065998 position_loss:0.006623

1918 loss: 0.009613  [ 2416/ 3543]

1918 class loss: 0.069191 position_loss:0.003365

1948 loss: 0.017122  [ 2896/ 3543]

1948 class loss: 0.117242 position_loss:0.005993

1978 loss: 0.018888  [ 3376/ 3543]

1978 class loss: 0.132840 position_loss:0.006611

Epoch 9: train loss: 0.015427

Fold 0 Epoch 9 validation...
-------------------------------

number of test steps per epoch: 67

Epoch 9: valid loss:0.012117

Epoch 9: valid_class_loss:0.051937	valid_position_loss:0.004241

Epoch 9: valid loss 0.012116814852384035 smaller than best loss 0.013010111823895772
-------------------------------

Epoch 9: A better checkpoint is saved into /mnt/pixstor/data/yz3qt/MUTargetCLEAN0513/result_0612/2024-06-13__01-48-19/checkpoints/best_model.pth 
-------------------------------

Epoch 9: valid position loss 0.0042408851983344095 smaller than best position loss 0.004553539138363521
-------------------------------

Epoch 9: A better checkpoint is saved into /mnt/pixstor/data/yz3qt/MUTargetCLEAN0513/result_0612/2024-06-13__01-48-19/checkpoints/best_position_model.pth 
-------------------------------

Fold 0 Epoch 10 train...
-------------------------------

1989 loss: 0.016220  [   16/ 3543]

1989 class loss: 0.140653 position_loss:0.005677

2019 loss: 0.015764  [  496/ 3543]

2019 class loss: 0.119772 position_loss:0.005517

2049 loss: 0.012710  [  976/ 3543]

2049 class loss: 0.103158 position_loss:0.004448

2079 loss: 0.014462  [ 1456/ 3543]

2079 class loss: 0.074015 position_loss:0.005062

2109 loss: 0.014478  [ 1936/ 3543]

2109 class loss: 0.114811 position_loss:0.005067

2139 loss: 0.005674  [ 2416/ 3543]

2139 class loss: 0.040958 position_loss:0.001986

2169 loss: 0.011685  [ 2896/ 3543]

2169 class loss: 0.123242 position_loss:0.004090

2199 loss: 0.013569  [ 3376/ 3543]

2199 class loss: 0.089472 position_loss:0.004749

Epoch 10: train loss: 0.013529

Fold 0 Epoch 10 validation...
-------------------------------

number of test steps per epoch: 67

Epoch 10: valid loss:0.010362

Epoch 10: valid_class_loss:0.052333	valid_position_loss:0.003627

Epoch 10: valid loss 0.010361843539972276 smaller than best loss 0.012116814852384035
-------------------------------

Epoch 10: A better checkpoint is saved into /mnt/pixstor/data/yz3qt/MUTargetCLEAN0513/result_0612/2024-06-13__01-48-19/checkpoints/best_model.pth 
-------------------------------

Epoch 10: valid position loss 0.0036266452389902954 smaller than best position loss 0.0042408851983344095
-------------------------------

Epoch 10: A better checkpoint is saved into /mnt/pixstor/data/yz3qt/MUTargetCLEAN0513/result_0612/2024-06-13__01-48-19/checkpoints/best_position_model.pth 
-------------------------------

Fold 0 Epoch 11 train...
-------------------------------

2210 loss: 0.016631  [   16/ 3543]

2210 class loss: 0.147511 position_loss:0.005821

2240 loss: 0.017018  [  496/ 3543]

2240 class loss: 0.155449 position_loss:0.005956

2270 loss: 0.010524  [  976/ 3543]

2270 class loss: 0.049941 position_loss:0.003683

2300 loss: 0.022838  [ 1456/ 3543]

2300 class loss: 0.127974 position_loss:0.007993

2330 loss: 0.021028  [ 1936/ 3543]

2330 class loss: 0.138738 position_loss:0.007360

2360 loss: 0.010248  [ 2416/ 3543]

2360 class loss: 0.087392 position_loss:0.003587

2390 loss: 0.010578  [ 2896/ 3543]

2390 class loss: 0.101161 position_loss:0.003702

2420 loss: 0.003271  [ 3376/ 3543]

2420 class loss: 0.031965 position_loss:0.001145

Epoch 11: train loss: 0.011783

Fold 0 Epoch 11 validation...
-------------------------------

number of test steps per epoch: 67

Epoch 11: valid loss:0.010474

Epoch 11: valid_class_loss:0.052620	valid_position_loss:0.003666

Fold 0 Epoch 12 train...
-------------------------------

2431 loss: 0.005632  [   16/ 3543]

2431 class loss: 0.049973 position_loss:0.001971

2461 loss: 0.022201  [  496/ 3543]

2461 class loss: 0.140577 position_loss:0.007770

2491 loss: 0.008830  [  976/ 3543]

2491 class loss: 0.106456 position_loss:0.003090

2521 loss: 0.007264  [ 1456/ 3543]

2521 class loss: 0.096614 position_loss:0.002542

2551 loss: 0.009964  [ 1936/ 3543]

2551 class loss: 0.049762 position_loss:0.003487

2581 loss: 0.010257  [ 2416/ 3543]

2581 class loss: 0.085358 position_loss:0.003590

2611 loss: 0.018725  [ 2896/ 3543]

2611 class loss: 0.116586 position_loss:0.006554

2641 loss: 0.008524  [ 3376/ 3543]

2641 class loss: 0.090194 position_loss:0.002983

Epoch 12: train loss: 0.010285

Fold 0 Epoch 12 validation...
-------------------------------

number of test steps per epoch: 67

Epoch 12: valid loss:0.008938

Epoch 12: valid_class_loss:0.052766	valid_position_loss:0.003128

Epoch 12: valid loss 0.008938302165022305 smaller than best loss 0.010361843539972276
-------------------------------

Epoch 12: A better checkpoint is saved into /mnt/pixstor/data/yz3qt/MUTargetCLEAN0513/result_0612/2024-06-13__01-48-19/checkpoints/best_model.pth 
-------------------------------

Epoch 12: valid position loss 0.003128405757757806 smaller than best position loss 0.0036266452389902954
-------------------------------

Epoch 12: A better checkpoint is saved into /mnt/pixstor/data/yz3qt/MUTargetCLEAN0513/result_0612/2024-06-13__01-48-19/checkpoints/best_position_model.pth 
-------------------------------

Fold 0 Epoch 13 train...
-------------------------------

2652 loss: 0.015441  [   16/ 3543]

2652 class loss: 0.098249 position_loss:0.005404

2682 loss: 0.003651  [  496/ 3543]

2682 class loss: 0.036520 position_loss:0.001278

2712 loss: 0.009621  [  976/ 3543]

2712 class loss: 0.137724 position_loss:0.003367

2742 loss: 0.005407  [ 1456/ 3543]

2742 class loss: 0.040254 position_loss:0.001893

2772 loss: 0.014617  [ 1936/ 3543]

2772 class loss: 0.151131 position_loss:0.005116

2802 loss: 0.010675  [ 2416/ 3543]

2802 class loss: 0.154910 position_loss:0.003736

2832 loss: 0.015575  [ 2896/ 3543]

2832 class loss: 0.108353 position_loss:0.005451

2862 loss: 0.005862  [ 3376/ 3543]

2862 class loss: 0.093313 position_loss:0.002052

Epoch 13: train loss: 0.008972

Fold 0 Epoch 13 validation...
-------------------------------

number of test steps per epoch: 67

Epoch 13: valid loss:0.009080

Epoch 13: valid_class_loss:0.052197	valid_position_loss:0.003178

Fold 0 Epoch 14 train...
-------------------------------

2873 loss: 0.005900  [   16/ 3543]

2873 class loss: 0.075558 position_loss:0.002065

2903 loss: 0.016230  [  496/ 3543]

2903 class loss: 0.131471 position_loss:0.005680

2933 loss: 0.005386  [  976/ 3543]

2933 class loss: 0.075656 position_loss:0.001885

2963 loss: 0.002811  [ 1456/ 3543]

2963 class loss: 0.039874 position_loss:0.000984

2993 loss: 0.011807  [ 1936/ 3543]

2993 class loss: 0.117683 position_loss:0.004133

3023 loss: 0.013669  [ 2416/ 3543]

3023 class loss: 0.131082 position_loss:0.004784

3053 loss: 0.001618  [ 2896/ 3543]

3053 class loss: 0.027934 position_loss:0.000566

3083 loss: 0.004761  [ 3376/ 3543]

3083 class loss: 0.049586 position_loss:0.001666

Epoch 14: train loss: 0.007599

Fold 0 Epoch 14 validation...
-------------------------------

number of test steps per epoch: 67

Epoch 14: valid loss:0.008413

Epoch 14: valid_class_loss:0.052204	valid_position_loss:0.002944

Epoch 14: valid loss 0.008412812517950077 smaller than best loss 0.008938302165022305
-------------------------------

Epoch 14: A better checkpoint is saved into /mnt/pixstor/data/yz3qt/MUTargetCLEAN0513/result_0612/2024-06-13__01-48-19/checkpoints/best_model.pth 
-------------------------------

Epoch 14: valid position loss 0.002944484381282528 smaller than best position loss 0.003128405757757806
-------------------------------

Epoch 14: A better checkpoint is saved into /mnt/pixstor/data/yz3qt/MUTargetCLEAN0513/result_0612/2024-06-13__01-48-19/checkpoints/best_position_model.pth 
-------------------------------

Fold 0 Epoch 15 train...
-------------------------------

3094 loss: 0.005596  [   16/ 3543]

3094 class loss: 0.096246 position_loss:0.001959

3124 loss: 0.002357  [  496/ 3543]

3124 class loss: 0.034512 position_loss:0.000825

3154 loss: 0.004397  [  976/ 3543]

3154 class loss: 0.068881 position_loss:0.001539

3184 loss: 0.010699  [ 1456/ 3543]

3184 class loss: 0.160282 position_loss:0.003745

3214 loss: 0.006475  [ 1936/ 3543]

3214 class loss: 0.157865 position_loss:0.002266

3244 loss: 0.013509  [ 2416/ 3543]

3244 class loss: 0.037321 position_loss:0.004728

3274 loss: 0.017296  [ 2896/ 3543]

3274 class loss: 0.085243 position_loss:0.006054

3304 loss: 0.005867  [ 3376/ 3543]

3304 class loss: 0.135671 position_loss:0.002053

Epoch 15: train loss: 0.006784

Fold 0 Epoch 15 validation...
-------------------------------

number of test steps per epoch: 67

Epoch 15: valid loss:0.009590

Epoch 15: valid_class_loss:0.053021	valid_position_loss:0.003357

Loading checkpoint from /mnt/pixstor/data/yz3qt/MUTargetCLEAN0513/result_0612/2024-06-13__01-48-19/checkpoints/best_position_model.pth

Fold 0 test
-------------------------------

===================Evaluate protein results========================

 optimized cutoffs: 

             Nucleus   ER  Peroxisome  Mitochondrion  Nucleus_export  SIGNAL  \
cutoffs_pro      0.1  0.1         0.1            0.1             0.1     0.1   
cutoffs_aa       0.3  0.1         0.1            0.1             0.4     0.1   

             chloroplast  Thylakoid  
cutoffs_pro          0.1        0.5  
cutoffs_aa           0.1        0.1  
===========================================

 Jaccard Index (protein): 

                       0
Nucleus         0.788057
ER              0.948828
Peroxisome      0.376790
Mitochondrion   0.820452
Nucleus_export  0.669966
SIGNAL          0.922189
chloroplast     0.849356
Thylakoid       0.970038
===========================================

 TPR, FPR, FNR (protein): 

                       0         1         2
Nucleus         0.925443  0.178951  0.074557
ER              0.966667  0.018598  0.033333
Peroxisome      0.384615  0.015855  0.615385
Mitochondrion   0.837500  0.020883  0.162500
Nucleus_export  0.786504  0.158630  0.213496
SIGNAL          0.949309  0.029129  0.050691
chloroplast     0.881579  0.037766  0.118421
Thylakoid       1.000000  0.031063  0.000000
===========================================

 cs acc: 

                       0
Nucleus         0.015625
ER              0.600000
Peroxisome      0.153846
Mitochondrion   0.525000
Nucleus_export  0.000000
SIGNAL          0.841782
chloroplast     0.473684
Thylakoid       0.900000
===========================================

 Class prediction performance: 

                roc_auc_score  average_precision_score  matthews_corrcoef  \
Nucleus              0.074340                 0.065192           0.000000   
ER                   0.475461                 0.025150           0.000000   
Peroxisome           0.370523                 0.009944           0.000000   
Mitochondrion        0.486248                 0.144647           0.000000   
Nucleus_export       0.091776                 0.012910           0.000000   
SIGNAL               0.279986                 0.478454           0.000000   
chloroplast          0.340482                 0.050326           0.000000   
Thylakoid            0.944053                 0.087887           0.011279   

                recall_score  precision_score  f1_score  
Nucleus                  1.0         0.120641  0.215307  
ER                       1.0         0.028275  0.054995  
Peroxisome               1.0         0.012253  0.024209  
Mitochondrion            1.0         0.150801  0.262080  
Nucleus_export           1.0         0.023563  0.046041  
SIGNAL                   1.0         0.613572  0.760514  
chloroplast              1.0         0.071631  0.133685  
Thylakoid                1.0         0.009551  0.018921  
===================Test protein results constrain: False========================

 optimized cutoffs: 

             Nucleus   ER  Peroxisome  Mitochondrion  Nucleus_export  SIGNAL  \
cutoffs_pro      0.1  0.1         0.1            0.1             0.1     0.1   
cutoffs_aa       0.3  0.1         0.1            0.1             0.4     0.1   

             chloroplast  Thylakoid  
cutoffs_pro          0.1        0.5  
cutoffs_aa           0.1        0.1  
===========================================

 Jaccard Index (protein): 

                       0
Nucleus         0.646711
ER              0.952154
Peroxisome      0.912108
Mitochondrion   0.779354
Nucleus_export  0.142998
SIGNAL          0.939365
chloroplast     0.838845
Thylakoid       0.873672
===========================================

 TPR, FPR, FNR (protein): 

                       0         1         2
Nucleus         0.776017  0.222818  0.223983
ER              0.965517  0.013566  0.034483
Peroxisome      0.923077  0.011906  0.076923
Mitochondrion   0.792453  0.016062  0.207547
Nucleus_export  0.153447  0.083339  0.846553
SIGNAL          0.967290  0.030289  0.032710
chloroplast     0.876712  0.046225  0.123288
Thylakoid       0.888889  0.017805  0.111111
===========================================

 cs acc: 

                       0
Nucleus         0.033058
ER              0.689655
Peroxisome      0.384615
Mitochondrion   0.333333
Nucleus_export  0.000000
SIGNAL          0.875389
chloroplast     0.328767
Thylakoid       0.777778
===========================================

 Class prediction performance: 

                roc_auc_score  average_precision_score  matthews_corrcoef  \
Nucleus              0.112621                 0.062705           0.000000   
ER                   0.656950                 0.039663           0.000000   
Peroxisome           0.416593                 0.011867           0.000000   
Mitochondrion        0.598311                 0.186710           0.000000   
Nucleus_export       0.102287                 0.013164           0.000000   
SIGNAL               0.226932                 0.450362           0.000000   
chloroplast          0.381042                 0.051301           0.000000   
Thylakoid            0.703350                 0.070715           0.007566   

                recall_score  precision_score  f1_score  
Nucleus                  1.0         0.114475  0.205433  
ER                       1.0         0.027436  0.053407  
Peroxisome               1.0         0.012299  0.024299  
Mitochondrion            1.0         0.150426  0.261513  
Nucleus_export           1.0         0.023652  0.046211  
SIGNAL                   1.0         0.607379  0.755739  
chloroplast              1.0         0.069063  0.129204  
Thylakoid                1.0         0.008571  0.016997  
===================Test protein results constrain: True========================

 optimized cutoffs: 

             Nucleus   ER  Peroxisome  Mitochondrion  Nucleus_export  SIGNAL  \
cutoffs_pro      0.1  0.1         0.1            0.1             0.1     0.1   
cutoffs_aa       0.3  0.1         0.1            0.1             0.4     0.1   

             chloroplast  Thylakoid  
cutoffs_pro          0.1        0.5  
cutoffs_aa           0.1        0.1  
===========================================

 Jaccard Index (protein): 

                       0
Nucleus         0.646711
ER              0.952154
Peroxisome      0.912108
Mitochondrion   0.779354
Nucleus_export  0.142998
SIGNAL          0.939365
chloroplast     0.838845
Thylakoid       0.873672
===========================================

 TPR, FPR, FNR (protein): 

                       0         1         2
Nucleus         0.776017  0.222818  0.223983
ER              0.965517  0.013566  0.034483
Peroxisome      0.923077  0.011906  0.076923
Mitochondrion   0.792453  0.016062  0.207547
Nucleus_export  0.153447  0.083339  0.846553
SIGNAL          0.967290  0.030289  0.032710
chloroplast     0.876712  0.046225  0.123288
Thylakoid       0.888889  0.017805  0.111111
===========================================

 cs acc: 

                       0
Nucleus         0.033058
ER              0.689655
Peroxisome      0.384615
Mitochondrion   0.333333
Nucleus_export  0.000000
SIGNAL          0.875389
chloroplast     0.328767
Thylakoid       0.777778
===========================================

 Class prediction performance: 

                roc_auc_score  average_precision_score  matthews_corrcoef  \
Nucleus              0.112621                 0.062705           0.000000   
ER                   0.656950                 0.039663           0.000000   
Peroxisome           0.416593                 0.011867           0.000000   
Mitochondrion        0.598311                 0.186710           0.000000   
Nucleus_export       0.102287                 0.013164           0.000000   
SIGNAL               0.226932                 0.450362           0.000000   
chloroplast          0.381042                 0.051301           0.000000   
Thylakoid            0.703350                 0.070715           0.007566   

                recall_score  precision_score  f1_score  
Nucleus                  1.0         0.114475  0.205433  
ER                       1.0         0.027436  0.053407  
Peroxisome               1.0         0.012299  0.024299  
Mitochondrion            1.0         0.150426  0.261513  
Nucleus_export           1.0         0.023652  0.046211  
SIGNAL                   1.0         0.607379  0.755739  
chloroplast              1.0         0.069063  0.129204  
Thylakoid                1.0         0.008571  0.016997  




Comparable Test Data
-------------------------------

===================Test protein results constrain: False========================

 optimized cutoffs: 

             Nucleus   ER  Peroxisome  Mitochondrion  Nucleus_export  SIGNAL  \
cutoffs_pro      0.1  0.1         0.1            0.1             0.1     0.1   
cutoffs_aa       0.3  0.1         0.1            0.1             0.4     0.1   

             chloroplast  Thylakoid  
cutoffs_pro          0.1        0.5  
cutoffs_aa           0.1        0.1  
===========================================

 Jaccard Index (protein): 

                       0
Nucleus         0.965039
ER                   NaN
Peroxisome           NaN
Mitochondrion        NaN
Nucleus_export  0.000000
SIGNAL               NaN
chloroplast          NaN
Thylakoid            NaN
===========================================

 TPR, FPR, FNR (protein): 

                  0         1    2
Nucleus         1.0  0.036284  0.0
ER              NaN       NaN  NaN
Peroxisome      NaN       NaN  NaN
Mitochondrion   NaN       NaN  NaN
Nucleus_export  0.0  0.115431  1.0
SIGNAL          NaN       NaN  NaN
chloroplast     NaN       NaN  NaN
Thylakoid       NaN       NaN  NaN
===========================================

 cs acc: 

                  0
Nucleus         0.0
ER              NaN
Peroxisome      NaN
Mitochondrion   NaN
Nucleus_export  0.0
SIGNAL          NaN
chloroplast     NaN
Thylakoid       NaN
===========================================

 Class prediction performance: 

                roc_auc_score  average_precision_score  matthews_corrcoef  \
Nucleus                   1.0                      1.0                0.0   
ER                        NaN                     -0.0                0.0   
Peroxisome                NaN                     -0.0                0.0   
Mitochondrion             NaN                     -0.0                0.0   
Nucleus_export            NaN                      1.0                0.0   
SIGNAL                    NaN                     -0.0                0.0   
chloroplast               NaN                     -0.0                0.0   
Thylakoid                 NaN                     -0.0                0.0   

                recall_score  precision_score  f1_score  
Nucleus                  1.0              0.4  0.571429  
ER                       0.0              0.0  0.000000  
Peroxisome               0.0              0.0  0.000000  
Mitochondrion            0.0              0.0  0.000000  
Nucleus_export           1.0              1.0  1.000000  
SIGNAL                   0.0              0.0  0.000000  
chloroplast              0.0              0.0  0.000000  
Thylakoid                0.0              0.0  0.000000  
===================Test protein results constrain: True========================

 optimized cutoffs: 

             Nucleus   ER  Peroxisome  Mitochondrion  Nucleus_export  SIGNAL  \
cutoffs_pro      0.1  0.1         0.1            0.1             0.1     0.1   
cutoffs_aa       0.3  0.1         0.1            0.1             0.4     0.1   

             chloroplast  Thylakoid  
cutoffs_pro          0.1        0.5  
cutoffs_aa           0.1        0.1  
===========================================

 Jaccard Index (protein): 

                       0
Nucleus         0.965039
ER                   NaN
Peroxisome           NaN
Mitochondrion        NaN
Nucleus_export  0.000000
SIGNAL               NaN
chloroplast          NaN
Thylakoid            NaN
===========================================

 TPR, FPR, FNR (protein): 

                  0         1    2
Nucleus         1.0  0.036284  0.0
ER              NaN       NaN  NaN
Peroxisome      NaN       NaN  NaN
Mitochondrion   NaN       NaN  NaN
Nucleus_export  0.0  0.115431  1.0
SIGNAL          NaN       NaN  NaN
chloroplast     NaN       NaN  NaN
Thylakoid       NaN       NaN  NaN
===========================================

 cs acc: 

                  0
Nucleus         0.0
ER              NaN
Peroxisome      NaN
Mitochondrion   NaN
Nucleus_export  0.0
SIGNAL          NaN
chloroplast     NaN
Thylakoid       NaN
===========================================

 Class prediction performance: 

                roc_auc_score  average_precision_score  matthews_corrcoef  \
Nucleus                   1.0                      1.0                0.0   
ER                        NaN                     -0.0                0.0   
Peroxisome                NaN                     -0.0                0.0   
Mitochondrion             NaN                     -0.0                0.0   
Nucleus_export            NaN                      1.0                0.0   
SIGNAL                    NaN                     -0.0                0.0   
chloroplast               NaN                     -0.0                0.0   
Thylakoid                 NaN                     -0.0                0.0   

                recall_score  precision_score  f1_score  
Nucleus                  1.0              0.4  0.571429  
ER                       0.0              0.0  0.000000  
Peroxisome               0.0              0.0  0.000000  
Mitochondrion            0.0              0.0  0.000000  
Nucleus_export           1.0              1.0  1.000000  
SIGNAL                   0.0              0.0  0.000000  
chloroplast              0.0              0.0  0.000000  
Thylakoid                0.0              0.0  0.000000  
